[ 2016-05-17T16:14:07+08:00 ] ::1 /jiadianshop/index.php/Home/Login/index.html
INFO: [ app_init ] --START--
INFO: Run Behavior\BuildLiteBehavior [ RunTime:0.000027s ]
INFO: [ app_init ] --END-- [ RunTime:0.002001s ]
INFO: [ app_begin ] --START--
INFO: Run Behavior\ReadHtmlCacheBehavior [ RunTime:0.001048s ]
INFO: [ app_begin ] --END-- [ RunTime:0.001155s ]
INFO: [ view_parse ] --START--
INFO: [ template_filter ] --START--
INFO: Run Behavior\ContentReplaceBehavior [ RunTime:0.001432s ]
INFO: [ template_filter ] --END-- [ RunTime:0.001544s ]
INFO: Run Behavior\ParseTemplateBehavior [ RunTime:0.013412s ]
INFO: [ view_parse ] --END-- [ RunTime:0.013513s ]
INFO: [ view_filter ] --START--
INFO: Run Behavior\WriteHtmlCacheBehavior [ RunTime:0.001057s ]
INFO: [ view_filter ] --END-- [ RunTime:0.001134s ]
INFO: [ app_end ] --START--
INFO: Run Behavior\ShowPageTraceBehavior [ RunTime:0.001238s ]
INFO: [ app_end ] --END-- [ RunTime:0.001323s ]

[ 2016-05-17T16:14:08+08:00 ] ::1 /jiadianshop/index.php/Home/Login/verify.html
INFO: [ app_init ] --START--
INFO: Run Behavior\BuildLiteBehavior [ RunTime:0.000025s ]
INFO: [ app_init ] --END-- [ RunTime:0.000503s ]
INFO: [ app_begin ] --START--
INFO: Run Behavior\ReadHtmlCacheBehavior [ RunTime:0.000606s ]
INFO: [ app_begin ] --END-- [ RunTime:0.000698s ]
INFO: [ app_end ] --START--
INFO: Run Behavior\ShowPageTraceBehavior [ RunTime:0.001073s ]
INFO: [ app_end ] --END-- [ RunTime:0.001267s ]

[ 2016-05-17T16:14:25+08:00 ] ::1 /jiadianshop/index.php/Home/Login/verify.html?0.6088034831488265
INFO: [ app_init ] --START--
INFO: Run Behavior\BuildLiteBehavior [ RunTime:0.000023s ]
INFO: [ app_init ] --END-- [ RunTime:0.000530s ]
INFO: [ app_begin ] --START--
INFO: Run Behavior\ReadHtmlCacheBehavior [ RunTime:0.000575s ]
INFO: [ app_begin ] --END-- [ RunTime:0.000662s ]
INFO: [ app_end ] --START--
INFO: Run Behavior\ShowPageTraceBehavior [ RunTime:0.000708s ]
INFO: [ app_end ] --END-- [ RunTime:0.000818s ]

[ 2016-05-17T16:18:05+08:00 ] ::1 /jiadianshop/index.php/Home/Login/verify.html?0.6088034831488265?0.21141335528285654
INFO: [ app_init ] --START--
INFO: Run Behavior\BuildLiteBehavior [ RunTime:0.000022s ]
INFO: [ app_init ] --END-- [ RunTime:0.000478s ]
INFO: [ app_begin ] --START--
INFO: Run Behavior\ReadHtmlCacheBehavior [ RunTime:0.000639s ]
INFO: [ app_begin ] --END-- [ RunTime:0.000721s ]
INFO: [ app_end ] --START--
INFO: Run Behavior\ShowPageTraceBehavior [ RunTime:0.000778s ]
INFO: [ app_end ] --END-- [ RunTime:0.000879s ]

[ 2016-05-17T16:20:34+08:00 ] ::1 /jiadianshop/index.php/Home/Login/check_verify.html?code=kk5j
INFO: [ app_init ] --START--
INFO: Run Behavior\BuildLiteBehavior [ RunTime:0.000024s ]
INFO: [ app_init ] --END-- [ RunTime:0.000651s ]
INFO: [ app_begin ] --START--
INFO: Run Behavior\ReadHtmlCacheBehavior [ RunTime:0.000693s ]
INFO: [ app_begin ] --END-- [ RunTime:0.000775s ]
INFO: [ app_end ] --START--
INFO: Run Behavior\ShowPageTraceBehavior [ RunTime:0.000640s ]
INFO: [ app_end ] --END-- [ RunTime:0.000718s ]

[ 2016-05-17T16:20:34+08:00 ] ::1 /jiadianshop/index.php/Home/Login/verify.html?0.6088034831488265?0.21141335528285654?0.20942872716972394
INFO: [ app_init ] --START--
INFO: Run Behavior\BuildLiteBehavior [ RunTime:0.000021s ]
INFO: [ app_init ] --END-- [ RunTime:0.000439s ]
INFO: [ app_begin ] --START--
INFO: Run Behavior\ReadHtmlCacheBehavior [ RunTime:0.000511s ]
INFO: [ app_begin ] --END-- [ RunTime:0.000592s ]
INFO: [ app_end ] --START--
INFO: Run Behavior\ShowPageTraceBehavior [ RunTime:0.000718s ]
INFO: [ app_end ] --END-- [ RunTime:0.000831s ]

[ 2016-05-17T16:21:29+08:00 ] ::1 /jiadianshop/index.php/Home/Login/check_verify.html?code=kk5j
INFO: [ app_init ] --START--
INFO: Run Behavior\BuildLiteBehavior [ RunTime:0.000051s ]
INFO: [ app_init ] --END-- [ RunTime:0.001218s ]
INFO: [ app_begin ] --START--
INFO: Run Behavior\ReadHtmlCacheBehavior [ RunTime:0.000630s ]
INFO: [ app_begin ] --END-- [ RunTime:0.000723s ]
INFO: [ app_end ] --START--
INFO: Run Behavior\ShowPageTraceBehavior [ RunTime:0.000529s ]
INFO: [ app_end ] --END-- [ RunTime:0.000614s ]

[ 2016-05-17T16:21:29+08:00 ] ::1 /jiadianshop/index.php/Home/Login/verify.html?0.6088034831488265?0.21141335528285654?0.20942872716972394?0.6147610741084031
INFO: [ app_init ] --START--
INFO: Run Behavior\BuildLiteBehavior [ RunTime:0.000021s ]
INFO: [ app_init ] --END-- [ RunTime:0.000509s ]
INFO: [ app_begin ] --START--
INFO: Run Behavior\ReadHtmlCacheBehavior [ RunTime:0.000882s ]
INFO: [ app_begin ] --END-- [ RunTime:0.001005s ]
INFO: [ app_end ] --START--
INFO: Run Behavior\ShowPageTraceBehavior [ RunTime:0.000587s ]
INFO: [ app_end ] --END-- [ RunTime:0.000698s ]

[ 2016-05-17T16:21:29+08:00 ] ::1 /jiadianshop/index.php/Home/Login/verify.html?0.6088034831488265?0.21141335528285654?0.20942872716972394?0.6147610741084031?0.9191835420721002
INFO: [ app_init ] --START--
INFO: Run Behavior\BuildLiteBehavior [ RunTime:0.000023s ]
INFO: [ app_init ] --END-- [ RunTime:0.000476s ]
INFO: [ app_begin ] --START--
INFO: Run Behavior\ReadHtmlCacheBehavior [ RunTime:0.000576s ]
INFO: [ app_begin ] --END-- [ RunTime:0.000660s ]
INFO: [ app_end ] --START--
INFO: Run Behavior\ShowPageTraceBehavior [ RunTime:0.000672s ]
INFO: [ app_end ] --END-- [ RunTime:0.000764s ]

[ 2016-05-17T16:21:37+08:00 ] ::1 /jiadianshop/index.php/Home/Login/check_verify.html?code=wjae
INFO: [ app_init ] --START--
INFO: Run Behavior\BuildLiteBehavior [ RunTime:0.000068s ]
INFO: [ app_init ] --END-- [ RunTime:0.001225s ]
INFO: [ app_begin ] --START--
INFO: Run Behavior\ReadHtmlCacheBehavior [ RunTime:0.000632s ]
INFO: [ app_begin ] --END-- [ RunTime:0.000710s ]
INFO: [ app_end ] --START--
INFO: Run Behavior\ShowPageTraceBehavior [ RunTime:0.000917s ]
INFO: [ app_end ] --END-- [ RunTime:0.001011s ]

[ 2016-05-17T16:21:37+08:00 ] ::1 /jiadianshop/index.php/Home/Login/verify.html?0.6088034831488265?0.21141335528285654?0.20942872716972394?0.6147610741084031?0.9191835420721002?0.4837058487398844
INFO: [ app_init ] --START--
INFO: Run Behavior\BuildLiteBehavior [ RunTime:0.000022s ]
INFO: [ app_init ] --END-- [ RunTime:0.000475s ]
INFO: [ app_begin ] --START--
INFO: Run Behavior\ReadHtmlCacheBehavior [ RunTime:0.000580s ]
INFO: [ app_begin ] --END-- [ RunTime:0.000665s ]
INFO: [ app_end ] --START--
INFO: Run Behavior\ShowPageTraceBehavior [ RunTime:0.000733s ]
INFO: [ app_end ] --END-- [ RunTime:0.000836s ]

[ 2016-05-17T16:21:46+08:00 ] ::1 /jiadianshop/index.php/Home/Login/check_verify.html?code=wjae
INFO: [ app_init ] --START--
INFO: Run Behavior\BuildLiteBehavior [ RunTime:0.000026s ]
INFO: [ app_init ] --END-- [ RunTime:0.000635s ]
INFO: [ app_begin ] --START--
INFO: Run Behavior\ReadHtmlCacheBehavior [ RunTime:0.000838s ]
INFO: [ app_begin ] --END-- [ RunTime:0.000931s ]
INFO: [ app_end ] --START--
INFO: Run Behavior\ShowPageTraceBehavior [ RunTime:0.000741s ]
INFO: [ app_end ] --END-- [ RunTime:0.000833s ]

[ 2016-05-17T16:21:46+08:00 ] ::1 /jiadianshop/index.php/Home/Login/verify.html?0.6088034831488265?0.21141335528285654?0.20942872716972394?0.6147610741084031?0.9191835420721002?0.4837058487398844?0.9856767332939613
INFO: [ app_init ] --START--
INFO: Run Behavior\BuildLiteBehavior [ RunTime:0.000027s ]
INFO: [ app_init ] --END-- [ RunTime:0.000612s ]
INFO: [ app_begin ] --START--
INFO: Run Behavior\ReadHtmlCacheBehavior [ RunTime:0.000634s ]
INFO: [ app_begin ] --END-- [ RunTime:0.000723s ]
INFO: [ app_end ] --START--
INFO: Run Behavior\ShowPageTraceBehavior [ RunTime:0.000647s ]
INFO: [ app_end ] --END-- [ RunTime:0.000750s ]

[ 2016-05-17T16:21:46+08:00 ] ::1 /jiadianshop/index.php/Home/Login/verify.html?0.6088034831488265?0.21141335528285654?0.20942872716972394?0.6147610741084031?0.9191835420721002?0.4837058487398844?0.9856767332939613?0.7446339536203925
INFO: [ app_init ] --START--
INFO: Run Behavior\BuildLiteBehavior [ RunTime:0.000021s ]
INFO: [ app_init ] --END-- [ RunTime:0.000490s ]
INFO: [ app_begin ] --START--
INFO: Run Behavior\ReadHtmlCacheBehavior [ RunTime:0.000634s ]
INFO: [ app_begin ] --END-- [ RunTime:0.000729s ]
INFO: [ app_end ] --START--
INFO: Run Behavior\ShowPageTraceBehavior [ RunTime:0.000590s ]
INFO: [ app_end ] --END-- [ RunTime:0.000687s ]

[ 2016-05-17T16:21:57+08:00 ] ::1 /jiadianshop/index.php/Home/Login/check_verify.html?code=qgde
INFO: [ app_init ] --START--
INFO: Run Behavior\BuildLiteBehavior [ RunTime:0.000040s ]
INFO: [ app_init ] --END-- [ RunTime:0.001074s ]
INFO: [ app_begin ] --START--
INFO: Run Behavior\ReadHtmlCacheBehavior [ RunTime:0.000637s ]
INFO: [ app_begin ] --END-- [ RunTime:0.000715s ]
INFO: [ app_end ] --START--
INFO: Run Behavior\ShowPageTraceBehavior [ RunTime:0.000802s ]
INFO: [ app_end ] --END-- [ RunTime:0.000928s ]

[ 2016-05-17T16:21:57+08:00 ] ::1 /jiadianshop/index.php/Home/Login/verify.html?0.6088034831488265?0.21141335528285654?0.20942872716972394?0.6147610741084031?0.9191835420721002?0.4837058487398844?0.9856767332939613?0.7446339536203925?0.5462792945213528
INFO: [ app_init ] --START--
INFO: Run Behavior\BuildLiteBehavior [ RunTime:0.000023s ]
INFO: [ app_init ] --END-- [ RunTime:0.000510s ]
INFO: [ app_begin ] --START--
INFO: Run Behavior\ReadHtmlCacheBehavior [ RunTime:0.000606s ]
INFO: [ app_begin ] --END-- [ RunTime:0.000691s ]
INFO: [ app_end ] --START--
INFO: Run Behavior\ShowPageTraceBehavior [ RunTime:0.000593s ]
INFO: [ app_end ] --END-- [ RunTime:0.000723s ]

[ 2016-05-17T16:21:57+08:00 ] ::1 /jiadianshop/index.php/Home/Login/remoteLogin.html
INFO: [ app_init ] --START--
INFO: Run Behavior\BuildLiteBehavior [ RunTime:0.000022s ]
INFO: [ app_init ] --END-- [ RunTime:0.000496s ]
INFO: [ app_begin ] --START--
INFO: Run Behavior\ReadHtmlCacheBehavior [ RunTime:0.000597s ]
INFO: [ app_begin ] --END-- [ RunTime:0.000670s ]
SQL: SHOW COLUMNS FROM `jd_user` [ RunTime:0.0138s ]
SQL: SELECT * FROM `jd_user` WHERE `user_name` = 'dream2016' AND `user_pwd` = 'e10adc3949ba59abbe56e057f20f883e' LIMIT 1   [ RunTime:0.0025s ]
INFO: [ app_end ] --START--
INFO: Run Behavior\ShowPageTraceBehavior [ RunTime:0.000706s ]
INFO: [ app_end ] --END-- [ RunTime:0.000783s ]

[ 2016-05-17T16:21:57+08:00 ] ::1 /jiadianshop/index.php/Home/Login/verify.html?0.6088034831488265?0.21141335528285654?0.20942872716972394?0.6147610741084031?0.9191835420721002?0.4837058487398844?0.9856767332939613?0.7446339536203925?0.5462792945213528?0.6107387472111683
INFO: [ app_init ] --START--
INFO: Run Behavior\BuildLiteBehavior [ RunTime:0.000024s ]
INFO: [ app_init ] --END-- [ RunTime:0.000513s ]
INFO: [ app_begin ] --START--
INFO: Run Behavior\ReadHtmlCacheBehavior [ RunTime:0.000598s ]
INFO: [ app_begin ] --END-- [ RunTime:0.000688s ]
INFO: [ app_end ] --START--
INFO: Run Behavior\ShowPageTraceBehavior [ RunTime:0.000633s ]
INFO: [ app_end ] --END-- [ RunTime:0.000728s ]

[ 2016-05-17T16:29:55+08:00 ] ::1 /jiadianshop/index.php/Home/Login/index.html
INFO: [ app_init ] --START--
INFO: Run Behavior\BuildLiteBehavior [ RunTime:0.000030s ]
INFO: [ app_init ] --END-- [ RunTime:0.000834s ]
INFO: [ app_begin ] --START--
INFO: Run Behavior\ReadHtmlCacheBehavior [ RunTime:0.001009s ]
INFO: [ app_begin ] --END-- [ RunTime:0.001145s ]
INFO: [ view_parse ] --START--
INFO: [ template_filter ] --START--
INFO: Run Behavior\ContentReplaceBehavior [ RunTime:0.000167s ]
INFO: [ template_filter ] --END-- [ RunTime:0.000304s ]
INFO: Run Behavior\ParseTemplateBehavior [ RunTime:0.013381s ]
INFO: [ view_parse ] --END-- [ RunTime:0.013533s ]
INFO: [ view_filter ] --START--
INFO: Run Behavior\WriteHtmlCacheBehavior [ RunTime:0.000853s ]
INFO: [ view_filter ] --END-- [ RunTime:0.000968s ]
INFO: [ app_end ] --START--
INFO: Run Behavior\ShowPageTraceBehavior [ RunTime:0.002060s ]
INFO: [ app_end ] --END-- [ RunTime:0.002184s ]

[ 2016-05-17T16:29:55+08:00 ] ::1 /jiadianshop/index.php/Home/Login/verify.html
INFO: [ app_init ] --START--
INFO: Run Behavior\BuildLiteBehavior [ RunTime:0.000037s ]
INFO: [ app_init ] --END-- [ RunTime:0.000643s ]
INFO: [ app_begin ] --START--
INFO: Run Behavior\ReadHtmlCacheBehavior [ RunTime:0.000716s ]
INFO: [ app_begin ] --END-- [ RunTime:0.000828s ]
INFO: [ app_end ] --START--
INFO: Run Behavior\ShowPageTraceBehavior [ RunTime:0.001380s ]
INFO: [ app_end ] --END-- [ RunTime:0.001571s ]

[ 2016-05-17T16:30:14+08:00 ] ::1 /jiadianshop/index.php/Home/Login/index.html
INFO: [ app_init ] --START--
INFO: Run Behavior\BuildLiteBehavior [ RunTime:0.000023s ]
INFO: [ app_init ] --END-- [ RunTime:0.000554s ]
INFO: [ app_begin ] --START--
INFO: Run Behavior\ReadHtmlCacheBehavior [ RunTime:0.000590s ]
INFO: [ app_begin ] --END-- [ RunTime:0.000677s ]
INFO: [ view_parse ] --START--
INFO: [ template_filter ] --START--
INFO: Run Behavior\ContentReplaceBehavior [ RunTime:0.000128s ]
INFO: [ template_filter ] --END-- [ RunTime:0.000228s ]
INFO: Run Behavior\ParseTemplateBehavior [ RunTime:0.009811s ]
INFO: [ view_parse ] --END-- [ RunTime:0.009908s ]
INFO: [ view_filter ] --START--
INFO: Run Behavior\WriteHtmlCacheBehavior [ RunTime:0.000419s ]
INFO: [ view_filter ] --END-- [ RunTime:0.000500s ]
INFO: [ app_end ] --START--
INFO: Run Behavior\ShowPageTraceBehavior [ RunTime:0.000607s ]
INFO: [ app_end ] --END-- [ RunTime:0.000688s ]

[ 2016-05-17T16:30:14+08:00 ] ::1 /jiadianshop/index.php/Home/Login/verify.html
INFO: [ app_init ] --START--
INFO: Run Behavior\BuildLiteBehavior [ RunTime:0.000039s ]
INFO: [ app_init ] --END-- [ RunTime:0.000722s ]
INFO: [ app_begin ] --START--
INFO: Run Behavior\ReadHtmlCacheBehavior [ RunTime:0.001006s ]
INFO: [ app_begin ] --END-- [ RunTime:0.001151s ]
INFO: [ app_end ] --START--
INFO: Run Behavior\ShowPageTraceBehavior [ RunTime:0.001476s ]
INFO: [ app_end ] --END-- [ RunTime:0.001668s ]

[ 2016-05-17T16:30:23+08:00 ] ::1 /jiadianshop/index.php/Home/Login/index.html
INFO: [ app_init ] --START--
INFO: Run Behavior\BuildLiteBehavior [ RunTime:0.000024s ]
INFO: [ app_init ] --END-- [ RunTime:0.000519s ]
INFO: [ app_begin ] --START--
INFO: Run Behavior\ReadHtmlCacheBehavior [ RunTime:0.000595s ]
INFO: [ app_begin ] --END-- [ RunTime:0.000679s ]
INFO: [ view_parse ] --START--
INFO: [ template_filter ] --START--
INFO: Run Behavior\ContentReplaceBehavior [ RunTime:0.000134s ]
INFO: [ template_filter ] --END-- [ RunTime:0.000244s ]
INFO: Run Behavior\ParseTemplateBehavior [ RunTime:0.009109s ]
INFO: [ view_parse ] --END-- [ RunTime:0.009209s ]
INFO: [ view_filter ] --START--
INFO: Run Behavior\WriteHtmlCacheBehavior [ RunTime:0.000420s ]
INFO: [ view_filter ] --END-- [ RunTime:0.000502s ]
INFO: [ app_end ] --START--
INFO: Run Behavior\ShowPageTraceBehavior [ RunTime:0.000677s ]
INFO: [ app_end ] --END-- [ RunTime:0.000783s ]

[ 2016-05-17T16:30:23+08:00 ] ::1 /jiadianshop/index.php/Home/Login/verify.html
INFO: [ app_init ] --START--
INFO: Run Behavior\BuildLiteBehavior [ RunTime:0.000040s ]
INFO: [ app_init ] --END-- [ RunTime:0.000822s ]
INFO: [ app_begin ] --START--
INFO: Run Behavior\ReadHtmlCacheBehavior [ RunTime:0.000870s ]
INFO: [ app_begin ] --END-- [ RunTime:0.001033s ]
INFO: [ app_end ] --START--
INFO: Run Behavior\ShowPageTraceBehavior [ RunTime:0.003875s ]
INFO: [ app_end ] --END-- [ RunTime:0.004089s ]

[ 2016-05-17T16:31:34+08:00 ] ::1 /jiadianshop/index.php/Home/Login/check_verify.html?code=wses
INFO: [ app_init ] --START--
INFO: Run Behavior\BuildLiteBehavior [ RunTime:0.000027s ]
INFO: [ app_init ] --END-- [ RunTime:0.000658s ]
INFO: [ app_begin ] --START--
INFO: Run Behavior\ReadHtmlCacheBehavior [ RunTime:0.000773s ]
INFO: [ app_begin ] --END-- [ RunTime:0.000903s ]
INFO: [ app_end ] --START--
INFO: Run Behavior\ShowPageTraceBehavior [ RunTime:0.000766s ]
INFO: [ app_end ] --END-- [ RunTime:0.000876s ]

[ 2016-05-17T16:31:34+08:00 ] ::1 /jiadianshop/index.php/Home/Login/verify.html?0.30441502996202896
INFO: [ app_init ] --START--
INFO: Run Behavior\BuildLiteBehavior [ RunTime:0.000023s ]
INFO: [ app_init ] --END-- [ RunTime:0.000495s ]
INFO: [ app_begin ] --START--
INFO: Run Behavior\ReadHtmlCacheBehavior [ RunTime:0.000582s ]
INFO: [ app_begin ] --END-- [ RunTime:0.000687s ]
INFO: [ app_end ] --START--
INFO: Run Behavior\ShowPageTraceBehavior [ RunTime:0.000754s ]
INFO: [ app_end ] --END-- [ RunTime:0.000895s ]

[ 2016-05-17T16:31:34+08:00 ] ::1 /jiadianshop/index.php/Home/Login/remoteLogin.html
INFO: [ app_init ] --START--
INFO: Run Behavior\BuildLiteBehavior [ RunTime:0.000023s ]
INFO: [ app_init ] --END-- [ RunTime:0.000450s ]
INFO: [ app_begin ] --START--
INFO: Run Behavior\ReadHtmlCacheBehavior [ RunTime:0.000570s ]
INFO: [ app_begin ] --END-- [ RunTime:0.000644s ]
SQL: SHOW COLUMNS FROM `jd_user` [ RunTime:0.0034s ]
SQL: SELECT * FROM `jd_user` WHERE `user_name` = 'dream2016' AND `user_pwd` = 'f51f22712765dba507151f0de77d1669' LIMIT 1   [ RunTime:0.0004s ]
SQL: UPDATE `jd_user` SET `user_last_time`='1463473894',`user_last_ip`='0' WHERE `user_id` = 2 [ RunTime:0.0023s ]
INFO: [ app_end ] --START--
INFO: Run Behavior\ShowPageTraceBehavior [ RunTime:0.000725s ]
INFO: [ app_end ] --END-- [ RunTime:0.000800s ]

[ 2016-05-17T16:31:34+08:00 ] ::1 /jiadianshop/index.php/Home/Index/index.html
INFO: [ app_init ] --START--
INFO: Run Behavior\BuildLiteBehavior [ RunTime:0.000022s ]
INFO: [ app_init ] --END-- [ RunTime:0.000512s ]
INFO: [ app_begin ] --START--
INFO: Run Behavior\ReadHtmlCacheBehavior [ RunTime:0.000596s ]
INFO: [ app_begin ] --END-- [ RunTime:0.000681s ]
NOTIC: [8] A session had already been started - ignoring session_start() D:\wamp\www\jiadianshop\Application\Home\Controller\IndexController.class.php 第 4 行.
SQL: SHOW COLUMNS FROM `jd_goods` [ RunTime:0.0086s ]
SQL: SELECT * FROM `jd_goods`  [ RunTime:0.0005s ]
INFO: [ view_parse ] --START--
INFO: [ template_filter ] --START--
INFO: Run Behavior\ContentReplaceBehavior [ RunTime:0.000455s ]
INFO: [ template_filter ] --END-- [ RunTime:0.000552s ]
NOTIC: [8] Undefined variable: hot D:\wamp\www\jiadianshop\Application\Runtime\Cache\Home\2a94b8bda04ff446dcedd42276fc99ee.php 第 662 行.
NOTIC: [8] Undefined index: index_sale_id D:\wamp\www\jiadianshop\Application\Runtime\Cache\Home\2a94b8bda04ff446dcedd42276fc99ee.php 第 843 行.
NOTIC: [8] Undefined index: index_sale_id D:\wamp\www\jiadianshop\Application\Runtime\Cache\Home\2a94b8bda04ff446dcedd42276fc99ee.php 第 880 行.
NOTIC: [8] Undefined index: index_sale_title D:\wamp\www\jiadianshop\Application\Runtime\Cache\Home\2a94b8bda04ff446dcedd42276fc99ee.php 第 884 行.
NOTIC: [8] Undefined index: index_sale_title D:\wamp\www\jiadianshop\Application\Runtime\Cache\Home\2a94b8bda04ff446dcedd42276fc99ee.php 第 889 行.
NOTIC: [8] Undefined index: index_sale_keywords D:\wamp\www\jiadianshop\Application\Runtime\Cache\Home\2a94b8bda04ff446dcedd42276fc99ee.php 第 891 行.
NOTIC: [8] Undefined index: goods_state D:\wamp\www\jiadianshop\Application\Runtime\Cache\Home\2a94b8bda04ff446dcedd42276fc99ee.php 第 895 行.
NOTIC: [8] Undefined index: goods_state D:\wamp\www\jiadianshop\Application\Runtime\Cache\Home\2a94b8bda04ff446dcedd42276fc99ee.php 第 896 行.
NOTIC: [8] Undefined index: goods_state D:\wamp\www\jiadianshop\Application\Runtime\Cache\Home\2a94b8bda04ff446dcedd42276fc99ee.php 第 898 行.
NOTIC: [8] Undefined index: goods_state D:\wamp\www\jiadianshop\Application\Runtime\Cache\Home\2a94b8bda04ff446dcedd42276fc99ee.php 第 900 行.
NOTIC: [8] Undefined index: index_sale_id D:\wamp\www\jiadianshop\Application\Runtime\Cache\Home\2a94b8bda04ff446dcedd42276fc99ee.php 第 843 行.
NOTIC: [8] Undefined index: index_sale_id D:\wamp\www\jiadianshop\Application\Runtime\Cache\Home\2a94b8bda04ff446dcedd42276fc99ee.php 第 880 行.
NOTIC: [8] Undefined index: index_sale_title D:\wamp\www\jiadianshop\Application\Runtime\Cache\Home\2a94b8bda04ff446dcedd42276fc99ee.php 第 884 行.
NOTIC: [8] Undefined index: index_sale_title D:\wamp\www\jiadianshop\Application\Runtime\Cache\Home\2a94b8bda04ff446dcedd42276fc99ee.php 第 889 行.
NOTIC: [8] Undefined index: index_sale_keywords D:\wamp\www\jiadianshop\Application\Runtime\Cache\Home\2a94b8bda04ff446dcedd42276fc99ee.php 第 891 行.
NOTIC: [8] Undefined index: goods_state D:\wamp\www\jiadianshop\Application\Runtime\Cache\Home\2a94b8bda04ff446dcedd42276fc99ee.php 第 895 行.
NOTIC: [8] Undefined index: goods_state D:\wamp\www\jiadianshop\Application\Runtime\Cache\Home\2a94b8bda04ff446dcedd42276fc99ee.php 第 896 行.
NOTIC: [8] Undefined index: goods_state D:\wamp\www\jiadianshop\Application\Runtime\Cache\Home\2a94b8bda04ff446dcedd42276fc99ee.php 第 898 行.
NOTIC: [8] Undefined index: goods_state D:\wamp\www\jiadianshop\Application\Runtime\Cache\Home\2a94b8bda04ff446dcedd42276fc99ee.php 第 900 行.
NOTIC: [8] Undefined index: index_sale_id D:\wamp\www\jiadianshop\Application\Runtime\Cache\Home\2a94b8bda04ff446dcedd42276fc99ee.php 第 843 行.
NOTIC: [8] Undefined index: index_sale_id D:\wamp\www\jiadianshop\Application\Runtime\Cache\Home\2a94b8bda04ff446dcedd42276fc99ee.php 第 880 行.
NOTIC: [8] Undefined index: index_sale_title D:\wamp\www\jiadianshop\Application\Runtime\Cache\Home\2a94b8bda04ff446dcedd42276fc99ee.php 第 884 行.
NOTIC: [8] Undefined index: index_sale_title D:\wamp\www\jiadianshop\Application\Runtime\Cache\Home\2a94b8bda04ff446dcedd42276fc99ee.php 第 889 行.
NOTIC: [8] Undefined index: index_sale_keywords D:\wamp\www\jiadianshop\Application\Runtime\Cache\Home\2a94b8bda04ff446dcedd42276fc99ee.php 第 891 行.
NOTIC: [8] Undefined index: goods_state D:\wamp\www\jiadianshop\Application\Runtime\Cache\Home\2a94b8bda04ff446dcedd42276fc99ee.php 第 895 行.
NOTIC: [8] Undefined index: goods_state D:\wamp\www\jiadianshop\Application\Runtime\Cache\Home\2a94b8bda04ff446dcedd42276fc99ee.php 第 896 行.
NOTIC: [8] Undefined index: goods_state D:\wamp\www\jiadianshop\Application\Runtime\Cache\Home\2a94b8bda04ff446dcedd42276fc99ee.php 第 898 行.
NOTIC: [8] Undefined index: goods_state D:\wamp\www\jiadianshop\Application\Runtime\Cache\Home\2a94b8bda04ff446dcedd42276fc99ee.php 第 900 行.
NOTIC: [8] Undefined variable: compt D:\wamp\www\jiadianshop\Application\Runtime\Cache\Home\2a94b8bda04ff446dcedd42276fc99ee.php 第 926 行.
NOTIC: [8] Undefined variable: links D:\wamp\www\jiadianshop\Application\Runtime\Cache\Home\2a94b8bda04ff446dcedd42276fc99ee.php 第 1317 行.
INFO: Run Behavior\ParseTemplateBehavior [ RunTime:0.040572s ]
INFO: [ view_parse ] --END-- [ RunTime:0.040687s ]
INFO: [ view_filter ] --START--
INFO: Run Behavior\WriteHtmlCacheBehavior [ RunTime:0.000496s ]
INFO: [ view_filter ] --END-- [ RunTime:0.000573s ]
INFO: [ app_end ] --START--
INFO: Run Behavior\ShowPageTraceBehavior [ RunTime:0.000536s ]
INFO: [ app_end ] --END-- [ RunTime:0.000610s ]

[ 2016-05-17T16:31:34+08:00 ] ::1 /jiadianshop/index.php/Home/Index/__JQUERY__
INFO: [ app_init ] --START--
INFO: Run Behavior\BuildLiteBehavior [ RunTime:0.000039s ]
INFO: [ app_init ] --END-- [ RunTime:0.000773s ]
INFO: [ app_begin ] --START--
INFO: Run Behavior\ReadHtmlCacheBehavior [ RunTime:0.000948s ]
INFO: [ app_begin ] --END-- [ RunTime:0.001134s ]
NOTIC: [8] A session had already been started - ignoring session_start() D:\wamp\www\jiadianshop\Application\Home\Controller\IndexController.class.php 第 4 行.
ERR: 非法操作:__JQUERY__

[ 2016-05-17T16:31:34+08:00 ] ::1 /jiadianshop/index.php/Home/Index/%7B:U('Advice/verify')%7D
INFO: [ app_init ] --START--
INFO: Run Behavior\BuildLiteBehavior [ RunTime:0.000029s ]
INFO: [ app_init ] --END-- [ RunTime:0.000510s ]
INFO: [ app_begin ] --START--
INFO: Run Behavior\ReadHtmlCacheBehavior [ RunTime:0.000642s ]
INFO: [ app_begin ] --END-- [ RunTime:0.000741s ]
NOTIC: [8] A session had already been started - ignoring session_start() D:\wamp\www\jiadianshop\Application\Home\Controller\IndexController.class.php 第 4 行.
ERR: 非法操作:{:U('Advice

[ 2016-05-17T16:31:34+08:00 ] ::1 /jiadianshop/index.php/Home/Index/%7B:U('Advice/verify')%7D
INFO: [ app_init ] --START--
INFO: Run Behavior\BuildLiteBehavior [ RunTime:0.000034s ]
INFO: [ app_init ] --END-- [ RunTime:0.000959s ]
INFO: [ app_begin ] --START--
INFO: Run Behavior\ReadHtmlCacheBehavior [ RunTime:0.000752s ]
INFO: [ app_begin ] --END-- [ RunTime:0.000853s ]
NOTIC: [8] A session had already been started - ignoring session_start() D:\wamp\www\jiadianshop\Application\Home\Controller\IndexController.class.php 第 4 行.
ERR: 非法操作:{:U('Advice

[ 2016-05-17T16:31:34+08:00 ] ::1 /jiadianshop/index.php/Home/Login/checkLogin.html
INFO: [ app_init ] --START--
INFO: Run Behavior\BuildLiteBehavior [ RunTime:0.000038s ]
INFO: [ app_init ] --END-- [ RunTime:0.000867s ]
INFO: [ app_begin ] --START--
INFO: Run Behavior\ReadHtmlCacheBehavior [ RunTime:0.000865s ]
INFO: [ app_begin ] --END-- [ RunTime:0.001001s ]
SQL: SHOW COLUMNS FROM `jd_user` [ RunTime:0.0049s ]
SQL: SELECT `user_score` FROM `jd_user` WHERE `user_id` = 2 LIMIT 1   [ RunTime:0.0008s ]
INFO: [ app_end ] --START--
INFO: Run Behavior\ShowPageTraceBehavior [ RunTime:0.002050s ]
INFO: [ app_end ] --END-- [ RunTime:0.002392s ]

[ 2016-05-17T16:31:34+08:00 ] ::1 /jiadianshop/index.php/Home/Category/index.html
INFO: [ app_init ] --START--
INFO: Run Behavior\BuildLiteBehavior [ RunTime:0.000032s ]
INFO: [ app_init ] --END-- [ RunTime:0.000676s ]
INFO: [ app_begin ] --START--
INFO: Run Behavior\ReadHtmlCacheBehavior [ RunTime:0.000874s ]
INFO: [ app_begin ] --END-- [ RunTime:0.001014s ]
ERR: 无法加载控制器:Category

[ 2016-05-17T16:31:34+08:00 ] ::1 /jiadianshop/index.php/Home/Index/%7B:U('SmallCat/myShop')%7D
INFO: [ app_init ] --START--
INFO: Run Behavior\BuildLiteBehavior [ RunTime:0.000042s ]
INFO: [ app_init ] --END-- [ RunTime:0.001381s ]
INFO: [ app_begin ] --START--
INFO: Run Behavior\ReadHtmlCacheBehavior [ RunTime:0.001002s ]
INFO: [ app_begin ] --END-- [ RunTime:0.001159s ]
NOTIC: [8] A session had already been started - ignoring session_start() D:\wamp\www\jiadianshop\Application\Home\Controller\IndexController.class.php 第 4 行.
ERR: 非法操作:{:U('SmallCat

[ 2016-05-17T16:31:34+08:00 ] ::1 /jiadianshop/index.php/Home/Index/%7B:U('SmallCat/myGoods')%7D
INFO: [ app_init ] --START--
INFO: Run Behavior\BuildLiteBehavior [ RunTime:0.000041s ]
INFO: [ app_init ] --END-- [ RunTime:0.000887s ]
INFO: [ app_begin ] --START--
INFO: Run Behavior\ReadHtmlCacheBehavior [ RunTime:0.001230s ]
INFO: [ app_begin ] --END-- [ RunTime:0.001369s ]
NOTIC: [8] A session had already been started - ignoring session_start() D:\wamp\www\jiadianshop\Application\Home\Controller\IndexController.class.php 第 4 行.
ERR: 非法操作:{:U('SmallCat

[ 2016-05-17T16:31:34+08:00 ] ::1 /jiadianshop/index.php/Home/Index/%7B:U('Advice/makeCategory')%7D
INFO: [ app_init ] --START--
INFO: Run Behavior\BuildLiteBehavior [ RunTime:0.000038s ]
INFO: [ app_init ] --END-- [ RunTime:0.000665s ]
INFO: [ app_begin ] --START--
INFO: Run Behavior\ReadHtmlCacheBehavior [ RunTime:0.001271s ]
INFO: [ app_begin ] --END-- [ RunTime:0.001422s ]
NOTIC: [8] A session had already been started - ignoring session_start() D:\wamp\www\jiadianshop\Application\Home\Controller\IndexController.class.php 第 4 行.
ERR: 非法操作:{:U('Advice

[ 2016-05-17T16:31:45+08:00 ] ::1 /jiadianshop/index.php/Home/Index/index.html
INFO: [ app_init ] --START--
INFO: Run Behavior\BuildLiteBehavior [ RunTime:0.000026s ]
INFO: [ app_init ] --END-- [ RunTime:0.000679s ]
INFO: [ app_begin ] --START--
INFO: Run Behavior\ReadHtmlCacheBehavior [ RunTime:0.000557s ]
INFO: [ app_begin ] --END-- [ RunTime:0.000640s ]
NOTIC: [8] A session had already been started - ignoring session_start() D:\wamp\www\jiadianshop\Application\Home\Controller\IndexController.class.php 第 4 行.
SQL: SHOW COLUMNS FROM `jd_goods` [ RunTime:0.0050s ]
SQL: SELECT * FROM `jd_goods`  [ RunTime:0.0005s ]
INFO: [ view_parse ] --START--
INFO: [ template_filter ] --START--
INFO: Run Behavior\ContentReplaceBehavior [ RunTime:0.000700s ]
INFO: [ template_filter ] --END-- [ RunTime:0.000927s ]
NOTIC: [8] Undefined variable: hot D:\wamp\www\jiadianshop\Application\Runtime\Cache\Home\2a94b8bda04ff446dcedd42276fc99ee.php 第 662 行.
NOTIC: [8] Undefined index: index_sale_id D:\wamp\www\jiadianshop\Application\Runtime\Cache\Home\2a94b8bda04ff446dcedd42276fc99ee.php 第 843 行.
NOTIC: [8] Undefined index: index_sale_id D:\wamp\www\jiadianshop\Application\Runtime\Cache\Home\2a94b8bda04ff446dcedd42276fc99ee.php 第 880 行.
NOTIC: [8] Undefined index: index_sale_title D:\wamp\www\jiadianshop\Application\Runtime\Cache\Home\2a94b8bda04ff446dcedd42276fc99ee.php 第 884 行.
NOTIC: [8] Undefined index: index_sale_title D:\wamp\www\jiadianshop\Application\Runtime\Cache\Home\2a94b8bda04ff446dcedd42276fc99ee.php 第 889 行.
NOTIC: [8] Undefined index: index_sale_keywords D:\wamp\www\jiadianshop\Application\Runtime\Cache\Home\2a94b8bda04ff446dcedd42276fc99ee.php 第 891 行.
NOTIC: [8] Undefined index: goods_state D:\wamp\www\jiadianshop\Application\Runtime\Cache\Home\2a94b8bda04ff446dcedd42276fc99ee.php 第 895 行.
NOTIC: [8] Undefined index: goods_state D:\wamp\www\jiadianshop\Application\Runtime\Cache\Home\2a94b8bda04ff446dcedd42276fc99ee.php 第 896 行.
NOTIC: [8] Undefined index: goods_state D:\wamp\www\jiadianshop\Application\Runtime\Cache\Home\2a94b8bda04ff446dcedd42276fc99ee.php 第 898 行.
NOTIC: [8] Undefined index: goods_state D:\wamp\www\jiadianshop\Application\Runtime\Cache\Home\2a94b8bda04ff446dcedd42276fc99ee.php 第 900 行.
NOTIC: [8] Undefined index: index_sale_id D:\wamp\www\jiadianshop\Application\Runtime\Cache\Home\2a94b8bda04ff446dcedd42276fc99ee.php 第 843 行.
NOTIC: [8] Undefined index: index_sale_id D:\wamp\www\jiadianshop\Application\Runtime\Cache\Home\2a94b8bda04ff446dcedd42276fc99ee.php 第 880 行.
NOTIC: [8] Undefined index: index_sale_title D:\wamp\www\jiadianshop\Application\Runtime\Cache\Home\2a94b8bda04ff446dcedd42276fc99ee.php 第 884 行.
NOTIC: [8] Undefined index: index_sale_title D:\wamp\www\jiadianshop\Application\Runtime\Cache\Home\2a94b8bda04ff446dcedd42276fc99ee.php 第 889 行.
NOTIC: [8] Undefined index: index_sale_keywords D:\wamp\www\jiadianshop\Application\Runtime\Cache\Home\2a94b8bda04ff446dcedd42276fc99ee.php 第 891 行.
NOTIC: [8] Undefined index: goods_state D:\wamp\www\jiadianshop\Application\Runtime\Cache\Home\2a94b8bda04ff446dcedd42276fc99ee.php 第 895 行.
NOTIC: [8] Undefined index: goods_state D:\wamp\www\jiadianshop\Application\Runtime\Cache\Home\2a94b8bda04ff446dcedd42276fc99ee.php 第 896 行.
NOTIC: [8] Undefined index: goods_state D:\wamp\www\jiadianshop\Application\Runtime\Cache\Home\2a94b8bda04ff446dcedd42276fc99ee.php 第 898 行.
NOTIC: [8] Undefined index: goods_state D:\wamp\www\jiadianshop\Application\Runtime\Cache\Home\2a94b8bda04ff446dcedd42276fc99ee.php 第 900 行.
NOTIC: [8] Undefined index: index_sale_id D:\wamp\www\jiadianshop\Application\Runtime\Cache\Home\2a94b8bda04ff446dcedd42276fc99ee.php 第 843 行.
NOTIC: [8] Undefined index: index_sale_id D:\wamp\www\jiadianshop\Application\Runtime\Cache\Home\2a94b8bda04ff446dcedd42276fc99ee.php 第 880 行.
NOTIC: [8] Undefined index: index_sale_title D:\wamp\www\jiadianshop\Application\Runtime\Cache\Home\2a94b8bda04ff446dcedd42276fc99ee.php 第 884 行.
NOTIC: [8] Undefined index: index_sale_title D:\wamp\www\jiadianshop\Application\Runtime\Cache\Home\2a94b8bda04ff446dcedd42276fc99ee.php 第 889 行.
NOTIC: [8] Undefined index: index_sale_keywords D:\wamp\www\jiadianshop\Application\Runtime\Cache\Home\2a94b8bda04ff446dcedd42276fc99ee.php 第 891 行.
NOTIC: [8] Undefined index: goods_state D:\wamp\www\jiadianshop\Application\Runtime\Cache\Home\2a94b8bda04ff446dcedd42276fc99ee.php 第 895 行.
NOTIC: [8] Undefined index: goods_state D:\wamp\www\jiadianshop\Application\Runtime\Cache\Home\2a94b8bda04ff446dcedd42276fc99ee.php 第 896 行.
NOTIC: [8] Undefined index: goods_state D:\wamp\www\jiadianshop\Application\Runtime\Cache\Home\2a94b8bda04ff446dcedd42276fc99ee.php 第 898 行.
NOTIC: [8] Undefined index: goods_state D:\wamp\www\jiadianshop\Application\Runtime\Cache\Home\2a94b8bda04ff446dcedd42276fc99ee.php 第 900 行.
NOTIC: [8] Undefined variable: compt D:\wamp\www\jiadianshop\Application\Runtime\Cache\Home\2a94b8bda04ff446dcedd42276fc99ee.php 第 926 行.
NOTIC: [8] Undefined variable: links D:\wamp\www\jiadianshop\Application\Runtime\Cache\Home\2a94b8bda04ff446dcedd42276fc99ee.php 第 1317 行.
INFO: Run Behavior\ParseTemplateBehavior [ RunTime:0.036812s ]
INFO: [ view_parse ] --END-- [ RunTime:0.036903s ]
INFO: [ view_filter ] --START--
INFO: Run Behavior\WriteHtmlCacheBehavior [ RunTime:0.000495s ]
INFO: [ view_filter ] --END-- [ RunTime:0.000573s ]
INFO: [ app_end ] --START--
INFO: Run Behavior\ShowPageTraceBehavior [ RunTime:0.000536s ]
INFO: [ app_end ] --END-- [ RunTime:0.000615s ]

[ 2016-05-17T16:31:46+08:00 ] ::1 /jiadianshop/index.php/Home/Index/__JQUERY__
INFO: [ app_init ] --START--
INFO: Run Behavior\BuildLiteBehavior [ RunTime:0.000025s ]
INFO: [ app_init ] --END-- [ RunTime:0.000490s ]
INFO: [ app_begin ] --START--
INFO: Run Behavior\ReadHtmlCacheBehavior [ RunTime:0.000594s ]
INFO: [ app_begin ] --END-- [ RunTime:0.000688s ]
NOTIC: [8] A session had already been started - ignoring session_start() D:\wamp\www\jiadianshop\Application\Home\Controller\IndexController.class.php 第 4 行.
ERR: 非法操作:__JQUERY__

[ 2016-05-17T16:31:46+08:00 ] ::1 /jiadianshop/index.php/Home/Index/%7B:U('Advice/verify')%7D
INFO: [ app_init ] --START--
INFO: Run Behavior\BuildLiteBehavior [ RunTime:0.000026s ]
INFO: [ app_init ] --END-- [ RunTime:0.000482s ]
INFO: [ app_begin ] --START--
INFO: Run Behavior\ReadHtmlCacheBehavior [ RunTime:0.001080s ]
INFO: [ app_begin ] --END-- [ RunTime:0.001301s ]
NOTIC: [8] A session had already been started - ignoring session_start() D:\wamp\www\jiadianshop\Application\Home\Controller\IndexController.class.php 第 4 行.
ERR: 非法操作:{:U('Advice

[ 2016-05-17T16:31:46+08:00 ] ::1 /jiadianshop/index.php/Home/Login/checkLogin.html
INFO: [ app_init ] --START--
INFO: Run Behavior\BuildLiteBehavior [ RunTime:0.000039s ]
INFO: [ app_init ] --END-- [ RunTime:0.000710s ]
INFO: [ app_begin ] --START--
INFO: Run Behavior\ReadHtmlCacheBehavior [ RunTime:0.001194s ]
INFO: [ app_begin ] --END-- [ RunTime:0.001339s ]
SQL: SHOW COLUMNS FROM `jd_user` [ RunTime:0.0080s ]
SQL: SELECT `user_score` FROM `jd_user` WHERE `user_id` = 2 LIMIT 1   [ RunTime:0.0005s ]
INFO: [ app_end ] --START--
INFO: Run Behavior\ShowPageTraceBehavior [ RunTime:0.001662s ]
INFO: [ app_end ] --END-- [ RunTime:0.001906s ]

[ 2016-05-17T16:31:46+08:00 ] ::1 /jiadianshop/index.php/Home/Index/%7B:U('SmallCat/myShop')%7D
INFO: [ app_init ] --START--
INFO: Run Behavior\BuildLiteBehavior [ RunTime:0.000037s ]
INFO: [ app_init ] --END-- [ RunTime:0.000703s ]
INFO: [ app_begin ] --START--
INFO: Run Behavior\ReadHtmlCacheBehavior [ RunTime:0.000888s ]
INFO: [ app_begin ] --END-- [ RunTime:0.001029s ]
NOTIC: [8] A session had already been started - ignoring session_start() D:\wamp\www\jiadianshop\Application\Home\Controller\IndexController.class.php 第 4 行.
ERR: 非法操作:{:U('SmallCat

[ 2016-05-17T16:31:46+08:00 ] ::1 /jiadianshop/index.php/Home/Index/%7B:U('SmallCat/myGoods')%7D
INFO: [ app_init ] --START--
INFO: Run Behavior\BuildLiteBehavior [ RunTime:0.000034s ]
INFO: [ app_init ] --END-- [ RunTime:0.000682s ]
INFO: [ app_begin ] --START--
INFO: Run Behavior\ReadHtmlCacheBehavior [ RunTime:0.000881s ]
INFO: [ app_begin ] --END-- [ RunTime:0.001020s ]
NOTIC: [8] A session had already been started - ignoring session_start() D:\wamp\www\jiadianshop\Application\Home\Controller\IndexController.class.php 第 4 行.
ERR: 非法操作:{:U('SmallCat

[ 2016-05-17T16:31:46+08:00 ] ::1 /jiadianshop/index.php/Home/Category/index.html
INFO: [ app_init ] --START--
INFO: Run Behavior\BuildLiteBehavior [ RunTime:0.000042s ]
INFO: [ app_init ] --END-- [ RunTime:0.001007s ]
INFO: [ app_begin ] --START--
INFO: Run Behavior\ReadHtmlCacheBehavior [ RunTime:0.002098s ]
INFO: [ app_begin ] --END-- [ RunTime:0.002245s ]
ERR: 无法加载控制器:Category

[ 2016-05-17T16:31:46+08:00 ] ::1 /jiadianshop/index.php/Home/Index/%7B:U('Advice/makeCategory')%7D
INFO: [ app_init ] --START--
INFO: Run Behavior\BuildLiteBehavior [ RunTime:0.000038s ]
INFO: [ app_init ] --END-- [ RunTime:0.001030s ]
INFO: [ app_begin ] --START--
INFO: Run Behavior\ReadHtmlCacheBehavior [ RunTime:0.003660s ]
INFO: [ app_begin ] --END-- [ RunTime:0.003813s ]
NOTIC: [8] A session had already been started - ignoring session_start() D:\wamp\www\jiadianshop\Application\Home\Controller\IndexController.class.php 第 4 行.
ERR: 非法操作:{:U('Advice

