[ 2016-06-29T17:00:09+08:00 ] ::1 /jiadianshop/index.php/Home/Index/index
INFO: [ app_init ] --START--
INFO: Run Behavior\BuildLiteBehavior [ RunTime:0.000027s ]
INFO: [ app_init ] --END-- [ RunTime:0.002715s ]
INFO: [ app_begin ] --START--
INFO: Run Behavior\ReadHtmlCacheBehavior [ RunTime:0.001236s ]
INFO: [ app_begin ] --END-- [ RunTime:0.001354s ]
NOTIC: [2] ini_set(): A session is active. You cannot change the session module's ini settings at this time D:\wamp\www\jiadianshop\ThinkPHP\Common\functions.php 第 1245 行.
NOTIC: [8] A session had already been started - ignoring session_start() D:\wamp\www\jiadianshop\ThinkPHP\Common\functions.php 第 1263 行.
SQL: SHOW COLUMNS FROM `jd_goods` [ RunTime:0.0163s ]
SQL: SELECT * FROM `jd_goods` WHERE `is_hot` = 1 ORDER BY goods_id desc LIMIT 0,6   [ RunTime:0.0039s ]
SQL: SELECT * FROM `jd_goods` WHERE `cat_id` = 9 AND `is_delete` = 0  [ RunTime:0.0009s ]
SQL: SELECT * FROM `jd_goods` WHERE `cat_id` = 7 AND `is_delete` = 0  [ RunTime:0.0006s ]
SQL: SHOW COLUMNS FROM `jd_advertise` [ RunTime:0.0065s ]
SQL: SELECT * FROM `jd_advertise` INNER JOIN jd_advertise_pos ON jd_advertise.ad_pos_id=jd_advertise_pos.pos_id  WHERE `is_on` = 1 AND `pos_id` = 2 ORDER BY id desc LIMIT 5   [ RunTime:0.0052s ]
SQL: SELECT * FROM `jd_advertise` INNER JOIN jd_advertise_pos ON jd_advertise.ad_pos_id=jd_advertise_pos.pos_id  WHERE `is_on` = 1 AND `pos_id` = 3 ORDER BY id desc LIMIT 5   [ RunTime:0.0005s ]
SQL: SELECT * FROM `jd_advertise` INNER JOIN jd_advertise_pos ON jd_advertise.ad_pos_id=jd_advertise_pos.pos_id  WHERE `is_on` = 1 AND `pos_id` = 1 ORDER BY id desc LIMIT 3   [ RunTime:0.0004s ]
SQL: SHOW COLUMNS FROM `jd_article` [ RunTime:0.0071s ]
SQL: SELECT * FROM `jd_article` WHERE `cat_id` = 12  [ RunTime:0.0009s ]
INFO: [ view_parse ] --START--
INFO: [ template_filter ] --START--
INFO: Run Behavior\ContentReplaceBehavior [ RunTime:0.001686s ]
INFO: [ template_filter ] --END-- [ RunTime:0.001791s ]
NOTIC: [8] Undefined index: goods_state D:\wamp\www\jiadianshop\Application\Runtime\Cache\Home\2a94b8bda04ff446dcedd42276fc99ee.php 第 681 行.
NOTIC: [8] Undefined index: goods_state D:\wamp\www\jiadianshop\Application\Runtime\Cache\Home\2a94b8bda04ff446dcedd42276fc99ee.php 第 681 行.
NOTIC: [8] Undefined index: goods_state D:\wamp\www\jiadianshop\Application\Runtime\Cache\Home\2a94b8bda04ff446dcedd42276fc99ee.php 第 681 行.
NOTIC: [8] Undefined index: goods_state D:\wamp\www\jiadianshop\Application\Runtime\Cache\Home\2a94b8bda04ff446dcedd42276fc99ee.php 第 681 行.
NOTIC: [8] Undefined index: goods_state D:\wamp\www\jiadianshop\Application\Runtime\Cache\Home\2a94b8bda04ff446dcedd42276fc99ee.php 第 681 行.
NOTIC: [8] Undefined index: goods_state D:\wamp\www\jiadianshop\Application\Runtime\Cache\Home\2a94b8bda04ff446dcedd42276fc99ee.php 第 681 行.
NOTIC: [8] Undefined index: index_sale_id D:\wamp\www\jiadianshop\Application\Runtime\Cache\Home\2a94b8bda04ff446dcedd42276fc99ee.php 第 873 行.
NOTIC: [8] Undefined index: index_sale_id D:\wamp\www\jiadianshop\Application\Runtime\Cache\Home\2a94b8bda04ff446dcedd42276fc99ee.php 第 873 行.
NOTIC: [8] Undefined index: goods_state D:\wamp\www\jiadianshop\Application\Runtime\Cache\Home\2a94b8bda04ff446dcedd42276fc99ee.php 第 891 行.
NOTIC: [8] Undefined index: goods_state D:\wamp\www\jiadianshop\Application\Runtime\Cache\Home\2a94b8bda04ff446dcedd42276fc99ee.php 第 893 行.
NOTIC: [8] Undefined index: index_sale_id D:\wamp\www\jiadianshop\Application\Runtime\Cache\Home\2a94b8bda04ff446dcedd42276fc99ee.php 第 873 行.
NOTIC: [8] Undefined index: index_sale_id D:\wamp\www\jiadianshop\Application\Runtime\Cache\Home\2a94b8bda04ff446dcedd42276fc99ee.php 第 873 行.
NOTIC: [8] Undefined variable: 6 D:\wamp\www\jiadianshop\Application\Runtime\Cache\Home\2a94b8bda04ff446dcedd42276fc99ee.php 第 919 行.
NOTIC: [8] Undefined variable: 7 D:\wamp\www\jiadianshop\Application\Runtime\Cache\Home\2a94b8bda04ff446dcedd42276fc99ee.php 第 919 行.
NOTIC: [8] Undefined variable: 8 D:\wamp\www\jiadianshop\Application\Runtime\Cache\Home\2a94b8bda04ff446dcedd42276fc99ee.php 第 919 行.
NOTIC: [8] Undefined variable: 9 D:\wamp\www\jiadianshop\Application\Runtime\Cache\Home\2a94b8bda04ff446dcedd42276fc99ee.php 第 919 行.
NOTIC: [8] Undefined variable: links D:\wamp\www\jiadianshop\Application\Runtime\Cache\Home\2a94b8bda04ff446dcedd42276fc99ee.php 第 1306 行.
INFO: Run Behavior\ParseTemplateBehavior [ RunTime:0.061112s ]
INFO: [ view_parse ] --END-- [ RunTime:0.061214s ]
INFO: [ view_filter ] --START--
INFO: Run Behavior\WriteHtmlCacheBehavior [ RunTime:0.001350s ]
INFO: [ view_filter ] --END-- [ RunTime:0.001430s ]
INFO: [ app_end ] --START--
INFO: Run Behavior\ShowPageTraceBehavior [ RunTime:0.001477s ]
INFO: [ app_end ] --END-- [ RunTime:0.001561s ]

[ 2016-06-29T17:00:09+08:00 ] ::1 /jiadianshop/index.php/Home/Advice/verify.html
INFO: [ app_init ] --START--
INFO: Run Behavior\BuildLiteBehavior [ RunTime:0.000023s ]
INFO: [ app_init ] --END-- [ RunTime:0.000495s ]
INFO: [ app_begin ] --START--
INFO: Run Behavior\ReadHtmlCacheBehavior [ RunTime:0.000630s ]
INFO: [ app_begin ] --END-- [ RunTime:0.000730s ]
NOTIC: [2] ini_set(): A session is active. You cannot change the session module's ini settings at this time D:\wamp\www\jiadianshop\ThinkPHP\Common\functions.php 第 1245 行.
NOTIC: [8] A session had already been started - ignoring session_start() D:\wamp\www\jiadianshop\ThinkPHP\Common\functions.php 第 1263 行.
INFO: [ app_end ] --START--
INFO: Run Behavior\ShowPageTraceBehavior [ RunTime:0.001191s ]
INFO: [ app_end ] --END-- [ RunTime:0.001355s ]

[ 2016-06-29T17:00:09+08:00 ] ::1 /jiadianshop/index.php/Home/Product/index/g/7.html
INFO: [ app_init ] --START--
INFO: Run Behavior\BuildLiteBehavior [ RunTime:0.000023s ]
INFO: [ app_init ] --END-- [ RunTime:0.000636s ]
INFO: [ app_begin ] --START--
INFO: Run Behavior\ReadHtmlCacheBehavior [ RunTime:0.000647s ]
INFO: [ app_begin ] --END-- [ RunTime:0.000736s ]
NOTIC: [2] ini_set(): A session is active. You cannot change the session module's ini settings at this time D:\wamp\www\jiadianshop\ThinkPHP\Common\functions.php 第 1245 行.
NOTIC: [8] A session had already been started - ignoring session_start() D:\wamp\www\jiadianshop\ThinkPHP\Common\functions.php 第 1263 行.
SQL: SHOW COLUMNS FROM `jd_goods` [ RunTime:0.0053s ]
SQL: SELECT * FROM `jd_goods` INNER JOIN jd_brands ON jd_goods.cat_id=jd_brands.cat_id INNER JOIN jd_goods_cat ON jd_goods.cat_id=jd_goods_cat.cat_id  WHERE `goods_id` = '7'  [ RunTime:0.0078s ]
SQL: SHOW COLUMNS FROM `jd_comment` [ RunTime:0.0100s ]
SQL: SELECT AVG(comment_score) AS tp_avg FROM `jd_comment` WHERE `goods_id` = 7 LIMIT 1   [ RunTime:0.0009s ]
SQL: SELECT COUNT(*) AS tp_count FROM `jd_comment` WHERE `goods_id` = 7 LIMIT 1   [ RunTime:0.0002s ]
SQL: SELECT COUNT(comment_id) AS tp_count FROM `jd_comment` WHERE `goods_id` = 7 LIMIT 1   [ RunTime:0.0002s ]
SQL: SELECT COUNT(comment_id) AS tp_count FROM `jd_comment` WHERE `goods_id` = 7 AND `comment_score` IN ('4','5') LIMIT 1   [ RunTime:0.0007s ]
SQL: SHOW COLUMNS FROM `jd_comment` [ RunTime:0.0039s ]
SQL: SELECT COUNT(comment_id) AS tp_count FROM `jd_comment` WHERE `goods_id` = 7 AND `comment_score` IN ('2','3') LIMIT 1   [ RunTime:0.0008s ]
SQL: SELECT COUNT(comment_id) AS tp_count FROM `jd_comment` WHERE `goods_id` = 7 AND `comment_score` IN ('0','1') LIMIT 1   [ RunTime:0.0004s ]
SQL: SELECT `attr_id_list`,`attr_value_list` FROM `jd_goods` WHERE `goods_id` = 7 LIMIT 1   [ RunTime:0.0006s ]
SQL: SHOW COLUMNS FROM `jd_goods_attribute` [ RunTime:0.0068s ]
SQL: SELECT `attr_name` FROM `jd_goods_attribute` WHERE `attr_id` = 5 LIMIT 1   [ RunTime:0.0003s ]
SQL: SELECT `attr_name` FROM `jd_goods_attribute` WHERE `attr_id` = 7 LIMIT 1   [ RunTime:0.0003s ]
SQL: SELECT `attr_name` FROM `jd_goods_attribute` WHERE `attr_id` = 8 LIMIT 1   [ RunTime:0.0002s ]
SQL: SELECT `attr_name` FROM `jd_goods_attribute` WHERE `attr_id` = 9 LIMIT 1   [ RunTime:0.0002s ]
SQL: SELECT `attr_name` FROM `jd_goods_attribute` WHERE `attr_id` = 9 LIMIT 1   [ RunTime:0.0002s ]
INFO: [ view_parse ] --START--
INFO: [ template_filter ] --START--
INFO: Run Behavior\ContentReplaceBehavior [ RunTime:0.000614s ]
INFO: [ template_filter ] --END-- [ RunTime:0.000735s ]
NOTIC: [8] Undefined variable: goods_desc D:\wamp\www\jiadianshop\Application\Runtime\Cache\Home\3458861da0342b1f9413030055ee3fb6.php 第 794 行.
NOTIC: [8] Undefined variable: sale_attr_name D:\wamp\www\jiadianshop\Application\Runtime\Cache\Home\3458861da0342b1f9413030055ee3fb6.php 第 838 行.
NOTIC: [8] Undefined index: goods_big_pic D:\wamp\www\jiadianshop\Application\Runtime\Cache\Home\3458861da0342b1f9413030055ee3fb6.php 第 1170 行.
NOTIC: [8] Undefined index: goods_weight D:\wamp\www\jiadianshop\Application\Runtime\Cache\Home\3458861da0342b1f9413030055ee3fb6.php 第 1356 行.
NOTIC: [8] Undefined variable: goods_attr_values D:\wamp\www\jiadianshop\Application\Runtime\Cache\Home\3458861da0342b1f9413030055ee3fb6.php 第 1358 行.
INFO: Run Behavior\ParseTemplateBehavior [ RunTime:0.047570s ]
INFO: [ view_parse ] --END-- [ RunTime:0.047684s ]
INFO: [ view_filter ] --START--
INFO: Run Behavior\WriteHtmlCacheBehavior [ RunTime:0.000708s ]
INFO: [ view_filter ] --END-- [ RunTime:0.000847s ]
INFO: [ app_end ] --START--
INFO: Run Behavior\ShowPageTraceBehavior [ RunTime:0.000980s ]
INFO: [ app_end ] --END-- [ RunTime:0.001108s ]

[ 2016-06-29T17:00:09+08:00 ] ::1 /jiadianshop/index.php/Home/Login/checkLogin.html
INFO: [ app_init ] --START--
INFO: Run Behavior\BuildLiteBehavior [ RunTime:0.000024s ]
INFO: [ app_init ] --END-- [ RunTime:0.000477s ]
INFO: [ app_begin ] --START--
INFO: Run Behavior\ReadHtmlCacheBehavior [ RunTime:0.000591s ]
INFO: [ app_begin ] --END-- [ RunTime:0.000677s ]
NOTIC: [2] ini_set(): A session is active. You cannot change the session module's ini settings at this time D:\wamp\www\jiadianshop\ThinkPHP\Common\functions.php 第 1245 行.
NOTIC: [8] A session had already been started - ignoring session_start() D:\wamp\www\jiadianshop\ThinkPHP\Common\functions.php 第 1263 行.
NOTIC: [8] Undefined variable: user_name D:\wamp\www\jiadianshop\Application\Home\Controller\LoginController.class.php 第 168 行.
NOTIC: [8] Undefined variable: user_level D:\wamp\www\jiadianshop\Application\Home\Controller\LoginController.class.php 第 169 行.
INFO: [ app_end ] --START--
INFO: Run Behavior\ShowPageTraceBehavior [ RunTime:0.000832s ]
INFO: [ app_end ] --END-- [ RunTime:0.000936s ]

[ 2016-06-29T17:00:09+08:00 ] ::1 /jiadianshop/index.php/Home/SmallCat/myShop.html
INFO: [ app_init ] --START--
INFO: Run Behavior\BuildLiteBehavior [ RunTime:0.000023s ]
INFO: [ app_init ] --END-- [ RunTime:0.000464s ]
INFO: [ app_begin ] --START--
INFO: Run Behavior\ReadHtmlCacheBehavior [ RunTime:0.001788s ]
INFO: [ app_begin ] --END-- [ RunTime:0.001892s ]
NOTIC: [2] ini_set(): A session is active. You cannot change the session module's ini settings at this time D:\wamp\www\jiadianshop\ThinkPHP\Common\functions.php 第 1245 行.
NOTIC: [8] A session had already been started - ignoring session_start() D:\wamp\www\jiadianshop\ThinkPHP\Common\functions.php 第 1263 行.
NOTIC: [8] Undefined variable: user_name D:\wamp\www\jiadianshop\Application\Home\Controller\SmallCatController.class.php 第 46 行.
NOTIC: [8] Undefined variable: user_level D:\wamp\www\jiadianshop\Application\Home\Controller\SmallCatController.class.php 第 47 行.
NOTIC: [8] Undefined variable: unpay_count D:\wamp\www\jiadianshop\Application\Home\Controller\SmallCatController.class.php 第 48 行.
NOTIC: [8] Undefined variable: uncomment_count D:\wamp\www\jiadianshop\Application\Home\Controller\SmallCatController.class.php 第 49 行.
INFO: [ app_end ] --START--
INFO: Run Behavior\ShowPageTraceBehavior [ RunTime:0.000606s ]
INFO: [ app_end ] --END-- [ RunTime:0.000683s ]

[ 2016-06-29T17:00:10+08:00 ] ::1 /jiadianshop/index.php/Home/Advice/makeCategory.html
INFO: [ app_init ] --START--
INFO: Run Behavior\BuildLiteBehavior [ RunTime:0.000027s ]
INFO: [ app_init ] --END-- [ RunTime:0.001107s ]
INFO: [ app_begin ] --START--
INFO: Run Behavior\ReadHtmlCacheBehavior [ RunTime:0.000554s ]
INFO: [ app_begin ] --END-- [ RunTime:0.000629s ]
NOTIC: [2] ini_set(): A session is active. You cannot change the session module's ini settings at this time D:\wamp\www\jiadianshop\ThinkPHP\Common\functions.php 第 1245 行.
NOTIC: [8] A session had already been started - ignoring session_start() D:\wamp\www\jiadianshop\ThinkPHP\Common\functions.php 第 1263 行.
SQL: SHOW COLUMNS FROM `jd_advice_category` [ RunTime:0.0091s ]
SQL: SELECT * FROM `jd_advice_category`  [ RunTime:0.0007s ]
INFO: [ app_end ] --START--
INFO: Run Behavior\ShowPageTraceBehavior [ RunTime:0.001181s ]
INFO: [ app_end ] --END-- [ RunTime:0.001324s ]

[ 2016-06-29T17:00:10+08:00 ] ::1 /jiadianshop/index.php/Home/SmallCat/myGoods.html
INFO: [ app_init ] --START--
INFO: Run Behavior\BuildLiteBehavior [ RunTime:0.000043s ]
INFO: [ app_init ] --END-- [ RunTime:0.001269s ]
INFO: [ app_begin ] --START--
INFO: Run Behavior\ReadHtmlCacheBehavior [ RunTime:0.001129s ]
INFO: [ app_begin ] --END-- [ RunTime:0.001289s ]
NOTIC: [2] ini_set(): A session is active. You cannot change the session module's ini settings at this time D:\wamp\www\jiadianshop\ThinkPHP\Common\functions.php 第 1245 行.
NOTIC: [8] A session had already been started - ignoring session_start() D:\wamp\www\jiadianshop\ThinkPHP\Common\functions.php 第 1263 行.
NOTIC: [8] Undefined variable: cat_total_num D:\wamp\www\jiadianshop\Application\Home\Controller\SmallCatController.class.php 第 123 行.
NOTIC: [8] Undefined variable: cat_total_price D:\wamp\www\jiadianshop\Application\Home\Controller\SmallCatController.class.php 第 123 行.
NOTIC: [8] Undefined variable: str D:\wamp\www\jiadianshop\Application\Home\Controller\SmallCatController.class.php 第 124 行.
INFO: [ app_end ] --START--
INFO: Run Behavior\ShowPageTraceBehavior [ RunTime:0.002642s ]
INFO: [ app_end ] --END-- [ RunTime:0.002787s ]

[ 2016-06-29T17:00:10+08:00 ] ::1 /jiadianshop/index.php/Home/Category/index.html
INFO: [ app_init ] --START--
INFO: Run Behavior\BuildLiteBehavior [ RunTime:0.000042s ]
INFO: [ app_init ] --END-- [ RunTime:0.001091s ]
INFO: [ app_begin ] --START--
INFO: Run Behavior\ReadHtmlCacheBehavior [ RunTime:0.001176s ]
INFO: [ app_begin ] --END-- [ RunTime:0.001324s ]
NOTIC: [2] ini_set(): A session is active. You cannot change the session module's ini settings at this time D:\wamp\www\jiadianshop\ThinkPHP\Common\functions.php 第 1245 行.
NOTIC: [8] A session had already been started - ignoring session_start() D:\wamp\www\jiadianshop\ThinkPHP\Common\functions.php 第 1263 行.
ERR: 无法加载控制器:Category

[ 2016-06-29T17:00:10+08:00 ] ::1 /jiadianshop/index.php/Home/Advice/verify.html
INFO: [ app_init ] --START--
INFO: Run Behavior\BuildLiteBehavior [ RunTime:0.000022s ]
INFO: [ app_init ] --END-- [ RunTime:0.000488s ]
INFO: [ app_begin ] --START--
INFO: Run Behavior\ReadHtmlCacheBehavior [ RunTime:0.000814s ]
INFO: [ app_begin ] --END-- [ RunTime:0.000933s ]
NOTIC: [2] ini_set(): A session is active. You cannot change the session module's ini settings at this time D:\wamp\www\jiadianshop\ThinkPHP\Common\functions.php 第 1245 行.
NOTIC: [8] A session had already been started - ignoring session_start() D:\wamp\www\jiadianshop\ThinkPHP\Common\functions.php 第 1263 行.
INFO: [ app_end ] --START--
INFO: Run Behavior\ShowPageTraceBehavior [ RunTime:0.001025s ]
INFO: [ app_end ] --END-- [ RunTime:0.001192s ]

[ 2016-06-29T17:00:10+08:00 ] ::1 /jiadianshop/index.php/Home/Login/checkLogin.html
INFO: [ app_init ] --START--
INFO: Run Behavior\BuildLiteBehavior [ RunTime:0.000039s ]
INFO: [ app_init ] --END-- [ RunTime:0.000790s ]
INFO: [ app_begin ] --START--
INFO: Run Behavior\ReadHtmlCacheBehavior [ RunTime:0.000963s ]
INFO: [ app_begin ] --END-- [ RunTime:0.001116s ]
NOTIC: [2] ini_set(): A session is active. You cannot change the session module's ini settings at this time D:\wamp\www\jiadianshop\ThinkPHP\Common\functions.php 第 1245 行.
NOTIC: [8] A session had already been started - ignoring session_start() D:\wamp\www\jiadianshop\ThinkPHP\Common\functions.php 第 1263 行.
NOTIC: [8] Undefined variable: user_name D:\wamp\www\jiadianshop\Application\Home\Controller\LoginController.class.php 第 168 行.
NOTIC: [8] Undefined variable: user_level D:\wamp\www\jiadianshop\Application\Home\Controller\LoginController.class.php 第 169 行.
INFO: [ app_end ] --START--
INFO: Run Behavior\ShowPageTraceBehavior [ RunTime:0.001061s ]
INFO: [ app_end ] --END-- [ RunTime:0.001205s ]

[ 2016-06-29T17:00:10+08:00 ] ::1 /jiadianshop/index.php/Home/SmallCat/myShop.html
INFO: [ app_init ] --START--
INFO: Run Behavior\BuildLiteBehavior [ RunTime:0.000028s ]
INFO: [ app_init ] --END-- [ RunTime:0.000835s ]
INFO: [ app_begin ] --START--
INFO: Run Behavior\ReadHtmlCacheBehavior [ RunTime:0.001140s ]
INFO: [ app_begin ] --END-- [ RunTime:0.001256s ]
NOTIC: [2] ini_set(): A session is active. You cannot change the session module's ini settings at this time D:\wamp\www\jiadianshop\ThinkPHP\Common\functions.php 第 1245 行.
NOTIC: [8] A session had already been started - ignoring session_start() D:\wamp\www\jiadianshop\ThinkPHP\Common\functions.php 第 1263 行.
NOTIC: [8] Undefined variable: user_name D:\wamp\www\jiadianshop\Application\Home\Controller\SmallCatController.class.php 第 46 行.
NOTIC: [8] Undefined variable: user_level D:\wamp\www\jiadianshop\Application\Home\Controller\SmallCatController.class.php 第 47 行.
NOTIC: [8] Undefined variable: unpay_count D:\wamp\www\jiadianshop\Application\Home\Controller\SmallCatController.class.php 第 48 行.
NOTIC: [8] Undefined variable: uncomment_count D:\wamp\www\jiadianshop\Application\Home\Controller\SmallCatController.class.php 第 49 行.
INFO: [ app_end ] --START--
INFO: Run Behavior\ShowPageTraceBehavior [ RunTime:0.001094s ]
INFO: [ app_end ] --END-- [ RunTime:0.001234s ]

[ 2016-06-29T17:00:10+08:00 ] ::1 /jiadianshop/index.php/Home/SmallCat/myGoods.html
INFO: [ app_init ] --START--
INFO: Run Behavior\BuildLiteBehavior [ RunTime:0.000020s ]
INFO: [ app_init ] --END-- [ RunTime:0.000455s ]
INFO: [ app_begin ] --START--
INFO: Run Behavior\ReadHtmlCacheBehavior [ RunTime:0.000569s ]
INFO: [ app_begin ] --END-- [ RunTime:0.000647s ]
NOTIC: [2] ini_set(): A session is active. You cannot change the session module's ini settings at this time D:\wamp\www\jiadianshop\ThinkPHP\Common\functions.php 第 1245 行.
NOTIC: [8] A session had already been started - ignoring session_start() D:\wamp\www\jiadianshop\ThinkPHP\Common\functions.php 第 1263 行.
NOTIC: [8] Undefined variable: cat_total_num D:\wamp\www\jiadianshop\Application\Home\Controller\SmallCatController.class.php 第 123 行.
NOTIC: [8] Undefined variable: cat_total_price D:\wamp\www\jiadianshop\Application\Home\Controller\SmallCatController.class.php 第 123 行.
NOTIC: [8] Undefined variable: str D:\wamp\www\jiadianshop\Application\Home\Controller\SmallCatController.class.php 第 124 行.
INFO: [ app_end ] --START--
INFO: Run Behavior\ShowPageTraceBehavior [ RunTime:0.000544s ]
INFO: [ app_end ] --END-- [ RunTime:0.000637s ]

[ 2016-06-29T17:00:10+08:00 ] ::1 /jiadianshop/index.php/Home/Category/index.html
INFO: [ app_init ] --START--
INFO: Run Behavior\BuildLiteBehavior [ RunTime:0.000023s ]
INFO: [ app_init ] --END-- [ RunTime:0.000458s ]
INFO: [ app_begin ] --START--
INFO: Run Behavior\ReadHtmlCacheBehavior [ RunTime:0.000587s ]
INFO: [ app_begin ] --END-- [ RunTime:0.000673s ]
NOTIC: [2] ini_set(): A session is active. You cannot change the session module's ini settings at this time D:\wamp\www\jiadianshop\ThinkPHP\Common\functions.php 第 1245 行.
NOTIC: [8] A session had already been started - ignoring session_start() D:\wamp\www\jiadianshop\ThinkPHP\Common\functions.php 第 1263 行.
ERR: 无法加载控制器:Category

[ 2016-06-29T17:00:10+08:00 ] ::1 /jiadianshop/index.php/Home/ScanGoods/add.html
INFO: [ app_init ] --START--
INFO: Run Behavior\BuildLiteBehavior [ RunTime:0.000022s ]
INFO: [ app_init ] --END-- [ RunTime:0.000509s ]
INFO: [ app_begin ] --START--
INFO: Run Behavior\ReadHtmlCacheBehavior [ RunTime:0.000653s ]
INFO: [ app_begin ] --END-- [ RunTime:0.000728s ]
NOTIC: [2] ini_set(): A session is active. You cannot change the session module's ini settings at this time D:\wamp\www\jiadianshop\ThinkPHP\Common\functions.php 第 1245 行.
NOTIC: [8] A session had already been started - ignoring session_start() D:\wamp\www\jiadianshop\ThinkPHP\Common\functions.php 第 1263 行.
INFO: [ app_end ] --START--
INFO: Run Behavior\ShowPageTraceBehavior [ RunTime:0.000638s ]
INFO: [ app_end ] --END-- [ RunTime:0.000714s ]

[ 2016-06-29T17:00:10+08:00 ] ::1 /jiadianshop/index.php/Home/Product/index/g/%7B:U('HotSale/index')%7D
INFO: [ app_init ] --START--
INFO: Run Behavior\BuildLiteBehavior [ RunTime:0.000028s ]
INFO: [ app_init ] --END-- [ RunTime:0.000486s ]
INFO: [ app_begin ] --START--
INFO: Run Behavior\ReadHtmlCacheBehavior [ RunTime:0.000584s ]
INFO: [ app_begin ] --END-- [ RunTime:0.000655s ]
NOTIC: [2] ini_set(): A session is active. You cannot change the session module's ini settings at this time D:\wamp\www\jiadianshop\ThinkPHP\Common\functions.php 第 1245 行.
NOTIC: [8] A session had already been started - ignoring session_start() D:\wamp\www\jiadianshop\ThinkPHP\Common\functions.php 第 1263 行.
SQL: SHOW COLUMNS FROM `jd_goods` [ RunTime:0.0048s ]
SQL: SELECT * FROM `jd_goods` INNER JOIN jd_brands ON jd_goods.cat_id=jd_brands.cat_id INNER JOIN jd_goods_cat ON jd_goods.cat_id=jd_goods_cat.cat_id  WHERE `goods_id` = '{:U(\'HotSale'  [ RunTime:0.0006s ]

[ 2016-06-29T17:00:10+08:00 ] ::1 /jiadianshop/index.php/Home/ScanGoods/index.html
INFO: [ app_init ] --START--
INFO: Run Behavior\BuildLiteBehavior [ RunTime:0.000022s ]
INFO: [ app_init ] --END-- [ RunTime:0.000544s ]
INFO: [ app_begin ] --START--
INFO: Run Behavior\ReadHtmlCacheBehavior [ RunTime:0.000612s ]
INFO: [ app_begin ] --END-- [ RunTime:0.000686s ]
NOTIC: [2] ini_set(): A session is active. You cannot change the session module's ini settings at this time D:\wamp\www\jiadianshop\ThinkPHP\Common\functions.php 第 1245 行.
NOTIC: [8] A session had already been started - ignoring session_start() D:\wamp\www\jiadianshop\ThinkPHP\Common\functions.php 第 1263 行.

[ 2016-06-29T17:00:10+08:00 ] ::1 /jiadianshop/index.php/Home/Advice/makeCategory.html
INFO: [ app_init ] --START--
INFO: Run Behavior\BuildLiteBehavior [ RunTime:0.000022s ]
INFO: [ app_init ] --END-- [ RunTime:0.000515s ]
INFO: [ app_begin ] --START--
INFO: Run Behavior\ReadHtmlCacheBehavior [ RunTime:0.000618s ]
INFO: [ app_begin ] --END-- [ RunTime:0.000701s ]
NOTIC: [2] ini_set(): A session is active. You cannot change the session module's ini settings at this time D:\wamp\www\jiadianshop\ThinkPHP\Common\functions.php 第 1245 行.
NOTIC: [8] A session had already been started - ignoring session_start() D:\wamp\www\jiadianshop\ThinkPHP\Common\functions.php 第 1263 行.
SQL: SHOW COLUMNS FROM `jd_advice_category` [ RunTime:0.0031s ]
SQL: SELECT * FROM `jd_advice_category`  [ RunTime:0.0003s ]
INFO: [ app_end ] --START--
INFO: Run Behavior\ShowPageTraceBehavior [ RunTime:0.000737s ]
INFO: [ app_end ] --END-- [ RunTime:0.000812s ]

[ 2016-06-29T17:00:18+08:00 ] ::1 /jiadianshop/index.php/Home/Index/index
INFO: [ app_init ] --START--
INFO: Run Behavior\BuildLiteBehavior [ RunTime:0.000049s ]
INFO: [ app_init ] --END-- [ RunTime:0.001091s ]
INFO: [ app_begin ] --START--
INFO: Run Behavior\ReadHtmlCacheBehavior [ RunTime:0.001330s ]
INFO: [ app_begin ] --END-- [ RunTime:0.001518s ]
NOTIC: [2] ini_set(): A session is active. You cannot change the session module's ini settings at this time D:\wamp\www\jiadianshop\ThinkPHP\Common\functions.php 第 1245 行.
NOTIC: [8] A session had already been started - ignoring session_start() D:\wamp\www\jiadianshop\ThinkPHP\Common\functions.php 第 1263 行.
SQL: SHOW COLUMNS FROM `jd_goods` [ RunTime:0.0076s ]
SQL: SELECT * FROM `jd_goods` WHERE `is_hot` = 1 ORDER BY goods_id desc LIMIT 0,6   [ RunTime:0.0016s ]
SQL: SELECT * FROM `jd_goods` WHERE `cat_id` = 9 AND `is_delete` = 0  [ RunTime:0.0011s ]
SQL: SELECT * FROM `jd_goods` WHERE `cat_id` = 7 AND `is_delete` = 0  [ RunTime:0.0012s ]
SQL: SHOW COLUMNS FROM `jd_advertise` [ RunTime:0.0074s ]
SQL: SELECT * FROM `jd_advertise` INNER JOIN jd_advertise_pos ON jd_advertise.ad_pos_id=jd_advertise_pos.pos_id  WHERE `is_on` = 1 AND `pos_id` = 2 ORDER BY id desc LIMIT 5   [ RunTime:0.0015s ]
SQL: SELECT * FROM `jd_advertise` INNER JOIN jd_advertise_pos ON jd_advertise.ad_pos_id=jd_advertise_pos.pos_id  WHERE `is_on` = 1 AND `pos_id` = 3 ORDER BY id desc LIMIT 5   [ RunTime:0.0010s ]
SQL: SELECT * FROM `jd_advertise` INNER JOIN jd_advertise_pos ON jd_advertise.ad_pos_id=jd_advertise_pos.pos_id  WHERE `is_on` = 1 AND `pos_id` = 1 ORDER BY id desc LIMIT 3   [ RunTime:0.0008s ]
SQL: SHOW COLUMNS FROM `jd_article` [ RunTime:0.0064s ]
SQL: SELECT * FROM `jd_article` WHERE `cat_id` = 12  [ RunTime:0.0008s ]
INFO: [ view_parse ] --START--
INFO: [ template_filter ] --START--
INFO: Run Behavior\ContentReplaceBehavior [ RunTime:0.000603s ]
INFO: [ template_filter ] --END-- [ RunTime:0.000843s ]
NOTIC: [8] Undefined index: goods_state D:\wamp\www\jiadianshop\Application\Runtime\Cache\Home\2a94b8bda04ff446dcedd42276fc99ee.php 第 681 行.
NOTIC: [8] Undefined index: goods_state D:\wamp\www\jiadianshop\Application\Runtime\Cache\Home\2a94b8bda04ff446dcedd42276fc99ee.php 第 681 行.
NOTIC: [8] Undefined index: goods_state D:\wamp\www\jiadianshop\Application\Runtime\Cache\Home\2a94b8bda04ff446dcedd42276fc99ee.php 第 681 行.
NOTIC: [8] Undefined index: goods_state D:\wamp\www\jiadianshop\Application\Runtime\Cache\Home\2a94b8bda04ff446dcedd42276fc99ee.php 第 681 行.
NOTIC: [8] Undefined index: goods_state D:\wamp\www\jiadianshop\Application\Runtime\Cache\Home\2a94b8bda04ff446dcedd42276fc99ee.php 第 681 行.
NOTIC: [8] Undefined index: goods_state D:\wamp\www\jiadianshop\Application\Runtime\Cache\Home\2a94b8bda04ff446dcedd42276fc99ee.php 第 681 行.
NOTIC: [8] Undefined index: index_sale_id D:\wamp\www\jiadianshop\Application\Runtime\Cache\Home\2a94b8bda04ff446dcedd42276fc99ee.php 第 873 行.
NOTIC: [8] Undefined index: index_sale_id D:\wamp\www\jiadianshop\Application\Runtime\Cache\Home\2a94b8bda04ff446dcedd42276fc99ee.php 第 873 行.
NOTIC: [8] Undefined index: goods_state D:\wamp\www\jiadianshop\Application\Runtime\Cache\Home\2a94b8bda04ff446dcedd42276fc99ee.php 第 891 行.
NOTIC: [8] Undefined index: goods_state D:\wamp\www\jiadianshop\Application\Runtime\Cache\Home\2a94b8bda04ff446dcedd42276fc99ee.php 第 893 行.
NOTIC: [8] Undefined index: index_sale_id D:\wamp\www\jiadianshop\Application\Runtime\Cache\Home\2a94b8bda04ff446dcedd42276fc99ee.php 第 873 行.
NOTIC: [8] Undefined index: index_sale_id D:\wamp\www\jiadianshop\Application\Runtime\Cache\Home\2a94b8bda04ff446dcedd42276fc99ee.php 第 873 行.
NOTIC: [8] Undefined variable: 6 D:\wamp\www\jiadianshop\Application\Runtime\Cache\Home\2a94b8bda04ff446dcedd42276fc99ee.php 第 919 行.
NOTIC: [8] Undefined variable: 7 D:\wamp\www\jiadianshop\Application\Runtime\Cache\Home\2a94b8bda04ff446dcedd42276fc99ee.php 第 919 行.
NOTIC: [8] Undefined variable: 8 D:\wamp\www\jiadianshop\Application\Runtime\Cache\Home\2a94b8bda04ff446dcedd42276fc99ee.php 第 919 行.
NOTIC: [8] Undefined variable: 9 D:\wamp\www\jiadianshop\Application\Runtime\Cache\Home\2a94b8bda04ff446dcedd42276fc99ee.php 第 919 行.
NOTIC: [8] Undefined variable: links D:\wamp\www\jiadianshop\Application\Runtime\Cache\Home\2a94b8bda04ff446dcedd42276fc99ee.php 第 1306 行.
INFO: Run Behavior\ParseTemplateBehavior [ RunTime:0.093929s ]
INFO: [ view_parse ] --END-- [ RunTime:0.094078s ]
INFO: [ view_filter ] --START--
INFO: Run Behavior\WriteHtmlCacheBehavior [ RunTime:0.000646s ]
INFO: [ view_filter ] --END-- [ RunTime:0.000752s ]
INFO: [ app_end ] --START--
INFO: Run Behavior\ShowPageTraceBehavior [ RunTime:0.000832s ]
INFO: [ app_end ] --END-- [ RunTime:0.000939s ]

[ 2016-06-29T17:00:18+08:00 ] ::1 /jiadianshop/index.php/Home/Advice/verify.html
INFO: [ app_init ] --START--
INFO: Run Behavior\BuildLiteBehavior [ RunTime:0.000035s ]
INFO: [ app_init ] --END-- [ RunTime:0.000719s ]
INFO: [ app_begin ] --START--
INFO: Run Behavior\ReadHtmlCacheBehavior [ RunTime:0.000979s ]
INFO: [ app_begin ] --END-- [ RunTime:0.001145s ]
NOTIC: [2] ini_set(): A session is active. You cannot change the session module's ini settings at this time D:\wamp\www\jiadianshop\ThinkPHP\Common\functions.php 第 1245 行.
NOTIC: [8] A session had already been started - ignoring session_start() D:\wamp\www\jiadianshop\ThinkPHP\Common\functions.php 第 1263 行.
INFO: [ app_end ] --START--
INFO: Run Behavior\ShowPageTraceBehavior [ RunTime:0.000712s ]
INFO: [ app_end ] --END-- [ RunTime:0.000821s ]

[ 2016-06-29T17:00:18+08:00 ] ::1 /jiadianshop/index.php/Home/Login/checkLogin.html
INFO: [ app_init ] --START--
INFO: Run Behavior\BuildLiteBehavior [ RunTime:0.000035s ]
INFO: [ app_init ] --END-- [ RunTime:0.000663s ]
INFO: [ app_begin ] --START--
INFO: Run Behavior\ReadHtmlCacheBehavior [ RunTime:0.000848s ]
INFO: [ app_begin ] --END-- [ RunTime:0.000974s ]
NOTIC: [2] ini_set(): A session is active. You cannot change the session module's ini settings at this time D:\wamp\www\jiadianshop\ThinkPHP\Common\functions.php 第 1245 行.
NOTIC: [8] A session had already been started - ignoring session_start() D:\wamp\www\jiadianshop\ThinkPHP\Common\functions.php 第 1263 行.
NOTIC: [8] Undefined variable: user_name D:\wamp\www\jiadianshop\Application\Home\Controller\LoginController.class.php 第 168 行.
NOTIC: [8] Undefined variable: user_level D:\wamp\www\jiadianshop\Application\Home\Controller\LoginController.class.php 第 169 行.
INFO: [ app_end ] --START--
INFO: Run Behavior\ShowPageTraceBehavior [ RunTime:0.001060s ]
INFO: [ app_end ] --END-- [ RunTime:0.001251s ]

[ 2016-06-29T17:00:18+08:00 ] ::1 /jiadianshop/index.php/Home/SmallCat/myShop.html
INFO: [ app_init ] --START--
INFO: Run Behavior\BuildLiteBehavior [ RunTime:0.000034s ]
INFO: [ app_init ] --END-- [ RunTime:0.000657s ]
INFO: [ app_begin ] --START--
INFO: Run Behavior\ReadHtmlCacheBehavior [ RunTime:0.001050s ]
INFO: [ app_begin ] --END-- [ RunTime:0.001203s ]
NOTIC: [2] ini_set(): A session is active. You cannot change the session module's ini settings at this time D:\wamp\www\jiadianshop\ThinkPHP\Common\functions.php 第 1245 行.
NOTIC: [8] A session had already been started - ignoring session_start() D:\wamp\www\jiadianshop\ThinkPHP\Common\functions.php 第 1263 行.
NOTIC: [8] Undefined variable: user_name D:\wamp\www\jiadianshop\Application\Home\Controller\SmallCatController.class.php 第 46 行.
NOTIC: [8] Undefined variable: user_level D:\wamp\www\jiadianshop\Application\Home\Controller\SmallCatController.class.php 第 47 行.
NOTIC: [8] Undefined variable: unpay_count D:\wamp\www\jiadianshop\Application\Home\Controller\SmallCatController.class.php 第 48 行.
NOTIC: [8] Undefined variable: uncomment_count D:\wamp\www\jiadianshop\Application\Home\Controller\SmallCatController.class.php 第 49 行.
INFO: [ app_end ] --START--
INFO: Run Behavior\ShowPageTraceBehavior [ RunTime:0.000921s ]
INFO: [ app_end ] --END-- [ RunTime:0.001048s ]

[ 2016-06-29T17:00:18+08:00 ] ::1 /jiadianshop/index.php/Home/SmallCat/myGoods.html
INFO: [ app_init ] --START--
INFO: Run Behavior\BuildLiteBehavior [ RunTime:0.000023s ]
INFO: [ app_init ] --END-- [ RunTime:0.000445s ]
INFO: [ app_begin ] --START--
INFO: Run Behavior\ReadHtmlCacheBehavior [ RunTime:0.000781s ]
INFO: [ app_begin ] --END-- [ RunTime:0.000883s ]
NOTIC: [2] ini_set(): A session is active. You cannot change the session module's ini settings at this time D:\wamp\www\jiadianshop\ThinkPHP\Common\functions.php 第 1245 行.
NOTIC: [8] A session had already been started - ignoring session_start() D:\wamp\www\jiadianshop\ThinkPHP\Common\functions.php 第 1263 行.
NOTIC: [8] Undefined variable: cat_total_num D:\wamp\www\jiadianshop\Application\Home\Controller\SmallCatController.class.php 第 123 行.
NOTIC: [8] Undefined variable: cat_total_price D:\wamp\www\jiadianshop\Application\Home\Controller\SmallCatController.class.php 第 123 行.
NOTIC: [8] Undefined variable: str D:\wamp\www\jiadianshop\Application\Home\Controller\SmallCatController.class.php 第 124 行.
INFO: [ app_end ] --START--
INFO: Run Behavior\ShowPageTraceBehavior [ RunTime:0.000851s ]
INFO: [ app_end ] --END-- [ RunTime:0.000987s ]

[ 2016-06-29T17:00:18+08:00 ] ::1 /jiadianshop/index.php/Home/Category/index.html
INFO: [ app_init ] --START--
INFO: Run Behavior\BuildLiteBehavior [ RunTime:0.000027s ]
INFO: [ app_init ] --END-- [ RunTime:0.000567s ]
INFO: [ app_begin ] --START--
INFO: Run Behavior\ReadHtmlCacheBehavior [ RunTime:0.001168s ]
INFO: [ app_begin ] --END-- [ RunTime:0.001318s ]
NOTIC: [2] ini_set(): A session is active. You cannot change the session module's ini settings at this time D:\wamp\www\jiadianshop\ThinkPHP\Common\functions.php 第 1245 行.
NOTIC: [8] A session had already been started - ignoring session_start() D:\wamp\www\jiadianshop\ThinkPHP\Common\functions.php 第 1263 行.
ERR: 无法加载控制器:Category

[ 2016-06-29T17:00:18+08:00 ] ::1 /jiadianshop/index.php/Home/Advice/makeCategory.html
INFO: [ app_init ] --START--
INFO: Run Behavior\BuildLiteBehavior [ RunTime:0.000027s ]
INFO: [ app_init ] --END-- [ RunTime:0.000502s ]
INFO: [ app_begin ] --START--
INFO: Run Behavior\ReadHtmlCacheBehavior [ RunTime:0.000556s ]
INFO: [ app_begin ] --END-- [ RunTime:0.000635s ]
NOTIC: [2] ini_set(): A session is active. You cannot change the session module's ini settings at this time D:\wamp\www\jiadianshop\ThinkPHP\Common\functions.php 第 1245 行.
NOTIC: [8] A session had already been started - ignoring session_start() D:\wamp\www\jiadianshop\ThinkPHP\Common\functions.php 第 1263 行.
SQL: SHOW COLUMNS FROM `jd_advice_category` [ RunTime:0.0033s ]
SQL: SELECT * FROM `jd_advice_category`  [ RunTime:0.0004s ]
INFO: [ app_end ] --START--
INFO: Run Behavior\ShowPageTraceBehavior [ RunTime:0.000906s ]
INFO: [ app_end ] --END-- [ RunTime:0.001018s ]

[ 2016-06-29T17:00:37+08:00 ] ::1 /jiadianshop/index.php/Home/Search/index/keywords/%E6%A0%BC%E5%8A%9B%E7%A9%BA%E8%B0%83.html
INFO: [ app_init ] --START--
INFO: Run Behavior\BuildLiteBehavior [ RunTime:0.000041s ]
INFO: [ app_init ] --END-- [ RunTime:0.001557s ]
INFO: [ app_begin ] --START--
INFO: Run Behavior\ReadHtmlCacheBehavior [ RunTime:0.003170s ]
INFO: [ app_begin ] --END-- [ RunTime:0.003380s ]
NOTIC: [2] ini_set(): A session is active. You cannot change the session module's ini settings at this time D:\wamp\www\jiadianshop\ThinkPHP\Common\functions.php 第 1245 行.
NOTIC: [8] A session had already been started - ignoring session_start() D:\wamp\www\jiadianshop\ThinkPHP\Common\functions.php 第 1263 行.
SQL: SHOW COLUMNS FROM `jd_goods` [ RunTime:0.0048s ]
SQL: SELECT * FROM `jd_goods` WHERE `goods_name` LIKE '%格力空调%'  [ RunTime:0.0006s ]
SQL: SELECT COUNT(goods_id) AS tp_Count FROM `jd_goods` WHERE `goods_name` LIKE '%格力空调%' LIMIT 1   [ RunTime:0.0003s ]
SQL: SELECT `goods_id`,`goods_name`,`key_words`,`market_price`,`goods_thumb_img` FROM `jd_goods` WHERE `goods_name` LIKE '%格力空调%' ORDER BY goods_id LIMIT 0,16   [ RunTime:0.0005s ]
INFO: [ view_parse ] --START--
INFO: [ template_filter ] --START--
INFO: Run Behavior\ContentReplaceBehavior [ RunTime:0.000486s ]
INFO: [ template_filter ] --END-- [ RunTime:0.000606s ]
NOTIC: [8] Undefined index: is_hot D:\wamp\www\jiadianshop\Application\Runtime\Cache\Home\98e208847e32c66f2031e4de8ef4ead5.php 第 711 行.
NOTIC: [8] Undefined index: is_new D:\wamp\www\jiadianshop\Application\Runtime\Cache\Home\98e208847e32c66f2031e4de8ef4ead5.php 第 712 行.
NOTIC: [8] Undefined index: goods_state D:\wamp\www\jiadianshop\Application\Runtime\Cache\Home\98e208847e32c66f2031e4de8ef4ead5.php 第 714 行.
NOTIC: [8] Undefined index: goods_state D:\wamp\www\jiadianshop\Application\Runtime\Cache\Home\98e208847e32c66f2031e4de8ef4ead5.php 第 716 行.
INFO: Run Behavior\ParseTemplateBehavior [ RunTime:0.028857s ]
INFO: [ view_parse ] --END-- [ RunTime:0.028959s ]
INFO: [ view_filter ] --START--
INFO: Run Behavior\WriteHtmlCacheBehavior [ RunTime:0.000342s ]
INFO: [ view_filter ] --END-- [ RunTime:0.000421s ]
INFO: [ app_end ] --START--
INFO: Run Behavior\ShowPageTraceBehavior [ RunTime:0.000562s ]
INFO: [ app_end ] --END-- [ RunTime:0.000640s ]

[ 2016-06-29T17:00:37+08:00 ] ::1 /jiadianshop/index.php/Home/Advice/verify.html
INFO: [ app_init ] --START--
INFO: Run Behavior\BuildLiteBehavior [ RunTime:0.000024s ]
INFO: [ app_init ] --END-- [ RunTime:0.000457s ]
INFO: [ app_begin ] --START--
INFO: Run Behavior\ReadHtmlCacheBehavior [ RunTime:0.000582s ]
INFO: [ app_begin ] --END-- [ RunTime:0.000676s ]
NOTIC: [2] ini_set(): A session is active. You cannot change the session module's ini settings at this time D:\wamp\www\jiadianshop\ThinkPHP\Common\functions.php 第 1245 行.
NOTIC: [8] A session had already been started - ignoring session_start() D:\wamp\www\jiadianshop\ThinkPHP\Common\functions.php 第 1263 行.
INFO: [ app_end ] --START--
INFO: Run Behavior\ShowPageTraceBehavior [ RunTime:0.000959s ]
INFO: [ app_end ] --END-- [ RunTime:0.001152s ]

[ 2016-06-29T17:00:37+08:00 ] ::1 /jiadianshop/index.php/Home/Login/checkLogin.html
INFO: [ app_init ] --START--
INFO: Run Behavior\BuildLiteBehavior [ RunTime:0.000041s ]
INFO: [ app_init ] --END-- [ RunTime:0.000828s ]
INFO: [ app_begin ] --START--
INFO: Run Behavior\ReadHtmlCacheBehavior [ RunTime:0.001355s ]
INFO: [ app_begin ] --END-- [ RunTime:0.001552s ]
NOTIC: [2] ini_set(): A session is active. You cannot change the session module's ini settings at this time D:\wamp\www\jiadianshop\ThinkPHP\Common\functions.php 第 1245 行.
NOTIC: [8] A session had already been started - ignoring session_start() D:\wamp\www\jiadianshop\ThinkPHP\Common\functions.php 第 1263 行.
NOTIC: [8] Undefined variable: user_name D:\wamp\www\jiadianshop\Application\Home\Controller\LoginController.class.php 第 168 行.
NOTIC: [8] Undefined variable: user_level D:\wamp\www\jiadianshop\Application\Home\Controller\LoginController.class.php 第 169 行.
INFO: [ app_end ] --START--
INFO: Run Behavior\ShowPageTraceBehavior [ RunTime:0.001084s ]
INFO: [ app_end ] --END-- [ RunTime:0.001250s ]

[ 2016-06-29T17:00:37+08:00 ] ::1 /jiadianshop/index.php/Home/SmallCat/myShop.html
INFO: [ app_init ] --START--
INFO: Run Behavior\BuildLiteBehavior [ RunTime:0.000023s ]
INFO: [ app_init ] --END-- [ RunTime:0.000479s ]
INFO: [ app_begin ] --START--
INFO: Run Behavior\ReadHtmlCacheBehavior [ RunTime:0.000696s ]
INFO: [ app_begin ] --END-- [ RunTime:0.000798s ]
NOTIC: [2] ini_set(): A session is active. You cannot change the session module's ini settings at this time D:\wamp\www\jiadianshop\ThinkPHP\Common\functions.php 第 1245 行.
NOTIC: [8] A session had already been started - ignoring session_start() D:\wamp\www\jiadianshop\ThinkPHP\Common\functions.php 第 1263 行.
NOTIC: [8] Undefined variable: user_name D:\wamp\www\jiadianshop\Application\Home\Controller\SmallCatController.class.php 第 46 行.
NOTIC: [8] Undefined variable: user_level D:\wamp\www\jiadianshop\Application\Home\Controller\SmallCatController.class.php 第 47 行.
NOTIC: [8] Undefined variable: unpay_count D:\wamp\www\jiadianshop\Application\Home\Controller\SmallCatController.class.php 第 48 行.
NOTIC: [8] Undefined variable: uncomment_count D:\wamp\www\jiadianshop\Application\Home\Controller\SmallCatController.class.php 第 49 行.
INFO: [ app_end ] --START--
INFO: Run Behavior\ShowPageTraceBehavior [ RunTime:0.000837s ]
INFO: [ app_end ] --END-- [ RunTime:0.000949s ]

[ 2016-06-29T17:00:37+08:00 ] ::1 /jiadianshop/index.php/Home/SmallCat/myGoods.html
INFO: [ app_init ] --START--
INFO: Run Behavior\BuildLiteBehavior [ RunTime:0.000023s ]
INFO: [ app_init ] --END-- [ RunTime:0.000467s ]
INFO: [ app_begin ] --START--
INFO: Run Behavior\ReadHtmlCacheBehavior [ RunTime:0.000593s ]
INFO: [ app_begin ] --END-- [ RunTime:0.000664s ]
NOTIC: [2] ini_set(): A session is active. You cannot change the session module's ini settings at this time D:\wamp\www\jiadianshop\ThinkPHP\Common\functions.php 第 1245 行.
NOTIC: [8] A session had already been started - ignoring session_start() D:\wamp\www\jiadianshop\ThinkPHP\Common\functions.php 第 1263 行.
NOTIC: [8] Undefined variable: cat_total_num D:\wamp\www\jiadianshop\Application\Home\Controller\SmallCatController.class.php 第 123 行.
NOTIC: [8] Undefined variable: cat_total_price D:\wamp\www\jiadianshop\Application\Home\Controller\SmallCatController.class.php 第 123 行.
NOTIC: [8] Undefined variable: str D:\wamp\www\jiadianshop\Application\Home\Controller\SmallCatController.class.php 第 124 行.
INFO: [ app_end ] --START--
INFO: Run Behavior\ShowPageTraceBehavior [ RunTime:0.000557s ]
INFO: [ app_end ] --END-- [ RunTime:0.000625s ]

[ 2016-06-29T17:00:37+08:00 ] ::1 /jiadianshop/index.php/Home/Category/index.html
INFO: [ app_init ] --START--
INFO: Run Behavior\BuildLiteBehavior [ RunTime:0.000022s ]
INFO: [ app_init ] --END-- [ RunTime:0.000487s ]
INFO: [ app_begin ] --START--
INFO: Run Behavior\ReadHtmlCacheBehavior [ RunTime:0.000590s ]
INFO: [ app_begin ] --END-- [ RunTime:0.000660s ]
NOTIC: [2] ini_set(): A session is active. You cannot change the session module's ini settings at this time D:\wamp\www\jiadianshop\ThinkPHP\Common\functions.php 第 1245 行.
NOTIC: [8] A session had already been started - ignoring session_start() D:\wamp\www\jiadianshop\ThinkPHP\Common\functions.php 第 1263 行.
ERR: 无法加载控制器:Category

[ 2016-06-29T17:00:37+08:00 ] ::1 /jiadianshop/index.php/Home/Advice/makeCategory.html
INFO: [ app_init ] --START--
INFO: Run Behavior\BuildLiteBehavior [ RunTime:0.000024s ]
INFO: [ app_init ] --END-- [ RunTime:0.000511s ]
INFO: [ app_begin ] --START--
INFO: Run Behavior\ReadHtmlCacheBehavior [ RunTime:0.000601s ]
INFO: [ app_begin ] --END-- [ RunTime:0.000676s ]
NOTIC: [2] ini_set(): A session is active. You cannot change the session module's ini settings at this time D:\wamp\www\jiadianshop\ThinkPHP\Common\functions.php 第 1245 行.
NOTIC: [8] A session had already been started - ignoring session_start() D:\wamp\www\jiadianshop\ThinkPHP\Common\functions.php 第 1263 行.
SQL: SHOW COLUMNS FROM `jd_advice_category` [ RunTime:0.0032s ]
SQL: SELECT * FROM `jd_advice_category`  [ RunTime:0.0003s ]
INFO: [ app_end ] --START--
INFO: Run Behavior\ShowPageTraceBehavior [ RunTime:0.000754s ]
INFO: [ app_end ] --END-- [ RunTime:0.000832s ]

[ 2016-06-29T17:00:54+08:00 ] ::1 /jiadianshop/index.php/Home/Index/index.html
INFO: [ app_init ] --START--
INFO: Run Behavior\BuildLiteBehavior [ RunTime:0.000033s ]
INFO: [ app_init ] --END-- [ RunTime:0.000685s ]
INFO: [ app_begin ] --START--
INFO: Run Behavior\ReadHtmlCacheBehavior [ RunTime:0.000870s ]
INFO: [ app_begin ] --END-- [ RunTime:0.000996s ]
NOTIC: [2] ini_set(): A session is active. You cannot change the session module's ini settings at this time D:\wamp\www\jiadianshop\ThinkPHP\Common\functions.php 第 1245 行.
NOTIC: [8] A session had already been started - ignoring session_start() D:\wamp\www\jiadianshop\ThinkPHP\Common\functions.php 第 1263 行.
SQL: SHOW COLUMNS FROM `jd_goods` [ RunTime:0.0062s ]
SQL: SELECT * FROM `jd_goods` WHERE `is_hot` = 1 ORDER BY goods_id desc LIMIT 0,6   [ RunTime:0.0016s ]
SQL: SELECT * FROM `jd_goods` WHERE `cat_id` = 9 AND `is_delete` = 0  [ RunTime:0.0007s ]
SQL: SELECT * FROM `jd_goods` WHERE `cat_id` = 7 AND `is_delete` = 0  [ RunTime:0.0008s ]
SQL: SHOW COLUMNS FROM `jd_advertise` [ RunTime:0.0042s ]
SQL: SELECT * FROM `jd_advertise` INNER JOIN jd_advertise_pos ON jd_advertise.ad_pos_id=jd_advertise_pos.pos_id  WHERE `is_on` = 1 AND `pos_id` = 2 ORDER BY id desc LIMIT 5   [ RunTime:0.0007s ]
SQL: SELECT * FROM `jd_advertise` INNER JOIN jd_advertise_pos ON jd_advertise.ad_pos_id=jd_advertise_pos.pos_id  WHERE `is_on` = 1 AND `pos_id` = 3 ORDER BY id desc LIMIT 5   [ RunTime:0.0005s ]
SQL: SELECT * FROM `jd_advertise` INNER JOIN jd_advertise_pos ON jd_advertise.ad_pos_id=jd_advertise_pos.pos_id  WHERE `is_on` = 1 AND `pos_id` = 1 ORDER BY id desc LIMIT 3   [ RunTime:0.0004s ]
SQL: SHOW COLUMNS FROM `jd_article` [ RunTime:0.0041s ]
SQL: SELECT * FROM `jd_article` WHERE `cat_id` = 12  [ RunTime:0.0004s ]
INFO: [ view_parse ] --START--
INFO: [ template_filter ] --START--
INFO: Run Behavior\ContentReplaceBehavior [ RunTime:0.000469s ]
INFO: [ template_filter ] --END-- [ RunTime:0.000579s ]
NOTIC: [8] Undefined index: goods_state D:\wamp\www\jiadianshop\Application\Runtime\Cache\Home\2a94b8bda04ff446dcedd42276fc99ee.php 第 681 行.
NOTIC: [8] Undefined index: goods_state D:\wamp\www\jiadianshop\Application\Runtime\Cache\Home\2a94b8bda04ff446dcedd42276fc99ee.php 第 681 行.
NOTIC: [8] Undefined index: goods_state D:\wamp\www\jiadianshop\Application\Runtime\Cache\Home\2a94b8bda04ff446dcedd42276fc99ee.php 第 681 行.
NOTIC: [8] Undefined index: goods_state D:\wamp\www\jiadianshop\Application\Runtime\Cache\Home\2a94b8bda04ff446dcedd42276fc99ee.php 第 681 行.
NOTIC: [8] Undefined index: goods_state D:\wamp\www\jiadianshop\Application\Runtime\Cache\Home\2a94b8bda04ff446dcedd42276fc99ee.php 第 681 行.
NOTIC: [8] Undefined index: goods_state D:\wamp\www\jiadianshop\Application\Runtime\Cache\Home\2a94b8bda04ff446dcedd42276fc99ee.php 第 681 行.
NOTIC: [8] Undefined index: index_sale_id D:\wamp\www\jiadianshop\Application\Runtime\Cache\Home\2a94b8bda04ff446dcedd42276fc99ee.php 第 873 行.
NOTIC: [8] Undefined index: index_sale_id D:\wamp\www\jiadianshop\Application\Runtime\Cache\Home\2a94b8bda04ff446dcedd42276fc99ee.php 第 873 行.
NOTIC: [8] Undefined index: goods_state D:\wamp\www\jiadianshop\Application\Runtime\Cache\Home\2a94b8bda04ff446dcedd42276fc99ee.php 第 891 行.
NOTIC: [8] Undefined index: goods_state D:\wamp\www\jiadianshop\Application\Runtime\Cache\Home\2a94b8bda04ff446dcedd42276fc99ee.php 第 893 行.
NOTIC: [8] Undefined index: index_sale_id D:\wamp\www\jiadianshop\Application\Runtime\Cache\Home\2a94b8bda04ff446dcedd42276fc99ee.php 第 873 行.
NOTIC: [8] Undefined index: index_sale_id D:\wamp\www\jiadianshop\Application\Runtime\Cache\Home\2a94b8bda04ff446dcedd42276fc99ee.php 第 873 行.
NOTIC: [8] Undefined variable: 6 D:\wamp\www\jiadianshop\Application\Runtime\Cache\Home\2a94b8bda04ff446dcedd42276fc99ee.php 第 919 行.
NOTIC: [8] Undefined variable: 7 D:\wamp\www\jiadianshop\Application\Runtime\Cache\Home\2a94b8bda04ff446dcedd42276fc99ee.php 第 919 行.
NOTIC: [8] Undefined variable: 8 D:\wamp\www\jiadianshop\Application\Runtime\Cache\Home\2a94b8bda04ff446dcedd42276fc99ee.php 第 919 行.
NOTIC: [8] Undefined variable: 9 D:\wamp\www\jiadianshop\Application\Runtime\Cache\Home\2a94b8bda04ff446dcedd42276fc99ee.php 第 919 行.
NOTIC: [8] Undefined variable: links D:\wamp\www\jiadianshop\Application\Runtime\Cache\Home\2a94b8bda04ff446dcedd42276fc99ee.php 第 1306 行.
INFO: Run Behavior\ParseTemplateBehavior [ RunTime:0.053840s ]
INFO: [ view_parse ] --END-- [ RunTime:0.053931s ]
INFO: [ view_filter ] --START--
INFO: Run Behavior\WriteHtmlCacheBehavior [ RunTime:0.000578s ]
INFO: [ view_filter ] --END-- [ RunTime:0.000658s ]
INFO: [ app_end ] --START--
INFO: Run Behavior\ShowPageTraceBehavior [ RunTime:0.000546s ]
INFO: [ app_end ] --END-- [ RunTime:0.000624s ]

[ 2016-06-29T17:00:54+08:00 ] ::1 /jiadianshop/index.php/Home/Advice/verify.html
INFO: [ app_init ] --START--
INFO: Run Behavior\BuildLiteBehavior [ RunTime:0.000025s ]
INFO: [ app_init ] --END-- [ RunTime:0.000468s ]
INFO: [ app_begin ] --START--
INFO: Run Behavior\ReadHtmlCacheBehavior [ RunTime:0.000769s ]
INFO: [ app_begin ] --END-- [ RunTime:0.000894s ]
NOTIC: [2] ini_set(): A session is active. You cannot change the session module's ini settings at this time D:\wamp\www\jiadianshop\ThinkPHP\Common\functions.php 第 1245 行.
NOTIC: [8] A session had already been started - ignoring session_start() D:\wamp\www\jiadianshop\ThinkPHP\Common\functions.php 第 1263 行.
INFO: [ app_end ] --START--
INFO: Run Behavior\ShowPageTraceBehavior [ RunTime:0.000880s ]
INFO: [ app_end ] --END-- [ RunTime:0.000998s ]

[ 2016-06-29T17:00:54+08:00 ] ::1 /jiadianshop/index.php/Home/Login/checkLogin.html
INFO: [ app_init ] --START--
INFO: Run Behavior\BuildLiteBehavior [ RunTime:0.000025s ]
INFO: [ app_init ] --END-- [ RunTime:0.000550s ]
INFO: [ app_begin ] --START--
INFO: Run Behavior\ReadHtmlCacheBehavior [ RunTime:0.000676s ]
INFO: [ app_begin ] --END-- [ RunTime:0.000765s ]
NOTIC: [2] ini_set(): A session is active. You cannot change the session module's ini settings at this time D:\wamp\www\jiadianshop\ThinkPHP\Common\functions.php 第 1245 行.
NOTIC: [8] A session had already been started - ignoring session_start() D:\wamp\www\jiadianshop\ThinkPHP\Common\functions.php 第 1263 行.
NOTIC: [8] Undefined variable: user_name D:\wamp\www\jiadianshop\Application\Home\Controller\LoginController.class.php 第 168 行.
NOTIC: [8] Undefined variable: user_level D:\wamp\www\jiadianshop\Application\Home\Controller\LoginController.class.php 第 169 行.
INFO: [ app_end ] --START--
INFO: Run Behavior\ShowPageTraceBehavior [ RunTime:0.000673s ]
INFO: [ app_end ] --END-- [ RunTime:0.000756s ]

[ 2016-06-29T17:00:54+08:00 ] ::1 /jiadianshop/index.php/Home/SmallCat/myShop.html
INFO: [ app_init ] --START--
INFO: Run Behavior\BuildLiteBehavior [ RunTime:0.000038s ]
INFO: [ app_init ] --END-- [ RunTime:0.000859s ]
INFO: [ app_begin ] --START--
INFO: Run Behavior\ReadHtmlCacheBehavior [ RunTime:0.001397s ]
INFO: [ app_begin ] --END-- [ RunTime:0.001527s ]
NOTIC: [2] ini_set(): A session is active. You cannot change the session module's ini settings at this time D:\wamp\www\jiadianshop\ThinkPHP\Common\functions.php 第 1245 行.
NOTIC: [8] A session had already been started - ignoring session_start() D:\wamp\www\jiadianshop\ThinkPHP\Common\functions.php 第 1263 行.
NOTIC: [8] Undefined variable: user_name D:\wamp\www\jiadianshop\Application\Home\Controller\SmallCatController.class.php 第 46 行.
NOTIC: [8] Undefined variable: user_level D:\wamp\www\jiadianshop\Application\Home\Controller\SmallCatController.class.php 第 47 行.
NOTIC: [8] Undefined variable: unpay_count D:\wamp\www\jiadianshop\Application\Home\Controller\SmallCatController.class.php 第 48 行.
NOTIC: [8] Undefined variable: uncomment_count D:\wamp\www\jiadianshop\Application\Home\Controller\SmallCatController.class.php 第 49 行.
INFO: [ app_end ] --START--
INFO: Run Behavior\ShowPageTraceBehavior [ RunTime:0.000669s ]
INFO: [ app_end ] --END-- [ RunTime:0.000750s ]

[ 2016-06-29T17:00:54+08:00 ] ::1 /jiadianshop/index.php/Home/SmallCat/myGoods.html
INFO: [ app_init ] --START--
INFO: Run Behavior\BuildLiteBehavior [ RunTime:0.000033s ]
INFO: [ app_init ] --END-- [ RunTime:0.000979s ]
INFO: [ app_begin ] --START--
INFO: Run Behavior\ReadHtmlCacheBehavior [ RunTime:0.000823s ]
INFO: [ app_begin ] --END-- [ RunTime:0.001100s ]
NOTIC: [2] ini_set(): A session is active. You cannot change the session module's ini settings at this time D:\wamp\www\jiadianshop\ThinkPHP\Common\functions.php 第 1245 行.
NOTIC: [8] A session had already been started - ignoring session_start() D:\wamp\www\jiadianshop\ThinkPHP\Common\functions.php 第 1263 行.
NOTIC: [8] Undefined variable: cat_total_num D:\wamp\www\jiadianshop\Application\Home\Controller\SmallCatController.class.php 第 123 行.
NOTIC: [8] Undefined variable: cat_total_price D:\wamp\www\jiadianshop\Application\Home\Controller\SmallCatController.class.php 第 123 行.
NOTIC: [8] Undefined variable: str D:\wamp\www\jiadianshop\Application\Home\Controller\SmallCatController.class.php 第 124 行.
INFO: [ app_end ] --START--
INFO: Run Behavior\ShowPageTraceBehavior [ RunTime:0.000580s ]
INFO: [ app_end ] --END-- [ RunTime:0.000661s ]

[ 2016-06-29T17:00:54+08:00 ] ::1 /jiadianshop/index.php/Home/Category/index.html
INFO: [ app_init ] --START--
INFO: Run Behavior\BuildLiteBehavior [ RunTime:0.000035s ]
INFO: [ app_init ] --END-- [ RunTime:0.000635s ]
INFO: [ app_begin ] --START--
INFO: Run Behavior\ReadHtmlCacheBehavior [ RunTime:0.000685s ]
INFO: [ app_begin ] --END-- [ RunTime:0.000762s ]
NOTIC: [2] ini_set(): A session is active. You cannot change the session module's ini settings at this time D:\wamp\www\jiadianshop\ThinkPHP\Common\functions.php 第 1245 行.
NOTIC: [8] A session had already been started - ignoring session_start() D:\wamp\www\jiadianshop\ThinkPHP\Common\functions.php 第 1263 行.
ERR: 无法加载控制器:Category

[ 2016-06-29T17:00:54+08:00 ] ::1 /jiadianshop/index.php/Home/Advice/makeCategory.html
INFO: [ app_init ] --START--
INFO: Run Behavior\BuildLiteBehavior [ RunTime:0.000030s ]
INFO: [ app_init ] --END-- [ RunTime:0.000480s ]
INFO: [ app_begin ] --START--
INFO: Run Behavior\ReadHtmlCacheBehavior [ RunTime:0.000616s ]
INFO: [ app_begin ] --END-- [ RunTime:0.000711s ]
NOTIC: [2] ini_set(): A session is active. You cannot change the session module's ini settings at this time D:\wamp\www\jiadianshop\ThinkPHP\Common\functions.php 第 1245 行.
NOTIC: [8] A session had already been started - ignoring session_start() D:\wamp\www\jiadianshop\ThinkPHP\Common\functions.php 第 1263 行.
SQL: SHOW COLUMNS FROM `jd_advice_category` [ RunTime:0.0030s ]
SQL: SELECT * FROM `jd_advice_category`  [ RunTime:0.0003s ]
INFO: [ app_end ] --START--
INFO: Run Behavior\ShowPageTraceBehavior [ RunTime:0.000687s ]
INFO: [ app_end ] --END-- [ RunTime:0.000764s ]

[ 2016-06-29T17:01:04+08:00 ] ::1 /jiadianshop/index.php/Home/Product/index/g/7.html
INFO: [ app_init ] --START--
INFO: Run Behavior\BuildLiteBehavior [ RunTime:0.000032s ]
INFO: [ app_init ] --END-- [ RunTime:0.000708s ]
INFO: [ app_begin ] --START--
INFO: Run Behavior\ReadHtmlCacheBehavior [ RunTime:0.001073s ]
INFO: [ app_begin ] --END-- [ RunTime:0.001292s ]
NOTIC: [2] ini_set(): A session is active. You cannot change the session module's ini settings at this time D:\wamp\www\jiadianshop\ThinkPHP\Common\functions.php 第 1245 行.
NOTIC: [8] A session had already been started - ignoring session_start() D:\wamp\www\jiadianshop\ThinkPHP\Common\functions.php 第 1263 行.
SQL: SHOW COLUMNS FROM `jd_goods` [ RunTime:0.0106s ]
SQL: SELECT * FROM `jd_goods` INNER JOIN jd_brands ON jd_goods.cat_id=jd_brands.cat_id INNER JOIN jd_goods_cat ON jd_goods.cat_id=jd_goods_cat.cat_id  WHERE `goods_id` = '7'  [ RunTime:0.0013s ]
SQL: SHOW COLUMNS FROM `jd_comment` [ RunTime:0.0031s ]
SQL: SELECT AVG(comment_score) AS tp_avg FROM `jd_comment` WHERE `goods_id` = 7 LIMIT 1   [ RunTime:0.0004s ]
SQL: SELECT COUNT(*) AS tp_count FROM `jd_comment` WHERE `goods_id` = 7 LIMIT 1   [ RunTime:0.0003s ]
SQL: SELECT COUNT(comment_id) AS tp_count FROM `jd_comment` WHERE `goods_id` = 7 LIMIT 1   [ RunTime:0.0003s ]
SQL: SELECT COUNT(comment_id) AS tp_count FROM `jd_comment` WHERE `goods_id` = 7 AND `comment_score` IN ('4','5') LIMIT 1   [ RunTime:0.0003s ]
SQL: SHOW COLUMNS FROM `jd_comment` [ RunTime:0.0032s ]
SQL: SELECT COUNT(comment_id) AS tp_count FROM `jd_comment` WHERE `goods_id` = 7 AND `comment_score` IN ('2','3') LIMIT 1   [ RunTime:0.0008s ]
SQL: SELECT COUNT(comment_id) AS tp_count FROM `jd_comment` WHERE `goods_id` = 7 AND `comment_score` IN ('0','1') LIMIT 1   [ RunTime:0.0006s ]
SQL: SELECT `attr_id_list`,`attr_value_list` FROM `jd_goods` WHERE `goods_id` = 7 LIMIT 1   [ RunTime:0.0005s ]
SQL: SHOW COLUMNS FROM `jd_goods_attribute` [ RunTime:0.0033s ]
SQL: SELECT `attr_name` FROM `jd_goods_attribute` WHERE `attr_id` = 5 LIMIT 1   [ RunTime:0.0004s ]
SQL: SELECT `attr_name` FROM `jd_goods_attribute` WHERE `attr_id` = 7 LIMIT 1   [ RunTime:0.0002s ]
SQL: SELECT `attr_name` FROM `jd_goods_attribute` WHERE `attr_id` = 8 LIMIT 1   [ RunTime:0.0002s ]
SQL: SELECT `attr_name` FROM `jd_goods_attribute` WHERE `attr_id` = 9 LIMIT 1   [ RunTime:0.0002s ]
SQL: SELECT `attr_name` FROM `jd_goods_attribute` WHERE `attr_id` = 9 LIMIT 1   [ RunTime:0.0002s ]
INFO: [ view_parse ] --START--
INFO: [ template_filter ] --START--
INFO: Run Behavior\ContentReplaceBehavior [ RunTime:0.000626s ]
INFO: [ template_filter ] --END-- [ RunTime:0.000726s ]
NOTIC: [8] Undefined variable: goods_desc D:\wamp\www\jiadianshop\Application\Runtime\Cache\Home\3458861da0342b1f9413030055ee3fb6.php 第 794 行.
NOTIC: [8] Undefined variable: sale_attr_name D:\wamp\www\jiadianshop\Application\Runtime\Cache\Home\3458861da0342b1f9413030055ee3fb6.php 第 838 行.
NOTIC: [8] Undefined index: goods_big_pic D:\wamp\www\jiadianshop\Application\Runtime\Cache\Home\3458861da0342b1f9413030055ee3fb6.php 第 1170 行.
NOTIC: [8] Undefined index: goods_weight D:\wamp\www\jiadianshop\Application\Runtime\Cache\Home\3458861da0342b1f9413030055ee3fb6.php 第 1356 行.
NOTIC: [8] Undefined variable: goods_attr_values D:\wamp\www\jiadianshop\Application\Runtime\Cache\Home\3458861da0342b1f9413030055ee3fb6.php 第 1358 行.
INFO: Run Behavior\ParseTemplateBehavior [ RunTime:0.038802s ]
INFO: [ view_parse ] --END-- [ RunTime:0.038903s ]
INFO: [ view_filter ] --START--
INFO: Run Behavior\WriteHtmlCacheBehavior [ RunTime:0.000428s ]
INFO: [ view_filter ] --END-- [ RunTime:0.000502s ]
INFO: [ app_end ] --START--
INFO: Run Behavior\ShowPageTraceBehavior [ RunTime:0.000786s ]
INFO: [ app_end ] --END-- [ RunTime:0.000907s ]

[ 2016-06-29T17:01:04+08:00 ] ::1 /jiadianshop/index.php/Home/Advice/verify.html
INFO: [ app_init ] --START--
INFO: Run Behavior\BuildLiteBehavior [ RunTime:0.000045s ]
INFO: [ app_init ] --END-- [ RunTime:0.001421s ]
INFO: [ app_begin ] --START--
INFO: Run Behavior\ReadHtmlCacheBehavior [ RunTime:0.001080s ]
INFO: [ app_begin ] --END-- [ RunTime:0.001442s ]
NOTIC: [2] ini_set(): A session is active. You cannot change the session module's ini settings at this time D:\wamp\www\jiadianshop\ThinkPHP\Common\functions.php 第 1245 行.
NOTIC: [8] A session had already been started - ignoring session_start() D:\wamp\www\jiadianshop\ThinkPHP\Common\functions.php 第 1263 行.
INFO: [ app_end ] --START--
INFO: Run Behavior\ShowPageTraceBehavior [ RunTime:0.000735s ]
INFO: [ app_end ] --END-- [ RunTime:0.000850s ]

[ 2016-06-29T17:01:04+08:00 ] ::1 /jiadianshop/index.php/Home/Login/checkLogin.html
INFO: [ app_init ] --START--
INFO: Run Behavior\BuildLiteBehavior [ RunTime:0.000038s ]
INFO: [ app_init ] --END-- [ RunTime:0.000805s ]
INFO: [ app_begin ] --START--
INFO: Run Behavior\ReadHtmlCacheBehavior [ RunTime:0.000716s ]
INFO: [ app_begin ] --END-- [ RunTime:0.000850s ]
NOTIC: [2] ini_set(): A session is active. You cannot change the session module's ini settings at this time D:\wamp\www\jiadianshop\ThinkPHP\Common\functions.php 第 1245 行.
NOTIC: [8] A session had already been started - ignoring session_start() D:\wamp\www\jiadianshop\ThinkPHP\Common\functions.php 第 1263 行.
NOTIC: [8] Undefined variable: user_name D:\wamp\www\jiadianshop\Application\Home\Controller\LoginController.class.php 第 168 行.
NOTIC: [8] Undefined variable: user_level D:\wamp\www\jiadianshop\Application\Home\Controller\LoginController.class.php 第 169 行.
INFO: [ app_end ] --START--
INFO: Run Behavior\ShowPageTraceBehavior [ RunTime:0.000894s ]
INFO: [ app_end ] --END-- [ RunTime:0.001018s ]

[ 2016-06-29T17:01:04+08:00 ] ::1 /jiadianshop/index.php/Home/SmallCat/myShop.html
INFO: [ app_init ] --START--
INFO: Run Behavior\BuildLiteBehavior [ RunTime:0.000028s ]
INFO: [ app_init ] --END-- [ RunTime:0.000680s ]
INFO: [ app_begin ] --START--
INFO: Run Behavior\ReadHtmlCacheBehavior [ RunTime:0.000633s ]
INFO: [ app_begin ] --END-- [ RunTime:0.000720s ]
NOTIC: [2] ini_set(): A session is active. You cannot change the session module's ini settings at this time D:\wamp\www\jiadianshop\ThinkPHP\Common\functions.php 第 1245 行.
NOTIC: [8] A session had already been started - ignoring session_start() D:\wamp\www\jiadianshop\ThinkPHP\Common\functions.php 第 1263 行.
NOTIC: [8] Undefined variable: user_name D:\wamp\www\jiadianshop\Application\Home\Controller\SmallCatController.class.php 第 46 行.
NOTIC: [8] Undefined variable: user_level D:\wamp\www\jiadianshop\Application\Home\Controller\SmallCatController.class.php 第 47 行.
NOTIC: [8] Undefined variable: unpay_count D:\wamp\www\jiadianshop\Application\Home\Controller\SmallCatController.class.php 第 48 行.
NOTIC: [8] Undefined variable: uncomment_count D:\wamp\www\jiadianshop\Application\Home\Controller\SmallCatController.class.php 第 49 行.
INFO: [ app_end ] --START--
INFO: Run Behavior\ShowPageTraceBehavior [ RunTime:0.000596s ]
INFO: [ app_end ] --END-- [ RunTime:0.000667s ]

[ 2016-06-29T17:01:04+08:00 ] ::1 /jiadianshop/index.php/Home/SmallCat/myGoods.html
INFO: [ app_init ] --START--
INFO: Run Behavior\BuildLiteBehavior [ RunTime:0.000027s ]
INFO: [ app_init ] --END-- [ RunTime:0.000553s ]
INFO: [ app_begin ] --START--
INFO: Run Behavior\ReadHtmlCacheBehavior [ RunTime:0.000648s ]
INFO: [ app_begin ] --END-- [ RunTime:0.000739s ]
NOTIC: [2] ini_set(): A session is active. You cannot change the session module's ini settings at this time D:\wamp\www\jiadianshop\ThinkPHP\Common\functions.php 第 1245 行.
NOTIC: [8] A session had already been started - ignoring session_start() D:\wamp\www\jiadianshop\ThinkPHP\Common\functions.php 第 1263 行.
NOTIC: [8] Undefined variable: cat_total_num D:\wamp\www\jiadianshop\Application\Home\Controller\SmallCatController.class.php 第 123 行.
NOTIC: [8] Undefined variable: cat_total_price D:\wamp\www\jiadianshop\Application\Home\Controller\SmallCatController.class.php 第 123 行.
NOTIC: [8] Undefined variable: str D:\wamp\www\jiadianshop\Application\Home\Controller\SmallCatController.class.php 第 124 行.
INFO: [ app_end ] --START--
INFO: Run Behavior\ShowPageTraceBehavior [ RunTime:0.000640s ]
INFO: [ app_end ] --END-- [ RunTime:0.000721s ]

[ 2016-06-29T17:01:04+08:00 ] ::1 /jiadianshop/index.php/Home/Category/index.html
INFO: [ app_init ] --START--
INFO: Run Behavior\BuildLiteBehavior [ RunTime:0.000021s ]
INFO: [ app_init ] --END-- [ RunTime:0.000444s ]
INFO: [ app_begin ] --START--
INFO: Run Behavior\ReadHtmlCacheBehavior [ RunTime:0.000617s ]
INFO: [ app_begin ] --END-- [ RunTime:0.000699s ]
NOTIC: [2] ini_set(): A session is active. You cannot change the session module's ini settings at this time D:\wamp\www\jiadianshop\ThinkPHP\Common\functions.php 第 1245 行.
NOTIC: [8] A session had already been started - ignoring session_start() D:\wamp\www\jiadianshop\ThinkPHP\Common\functions.php 第 1263 行.
ERR: 无法加载控制器:Category

[ 2016-06-29T17:01:04+08:00 ] ::1 /jiadianshop/index.php/Home/ScanGoods/add.html
INFO: [ app_init ] --START--
INFO: Run Behavior\BuildLiteBehavior [ RunTime:0.000024s ]
INFO: [ app_init ] --END-- [ RunTime:0.000553s ]
INFO: [ app_begin ] --START--
INFO: Run Behavior\ReadHtmlCacheBehavior [ RunTime:0.000598s ]
INFO: [ app_begin ] --END-- [ RunTime:0.000674s ]
NOTIC: [2] ini_set(): A session is active. You cannot change the session module's ini settings at this time D:\wamp\www\jiadianshop\ThinkPHP\Common\functions.php 第 1245 行.
NOTIC: [8] A session had already been started - ignoring session_start() D:\wamp\www\jiadianshop\ThinkPHP\Common\functions.php 第 1263 行.
INFO: [ app_end ] --START--
INFO: Run Behavior\ShowPageTraceBehavior [ RunTime:0.000550s ]
INFO: [ app_end ] --END-- [ RunTime:0.000622s ]

[ 2016-06-29T17:01:04+08:00 ] ::1 /jiadianshop/index.php/Home/Product/index/g/%7B:U('HotSale/index')%7D
INFO: [ app_init ] --START--
INFO: Run Behavior\BuildLiteBehavior [ RunTime:0.000025s ]
INFO: [ app_init ] --END-- [ RunTime:0.000456s ]
INFO: [ app_begin ] --START--
INFO: Run Behavior\ReadHtmlCacheBehavior [ RunTime:0.000596s ]
INFO: [ app_begin ] --END-- [ RunTime:0.000677s ]
NOTIC: [2] ini_set(): A session is active. You cannot change the session module's ini settings at this time D:\wamp\www\jiadianshop\ThinkPHP\Common\functions.php 第 1245 行.
NOTIC: [8] A session had already been started - ignoring session_start() D:\wamp\www\jiadianshop\ThinkPHP\Common\functions.php 第 1263 行.
SQL: SHOW COLUMNS FROM `jd_goods` [ RunTime:0.0035s ]
SQL: SELECT * FROM `jd_goods` INNER JOIN jd_brands ON jd_goods.cat_id=jd_brands.cat_id INNER JOIN jd_goods_cat ON jd_goods.cat_id=jd_goods_cat.cat_id  WHERE `goods_id` = '{:U(\'HotSale'  [ RunTime:0.0005s ]

[ 2016-06-29T17:01:04+08:00 ] ::1 /jiadianshop/index.php/Home/ScanGoods/index.html
INFO: [ app_init ] --START--
INFO: Run Behavior\BuildLiteBehavior [ RunTime:0.000023s ]
INFO: [ app_init ] --END-- [ RunTime:0.000516s ]
INFO: [ app_begin ] --START--
INFO: Run Behavior\ReadHtmlCacheBehavior [ RunTime:0.000620s ]
INFO: [ app_begin ] --END-- [ RunTime:0.000695s ]
NOTIC: [2] ini_set(): A session is active. You cannot change the session module's ini settings at this time D:\wamp\www\jiadianshop\ThinkPHP\Common\functions.php 第 1245 行.
NOTIC: [8] A session had already been started - ignoring session_start() D:\wamp\www\jiadianshop\ThinkPHP\Common\functions.php 第 1263 行.
SQL: SHOW COLUMNS FROM `jd_goods` [ RunTime:0.0035s ]
SQL: SELECT `goods_id`,`goods_name`,`market_price`,`shop_price`,`goods_thumb_img` FROM `jd_goods` WHERE `goods_id` IN ('7')  [ RunTime:0.0004s ]
NOTIC: [8] Undefined variable: str D:\wamp\www\jiadianshop\Application\Home\Controller\ScanGoodsController.class.php 第 72 行.

[ 2016-06-29T17:01:04+08:00 ] ::1 /jiadianshop/index.php/Home/Advice/makeCategory.html
INFO: [ app_init ] --START--
INFO: Run Behavior\BuildLiteBehavior [ RunTime:0.000023s ]
INFO: [ app_init ] --END-- [ RunTime:0.000516s ]
INFO: [ app_begin ] --START--
INFO: Run Behavior\ReadHtmlCacheBehavior [ RunTime:0.000605s ]
INFO: [ app_begin ] --END-- [ RunTime:0.000678s ]
NOTIC: [2] ini_set(): A session is active. You cannot change the session module's ini settings at this time D:\wamp\www\jiadianshop\ThinkPHP\Common\functions.php 第 1245 行.
NOTIC: [8] A session had already been started - ignoring session_start() D:\wamp\www\jiadianshop\ThinkPHP\Common\functions.php 第 1263 行.
SQL: SHOW COLUMNS FROM `jd_advice_category` [ RunTime:0.0029s ]
SQL: SELECT * FROM `jd_advice_category`  [ RunTime:0.0003s ]
INFO: [ app_end ] --START--
INFO: Run Behavior\ShowPageTraceBehavior [ RunTime:0.000729s ]
INFO: [ app_end ] --END-- [ RunTime:0.000805s ]

