[ 2016-07-01T10:59:05+08:00 ] ::1 /jiadianshop/index.php/Home/Index/index
INFO: [ app_init ] --START--
INFO: Run Behavior\BuildLiteBehavior [ RunTime:0.000030s ]
INFO: [ app_init ] --END-- [ RunTime:0.002620s ]
INFO: [ app_begin ] --START--
INFO: Run Behavior\ReadHtmlCacheBehavior [ RunTime:0.001121s ]
INFO: [ app_begin ] --END-- [ RunTime:0.001227s ]
NOTIC: [2] ini_set(): A session is active. You cannot change the session module's ini settings at this time D:\wamp\www\jiadianshop\ThinkPHP\Common\functions.php 第 1245 行.
NOTIC: [8] A session had already been started - ignoring session_start() D:\wamp\www\jiadianshop\ThinkPHP\Common\functions.php 第 1263 行.
SQL: SHOW COLUMNS FROM `jd_goods` [ RunTime:0.0169s ]
SQL: SELECT * FROM `jd_goods` WHERE `is_hot` = 1 ORDER BY goods_id desc LIMIT 0,6   [ RunTime:0.0034s ]
SQL: SELECT * FROM `jd_goods` WHERE `cat_id` = 9 AND `is_delete` = 0  [ RunTime:0.0010s ]
SQL: SELECT * FROM `jd_goods` WHERE `cat_id` = 7 AND `is_delete` = 0  [ RunTime:0.0006s ]
SQL: SHOW COLUMNS FROM `jd_advertise` [ RunTime:0.0065s ]
SQL: SELECT * FROM `jd_advertise` INNER JOIN jd_advertise_pos ON jd_advertise.ad_pos_id=jd_advertise_pos.pos_id  WHERE `is_on` = 1 AND `pos_id` = 2 ORDER BY id desc LIMIT 5   [ RunTime:0.0049s ]
SQL: SELECT * FROM `jd_advertise` INNER JOIN jd_advertise_pos ON jd_advertise.ad_pos_id=jd_advertise_pos.pos_id  WHERE `is_on` = 1 AND `pos_id` = 3 ORDER BY id desc LIMIT 5   [ RunTime:0.0005s ]
SQL: SELECT * FROM `jd_advertise` INNER JOIN jd_advertise_pos ON jd_advertise.ad_pos_id=jd_advertise_pos.pos_id  WHERE `is_on` = 1 AND `pos_id` = 1 ORDER BY id desc LIMIT 3   [ RunTime:0.0004s ]
SQL: SHOW COLUMNS FROM `jd_article` [ RunTime:0.0064s ]
SQL: SELECT * FROM `jd_article` WHERE `cat_id` = 12  [ RunTime:0.0004s ]
INFO: [ view_parse ] --START--
INFO: [ template_filter ] --START--
INFO: Run Behavior\ContentReplaceBehavior [ RunTime:0.001692s ]
INFO: [ template_filter ] --END-- [ RunTime:0.001800s ]
NOTIC: [8] Undefined index: goods_state D:\wamp\www\jiadianshop\Application\Runtime\Cache\Home\2a94b8bda04ff446dcedd42276fc99ee.php 第 681 行.
NOTIC: [8] Undefined index: goods_state D:\wamp\www\jiadianshop\Application\Runtime\Cache\Home\2a94b8bda04ff446dcedd42276fc99ee.php 第 681 行.
NOTIC: [8] Undefined index: goods_state D:\wamp\www\jiadianshop\Application\Runtime\Cache\Home\2a94b8bda04ff446dcedd42276fc99ee.php 第 681 行.
NOTIC: [8] Undefined index: goods_state D:\wamp\www\jiadianshop\Application\Runtime\Cache\Home\2a94b8bda04ff446dcedd42276fc99ee.php 第 681 行.
NOTIC: [8] Undefined index: goods_state D:\wamp\www\jiadianshop\Application\Runtime\Cache\Home\2a94b8bda04ff446dcedd42276fc99ee.php 第 681 行.
NOTIC: [8] Undefined index: goods_state D:\wamp\www\jiadianshop\Application\Runtime\Cache\Home\2a94b8bda04ff446dcedd42276fc99ee.php 第 681 行.
NOTIC: [8] Undefined index: index_sale_id D:\wamp\www\jiadianshop\Application\Runtime\Cache\Home\2a94b8bda04ff446dcedd42276fc99ee.php 第 873 行.
NOTIC: [8] Undefined index: index_sale_id D:\wamp\www\jiadianshop\Application\Runtime\Cache\Home\2a94b8bda04ff446dcedd42276fc99ee.php 第 873 行.
NOTIC: [8] Undefined index: goods_state D:\wamp\www\jiadianshop\Application\Runtime\Cache\Home\2a94b8bda04ff446dcedd42276fc99ee.php 第 891 行.
NOTIC: [8] Undefined index: goods_state D:\wamp\www\jiadianshop\Application\Runtime\Cache\Home\2a94b8bda04ff446dcedd42276fc99ee.php 第 893 行.
NOTIC: [8] Undefined index: index_sale_id D:\wamp\www\jiadianshop\Application\Runtime\Cache\Home\2a94b8bda04ff446dcedd42276fc99ee.php 第 873 行.
NOTIC: [8] Undefined index: index_sale_id D:\wamp\www\jiadianshop\Application\Runtime\Cache\Home\2a94b8bda04ff446dcedd42276fc99ee.php 第 873 行.
NOTIC: [8] Undefined variable: 6 D:\wamp\www\jiadianshop\Application\Runtime\Cache\Home\2a94b8bda04ff446dcedd42276fc99ee.php 第 919 行.
NOTIC: [8] Undefined variable: 7 D:\wamp\www\jiadianshop\Application\Runtime\Cache\Home\2a94b8bda04ff446dcedd42276fc99ee.php 第 919 行.
NOTIC: [8] Undefined variable: 8 D:\wamp\www\jiadianshop\Application\Runtime\Cache\Home\2a94b8bda04ff446dcedd42276fc99ee.php 第 919 行.
NOTIC: [8] Undefined variable: 9 D:\wamp\www\jiadianshop\Application\Runtime\Cache\Home\2a94b8bda04ff446dcedd42276fc99ee.php 第 919 行.
NOTIC: [8] Undefined variable: links D:\wamp\www\jiadianshop\Application\Runtime\Cache\Home\2a94b8bda04ff446dcedd42276fc99ee.php 第 1306 行.
INFO: Run Behavior\ParseTemplateBehavior [ RunTime:0.057282s ]
INFO: [ view_parse ] --END-- [ RunTime:0.057372s ]
INFO: [ view_filter ] --START--
INFO: Run Behavior\WriteHtmlCacheBehavior [ RunTime:0.001173s ]
INFO: [ view_filter ] --END-- [ RunTime:0.001249s ]
INFO: [ app_end ] --START--
INFO: Run Behavior\ShowPageTraceBehavior [ RunTime:0.001389s ]
INFO: [ app_end ] --END-- [ RunTime:0.001474s ]

[ 2016-07-01T10:59:05+08:00 ] ::1 /jiadianshop/index.php/Home/Advice/verify.html
INFO: [ app_init ] --START--
INFO: Run Behavior\BuildLiteBehavior [ RunTime:0.000025s ]
INFO: [ app_init ] --END-- [ RunTime:0.000675s ]
INFO: [ app_begin ] --START--
INFO: Run Behavior\ReadHtmlCacheBehavior [ RunTime:0.000632s ]
INFO: [ app_begin ] --END-- [ RunTime:0.000723s ]
NOTIC: [2] ini_set(): A session is active. You cannot change the session module's ini settings at this time D:\wamp\www\jiadianshop\ThinkPHP\Common\functions.php 第 1245 行.
NOTIC: [8] A session had already been started - ignoring session_start() D:\wamp\www\jiadianshop\ThinkPHP\Common\functions.php 第 1263 行.
INFO: [ app_end ] --START--
INFO: Run Behavior\ShowPageTraceBehavior [ RunTime:0.000982s ]
INFO: [ app_end ] --END-- [ RunTime:0.001170s ]

[ 2016-07-01T10:59:06+08:00 ] ::1 /jiadianshop/index.php/Home/Login/checkLogin.html
INFO: [ app_init ] --START--
INFO: Run Behavior\BuildLiteBehavior [ RunTime:0.000025s ]
INFO: [ app_init ] --END-- [ RunTime:0.000493s ]
INFO: [ app_begin ] --START--
INFO: Run Behavior\ReadHtmlCacheBehavior [ RunTime:0.000777s ]
INFO: [ app_begin ] --END-- [ RunTime:0.000869s ]
NOTIC: [2] ini_set(): A session is active. You cannot change the session module's ini settings at this time D:\wamp\www\jiadianshop\ThinkPHP\Common\functions.php 第 1245 行.
NOTIC: [8] A session had already been started - ignoring session_start() D:\wamp\www\jiadianshop\ThinkPHP\Common\functions.php 第 1263 行.
NOTIC: [8] Undefined variable: user_name D:\wamp\www\jiadianshop\Application\Home\Controller\LoginController.class.php 第 168 行.
NOTIC: [8] Undefined variable: user_level D:\wamp\www\jiadianshop\Application\Home\Controller\LoginController.class.php 第 169 行.
INFO: [ app_end ] --START--
INFO: Run Behavior\ShowPageTraceBehavior [ RunTime:0.000632s ]
INFO: [ app_end ] --END-- [ RunTime:0.000717s ]

[ 2016-07-01T10:59:06+08:00 ] ::1 /jiadianshop/index.php/Home/SmallCat/myShop.html
INFO: [ app_init ] --START--
INFO: Run Behavior\BuildLiteBehavior [ RunTime:0.000025s ]
INFO: [ app_init ] --END-- [ RunTime:0.000443s ]
INFO: [ app_begin ] --START--
INFO: Run Behavior\ReadHtmlCacheBehavior [ RunTime:0.000589s ]
INFO: [ app_begin ] --END-- [ RunTime:0.000691s ]
NOTIC: [2] ini_set(): A session is active. You cannot change the session module's ini settings at this time D:\wamp\www\jiadianshop\ThinkPHP\Common\functions.php 第 1245 行.
NOTIC: [8] A session had already been started - ignoring session_start() D:\wamp\www\jiadianshop\ThinkPHP\Common\functions.php 第 1263 行.
NOTIC: [8] Undefined variable: user_name D:\wamp\www\jiadianshop\Application\Home\Controller\SmallCatController.class.php 第 46 行.
NOTIC: [8] Undefined variable: user_level D:\wamp\www\jiadianshop\Application\Home\Controller\SmallCatController.class.php 第 47 行.
NOTIC: [8] Undefined variable: unpay_count D:\wamp\www\jiadianshop\Application\Home\Controller\SmallCatController.class.php 第 48 行.
NOTIC: [8] Undefined variable: uncomment_count D:\wamp\www\jiadianshop\Application\Home\Controller\SmallCatController.class.php 第 49 行.
INFO: [ app_end ] --START--
INFO: Run Behavior\ShowPageTraceBehavior [ RunTime:0.000665s ]
INFO: [ app_end ] --END-- [ RunTime:0.000772s ]

[ 2016-07-01T10:59:06+08:00 ] ::1 /jiadianshop/index.php/Home/SmallCat/myGoods.html
INFO: [ app_init ] --START--
INFO: Run Behavior\BuildLiteBehavior [ RunTime:0.000024s ]
INFO: [ app_init ] --END-- [ RunTime:0.000458s ]
INFO: [ app_begin ] --START--
INFO: Run Behavior\ReadHtmlCacheBehavior [ RunTime:0.000890s ]
INFO: [ app_begin ] --END-- [ RunTime:0.001007s ]
NOTIC: [2] ini_set(): A session is active. You cannot change the session module's ini settings at this time D:\wamp\www\jiadianshop\ThinkPHP\Common\functions.php 第 1245 行.
NOTIC: [8] A session had already been started - ignoring session_start() D:\wamp\www\jiadianshop\ThinkPHP\Common\functions.php 第 1263 行.
NOTIC: [8] Undefined variable: cat_total_num D:\wamp\www\jiadianshop\Application\Home\Controller\SmallCatController.class.php 第 123 行.
NOTIC: [8] Undefined variable: cat_total_price D:\wamp\www\jiadianshop\Application\Home\Controller\SmallCatController.class.php 第 123 行.
NOTIC: [8] Undefined variable: str D:\wamp\www\jiadianshop\Application\Home\Controller\SmallCatController.class.php 第 124 行.
INFO: [ app_end ] --START--
INFO: Run Behavior\ShowPageTraceBehavior [ RunTime:0.001104s ]
INFO: [ app_end ] --END-- [ RunTime:0.001244s ]

[ 2016-07-01T10:59:06+08:00 ] ::1 /jiadianshop/index.php/Home/Category/index.html
INFO: [ app_init ] --START--
INFO: Run Behavior\BuildLiteBehavior [ RunTime:0.000024s ]
INFO: [ app_init ] --END-- [ RunTime:0.000608s ]
INFO: [ app_begin ] --START--
INFO: Run Behavior\ReadHtmlCacheBehavior [ RunTime:0.000699s ]
INFO: [ app_begin ] --END-- [ RunTime:0.000826s ]
NOTIC: [2] ini_set(): A session is active. You cannot change the session module's ini settings at this time D:\wamp\www\jiadianshop\ThinkPHP\Common\functions.php 第 1245 行.
NOTIC: [8] A session had already been started - ignoring session_start() D:\wamp\www\jiadianshop\ThinkPHP\Common\functions.php 第 1263 行.
ERR: 无法加载控制器:Category

[ 2016-07-01T10:59:06+08:00 ] ::1 /jiadianshop/index.php/Home/Advice/makeCategory.html
INFO: [ app_init ] --START--
INFO: Run Behavior\BuildLiteBehavior [ RunTime:0.000022s ]
INFO: [ app_init ] --END-- [ RunTime:0.000402s ]
INFO: [ app_begin ] --START--
INFO: Run Behavior\ReadHtmlCacheBehavior [ RunTime:0.000487s ]
INFO: [ app_begin ] --END-- [ RunTime:0.000577s ]
NOTIC: [2] ini_set(): A session is active. You cannot change the session module's ini settings at this time D:\wamp\www\jiadianshop\ThinkPHP\Common\functions.php 第 1245 行.
NOTIC: [8] A session had already been started - ignoring session_start() D:\wamp\www\jiadianshop\ThinkPHP\Common\functions.php 第 1263 行.
SQL: SHOW COLUMNS FROM `jd_advice_category` [ RunTime:0.0063s ]
SQL: SELECT * FROM `jd_advice_category`  [ RunTime:0.0003s ]
INFO: [ app_end ] --START--
INFO: Run Behavior\ShowPageTraceBehavior [ RunTime:0.000631s ]
INFO: [ app_end ] --END-- [ RunTime:0.000707s ]

[ 2016-07-01T11:00:50+08:00 ] ::1 /jiadianshop/index.php/Home/Product/index/g/4.html?PHPSESSID=s7dgugt5bvqa99qtd3agp8oae7
INFO: [ app_init ] --START--
INFO: Run Behavior\BuildLiteBehavior [ RunTime:0.000027s ]
INFO: [ app_init ] --END-- [ RunTime:0.001205s ]
INFO: [ app_begin ] --START--
INFO: Run Behavior\ReadHtmlCacheBehavior [ RunTime:0.000706s ]
INFO: [ app_begin ] --END-- [ RunTime:0.000820s ]
NOTIC: [2] ini_set(): A session is active. You cannot change the session module's ini settings at this time D:\wamp\www\jiadianshop\ThinkPHP\Common\functions.php 第 1245 行.
NOTIC: [8] A session had already been started - ignoring session_start() D:\wamp\www\jiadianshop\ThinkPHP\Common\functions.php 第 1263 行.
SQL: SHOW COLUMNS FROM `jd_goods` [ RunTime:0.0045s ]
SQL: SELECT * FROM `jd_goods` INNER JOIN jd_brands ON jd_goods.cat_id=jd_brands.cat_id INNER JOIN jd_goods_cat ON jd_goods.cat_id=jd_goods_cat.cat_id  WHERE `goods_id` = '4'  [ RunTime:0.0086s ]
SQL: SHOW COLUMNS FROM `jd_comment` [ RunTime:0.0092s ]
SQL: SELECT AVG(comment_score) AS tp_avg FROM `jd_comment` WHERE `goods_id` = 4 LIMIT 1   [ RunTime:0.0007s ]
SQL: SELECT COUNT(*) AS tp_count FROM `jd_comment` WHERE `goods_id` = 4 LIMIT 1   [ RunTime:0.0002s ]
SQL: SELECT COUNT(comment_id) AS tp_count FROM `jd_comment` WHERE `goods_id` = 4 LIMIT 1   [ RunTime:0.0002s ]
SQL: SELECT COUNT(comment_id) AS tp_count FROM `jd_comment` WHERE `goods_id` = 4 AND `comment_score` IN ('4','5') LIMIT 1   [ RunTime:0.0006s ]
SQL: SHOW COLUMNS FROM `jd_comment` [ RunTime:0.0031s ]
SQL: SELECT COUNT(comment_id) AS tp_count FROM `jd_comment` WHERE `goods_id` = 4 AND `comment_score` IN ('2','3') LIMIT 1   [ RunTime:0.0003s ]
SQL: SELECT COUNT(comment_id) AS tp_count FROM `jd_comment` WHERE `goods_id` = 4 AND `comment_score` IN ('0','1') LIMIT 1   [ RunTime:0.0004s ]
SQL: SELECT `attr_id_list`,`attr_value_list` FROM `jd_goods` WHERE `goods_id` = 4 LIMIT 1   [ RunTime:0.0006s ]
SQL: SHOW COLUMNS FROM `jd_goods_attribute` [ RunTime:0.0068s ]
SQL: SELECT `attr_name` FROM `jd_goods_attribute` WHERE `attr_id` = 0 LIMIT 1   [ RunTime:0.0003s ]
INFO: [ view_parse ] --START--
INFO: [ template_filter ] --START--
INFO: Run Behavior\ContentReplaceBehavior [ RunTime:0.000561s ]
INFO: [ template_filter ] --END-- [ RunTime:0.000738s ]
NOTIC: [8] Undefined variable: goods_desc D:\wamp\www\jiadianshop\Application\Runtime\Cache\Home\3458861da0342b1f9413030055ee3fb6.php 第 794 行.
NOTIC: [8] Undefined index: goods_big_pic D:\wamp\www\jiadianshop\Application\Runtime\Cache\Home\3458861da0342b1f9413030055ee3fb6.php 第 1170 行.
NOTIC: [8] Undefined index: goods_weight D:\wamp\www\jiadianshop\Application\Runtime\Cache\Home\3458861da0342b1f9413030055ee3fb6.php 第 1356 行.
NOTIC: [8] Undefined variable: goods_attr_values D:\wamp\www\jiadianshop\Application\Runtime\Cache\Home\3458861da0342b1f9413030055ee3fb6.php 第 1358 行.
INFO: Run Behavior\ParseTemplateBehavior [ RunTime:0.045710s ]
INFO: [ view_parse ] --END-- [ RunTime:0.045823s ]
INFO: [ view_filter ] --START--
INFO: Run Behavior\WriteHtmlCacheBehavior [ RunTime:0.000597s ]
INFO: [ view_filter ] --END-- [ RunTime:0.000679s ]
INFO: [ app_end ] --START--
INFO: Run Behavior\ShowPageTraceBehavior [ RunTime:0.000654s ]
INFO: [ app_end ] --END-- [ RunTime:0.000736s ]

[ 2016-07-01T11:00:50+08:00 ] ::1 /jiadianshop/index.php/Home/Advice/verify.html
INFO: [ app_init ] --START--
INFO: Run Behavior\BuildLiteBehavior [ RunTime:0.000035s ]
INFO: [ app_init ] --END-- [ RunTime:0.000730s ]
INFO: [ app_begin ] --START--
INFO: Run Behavior\ReadHtmlCacheBehavior [ RunTime:0.000926s ]
INFO: [ app_begin ] --END-- [ RunTime:0.001095s ]
NOTIC: [2] ini_set(): A session is active. You cannot change the session module's ini settings at this time D:\wamp\www\jiadianshop\ThinkPHP\Common\functions.php 第 1245 行.
NOTIC: [8] A session had already been started - ignoring session_start() D:\wamp\www\jiadianshop\ThinkPHP\Common\functions.php 第 1263 行.
INFO: [ app_end ] --START--
INFO: Run Behavior\ShowPageTraceBehavior [ RunTime:0.001059s ]
INFO: [ app_end ] --END-- [ RunTime:0.001384s ]

[ 2016-07-01T11:00:50+08:00 ] ::1 /jiadianshop/index.php/Home/Login/checkLogin.html
INFO: [ app_init ] --START--
INFO: Run Behavior\BuildLiteBehavior [ RunTime:0.000037s ]
INFO: [ app_init ] --END-- [ RunTime:0.000735s ]
INFO: [ app_begin ] --START--
INFO: Run Behavior\ReadHtmlCacheBehavior [ RunTime:0.000649s ]
INFO: [ app_begin ] --END-- [ RunTime:0.000766s ]
NOTIC: [2] ini_set(): A session is active. You cannot change the session module's ini settings at this time D:\wamp\www\jiadianshop\ThinkPHP\Common\functions.php 第 1245 行.
NOTIC: [8] A session had already been started - ignoring session_start() D:\wamp\www\jiadianshop\ThinkPHP\Common\functions.php 第 1263 行.
NOTIC: [8] Undefined variable: user_name D:\wamp\www\jiadianshop\Application\Home\Controller\LoginController.class.php 第 168 行.
NOTIC: [8] Undefined variable: user_level D:\wamp\www\jiadianshop\Application\Home\Controller\LoginController.class.php 第 169 行.
INFO: [ app_end ] --START--
INFO: Run Behavior\ShowPageTraceBehavior [ RunTime:0.000649s ]
INFO: [ app_end ] --END-- [ RunTime:0.000734s ]

[ 2016-07-01T11:00:50+08:00 ] ::1 /jiadianshop/index.php/Home/SmallCat/myShop.html
INFO: [ app_init ] --START--
INFO: Run Behavior\BuildLiteBehavior [ RunTime:0.000034s ]
INFO: [ app_init ] --END-- [ RunTime:0.000763s ]
INFO: [ app_begin ] --START--
INFO: Run Behavior\ReadHtmlCacheBehavior [ RunTime:0.000889s ]
INFO: [ app_begin ] --END-- [ RunTime:0.001010s ]
NOTIC: [2] ini_set(): A session is active. You cannot change the session module's ini settings at this time D:\wamp\www\jiadianshop\ThinkPHP\Common\functions.php 第 1245 行.
NOTIC: [8] A session had already been started - ignoring session_start() D:\wamp\www\jiadianshop\ThinkPHP\Common\functions.php 第 1263 行.
NOTIC: [8] Undefined variable: user_name D:\wamp\www\jiadianshop\Application\Home\Controller\SmallCatController.class.php 第 46 行.
NOTIC: [8] Undefined variable: user_level D:\wamp\www\jiadianshop\Application\Home\Controller\SmallCatController.class.php 第 47 行.
NOTIC: [8] Undefined variable: unpay_count D:\wamp\www\jiadianshop\Application\Home\Controller\SmallCatController.class.php 第 48 行.
NOTIC: [8] Undefined variable: uncomment_count D:\wamp\www\jiadianshop\Application\Home\Controller\SmallCatController.class.php 第 49 行.
INFO: [ app_end ] --START--
INFO: Run Behavior\ShowPageTraceBehavior [ RunTime:0.000700s ]
INFO: [ app_end ] --END-- [ RunTime:0.000767s ]

[ 2016-07-01T11:00:50+08:00 ] ::1 /jiadianshop/index.php/Home/SmallCat/myGoods.html
INFO: [ app_init ] --START--
INFO: Run Behavior\BuildLiteBehavior [ RunTime:0.000021s ]
INFO: [ app_init ] --END-- [ RunTime:0.000459s ]
INFO: [ app_begin ] --START--
INFO: Run Behavior\ReadHtmlCacheBehavior [ RunTime:0.000562s ]
INFO: [ app_begin ] --END-- [ RunTime:0.000632s ]
NOTIC: [2] ini_set(): A session is active. You cannot change the session module's ini settings at this time D:\wamp\www\jiadianshop\ThinkPHP\Common\functions.php 第 1245 行.
NOTIC: [8] A session had already been started - ignoring session_start() D:\wamp\www\jiadianshop\ThinkPHP\Common\functions.php 第 1263 行.
NOTIC: [8] Undefined variable: cat_total_num D:\wamp\www\jiadianshop\Application\Home\Controller\SmallCatController.class.php 第 123 行.
NOTIC: [8] Undefined variable: cat_total_price D:\wamp\www\jiadianshop\Application\Home\Controller\SmallCatController.class.php 第 123 行.
NOTIC: [8] Undefined variable: str D:\wamp\www\jiadianshop\Application\Home\Controller\SmallCatController.class.php 第 124 行.
INFO: [ app_end ] --START--
INFO: Run Behavior\ShowPageTraceBehavior [ RunTime:0.000829s ]
INFO: [ app_end ] --END-- [ RunTime:0.000948s ]

[ 2016-07-01T11:00:50+08:00 ] ::1 /jiadianshop/index.php/Home/Category/index.html
INFO: [ app_init ] --START--
INFO: Run Behavior\BuildLiteBehavior [ RunTime:0.000022s ]
INFO: [ app_init ] --END-- [ RunTime:0.000468s ]
INFO: [ app_begin ] --START--
INFO: Run Behavior\ReadHtmlCacheBehavior [ RunTime:0.000565s ]
INFO: [ app_begin ] --END-- [ RunTime:0.000634s ]
NOTIC: [2] ini_set(): A session is active. You cannot change the session module's ini settings at this time D:\wamp\www\jiadianshop\ThinkPHP\Common\functions.php 第 1245 行.
NOTIC: [8] A session had already been started - ignoring session_start() D:\wamp\www\jiadianshop\ThinkPHP\Common\functions.php 第 1263 行.
ERR: 无法加载控制器:Category

[ 2016-07-01T11:00:50+08:00 ] ::1 /jiadianshop/index.php/Home/ScanGoods/add.html
INFO: [ app_init ] --START--
INFO: Run Behavior\BuildLiteBehavior [ RunTime:0.000021s ]
INFO: [ app_init ] --END-- [ RunTime:0.000467s ]
INFO: [ app_begin ] --START--
INFO: Run Behavior\ReadHtmlCacheBehavior [ RunTime:0.000564s ]
INFO: [ app_begin ] --END-- [ RunTime:0.000637s ]
NOTIC: [2] ini_set(): A session is active. You cannot change the session module's ini settings at this time D:\wamp\www\jiadianshop\ThinkPHP\Common\functions.php 第 1245 行.
NOTIC: [8] A session had already been started - ignoring session_start() D:\wamp\www\jiadianshop\ThinkPHP\Common\functions.php 第 1263 行.
INFO: [ app_end ] --START--
INFO: Run Behavior\ShowPageTraceBehavior [ RunTime:0.000611s ]
INFO: [ app_end ] --END-- [ RunTime:0.000689s ]

[ 2016-07-01T11:00:50+08:00 ] ::1 /jiadianshop/index.php/Home/Product/index/g/%7B:U('HotSale/index')%7D
INFO: [ app_init ] --START--
INFO: Run Behavior\BuildLiteBehavior [ RunTime:0.000021s ]
INFO: [ app_init ] --END-- [ RunTime:0.000489s ]
INFO: [ app_begin ] --START--
INFO: Run Behavior\ReadHtmlCacheBehavior [ RunTime:0.000639s ]
INFO: [ app_begin ] --END-- [ RunTime:0.000713s ]
NOTIC: [2] ini_set(): A session is active. You cannot change the session module's ini settings at this time D:\wamp\www\jiadianshop\ThinkPHP\Common\functions.php 第 1245 行.
NOTIC: [8] A session had already been started - ignoring session_start() D:\wamp\www\jiadianshop\ThinkPHP\Common\functions.php 第 1263 行.
SQL: SHOW COLUMNS FROM `jd_goods` [ RunTime:0.0037s ]
SQL: SELECT * FROM `jd_goods` INNER JOIN jd_brands ON jd_goods.cat_id=jd_brands.cat_id INNER JOIN jd_goods_cat ON jd_goods.cat_id=jd_goods_cat.cat_id  WHERE `goods_id` = '{:U(\'HotSale'  [ RunTime:0.0005s ]

[ 2016-07-01T11:00:50+08:00 ] ::1 /jiadianshop/index.php/Home/ScanGoods/index.html
INFO: [ app_init ] --START--
INFO: Run Behavior\BuildLiteBehavior [ RunTime:0.000022s ]
INFO: [ app_init ] --END-- [ RunTime:0.000447s ]
INFO: [ app_begin ] --START--
INFO: Run Behavior\ReadHtmlCacheBehavior [ RunTime:0.000538s ]
INFO: [ app_begin ] --END-- [ RunTime:0.000610s ]
NOTIC: [2] ini_set(): A session is active. You cannot change the session module's ini settings at this time D:\wamp\www\jiadianshop\ThinkPHP\Common\functions.php 第 1245 行.
NOTIC: [8] A session had already been started - ignoring session_start() D:\wamp\www\jiadianshop\ThinkPHP\Common\functions.php 第 1263 行.
SQL: SHOW COLUMNS FROM `jd_goods` [ RunTime:0.0033s ]
SQL: SELECT `goods_id`,`goods_name`,`market_price`,`shop_price`,`goods_thumb_img` FROM `jd_goods` WHERE `goods_id` IN ('7','4')  [ RunTime:0.0004s ]
NOTIC: [8] Undefined variable: str D:\wamp\www\jiadianshop\Application\Home\Controller\ScanGoodsController.class.php 第 72 行.

[ 2016-07-01T11:00:50+08:00 ] ::1 /jiadianshop/index.php/Home/Advice/makeCategory.html
INFO: [ app_init ] --START--
INFO: Run Behavior\BuildLiteBehavior [ RunTime:0.000023s ]
INFO: [ app_init ] --END-- [ RunTime:0.000477s ]
INFO: [ app_begin ] --START--
INFO: Run Behavior\ReadHtmlCacheBehavior [ RunTime:0.000553s ]
INFO: [ app_begin ] --END-- [ RunTime:0.000628s ]
NOTIC: [2] ini_set(): A session is active. You cannot change the session module's ini settings at this time D:\wamp\www\jiadianshop\ThinkPHP\Common\functions.php 第 1245 行.
NOTIC: [8] A session had already been started - ignoring session_start() D:\wamp\www\jiadianshop\ThinkPHP\Common\functions.php 第 1263 行.
SQL: SHOW COLUMNS FROM `jd_advice_category` [ RunTime:0.0029s ]
SQL: SELECT * FROM `jd_advice_category`  [ RunTime:0.0003s ]
INFO: [ app_end ] --START--
INFO: Run Behavior\ShowPageTraceBehavior [ RunTime:0.000694s ]
INFO: [ app_end ] --END-- [ RunTime:0.000770s ]

[ 2016-07-01T11:01:07+08:00 ] ::1 /jiadianshop/index.php/Home/Advice/verify.html?=0.563506999008542
INFO: [ app_init ] --START--
INFO: Run Behavior\BuildLiteBehavior [ RunTime:0.000025s ]
INFO: [ app_init ] --END-- [ RunTime:0.000595s ]
INFO: [ app_begin ] --START--
INFO: Run Behavior\ReadHtmlCacheBehavior [ RunTime:0.001038s ]
INFO: [ app_begin ] --END-- [ RunTime:0.001200s ]
NOTIC: [2] ini_set(): A session is active. You cannot change the session module's ini settings at this time D:\wamp\www\jiadianshop\ThinkPHP\Common\functions.php 第 1245 行.
NOTIC: [8] A session had already been started - ignoring session_start() D:\wamp\www\jiadianshop\ThinkPHP\Common\functions.php 第 1263 行.
INFO: [ app_end ] --START--
INFO: Run Behavior\ShowPageTraceBehavior [ RunTime:0.001723s ]
INFO: [ app_end ] --END-- [ RunTime:0.001876s ]

[ 2016-07-01T11:01:13+08:00 ] ::1 /jiadianshop/index.php/Home/Advice/verify.html?=0.563506999008542?=0.5891988866350382
INFO: [ app_init ] --START--
INFO: Run Behavior\BuildLiteBehavior [ RunTime:0.000031s ]
INFO: [ app_init ] --END-- [ RunTime:0.000650s ]
INFO: [ app_begin ] --START--
INFO: Run Behavior\ReadHtmlCacheBehavior [ RunTime:0.000799s ]
INFO: [ app_begin ] --END-- [ RunTime:0.000937s ]
NOTIC: [2] ini_set(): A session is active. You cannot change the session module's ini settings at this time D:\wamp\www\jiadianshop\ThinkPHP\Common\functions.php 第 1245 行.
NOTIC: [8] A session had already been started - ignoring session_start() D:\wamp\www\jiadianshop\ThinkPHP\Common\functions.php 第 1263 行.
INFO: [ app_end ] --START--
INFO: Run Behavior\ShowPageTraceBehavior [ RunTime:0.000870s ]
INFO: [ app_end ] --END-- [ RunTime:0.001011s ]

[ 2016-07-01T11:01:37+08:00 ] ::1 /jiadianshop/index.php/Home/Search/index.html?keywords=%E6%A0%BC%E5%8A%9B
INFO: [ app_init ] --START--
INFO: Run Behavior\BuildLiteBehavior [ RunTime:0.000034s ]
INFO: [ app_init ] --END-- [ RunTime:0.000823s ]
INFO: [ app_begin ] --START--
INFO: Run Behavior\ReadHtmlCacheBehavior [ RunTime:0.000914s ]
INFO: [ app_begin ] --END-- [ RunTime:0.001043s ]
NOTIC: [2] ini_set(): A session is active. You cannot change the session module's ini settings at this time D:\wamp\www\jiadianshop\ThinkPHP\Common\functions.php 第 1245 行.
NOTIC: [8] A session had already been started - ignoring session_start() D:\wamp\www\jiadianshop\ThinkPHP\Common\functions.php 第 1263 行.
SQL: SHOW COLUMNS FROM `jd_goods` [ RunTime:0.0052s ]
SQL: SELECT * FROM `jd_goods` WHERE `goods_name` LIKE '%格力%'  [ RunTime:0.0008s ]
SQL: SELECT COUNT(goods_id) AS tp_Count FROM `jd_goods` WHERE `goods_name` LIKE '%格力%' LIMIT 1   [ RunTime:0.0007s ]
SQL: SELECT `goods_id`,`goods_name`,`key_words`,`market_price`,`goods_thumb_img` FROM `jd_goods` WHERE `goods_name` LIKE '%格力%' ORDER BY goods_id LIMIT 0,16   [ RunTime:0.0006s ]
INFO: [ view_parse ] --START--
INFO: [ template_filter ] --START--
INFO: Run Behavior\ContentReplaceBehavior [ RunTime:0.000464s ]
INFO: [ template_filter ] --END-- [ RunTime:0.000597s ]
NOTIC: [8] Undefined index: is_hot D:\wamp\www\jiadianshop\Application\Runtime\Cache\Home\98e208847e32c66f2031e4de8ef4ead5.php 第 711 行.
NOTIC: [8] Undefined index: is_new D:\wamp\www\jiadianshop\Application\Runtime\Cache\Home\98e208847e32c66f2031e4de8ef4ead5.php 第 712 行.
NOTIC: [8] Undefined index: goods_state D:\wamp\www\jiadianshop\Application\Runtime\Cache\Home\98e208847e32c66f2031e4de8ef4ead5.php 第 714 行.
NOTIC: [8] Undefined index: goods_state D:\wamp\www\jiadianshop\Application\Runtime\Cache\Home\98e208847e32c66f2031e4de8ef4ead5.php 第 716 行.
NOTIC: [8] Undefined index: is_hot D:\wamp\www\jiadianshop\Application\Runtime\Cache\Home\98e208847e32c66f2031e4de8ef4ead5.php 第 711 行.
NOTIC: [8] Undefined index: is_new D:\wamp\www\jiadianshop\Application\Runtime\Cache\Home\98e208847e32c66f2031e4de8ef4ead5.php 第 712 行.
NOTIC: [8] Undefined index: goods_state D:\wamp\www\jiadianshop\Application\Runtime\Cache\Home\98e208847e32c66f2031e4de8ef4ead5.php 第 714 行.
NOTIC: [8] Undefined index: goods_state D:\wamp\www\jiadianshop\Application\Runtime\Cache\Home\98e208847e32c66f2031e4de8ef4ead5.php 第 716 行.
INFO: Run Behavior\ParseTemplateBehavior [ RunTime:0.039620s ]
INFO: [ view_parse ] --END-- [ RunTime:0.039758s ]
INFO: [ view_filter ] --START--
INFO: Run Behavior\WriteHtmlCacheBehavior [ RunTime:0.000810s ]
INFO: [ view_filter ] --END-- [ RunTime:0.000926s ]
INFO: [ app_end ] --START--
INFO: Run Behavior\ShowPageTraceBehavior [ RunTime:0.000905s ]
INFO: [ app_end ] --END-- [ RunTime:0.001023s ]

[ 2016-07-01T11:01:37+08:00 ] ::1 /jiadianshop/index.php/Home/Advice/verify.html
INFO: [ app_init ] --START--
INFO: Run Behavior\BuildLiteBehavior [ RunTime:0.000037s ]
INFO: [ app_init ] --END-- [ RunTime:0.001075s ]
INFO: [ app_begin ] --START--
INFO: Run Behavior\ReadHtmlCacheBehavior [ RunTime:0.001220s ]
INFO: [ app_begin ] --END-- [ RunTime:0.001420s ]
NOTIC: [2] ini_set(): A session is active. You cannot change the session module's ini settings at this time D:\wamp\www\jiadianshop\ThinkPHP\Common\functions.php 第 1245 行.
NOTIC: [8] A session had already been started - ignoring session_start() D:\wamp\www\jiadianshop\ThinkPHP\Common\functions.php 第 1263 行.
INFO: [ app_end ] --START--
INFO: Run Behavior\ShowPageTraceBehavior [ RunTime:0.001175s ]
INFO: [ app_end ] --END-- [ RunTime:0.001325s ]

[ 2016-07-01T11:01:37+08:00 ] ::1 /jiadianshop/index.php/Home/Login/checkLogin.html
INFO: [ app_init ] --START--
INFO: Run Behavior\BuildLiteBehavior [ RunTime:0.000030s ]
INFO: [ app_init ] --END-- [ RunTime:0.000822s ]
INFO: [ app_begin ] --START--
INFO: Run Behavior\ReadHtmlCacheBehavior [ RunTime:0.000885s ]
INFO: [ app_begin ] --END-- [ RunTime:0.001030s ]
NOTIC: [2] ini_set(): A session is active. You cannot change the session module's ini settings at this time D:\wamp\www\jiadianshop\ThinkPHP\Common\functions.php 第 1245 行.
NOTIC: [8] A session had already been started - ignoring session_start() D:\wamp\www\jiadianshop\ThinkPHP\Common\functions.php 第 1263 行.
NOTIC: [8] Undefined variable: user_name D:\wamp\www\jiadianshop\Application\Home\Controller\LoginController.class.php 第 168 行.
NOTIC: [8] Undefined variable: user_level D:\wamp\www\jiadianshop\Application\Home\Controller\LoginController.class.php 第 169 行.
INFO: [ app_end ] --START--
INFO: Run Behavior\ShowPageTraceBehavior [ RunTime:0.001104s ]
INFO: [ app_end ] --END-- [ RunTime:0.001271s ]

[ 2016-07-01T11:01:37+08:00 ] ::1 /jiadianshop/index.php/Home/SmallCat/myShop.html
INFO: [ app_init ] --START--
INFO: Run Behavior\BuildLiteBehavior [ RunTime:0.000023s ]
INFO: [ app_init ] --END-- [ RunTime:0.000512s ]
INFO: [ app_begin ] --START--
INFO: Run Behavior\ReadHtmlCacheBehavior [ RunTime:0.000684s ]
INFO: [ app_begin ] --END-- [ RunTime:0.000764s ]
NOTIC: [2] ini_set(): A session is active. You cannot change the session module's ini settings at this time D:\wamp\www\jiadianshop\ThinkPHP\Common\functions.php 第 1245 行.
NOTIC: [8] A session had already been started - ignoring session_start() D:\wamp\www\jiadianshop\ThinkPHP\Common\functions.php 第 1263 行.
NOTIC: [8] Undefined variable: user_name D:\wamp\www\jiadianshop\Application\Home\Controller\SmallCatController.class.php 第 46 行.
NOTIC: [8] Undefined variable: user_level D:\wamp\www\jiadianshop\Application\Home\Controller\SmallCatController.class.php 第 47 行.
NOTIC: [8] Undefined variable: unpay_count D:\wamp\www\jiadianshop\Application\Home\Controller\SmallCatController.class.php 第 48 行.
NOTIC: [8] Undefined variable: uncomment_count D:\wamp\www\jiadianshop\Application\Home\Controller\SmallCatController.class.php 第 49 行.
INFO: [ app_end ] --START--
INFO: Run Behavior\ShowPageTraceBehavior [ RunTime:0.000627s ]
INFO: [ app_end ] --END-- [ RunTime:0.000701s ]

[ 2016-07-01T11:01:37+08:00 ] ::1 /jiadianshop/index.php/Home/SmallCat/myGoods.html
INFO: [ app_init ] --START--
INFO: Run Behavior\BuildLiteBehavior [ RunTime:0.000022s ]
INFO: [ app_init ] --END-- [ RunTime:0.000508s ]
INFO: [ app_begin ] --START--
INFO: Run Behavior\ReadHtmlCacheBehavior [ RunTime:0.000892s ]
INFO: [ app_begin ] --END-- [ RunTime:0.001020s ]
NOTIC: [2] ini_set(): A session is active. You cannot change the session module's ini settings at this time D:\wamp\www\jiadianshop\ThinkPHP\Common\functions.php 第 1245 行.
NOTIC: [8] A session had already been started - ignoring session_start() D:\wamp\www\jiadianshop\ThinkPHP\Common\functions.php 第 1263 行.
NOTIC: [8] Undefined variable: cat_total_num D:\wamp\www\jiadianshop\Application\Home\Controller\SmallCatController.class.php 第 123 行.
NOTIC: [8] Undefined variable: cat_total_price D:\wamp\www\jiadianshop\Application\Home\Controller\SmallCatController.class.php 第 123 行.
NOTIC: [8] Undefined variable: str D:\wamp\www\jiadianshop\Application\Home\Controller\SmallCatController.class.php 第 124 行.
INFO: [ app_end ] --START--
INFO: Run Behavior\ShowPageTraceBehavior [ RunTime:0.000673s ]
INFO: [ app_end ] --END-- [ RunTime:0.000746s ]

[ 2016-07-01T11:01:37+08:00 ] ::1 /jiadianshop/index.php/Home/Advice/makeCategory.html
INFO: [ app_init ] --START--
INFO: Run Behavior\BuildLiteBehavior [ RunTime:0.000021s ]
INFO: [ app_init ] --END-- [ RunTime:0.000502s ]
INFO: [ app_begin ] --START--
INFO: Run Behavior\ReadHtmlCacheBehavior [ RunTime:0.000647s ]
INFO: [ app_begin ] --END-- [ RunTime:0.000724s ]
NOTIC: [2] ini_set(): A session is active. You cannot change the session module's ini settings at this time D:\wamp\www\jiadianshop\ThinkPHP\Common\functions.php 第 1245 行.
NOTIC: [8] A session had already been started - ignoring session_start() D:\wamp\www\jiadianshop\ThinkPHP\Common\functions.php 第 1263 行.
SQL: SHOW COLUMNS FROM `jd_advice_category` [ RunTime:0.0036s ]
SQL: SELECT * FROM `jd_advice_category`  [ RunTime:0.0004s ]
INFO: [ app_end ] --START--
INFO: Run Behavior\ShowPageTraceBehavior [ RunTime:0.000829s ]
INFO: [ app_end ] --END-- [ RunTime:0.000906s ]

[ 2016-07-01T11:01:37+08:00 ] ::1 /jiadianshop/index.php/Home/Category/index.html
INFO: [ app_init ] --START--
INFO: Run Behavior\BuildLiteBehavior [ RunTime:0.000020s ]
INFO: [ app_init ] --END-- [ RunTime:0.000424s ]
INFO: [ app_begin ] --START--
INFO: Run Behavior\ReadHtmlCacheBehavior [ RunTime:0.000573s ]
INFO: [ app_begin ] --END-- [ RunTime:0.000639s ]
NOTIC: [2] ini_set(): A session is active. You cannot change the session module's ini settings at this time D:\wamp\www\jiadianshop\ThinkPHP\Common\functions.php 第 1245 行.
NOTIC: [8] A session had already been started - ignoring session_start() D:\wamp\www\jiadianshop\ThinkPHP\Common\functions.php 第 1263 行.
ERR: 无法加载控制器:Category

[ 2016-07-01T11:01:45+08:00 ] ::1 /jiadianshop/index.php/Home/Login/checkLogin.html
INFO: [ app_init ] --START--
INFO: Run Behavior\BuildLiteBehavior [ RunTime:0.000039s ]
INFO: [ app_init ] --END-- [ RunTime:0.000668s ]
INFO: [ app_begin ] --START--
INFO: Run Behavior\ReadHtmlCacheBehavior [ RunTime:0.000669s ]
INFO: [ app_begin ] --END-- [ RunTime:0.000755s ]
NOTIC: [2] ini_set(): A session is active. You cannot change the session module's ini settings at this time D:\wamp\www\jiadianshop\ThinkPHP\Common\functions.php 第 1245 行.
NOTIC: [8] A session had already been started - ignoring session_start() D:\wamp\www\jiadianshop\ThinkPHP\Common\functions.php 第 1263 行.
NOTIC: [8] Undefined variable: user_name D:\wamp\www\jiadianshop\Application\Home\Controller\LoginController.class.php 第 168 行.
NOTIC: [8] Undefined variable: user_level D:\wamp\www\jiadianshop\Application\Home\Controller\LoginController.class.php 第 169 行.
INFO: [ app_end ] --START--
INFO: Run Behavior\ShowPageTraceBehavior [ RunTime:0.001231s ]
INFO: [ app_end ] --END-- [ RunTime:0.001438s ]

[ 2016-07-01T11:01:45+08:00 ] ::1 /jiadianshop/index.php/Home/SmallCat/myShop.html
INFO: [ app_init ] --START--
INFO: Run Behavior\BuildLiteBehavior [ RunTime:0.000033s ]
INFO: [ app_init ] --END-- [ RunTime:0.000535s ]
INFO: [ app_begin ] --START--
INFO: Run Behavior\ReadHtmlCacheBehavior [ RunTime:0.000550s ]
INFO: [ app_begin ] --END-- [ RunTime:0.000628s ]
NOTIC: [2] ini_set(): A session is active. You cannot change the session module's ini settings at this time D:\wamp\www\jiadianshop\ThinkPHP\Common\functions.php 第 1245 行.
NOTIC: [8] A session had already been started - ignoring session_start() D:\wamp\www\jiadianshop\ThinkPHP\Common\functions.php 第 1263 行.
NOTIC: [8] Undefined variable: user_name D:\wamp\www\jiadianshop\Application\Home\Controller\SmallCatController.class.php 第 46 行.
NOTIC: [8] Undefined variable: user_level D:\wamp\www\jiadianshop\Application\Home\Controller\SmallCatController.class.php 第 47 行.
NOTIC: [8] Undefined variable: unpay_count D:\wamp\www\jiadianshop\Application\Home\Controller\SmallCatController.class.php 第 48 行.
NOTIC: [8] Undefined variable: uncomment_count D:\wamp\www\jiadianshop\Application\Home\Controller\SmallCatController.class.php 第 49 行.
INFO: [ app_end ] --START--
INFO: Run Behavior\ShowPageTraceBehavior [ RunTime:0.000524s ]
INFO: [ app_end ] --END-- [ RunTime:0.000594s ]

[ 2016-07-01T11:01:45+08:00 ] ::1 /jiadianshop/index.php/Home/SmallCat/myGoods.html
INFO: [ app_init ] --START--
INFO: Run Behavior\BuildLiteBehavior [ RunTime:0.000023s ]
INFO: [ app_init ] --END-- [ RunTime:0.000472s ]
INFO: [ app_begin ] --START--
INFO: Run Behavior\ReadHtmlCacheBehavior [ RunTime:0.000565s ]
INFO: [ app_begin ] --END-- [ RunTime:0.000637s ]
NOTIC: [2] ini_set(): A session is active. You cannot change the session module's ini settings at this time D:\wamp\www\jiadianshop\ThinkPHP\Common\functions.php 第 1245 行.
NOTIC: [8] A session had already been started - ignoring session_start() D:\wamp\www\jiadianshop\ThinkPHP\Common\functions.php 第 1263 行.
NOTIC: [8] Undefined variable: cat_total_num D:\wamp\www\jiadianshop\Application\Home\Controller\SmallCatController.class.php 第 123 行.
NOTIC: [8] Undefined variable: cat_total_price D:\wamp\www\jiadianshop\Application\Home\Controller\SmallCatController.class.php 第 123 行.
NOTIC: [8] Undefined variable: str D:\wamp\www\jiadianshop\Application\Home\Controller\SmallCatController.class.php 第 124 行.
INFO: [ app_end ] --START--
INFO: Run Behavior\ShowPageTraceBehavior [ RunTime:0.000545s ]
INFO: [ app_end ] --END-- [ RunTime:0.000616s ]

[ 2016-07-01T11:01:45+08:00 ] ::1 /jiadianshop/index.php/Home/Category/index.html
INFO: [ app_init ] --START--
INFO: Run Behavior\BuildLiteBehavior [ RunTime:0.000022s ]
INFO: [ app_init ] --END-- [ RunTime:0.000457s ]
INFO: [ app_begin ] --START--
INFO: Run Behavior\ReadHtmlCacheBehavior [ RunTime:0.000586s ]
INFO: [ app_begin ] --END-- [ RunTime:0.000666s ]
NOTIC: [2] ini_set(): A session is active. You cannot change the session module's ini settings at this time D:\wamp\www\jiadianshop\ThinkPHP\Common\functions.php 第 1245 行.
NOTIC: [8] A session had already been started - ignoring session_start() D:\wamp\www\jiadianshop\ThinkPHP\Common\functions.php 第 1263 行.
ERR: 无法加载控制器:Category

[ 2016-07-01T11:01:45+08:00 ] ::1 /jiadianshop/index.php/Home/ScanGoods/add.html
INFO: [ app_init ] --START--
INFO: Run Behavior\BuildLiteBehavior [ RunTime:0.000021s ]
INFO: [ app_init ] --END-- [ RunTime:0.000453s ]
INFO: [ app_begin ] --START--
INFO: Run Behavior\ReadHtmlCacheBehavior [ RunTime:0.000549s ]
INFO: [ app_begin ] --END-- [ RunTime:0.000625s ]
NOTIC: [2] ini_set(): A session is active. You cannot change the session module's ini settings at this time D:\wamp\www\jiadianshop\ThinkPHP\Common\functions.php 第 1245 行.
NOTIC: [8] A session had already been started - ignoring session_start() D:\wamp\www\jiadianshop\ThinkPHP\Common\functions.php 第 1263 行.
INFO: [ app_end ] --START--
INFO: Run Behavior\ShowPageTraceBehavior [ RunTime:0.000547s ]
INFO: [ app_end ] --END-- [ RunTime:0.000624s ]

[ 2016-07-01T11:01:45+08:00 ] ::1 /jiadianshop/index.php/Home/Product/index/g/%7B:U('HotSale/index')%7D
INFO: [ app_init ] --START--
INFO: Run Behavior\BuildLiteBehavior [ RunTime:0.000024s ]
INFO: [ app_init ] --END-- [ RunTime:0.000483s ]
INFO: [ app_begin ] --START--
INFO: Run Behavior\ReadHtmlCacheBehavior [ RunTime:0.000622s ]
INFO: [ app_begin ] --END-- [ RunTime:0.000694s ]
NOTIC: [2] ini_set(): A session is active. You cannot change the session module's ini settings at this time D:\wamp\www\jiadianshop\ThinkPHP\Common\functions.php 第 1245 行.
NOTIC: [8] A session had already been started - ignoring session_start() D:\wamp\www\jiadianshop\ThinkPHP\Common\functions.php 第 1263 行.
SQL: SHOW COLUMNS FROM `jd_goods` [ RunTime:0.0036s ]
SQL: SELECT * FROM `jd_goods` INNER JOIN jd_brands ON jd_goods.cat_id=jd_brands.cat_id INNER JOIN jd_goods_cat ON jd_goods.cat_id=jd_goods_cat.cat_id  WHERE `goods_id` = '{:U(\'HotSale'  [ RunTime:0.0007s ]

[ 2016-07-01T11:01:45+08:00 ] ::1 /jiadianshop/index.php/Home/ScanGoods/index.html
INFO: [ app_init ] --START--
INFO: Run Behavior\BuildLiteBehavior [ RunTime:0.000021s ]
INFO: [ app_init ] --END-- [ RunTime:0.000464s ]
INFO: [ app_begin ] --START--
INFO: Run Behavior\ReadHtmlCacheBehavior [ RunTime:0.000569s ]
INFO: [ app_begin ] --END-- [ RunTime:0.000641s ]
NOTIC: [2] ini_set(): A session is active. You cannot change the session module's ini settings at this time D:\wamp\www\jiadianshop\ThinkPHP\Common\functions.php 第 1245 行.
NOTIC: [8] A session had already been started - ignoring session_start() D:\wamp\www\jiadianshop\ThinkPHP\Common\functions.php 第 1263 行.
SQL: SHOW COLUMNS FROM `jd_goods` [ RunTime:0.0036s ]
SQL: SELECT `goods_id`,`goods_name`,`market_price`,`shop_price`,`goods_thumb_img` FROM `jd_goods` WHERE `goods_id` IN ('7','4')  [ RunTime:0.0004s ]
NOTIC: [8] Undefined variable: str D:\wamp\www\jiadianshop\Application\Home\Controller\ScanGoodsController.class.php 第 72 行.

[ 2016-07-01T11:01:45+08:00 ] ::1 /jiadianshop/index.php/Home/Advice/makeCategory.html
INFO: [ app_init ] --START--
INFO: Run Behavior\BuildLiteBehavior [ RunTime:0.000027s ]
INFO: [ app_init ] --END-- [ RunTime:0.000566s ]
INFO: [ app_begin ] --START--
INFO: Run Behavior\ReadHtmlCacheBehavior [ RunTime:0.000622s ]
INFO: [ app_begin ] --END-- [ RunTime:0.000697s ]
NOTIC: [2] ini_set(): A session is active. You cannot change the session module's ini settings at this time D:\wamp\www\jiadianshop\ThinkPHP\Common\functions.php 第 1245 行.
NOTIC: [8] A session had already been started - ignoring session_start() D:\wamp\www\jiadianshop\ThinkPHP\Common\functions.php 第 1263 行.
SQL: SHOW COLUMNS FROM `jd_advice_category` [ RunTime:0.0031s ]
SQL: SELECT * FROM `jd_advice_category`  [ RunTime:0.0003s ]
INFO: [ app_end ] --START--
INFO: Run Behavior\ShowPageTraceBehavior [ RunTime:0.000910s ]
INFO: [ app_end ] --END-- [ RunTime:0.001004s ]

[ 2016-07-01T11:02:54+08:00 ] ::1 /jiadianshop/index.php/Home/BuyNow/index.html?goods_id=4&num=2&order_attr=%E3%80%901.5%E5%8C%B9%E3%80%91
INFO: [ app_init ] --START--
INFO: Run Behavior\BuildLiteBehavior [ RunTime:0.000032s ]
INFO: [ app_init ] --END-- [ RunTime:0.000751s ]
INFO: [ app_begin ] --START--
INFO: Run Behavior\ReadHtmlCacheBehavior [ RunTime:0.000891s ]
INFO: [ app_begin ] --END-- [ RunTime:0.001018s ]
NOTIC: [2] ini_set(): A session is active. You cannot change the session module's ini settings at this time D:\wamp\www\jiadianshop\ThinkPHP\Common\functions.php 第 1245 行.
NOTIC: [8] A session had already been started - ignoring session_start() D:\wamp\www\jiadianshop\ThinkPHP\Common\functions.php 第 1263 行.

[ 2016-07-01T11:02:54+08:00 ] ::1 /jiadianshop/index.php/Home/Login/index.html
INFO: [ app_init ] --START--
INFO: Run Behavior\BuildLiteBehavior [ RunTime:0.000032s ]
INFO: [ app_init ] --END-- [ RunTime:0.000655s ]
INFO: [ app_begin ] --START--
INFO: Run Behavior\ReadHtmlCacheBehavior [ RunTime:0.000812s ]
INFO: [ app_begin ] --END-- [ RunTime:0.000933s ]
NOTIC: [2] ini_set(): A session is active. You cannot change the session module's ini settings at this time D:\wamp\www\jiadianshop\ThinkPHP\Common\functions.php 第 1245 行.
NOTIC: [8] A session had already been started - ignoring session_start() D:\wamp\www\jiadianshop\ThinkPHP\Common\functions.php 第 1263 行.
NOTIC: [2] preg_match(): No ending delimiter '/' found D:\wamp\www\jiadianshop\Application\Home\Controller\LoginController.class.php 第 14 行.
INFO: [ view_parse ] --START--
INFO: [ template_filter ] --START--
INFO: Run Behavior\ContentReplaceBehavior [ RunTime:0.000191s ]
INFO: [ template_filter ] --END-- [ RunTime:0.000345s ]
INFO: Run Behavior\ParseTemplateBehavior [ RunTime:0.014525s ]
INFO: [ view_parse ] --END-- [ RunTime:0.014659s ]
INFO: [ view_filter ] --START--
INFO: Run Behavior\WriteHtmlCacheBehavior [ RunTime:0.000636s ]
INFO: [ view_filter ] --END-- [ RunTime:0.000756s ]
INFO: [ app_end ] --START--
INFO: Run Behavior\ShowPageTraceBehavior [ RunTime:0.000855s ]
INFO: [ app_end ] --END-- [ RunTime:0.000980s ]

[ 2016-07-01T11:02:54+08:00 ] ::1 /jiadianshop/index.php/Home/Login/verify.html
INFO: [ app_init ] --START--
INFO: Run Behavior\BuildLiteBehavior [ RunTime:0.000026s ]
INFO: [ app_init ] --END-- [ RunTime:0.000670s ]
INFO: [ app_begin ] --START--
INFO: Run Behavior\ReadHtmlCacheBehavior [ RunTime:0.000711s ]
INFO: [ app_begin ] --END-- [ RunTime:0.000825s ]
NOTIC: [2] ini_set(): A session is active. You cannot change the session module's ini settings at this time D:\wamp\www\jiadianshop\ThinkPHP\Common\functions.php 第 1245 行.
NOTIC: [8] A session had already been started - ignoring session_start() D:\wamp\www\jiadianshop\ThinkPHP\Common\functions.php 第 1263 行.
INFO: [ app_end ] --START--
INFO: Run Behavior\ShowPageTraceBehavior [ RunTime:0.000670s ]
INFO: [ app_end ] --END-- [ RunTime:0.000785s ]

[ 2016-07-01T11:03:04+08:00 ] ::1 /jiadianshop/index.php/Home/Login/verify.html?0.3151076759476068
INFO: [ app_init ] --START--
INFO: Run Behavior\BuildLiteBehavior [ RunTime:0.000036s ]
INFO: [ app_init ] --END-- [ RunTime:0.000847s ]
INFO: [ app_begin ] --START--
INFO: Run Behavior\ReadHtmlCacheBehavior [ RunTime:0.001016s ]
INFO: [ app_begin ] --END-- [ RunTime:0.001175s ]
NOTIC: [2] ini_set(): A session is active. You cannot change the session module's ini settings at this time D:\wamp\www\jiadianshop\ThinkPHP\Common\functions.php 第 1245 行.
NOTIC: [8] A session had already been started - ignoring session_start() D:\wamp\www\jiadianshop\ThinkPHP\Common\functions.php 第 1263 行.
INFO: [ app_end ] --START--
INFO: Run Behavior\ShowPageTraceBehavior [ RunTime:0.001044s ]
INFO: [ app_end ] --END-- [ RunTime:0.001202s ]

[ 2016-07-01T11:03:17+08:00 ] ::1 /jiadianshop/index.php/Home/Login/check_verify.html?code=zu8n
INFO: [ app_init ] --START--
INFO: Run Behavior\BuildLiteBehavior [ RunTime:0.000051s ]
INFO: [ app_init ] --END-- [ RunTime:0.001178s ]
INFO: [ app_begin ] --START--
INFO: Run Behavior\ReadHtmlCacheBehavior [ RunTime:0.001367s ]
INFO: [ app_begin ] --END-- [ RunTime:0.001560s ]
NOTIC: [2] ini_set(): A session is active. You cannot change the session module's ini settings at this time D:\wamp\www\jiadianshop\ThinkPHP\Common\functions.php 第 1245 行.
NOTIC: [8] A session had already been started - ignoring session_start() D:\wamp\www\jiadianshop\ThinkPHP\Common\functions.php 第 1263 行.
INFO: [ app_end ] --START--
INFO: Run Behavior\ShowPageTraceBehavior [ RunTime:0.001338s ]
INFO: [ app_end ] --END-- [ RunTime:0.001547s ]

[ 2016-07-01T11:03:23+08:00 ] ::1 /jiadianshop/index.php/Home/Login/remoteLogin.html
INFO: [ app_init ] --START--
INFO: Run Behavior\BuildLiteBehavior [ RunTime:0.000033s ]
INFO: [ app_init ] --END-- [ RunTime:0.001076s ]
INFO: [ app_begin ] --START--
INFO: Run Behavior\ReadHtmlCacheBehavior [ RunTime:0.000934s ]
INFO: [ app_begin ] --END-- [ RunTime:0.001052s ]
NOTIC: [2] ini_set(): A session is active. You cannot change the session module's ini settings at this time D:\wamp\www\jiadianshop\ThinkPHP\Common\functions.php 第 1245 行.
NOTIC: [8] A session had already been started - ignoring session_start() D:\wamp\www\jiadianshop\ThinkPHP\Common\functions.php 第 1263 行.
SQL: SHOW COLUMNS FROM `jd_user` [ RunTime:0.0155s ]
SQL: SELECT * FROM `jd_user` WHERE `user_name` = 'syy123456' AND `user_pwd` = '556fe297453474957c9a6d4e77d103c4' LIMIT 1   [ RunTime:0.0007s ]
SQL: UPDATE `jd_user` SET `user_last_time`='1467342203',`user_last_ip`='0' WHERE `user_id` = 13 [ RunTime:0.0030s ]
INFO: [ app_end ] --START--
INFO: Run Behavior\ShowPageTraceBehavior [ RunTime:0.001072s ]
INFO: [ app_end ] --END-- [ RunTime:0.001186s ]

[ 2016-07-01T11:03:23+08:00 ] ::1 /jiadianshop/index.php/Home/Index/index.html
INFO: [ app_init ] --START--
INFO: Run Behavior\BuildLiteBehavior [ RunTime:0.000033s ]
INFO: [ app_init ] --END-- [ RunTime:0.000786s ]
INFO: [ app_begin ] --START--
INFO: Run Behavior\ReadHtmlCacheBehavior [ RunTime:0.000963s ]
INFO: [ app_begin ] --END-- [ RunTime:0.001098s ]
NOTIC: [2] ini_set(): A session is active. You cannot change the session module's ini settings at this time D:\wamp\www\jiadianshop\ThinkPHP\Common\functions.php 第 1245 行.
NOTIC: [8] A session had already been started - ignoring session_start() D:\wamp\www\jiadianshop\ThinkPHP\Common\functions.php 第 1263 行.
SQL: SHOW COLUMNS FROM `jd_goods` [ RunTime:0.0053s ]
SQL: SELECT * FROM `jd_goods` WHERE `is_hot` = 1 ORDER BY goods_id desc LIMIT 0,6   [ RunTime:0.0011s ]
SQL: SELECT * FROM `jd_goods` WHERE `cat_id` = 9 AND `is_delete` = 0  [ RunTime:0.0007s ]
SQL: SELECT * FROM `jd_goods` WHERE `cat_id` = 7 AND `is_delete` = 0  [ RunTime:0.0009s ]
SQL: SHOW COLUMNS FROM `jd_advertise` [ RunTime:0.0049s ]
SQL: SELECT * FROM `jd_advertise` INNER JOIN jd_advertise_pos ON jd_advertise.ad_pos_id=jd_advertise_pos.pos_id  WHERE `is_on` = 1 AND `pos_id` = 2 ORDER BY id desc LIMIT 5   [ RunTime:0.0008s ]
SQL: SELECT * FROM `jd_advertise` INNER JOIN jd_advertise_pos ON jd_advertise.ad_pos_id=jd_advertise_pos.pos_id  WHERE `is_on` = 1 AND `pos_id` = 3 ORDER BY id desc LIMIT 5   [ RunTime:0.0006s ]
SQL: SELECT * FROM `jd_advertise` INNER JOIN jd_advertise_pos ON jd_advertise.ad_pos_id=jd_advertise_pos.pos_id  WHERE `is_on` = 1 AND `pos_id` = 1 ORDER BY id desc LIMIT 3   [ RunTime:0.0006s ]
SQL: SHOW COLUMNS FROM `jd_article` [ RunTime:0.0047s ]
SQL: SELECT * FROM `jd_article` WHERE `cat_id` = 12  [ RunTime:0.0005s ]
INFO: [ view_parse ] --START--
INFO: [ template_filter ] --START--
INFO: Run Behavior\ContentReplaceBehavior [ RunTime:0.000415s ]
INFO: [ template_filter ] --END-- [ RunTime:0.000515s ]
NOTIC: [8] Undefined index: goods_state D:\wamp\www\jiadianshop\Application\Runtime\Cache\Home\2a94b8bda04ff446dcedd42276fc99ee.php 第 681 行.
NOTIC: [8] Undefined index: goods_state D:\wamp\www\jiadianshop\Application\Runtime\Cache\Home\2a94b8bda04ff446dcedd42276fc99ee.php 第 681 行.
NOTIC: [8] Undefined index: goods_state D:\wamp\www\jiadianshop\Application\Runtime\Cache\Home\2a94b8bda04ff446dcedd42276fc99ee.php 第 681 行.
NOTIC: [8] Undefined index: goods_state D:\wamp\www\jiadianshop\Application\Runtime\Cache\Home\2a94b8bda04ff446dcedd42276fc99ee.php 第 681 行.
NOTIC: [8] Undefined index: goods_state D:\wamp\www\jiadianshop\Application\Runtime\Cache\Home\2a94b8bda04ff446dcedd42276fc99ee.php 第 681 行.
NOTIC: [8] Undefined index: goods_state D:\wamp\www\jiadianshop\Application\Runtime\Cache\Home\2a94b8bda04ff446dcedd42276fc99ee.php 第 681 行.
NOTIC: [8] Undefined index: index_sale_id D:\wamp\www\jiadianshop\Application\Runtime\Cache\Home\2a94b8bda04ff446dcedd42276fc99ee.php 第 873 行.
NOTIC: [8] Undefined index: index_sale_id D:\wamp\www\jiadianshop\Application\Runtime\Cache\Home\2a94b8bda04ff446dcedd42276fc99ee.php 第 873 行.
NOTIC: [8] Undefined index: goods_state D:\wamp\www\jiadianshop\Application\Runtime\Cache\Home\2a94b8bda04ff446dcedd42276fc99ee.php 第 891 行.
NOTIC: [8] Undefined index: goods_state D:\wamp\www\jiadianshop\Application\Runtime\Cache\Home\2a94b8bda04ff446dcedd42276fc99ee.php 第 893 行.
NOTIC: [8] Undefined index: index_sale_id D:\wamp\www\jiadianshop\Application\Runtime\Cache\Home\2a94b8bda04ff446dcedd42276fc99ee.php 第 873 行.
NOTIC: [8] Undefined index: index_sale_id D:\wamp\www\jiadianshop\Application\Runtime\Cache\Home\2a94b8bda04ff446dcedd42276fc99ee.php 第 873 行.
NOTIC: [8] Undefined variable: 6 D:\wamp\www\jiadianshop\Application\Runtime\Cache\Home\2a94b8bda04ff446dcedd42276fc99ee.php 第 919 行.
NOTIC: [8] Undefined variable: 7 D:\wamp\www\jiadianshop\Application\Runtime\Cache\Home\2a94b8bda04ff446dcedd42276fc99ee.php 第 919 行.
NOTIC: [8] Undefined variable: 8 D:\wamp\www\jiadianshop\Application\Runtime\Cache\Home\2a94b8bda04ff446dcedd42276fc99ee.php 第 919 行.
NOTIC: [8] Undefined variable: 9 D:\wamp\www\jiadianshop\Application\Runtime\Cache\Home\2a94b8bda04ff446dcedd42276fc99ee.php 第 919 行.
NOTIC: [8] Undefined variable: links D:\wamp\www\jiadianshop\Application\Runtime\Cache\Home\2a94b8bda04ff446dcedd42276fc99ee.php 第 1306 行.
INFO: Run Behavior\ParseTemplateBehavior [ RunTime:0.061580s ]
INFO: [ view_parse ] --END-- [ RunTime:0.061690s ]
INFO: [ view_filter ] --START--
INFO: Run Behavior\WriteHtmlCacheBehavior [ RunTime:0.000624s ]
INFO: [ view_filter ] --END-- [ RunTime:0.000700s ]
INFO: [ app_end ] --START--
INFO: Run Behavior\ShowPageTraceBehavior [ RunTime:0.000650s ]
INFO: [ app_end ] --END-- [ RunTime:0.000742s ]

[ 2016-07-01T11:03:23+08:00 ] ::1 /jiadianshop/index.php/Home/Advice/verify.html
INFO: [ app_init ] --START--
INFO: Run Behavior\BuildLiteBehavior [ RunTime:0.000024s ]
INFO: [ app_init ] --END-- [ RunTime:0.000461s ]
INFO: [ app_begin ] --START--
INFO: Run Behavior\ReadHtmlCacheBehavior [ RunTime:0.000572s ]
INFO: [ app_begin ] --END-- [ RunTime:0.000667s ]
NOTIC: [2] ini_set(): A session is active. You cannot change the session module's ini settings at this time D:\wamp\www\jiadianshop\ThinkPHP\Common\functions.php 第 1245 行.
NOTIC: [8] A session had already been started - ignoring session_start() D:\wamp\www\jiadianshop\ThinkPHP\Common\functions.php 第 1263 行.
INFO: [ app_end ] --START--
INFO: Run Behavior\ShowPageTraceBehavior [ RunTime:0.000969s ]
INFO: [ app_end ] --END-- [ RunTime:0.001163s ]

[ 2016-07-01T11:03:23+08:00 ] ::1 /jiadianshop/index.php/Home/Login/checkLogin.html
INFO: [ app_init ] --START--
INFO: Run Behavior\BuildLiteBehavior [ RunTime:0.000025s ]
INFO: [ app_init ] --END-- [ RunTime:0.000508s ]
INFO: [ app_begin ] --START--
INFO: Run Behavior\ReadHtmlCacheBehavior [ RunTime:0.000631s ]
INFO: [ app_begin ] --END-- [ RunTime:0.000721s ]
NOTIC: [2] ini_set(): A session is active. You cannot change the session module's ini settings at this time D:\wamp\www\jiadianshop\ThinkPHP\Common\functions.php 第 1245 行.
NOTIC: [8] A session had already been started - ignoring session_start() D:\wamp\www\jiadianshop\ThinkPHP\Common\functions.php 第 1263 行.
SQL: SHOW COLUMNS FROM `jd_user` [ RunTime:0.0057s ]
SQL: SELECT `user_score` FROM `jd_user` WHERE `user_id` = 13 LIMIT 1   [ RunTime:0.0005s ]
INFO: [ app_end ] --START--
INFO: Run Behavior\ShowPageTraceBehavior [ RunTime:0.000940s ]
INFO: [ app_end ] --END-- [ RunTime:0.001065s ]

[ 2016-07-01T11:03:23+08:00 ] ::1 /jiadianshop/index.php/Home/SmallCat/myShop.html
INFO: [ app_init ] --START--
INFO: Run Behavior\BuildLiteBehavior [ RunTime:0.000064s ]
INFO: [ app_init ] --END-- [ RunTime:0.001648s ]
INFO: [ app_begin ] --START--
INFO: Run Behavior\ReadHtmlCacheBehavior [ RunTime:0.000800s ]
INFO: [ app_begin ] --END-- [ RunTime:0.000921s ]
NOTIC: [2] ini_set(): A session is active. You cannot change the session module's ini settings at this time D:\wamp\www\jiadianshop\ThinkPHP\Common\functions.php 第 1245 行.
NOTIC: [8] A session had already been started - ignoring session_start() D:\wamp\www\jiadianshop\ThinkPHP\Common\functions.php 第 1263 行.
SQL: SHOW COLUMNS FROM `jd_user` [ RunTime:0.0033s ]
SQL: SELECT `user_score` FROM `jd_user` WHERE `user_id` = 13  [ RunTime:0.0003s ]
SQL: SHOW COLUMNS FROM `jd_order` [ RunTime:0.0080s ]
SQL: SELECT COUNT(*) AS tp_count FROM `jd_order` WHERE `user_id` = 13 AND `order_state` = 0 LIMIT 1   [ RunTime:0.0005s ]
SQL: SELECT COUNT(*) AS tp_count FROM `jd_order` WHERE `user_id` = 13 AND `order_state` = 3 LIMIT 1   [ RunTime:0.0004s ]
INFO: [ app_end ] --START--
INFO: Run Behavior\ShowPageTraceBehavior [ RunTime:0.000713s ]
INFO: [ app_end ] --END-- [ RunTime:0.000785s ]

[ 2016-07-01T11:03:23+08:00 ] ::1 /jiadianshop/index.php/Home/SmallCat/myGoods.html
INFO: [ app_init ] --START--
INFO: Run Behavior\BuildLiteBehavior [ RunTime:0.000025s ]
INFO: [ app_init ] --END-- [ RunTime:0.000510s ]
INFO: [ app_begin ] --START--
INFO: Run Behavior\ReadHtmlCacheBehavior [ RunTime:0.000592s ]
INFO: [ app_begin ] --END-- [ RunTime:0.000665s ]
NOTIC: [2] ini_set(): A session is active. You cannot change the session module's ini settings at this time D:\wamp\www\jiadianshop\ThinkPHP\Common\functions.php 第 1245 行.
NOTIC: [8] A session had already been started - ignoring session_start() D:\wamp\www\jiadianshop\ThinkPHP\Common\functions.php 第 1263 行.
NOTIC: [8] Undefined variable: cat_total_num D:\wamp\www\jiadianshop\Application\Home\Controller\SmallCatController.class.php 第 123 行.
NOTIC: [8] Undefined variable: cat_total_price D:\wamp\www\jiadianshop\Application\Home\Controller\SmallCatController.class.php 第 123 行.
NOTIC: [8] Undefined variable: str D:\wamp\www\jiadianshop\Application\Home\Controller\SmallCatController.class.php 第 124 行.
INFO: [ app_end ] --START--
INFO: Run Behavior\ShowPageTraceBehavior [ RunTime:0.000672s ]
INFO: [ app_end ] --END-- [ RunTime:0.000740s ]

[ 2016-07-01T11:03:23+08:00 ] ::1 /jiadianshop/index.php/Home/Category/index.html
INFO: [ app_init ] --START--
INFO: Run Behavior\BuildLiteBehavior [ RunTime:0.000025s ]
INFO: [ app_init ] --END-- [ RunTime:0.000584s ]
INFO: [ app_begin ] --START--
INFO: Run Behavior\ReadHtmlCacheBehavior [ RunTime:0.000700s ]
INFO: [ app_begin ] --END-- [ RunTime:0.000782s ]
NOTIC: [2] ini_set(): A session is active. You cannot change the session module's ini settings at this time D:\wamp\www\jiadianshop\ThinkPHP\Common\functions.php 第 1245 行.
NOTIC: [8] A session had already been started - ignoring session_start() D:\wamp\www\jiadianshop\ThinkPHP\Common\functions.php 第 1263 行.
ERR: 无法加载控制器:Category

[ 2016-07-01T11:03:23+08:00 ] ::1 /jiadianshop/index.php/Home/Advice/makeCategory.html
INFO: [ app_init ] --START--
INFO: Run Behavior\BuildLiteBehavior [ RunTime:0.000023s ]
INFO: [ app_init ] --END-- [ RunTime:0.000522s ]
INFO: [ app_begin ] --START--
INFO: Run Behavior\ReadHtmlCacheBehavior [ RunTime:0.000610s ]
INFO: [ app_begin ] --END-- [ RunTime:0.000690s ]
NOTIC: [2] ini_set(): A session is active. You cannot change the session module's ini settings at this time D:\wamp\www\jiadianshop\ThinkPHP\Common\functions.php 第 1245 行.
NOTIC: [8] A session had already been started - ignoring session_start() D:\wamp\www\jiadianshop\ThinkPHP\Common\functions.php 第 1263 行.
SQL: SHOW COLUMNS FROM `jd_advice_category` [ RunTime:0.0033s ]
SQL: SELECT * FROM `jd_advice_category`  [ RunTime:0.0005s ]
INFO: [ app_end ] --START--
INFO: Run Behavior\ShowPageTraceBehavior [ RunTime:0.000983s ]
INFO: [ app_end ] --END-- [ RunTime:0.001142s ]

[ 2016-07-01T11:03:45+08:00 ] ::1 /jiadianshop/index.php/Home/Product/index/g/6.html
INFO: [ app_init ] --START--
INFO: Run Behavior\BuildLiteBehavior [ RunTime:0.000032s ]
INFO: [ app_init ] --END-- [ RunTime:0.000905s ]
INFO: [ app_begin ] --START--
INFO: Run Behavior\ReadHtmlCacheBehavior [ RunTime:0.001149s ]
INFO: [ app_begin ] --END-- [ RunTime:0.001327s ]
NOTIC: [2] ini_set(): A session is active. You cannot change the session module's ini settings at this time D:\wamp\www\jiadianshop\ThinkPHP\Common\functions.php 第 1245 行.
NOTIC: [8] A session had already been started - ignoring session_start() D:\wamp\www\jiadianshop\ThinkPHP\Common\functions.php 第 1263 行.
SQL: SHOW COLUMNS FROM `jd_goods` [ RunTime:0.0052s ]
SQL: SELECT * FROM `jd_goods` INNER JOIN jd_brands ON jd_goods.cat_id=jd_brands.cat_id INNER JOIN jd_goods_cat ON jd_goods.cat_id=jd_goods_cat.cat_id  WHERE `goods_id` = '6'  [ RunTime:0.0015s ]
SQL: SHOW COLUMNS FROM `jd_comment` [ RunTime:0.0043s ]
SQL: SELECT AVG(comment_score) AS tp_avg FROM `jd_comment` WHERE `goods_id` = 6 LIMIT 1   [ RunTime:0.0005s ]
SQL: SELECT COUNT(*) AS tp_count FROM `jd_comment` WHERE `goods_id` = 6 LIMIT 1   [ RunTime:0.0004s ]
SQL: SELECT COUNT(comment_id) AS tp_count FROM `jd_comment` WHERE `goods_id` = 6 LIMIT 1   [ RunTime:0.0003s ]
SQL: SELECT COUNT(comment_id) AS tp_count FROM `jd_comment` WHERE `goods_id` = 6 AND `comment_score` IN ('4','5') LIMIT 1   [ RunTime:0.0004s ]
SQL: SHOW COLUMNS FROM `jd_comment` [ RunTime:0.0045s ]
SQL: SELECT COUNT(comment_id) AS tp_count FROM `jd_comment` WHERE `goods_id` = 6 AND `comment_score` IN ('2','3') LIMIT 1   [ RunTime:0.0005s ]
SQL: SELECT COUNT(comment_id) AS tp_count FROM `jd_comment` WHERE `goods_id` = 6 AND `comment_score` IN ('0','1') LIMIT 1   [ RunTime:0.0005s ]
SQL: SELECT `attr_id_list`,`attr_value_list` FROM `jd_goods` WHERE `goods_id` = 6 LIMIT 1   [ RunTime:0.0005s ]
SQL: SHOW COLUMNS FROM `jd_goods_attribute` [ RunTime:0.0044s ]
SQL: SELECT `attr_name` FROM `jd_goods_attribute` WHERE `attr_id` = 5 LIMIT 1   [ RunTime:0.0004s ]
SQL: SELECT `attr_name` FROM `jd_goods_attribute` WHERE `attr_id` = 7 LIMIT 1   [ RunTime:0.0003s ]
SQL: SELECT `attr_name` FROM `jd_goods_attribute` WHERE `attr_id` = 8 LIMIT 1   [ RunTime:0.0003s ]
INFO: [ view_parse ] --START--
INFO: [ template_filter ] --START--
INFO: Run Behavior\ContentReplaceBehavior [ RunTime:0.000910s ]
INFO: [ template_filter ] --END-- [ RunTime:0.001136s ]
NOTIC: [8] Undefined variable: goods_desc D:\wamp\www\jiadianshop\Application\Runtime\Cache\Home\3458861da0342b1f9413030055ee3fb6.php 第 794 行.
NOTIC: [8] Undefined variable: sale_attr_name D:\wamp\www\jiadianshop\Application\Runtime\Cache\Home\3458861da0342b1f9413030055ee3fb6.php 第 838 行.
NOTIC: [8] Undefined index: goods_big_pic D:\wamp\www\jiadianshop\Application\Runtime\Cache\Home\3458861da0342b1f9413030055ee3fb6.php 第 1170 行.
NOTIC: [8] Undefined index: goods_weight D:\wamp\www\jiadianshop\Application\Runtime\Cache\Home\3458861da0342b1f9413030055ee3fb6.php 第 1356 行.
NOTIC: [8] Undefined variable: goods_attr_values D:\wamp\www\jiadianshop\Application\Runtime\Cache\Home\3458861da0342b1f9413030055ee3fb6.php 第 1358 行.
INFO: Run Behavior\ParseTemplateBehavior [ RunTime:0.059001s ]
INFO: [ view_parse ] --END-- [ RunTime:0.059133s ]
INFO: [ view_filter ] --START--
INFO: Run Behavior\WriteHtmlCacheBehavior [ RunTime:0.000803s ]
INFO: [ view_filter ] --END-- [ RunTime:0.000911s ]
INFO: [ app_end ] --START--
INFO: Run Behavior\ShowPageTraceBehavior [ RunTime:0.000875s ]
INFO: [ app_end ] --END-- [ RunTime:0.000984s ]

[ 2016-07-01T11:03:46+08:00 ] ::1 /jiadianshop/index.php/Home/Advice/verify.html
INFO: [ app_init ] --START--
INFO: Run Behavior\BuildLiteBehavior [ RunTime:0.000036s ]
INFO: [ app_init ] --END-- [ RunTime:0.000740s ]
INFO: [ app_begin ] --START--
INFO: Run Behavior\ReadHtmlCacheBehavior [ RunTime:0.001786s ]
INFO: [ app_begin ] --END-- [ RunTime:0.001957s ]
NOTIC: [2] ini_set(): A session is active. You cannot change the session module's ini settings at this time D:\wamp\www\jiadianshop\ThinkPHP\Common\functions.php 第 1245 行.
NOTIC: [8] A session had already been started - ignoring session_start() D:\wamp\www\jiadianshop\ThinkPHP\Common\functions.php 第 1263 行.
INFO: [ app_end ] --START--
INFO: Run Behavior\ShowPageTraceBehavior [ RunTime:0.001274s ]
INFO: [ app_end ] --END-- [ RunTime:0.001470s ]

[ 2016-07-01T11:03:46+08:00 ] ::1 /jiadianshop/index.php/Home/Login/checkLogin.html
INFO: [ app_init ] --START--
INFO: Run Behavior\BuildLiteBehavior [ RunTime:0.000040s ]
INFO: [ app_init ] --END-- [ RunTime:0.000749s ]
INFO: [ app_begin ] --START--
INFO: Run Behavior\ReadHtmlCacheBehavior [ RunTime:0.000945s ]
INFO: [ app_begin ] --END-- [ RunTime:0.001121s ]
NOTIC: [2] ini_set(): A session is active. You cannot change the session module's ini settings at this time D:\wamp\www\jiadianshop\ThinkPHP\Common\functions.php 第 1245 行.
NOTIC: [8] A session had already been started - ignoring session_start() D:\wamp\www\jiadianshop\ThinkPHP\Common\functions.php 第 1263 行.
SQL: SHOW COLUMNS FROM `jd_user` [ RunTime:0.0056s ]
SQL: SELECT `user_score` FROM `jd_user` WHERE `user_id` = 13 LIMIT 1   [ RunTime:0.0003s ]
INFO: [ app_end ] --START--
INFO: Run Behavior\ShowPageTraceBehavior [ RunTime:0.000704s ]
INFO: [ app_end ] --END-- [ RunTime:0.000779s ]

[ 2016-07-01T11:03:46+08:00 ] ::1 /jiadianshop/index.php/Home/SmallCat/myShop.html
INFO: [ app_init ] --START--
INFO: Run Behavior\BuildLiteBehavior [ RunTime:0.000023s ]
INFO: [ app_init ] --END-- [ RunTime:0.000457s ]
INFO: [ app_begin ] --START--
INFO: Run Behavior\ReadHtmlCacheBehavior [ RunTime:0.000748s ]
INFO: [ app_begin ] --END-- [ RunTime:0.000832s ]
NOTIC: [2] ini_set(): A session is active. You cannot change the session module's ini settings at this time D:\wamp\www\jiadianshop\ThinkPHP\Common\functions.php 第 1245 行.
NOTIC: [8] A session had already been started - ignoring session_start() D:\wamp\www\jiadianshop\ThinkPHP\Common\functions.php 第 1263 行.
SQL: SHOW COLUMNS FROM `jd_user` [ RunTime:0.0032s ]
SQL: SELECT `user_score` FROM `jd_user` WHERE `user_id` = 13  [ RunTime:0.0003s ]
SQL: SHOW COLUMNS FROM `jd_order` [ RunTime:0.0035s ]
SQL: SELECT COUNT(*) AS tp_count FROM `jd_order` WHERE `user_id` = 13 AND `order_state` = 0 LIMIT 1   [ RunTime:0.0003s ]
SQL: SELECT COUNT(*) AS tp_count FROM `jd_order` WHERE `user_id` = 13 AND `order_state` = 3 LIMIT 1   [ RunTime:0.0002s ]
INFO: [ app_end ] --START--
INFO: Run Behavior\ShowPageTraceBehavior [ RunTime:0.000766s ]
INFO: [ app_end ] --END-- [ RunTime:0.000853s ]

[ 2016-07-01T11:03:46+08:00 ] ::1 /jiadianshop/index.php/Home/SmallCat/myGoods.html
INFO: [ app_init ] --START--
INFO: Run Behavior\BuildLiteBehavior [ RunTime:0.000022s ]
INFO: [ app_init ] --END-- [ RunTime:0.000468s ]
INFO: [ app_begin ] --START--
INFO: Run Behavior\ReadHtmlCacheBehavior [ RunTime:0.000624s ]
INFO: [ app_begin ] --END-- [ RunTime:0.000699s ]
NOTIC: [2] ini_set(): A session is active. You cannot change the session module's ini settings at this time D:\wamp\www\jiadianshop\ThinkPHP\Common\functions.php 第 1245 行.
NOTIC: [8] A session had already been started - ignoring session_start() D:\wamp\www\jiadianshop\ThinkPHP\Common\functions.php 第 1263 行.
NOTIC: [8] Undefined variable: cat_total_num D:\wamp\www\jiadianshop\Application\Home\Controller\SmallCatController.class.php 第 123 行.
NOTIC: [8] Undefined variable: cat_total_price D:\wamp\www\jiadianshop\Application\Home\Controller\SmallCatController.class.php 第 123 行.
NOTIC: [8] Undefined variable: str D:\wamp\www\jiadianshop\Application\Home\Controller\SmallCatController.class.php 第 124 行.
INFO: [ app_end ] --START--
INFO: Run Behavior\ShowPageTraceBehavior [ RunTime:0.000594s ]
INFO: [ app_end ] --END-- [ RunTime:0.000663s ]

[ 2016-07-01T11:03:46+08:00 ] ::1 /jiadianshop/index.php/Home/Category/index.html
INFO: [ app_init ] --START--
INFO: Run Behavior\BuildLiteBehavior [ RunTime:0.000022s ]
INFO: [ app_init ] --END-- [ RunTime:0.000498s ]
INFO: [ app_begin ] --START--
INFO: Run Behavior\ReadHtmlCacheBehavior [ RunTime:0.000606s ]
INFO: [ app_begin ] --END-- [ RunTime:0.000683s ]
NOTIC: [2] ini_set(): A session is active. You cannot change the session module's ini settings at this time D:\wamp\www\jiadianshop\ThinkPHP\Common\functions.php 第 1245 行.
NOTIC: [8] A session had already been started - ignoring session_start() D:\wamp\www\jiadianshop\ThinkPHP\Common\functions.php 第 1263 行.
ERR: 无法加载控制器:Category

[ 2016-07-01T11:03:46+08:00 ] ::1 /jiadianshop/index.php/Home/ScanGoods/add.html
INFO: [ app_init ] --START--
INFO: Run Behavior\BuildLiteBehavior [ RunTime:0.000023s ]
INFO: [ app_init ] --END-- [ RunTime:0.000474s ]
INFO: [ app_begin ] --START--
INFO: Run Behavior\ReadHtmlCacheBehavior [ RunTime:0.000615s ]
INFO: [ app_begin ] --END-- [ RunTime:0.000692s ]
NOTIC: [2] ini_set(): A session is active. You cannot change the session module's ini settings at this time D:\wamp\www\jiadianshop\ThinkPHP\Common\functions.php 第 1245 行.
NOTIC: [8] A session had already been started - ignoring session_start() D:\wamp\www\jiadianshop\ThinkPHP\Common\functions.php 第 1263 行.
INFO: [ app_end ] --START--
INFO: Run Behavior\ShowPageTraceBehavior [ RunTime:0.000516s ]
INFO: [ app_end ] --END-- [ RunTime:0.000590s ]

[ 2016-07-01T11:03:46+08:00 ] ::1 /jiadianshop/index.php/Home/Product/index/g/%7B:U('HotSale/index')%7D
INFO: [ app_init ] --START--
INFO: Run Behavior\BuildLiteBehavior [ RunTime:0.000022s ]
INFO: [ app_init ] --END-- [ RunTime:0.000480s ]
INFO: [ app_begin ] --START--
INFO: Run Behavior\ReadHtmlCacheBehavior [ RunTime:0.000582s ]
INFO: [ app_begin ] --END-- [ RunTime:0.000656s ]
NOTIC: [2] ini_set(): A session is active. You cannot change the session module's ini settings at this time D:\wamp\www\jiadianshop\ThinkPHP\Common\functions.php 第 1245 行.
NOTIC: [8] A session had already been started - ignoring session_start() D:\wamp\www\jiadianshop\ThinkPHP\Common\functions.php 第 1263 行.
SQL: SHOW COLUMNS FROM `jd_goods` [ RunTime:0.0034s ]
SQL: SELECT * FROM `jd_goods` INNER JOIN jd_brands ON jd_goods.cat_id=jd_brands.cat_id INNER JOIN jd_goods_cat ON jd_goods.cat_id=jd_goods_cat.cat_id  WHERE `goods_id` = '{:U(\'HotSale'  [ RunTime:0.0005s ]

[ 2016-07-01T11:03:46+08:00 ] ::1 /jiadianshop/index.php/Home/ScanGoods/index.html
INFO: [ app_init ] --START--
INFO: Run Behavior\BuildLiteBehavior [ RunTime:0.000021s ]
INFO: [ app_init ] --END-- [ RunTime:0.000464s ]
INFO: [ app_begin ] --START--
INFO: Run Behavior\ReadHtmlCacheBehavior [ RunTime:0.000561s ]
INFO: [ app_begin ] --END-- [ RunTime:0.000634s ]
NOTIC: [2] ini_set(): A session is active. You cannot change the session module's ini settings at this time D:\wamp\www\jiadianshop\ThinkPHP\Common\functions.php 第 1245 行.
NOTIC: [8] A session had already been started - ignoring session_start() D:\wamp\www\jiadianshop\ThinkPHP\Common\functions.php 第 1263 行.
SQL: SHOW COLUMNS FROM `jd_goods` [ RunTime:0.0035s ]
SQL: SELECT `goods_id`,`goods_name`,`market_price`,`shop_price`,`goods_thumb_img` FROM `jd_goods` WHERE `goods_id` IN ('7','4')  [ RunTime:0.0004s ]
NOTIC: [8] Undefined variable: str D:\wamp\www\jiadianshop\Application\Home\Controller\ScanGoodsController.class.php 第 72 行.

[ 2016-07-01T11:03:46+08:00 ] ::1 /jiadianshop/index.php/Home/Advice/makeCategory.html
INFO: [ app_init ] --START--
INFO: Run Behavior\BuildLiteBehavior [ RunTime:0.000023s ]
INFO: [ app_init ] --END-- [ RunTime:0.000461s ]
INFO: [ app_begin ] --START--
INFO: Run Behavior\ReadHtmlCacheBehavior [ RunTime:0.000556s ]
INFO: [ app_begin ] --END-- [ RunTime:0.000629s ]
NOTIC: [2] ini_set(): A session is active. You cannot change the session module's ini settings at this time D:\wamp\www\jiadianshop\ThinkPHP\Common\functions.php 第 1245 行.
NOTIC: [8] A session had already been started - ignoring session_start() D:\wamp\www\jiadianshop\ThinkPHP\Common\functions.php 第 1263 行.
SQL: SHOW COLUMNS FROM `jd_advice_category` [ RunTime:0.0030s ]
SQL: SELECT * FROM `jd_advice_category`  [ RunTime:0.0003s ]
INFO: [ app_end ] --START--
INFO: Run Behavior\ShowPageTraceBehavior [ RunTime:0.000706s ]
INFO: [ app_end ] --END-- [ RunTime:0.000788s ]

[ 2016-07-01T11:04:31+08:00 ] ::1 /jiadianshop/index.php/Home/Product/add.html
INFO: [ app_init ] --START--
INFO: Run Behavior\BuildLiteBehavior [ RunTime:0.000031s ]
INFO: [ app_init ] --END-- [ RunTime:0.000759s ]
INFO: [ app_begin ] --START--
INFO: Run Behavior\ReadHtmlCacheBehavior [ RunTime:0.000915s ]
INFO: [ app_begin ] --END-- [ RunTime:0.001026s ]
NOTIC: [2] ini_set(): A session is active. You cannot change the session module's ini settings at this time D:\wamp\www\jiadianshop\ThinkPHP\Common\functions.php 第 1245 行.
NOTIC: [8] A session had already been started - ignoring session_start() D:\wamp\www\jiadianshop\ThinkPHP\Common\functions.php 第 1263 行.
SQL: SHOW COLUMNS FROM `jd_goods` [ RunTime:0.0037s ]
SQL: SELECT * FROM `jd_goods` WHERE `goods_id` = 6  [ RunTime:0.0005s ]
INFO: [ app_end ] --START--
INFO: Run Behavior\ShowPageTraceBehavior [ RunTime:0.000722s ]
INFO: [ app_end ] --END-- [ RunTime:0.000802s ]

[ 2016-07-01T11:04:31+08:00 ] ::1 /jiadianshop/index.php/Home/SmallCat/myGoods.html
INFO: [ app_init ] --START--
INFO: Run Behavior\BuildLiteBehavior [ RunTime:0.000023s ]
INFO: [ app_init ] --END-- [ RunTime:0.000662s ]
INFO: [ app_begin ] --START--
INFO: Run Behavior\ReadHtmlCacheBehavior [ RunTime:0.000928s ]
INFO: [ app_begin ] --END-- [ RunTime:0.001011s ]
NOTIC: [2] ini_set(): A session is active. You cannot change the session module's ini settings at this time D:\wamp\www\jiadianshop\ThinkPHP\Common\functions.php 第 1245 行.
NOTIC: [8] A session had already been started - ignoring session_start() D:\wamp\www\jiadianshop\ThinkPHP\Common\functions.php 第 1263 行.
SQL: SHOW COLUMNS FROM `jd_goods` [ RunTime:0.0044s ]
SQL: SELECT `goods_name`,`goods_thumb_img` FROM `jd_goods` WHERE `goods_id` = 6  [ RunTime:0.0004s ]
NOTIC: [8] Undefined variable: str D:\wamp\www\jiadianshop\Application\Home\Controller\SmallCatController.class.php 第 96 行.
INFO: [ app_end ] --START--
INFO: Run Behavior\ShowPageTraceBehavior [ RunTime:0.000743s ]
INFO: [ app_end ] --END-- [ RunTime:0.000840s ]

[ 2016-07-01T11:04:57+08:00 ] ::1 /jiadianshop/index.php/Home/Cart/index.html
INFO: [ app_init ] --START--
INFO: Run Behavior\BuildLiteBehavior [ RunTime:0.000051s ]
INFO: [ app_init ] --END-- [ RunTime:0.001103s ]
INFO: [ app_begin ] --START--
INFO: Run Behavior\ReadHtmlCacheBehavior [ RunTime:0.001459s ]
INFO: [ app_begin ] --END-- [ RunTime:0.001680s ]
NOTIC: [2] ini_set(): A session is active. You cannot change the session module's ini settings at this time D:\wamp\www\jiadianshop\ThinkPHP\Common\functions.php 第 1245 行.
NOTIC: [8] A session had already been started - ignoring session_start() D:\wamp\www\jiadianshop\ThinkPHP\Common\functions.php 第 1263 行.
INFO: [ view_parse ] --START--
INFO: [ template_filter ] --START--
INFO: Run Behavior\ContentReplaceBehavior [ RunTime:0.000569s ]
INFO: [ template_filter ] --END-- [ RunTime:0.000784s ]
INFO: Run Behavior\ParseTemplateBehavior [ RunTime:0.040949s ]
INFO: [ view_parse ] --END-- [ RunTime:0.041176s ]
INFO: [ view_filter ] --START--
INFO: Run Behavior\WriteHtmlCacheBehavior [ RunTime:0.001356s ]
INFO: [ view_filter ] --END-- [ RunTime:0.001588s ]
INFO: [ app_end ] --START--
INFO: Run Behavior\ShowPageTraceBehavior [ RunTime:0.001434s ]
INFO: [ app_end ] --END-- [ RunTime:0.001656s ]

[ 2016-07-01T11:04:57+08:00 ] ::1 /jiadianshop/index.php/Home/Advice/verify.html
INFO: [ app_init ] --START--
INFO: Run Behavior\BuildLiteBehavior [ RunTime:0.000033s ]
INFO: [ app_init ] --END-- [ RunTime:0.000684s ]
INFO: [ app_begin ] --START--
INFO: Run Behavior\ReadHtmlCacheBehavior [ RunTime:0.000838s ]
INFO: [ app_begin ] --END-- [ RunTime:0.000968s ]
NOTIC: [2] ini_set(): A session is active. You cannot change the session module's ini settings at this time D:\wamp\www\jiadianshop\ThinkPHP\Common\functions.php 第 1245 行.
NOTIC: [8] A session had already been started - ignoring session_start() D:\wamp\www\jiadianshop\ThinkPHP\Common\functions.php 第 1263 行.
INFO: [ app_end ] --START--
INFO: Run Behavior\ShowPageTraceBehavior [ RunTime:0.000932s ]
INFO: [ app_end ] --END-- [ RunTime:0.001081s ]

[ 2016-07-01T11:04:57+08:00 ] ::1 /jiadianshop/index.php/Home/Login/checkLogin.html
INFO: [ app_init ] --START--
INFO: Run Behavior\BuildLiteBehavior [ RunTime:0.000023s ]
INFO: [ app_init ] --END-- [ RunTime:0.000444s ]
INFO: [ app_begin ] --START--
INFO: Run Behavior\ReadHtmlCacheBehavior [ RunTime:0.000985s ]
INFO: [ app_begin ] --END-- [ RunTime:0.001120s ]
NOTIC: [2] ini_set(): A session is active. You cannot change the session module's ini settings at this time D:\wamp\www\jiadianshop\ThinkPHP\Common\functions.php 第 1245 行.
NOTIC: [8] A session had already been started - ignoring session_start() D:\wamp\www\jiadianshop\ThinkPHP\Common\functions.php 第 1263 行.
SQL: SHOW COLUMNS FROM `jd_user` [ RunTime:0.0042s ]
SQL: SELECT `user_score` FROM `jd_user` WHERE `user_id` = 13 LIMIT 1   [ RunTime:0.0005s ]
INFO: [ app_end ] --START--
INFO: Run Behavior\ShowPageTraceBehavior [ RunTime:0.000798s ]
INFO: [ app_end ] --END-- [ RunTime:0.000878s ]

[ 2016-07-01T11:04:57+08:00 ] ::1 /jiadianshop/index.php/Home/Cart/cartContent.html
INFO: [ app_init ] --START--
INFO: Run Behavior\BuildLiteBehavior [ RunTime:0.000037s ]
INFO: [ app_init ] --END-- [ RunTime:0.000697s ]
INFO: [ app_begin ] --START--
INFO: Run Behavior\ReadHtmlCacheBehavior [ RunTime:0.000618s ]
INFO: [ app_begin ] --END-- [ RunTime:0.000746s ]
NOTIC: [2] ini_set(): A session is active. You cannot change the session module's ini settings at this time D:\wamp\www\jiadianshop\ThinkPHP\Common\functions.php 第 1245 行.
NOTIC: [8] A session had already been started - ignoring session_start() D:\wamp\www\jiadianshop\ThinkPHP\Common\functions.php 第 1263 行.
SQL: SHOW COLUMNS FROM `jd_goods` [ RunTime:0.0037s ]
SQL: SELECT * FROM `jd_goods` WHERE `goods_id` = 6  [ RunTime:0.0005s ]
INFO: [ app_end ] --START--
INFO: Run Behavior\ShowPageTraceBehavior [ RunTime:0.000691s ]
INFO: [ app_end ] --END-- [ RunTime:0.000768s ]

[ 2016-07-01T11:04:57+08:00 ] ::1 /jiadianshop/index.php/Home/Advice/makeCategory.html
INFO: [ app_init ] --START--
INFO: Run Behavior\BuildLiteBehavior [ RunTime:0.000033s ]
INFO: [ app_init ] --END-- [ RunTime:0.000669s ]
INFO: [ app_begin ] --START--
INFO: Run Behavior\ReadHtmlCacheBehavior [ RunTime:0.000824s ]
INFO: [ app_begin ] --END-- [ RunTime:0.000943s ]
NOTIC: [2] ini_set(): A session is active. You cannot change the session module's ini settings at this time D:\wamp\www\jiadianshop\ThinkPHP\Common\functions.php 第 1245 行.
NOTIC: [8] A session had already been started - ignoring session_start() D:\wamp\www\jiadianshop\ThinkPHP\Common\functions.php 第 1263 行.
SQL: SHOW COLUMNS FROM `jd_advice_category` [ RunTime:0.0039s ]
SQL: SELECT * FROM `jd_advice_category`  [ RunTime:0.0003s ]
INFO: [ app_end ] --START--
INFO: Run Behavior\ShowPageTraceBehavior [ RunTime:0.000970s ]
INFO: [ app_end ] --END-- [ RunTime:0.001083s ]

