[ 2016-05-11T16:19:36+08:00 ] ::1 /jiadianshop/index.php/Home/Index/index
INFO: [ app_init ] --START--
INFO: Run Behavior\BuildLiteBehavior [ RunTime:0.000028s ]
INFO: [ app_init ] --END-- [ RunTime:0.000581s ]
INFO: [ app_begin ] --START--
INFO: Run Behavior\ReadHtmlCacheBehavior [ RunTime:0.000805s ]
INFO: [ app_begin ] --END-- [ RunTime:0.000904s ]
INFO: [ view_parse ] --START--
INFO: [ template_filter ] --START--
INFO: Run Behavior\ContentReplaceBehavior [ RunTime:0.000519s ]
INFO: [ template_filter ] --END-- [ RunTime:0.000640s ]
NOTIC: [8] Undefined variable: hot D:\wamp\www\jiadianshop\Application\Runtime\Cache\Home\2a94b8bda04ff446dcedd42276fc99ee.php 第 659 行.
NOTIC: [8] Undefined variable: phone D:\wamp\www\jiadianshop\Application\Runtime\Cache\Home\2a94b8bda04ff446dcedd42276fc99ee.php 第 840 行.
NOTIC: [8] Undefined variable: compt D:\wamp\www\jiadianshop\Application\Runtime\Cache\Home\2a94b8bda04ff446dcedd42276fc99ee.php 第 923 行.
NOTIC: [8] Undefined variable: links D:\wamp\www\jiadianshop\Application\Runtime\Cache\Home\2a94b8bda04ff446dcedd42276fc99ee.php 第 1314 行.
INFO: Run Behavior\ParseTemplateBehavior [ RunTime:0.034773s ]
INFO: [ view_parse ] --END-- [ RunTime:0.034919s ]
INFO: [ view_filter ] --START--
INFO: Run Behavior\WriteHtmlCacheBehavior [ RunTime:0.000479s ]
INFO: [ view_filter ] --END-- [ RunTime:0.000566s ]
INFO: [ app_end ] --START--
INFO: Run Behavior\ShowPageTraceBehavior [ RunTime:0.000710s ]
INFO: [ app_end ] --END-- [ RunTime:0.000795s ]

[ 2016-05-11T16:19:36+08:00 ] ::1 /jiadianshop/index.php/Home/Index/__JQUERY__
INFO: [ app_init ] --START--
INFO: Run Behavior\BuildLiteBehavior [ RunTime:0.000040s ]
INFO: [ app_init ] --END-- [ RunTime:0.000791s ]
INFO: [ app_begin ] --START--
INFO: Run Behavior\ReadHtmlCacheBehavior [ RunTime:0.001201s ]
INFO: [ app_begin ] --END-- [ RunTime:0.001372s ]
ERR: 非法操作:__JQUERY__

[ 2016-05-11T16:19:36+08:00 ] ::1 /jiadianshop/index.php/Home/Index/%7B:U('Advice/verify')%7D
INFO: [ app_init ] --START--
INFO: Run Behavior\BuildLiteBehavior [ RunTime:0.000040s ]
INFO: [ app_init ] --END-- [ RunTime:0.000955s ]
INFO: [ app_begin ] --START--
INFO: Run Behavior\ReadHtmlCacheBehavior [ RunTime:0.001232s ]
INFO: [ app_begin ] --END-- [ RunTime:0.001427s ]
ERR: 非法操作:{:U('Advice

[ 2016-05-11T16:19:36+08:00 ] ::1 /jiadianshop/index.php/Home/Index/%7B:U('Advice/verify')%7D
INFO: [ app_init ] --START--
INFO: Run Behavior\BuildLiteBehavior [ RunTime:0.000024s ]
INFO: [ app_init ] --END-- [ RunTime:0.000518s ]
INFO: [ app_begin ] --START--
INFO: Run Behavior\ReadHtmlCacheBehavior [ RunTime:0.001056s ]
INFO: [ app_begin ] --END-- [ RunTime:0.001221s ]
ERR: 非法操作:{:U('Advice

[ 2016-05-11T16:19:36+08:00 ] ::1 /jiadianshop/index.php/Home/Index/%7B:U('SmallCat/myShop')%7D
INFO: [ app_init ] --START--
INFO: Run Behavior\BuildLiteBehavior [ RunTime:0.000035s ]
INFO: [ app_init ] --END-- [ RunTime:0.000788s ]
INFO: [ app_begin ] --START--
INFO: Run Behavior\ReadHtmlCacheBehavior [ RunTime:0.001398s ]
INFO: [ app_begin ] --END-- [ RunTime:0.001588s ]
ERR: 非法操作:{:U('SmallCat

[ 2016-05-11T16:19:36+08:00 ] ::1 /jiadianshop/index.php/Home/Index/%7B:U(%22Login/checkLogin%22)%7D
INFO: [ app_init ] --START--
INFO: Run Behavior\BuildLiteBehavior [ RunTime:0.000039s ]
INFO: [ app_init ] --END-- [ RunTime:0.005317s ]
INFO: [ app_begin ] --START--
INFO: Run Behavior\ReadHtmlCacheBehavior [ RunTime:0.001288s ]
INFO: [ app_begin ] --END-- [ RunTime:0.001450s ]
ERR: 非法操作:{:U("Login

[ 2016-05-11T16:19:36+08:00 ] ::1 /jiadianshop/index.php/Home/Index/%7B:U('SmallCat/myGoods')%7D
INFO: [ app_init ] --START--
INFO: Run Behavior\BuildLiteBehavior [ RunTime:0.000036s ]
INFO: [ app_init ] --END-- [ RunTime:0.000836s ]
INFO: [ app_begin ] --START--
INFO: Run Behavior\ReadHtmlCacheBehavior [ RunTime:0.001203s ]
INFO: [ app_begin ] --END-- [ RunTime:0.001348s ]
ERR: 非法操作:{:U('SmallCat

[ 2016-05-11T16:41:32+08:00 ] ::1 /jiadianshop/index.php/Home/Index/%7B:U('Login/index')%7D
INFO: [ app_init ] --START--
INFO: Run Behavior\BuildLiteBehavior [ RunTime:0.000024s ]
INFO: [ app_init ] --END-- [ RunTime:0.000646s ]
INFO: [ app_begin ] --START--
INFO: Run Behavior\ReadHtmlCacheBehavior [ RunTime:0.000781s ]
INFO: [ app_begin ] --END-- [ RunTime:0.000879s ]
ERR: 非法操作:{:U('Login

[ 2016-05-11T16:41:39+08:00 ] ::1 /jiadianshop/index.php/Home/Index/%7B:U('Advice/verify')%7D
INFO: [ app_init ] --START--
INFO: Run Behavior\BuildLiteBehavior [ RunTime:0.000038s ]
INFO: [ app_init ] --END-- [ RunTime:0.000862s ]
INFO: [ app_begin ] --START--
INFO: Run Behavior\ReadHtmlCacheBehavior [ RunTime:0.001084s ]
INFO: [ app_begin ] --END-- [ RunTime:0.001256s ]
ERR: 非法操作:{:U('Advice

[ 2016-05-11T16:41:40+08:00 ] ::1 /jiadianshop/index.php/Home/Index/%7B:U('Advice/verify')%7D
INFO: [ app_init ] --START--
INFO: Run Behavior\BuildLiteBehavior [ RunTime:0.000039s ]
INFO: [ app_init ] --END-- [ RunTime:0.000823s ]
INFO: [ app_begin ] --START--
INFO: Run Behavior\ReadHtmlCacheBehavior [ RunTime:0.001344s ]
INFO: [ app_begin ] --END-- [ RunTime:0.001533s ]
ERR: 非法操作:{:U('Advice

[ 2016-05-11T16:41:40+08:00 ] ::1 /jiadianshop/index.php/Home/Index/%7B:U('SmallCat/myShop')%7D
INFO: [ app_init ] --START--
INFO: Run Behavior\BuildLiteBehavior [ RunTime:0.000041s ]
INFO: [ app_init ] --END-- [ RunTime:0.000859s ]
INFO: [ app_begin ] --START--
INFO: Run Behavior\ReadHtmlCacheBehavior [ RunTime:0.001626s ]
INFO: [ app_begin ] --END-- [ RunTime:0.001787s ]
ERR: 非法操作:{:U('SmallCat

[ 2016-05-11T16:41:40+08:00 ] ::1 /jiadianshop/index.php/Home/Index/%7B:U('SmallCat/myGoods')%7D
INFO: [ app_init ] --START--
INFO: Run Behavior\BuildLiteBehavior [ RunTime:0.000039s ]
INFO: [ app_init ] --END-- [ RunTime:0.000922s ]
INFO: [ app_begin ] --START--
INFO: Run Behavior\ReadHtmlCacheBehavior [ RunTime:0.001285s ]
INFO: [ app_begin ] --END-- [ RunTime:0.001432s ]
ERR: 非法操作:{:U('SmallCat

[ 2016-05-11T16:41:40+08:00 ] ::1 /jiadianshop/index.php/Home/Index/%7B:U(%22Login/checkLogin%22)%7D
INFO: [ app_init ] --START--
INFO: Run Behavior\BuildLiteBehavior [ RunTime:0.000037s ]
INFO: [ app_init ] --END-- [ RunTime:0.000785s ]
INFO: [ app_begin ] --START--
INFO: Run Behavior\ReadHtmlCacheBehavior [ RunTime:0.000873s ]
INFO: [ app_begin ] --END-- [ RunTime:0.000982s ]
ERR: 非法操作:{:U("Login

[ 2016-05-11T16:42:22+08:00 ] ::1 /jiadianshop/index.php/Home/Index/%7B:U('Login/index')%7D
INFO: [ app_init ] --START--
INFO: Run Behavior\BuildLiteBehavior [ RunTime:0.000022s ]
INFO: [ app_init ] --END-- [ RunTime:0.000505s ]
INFO: [ app_begin ] --START--
INFO: Run Behavior\ReadHtmlCacheBehavior [ RunTime:0.000770s ]
INFO: [ app_begin ] --END-- [ RunTime:0.001591s ]
ERR: 非法操作:{:U('Login

[ 2016-05-11T16:42:30+08:00 ] ::1 /jiadianshop/index.php/Home/Index/%7B:U('Advice/verify')%7D
INFO: [ app_init ] --START--
INFO: Run Behavior\BuildLiteBehavior [ RunTime:0.000042s ]
INFO: [ app_init ] --END-- [ RunTime:0.000955s ]
INFO: [ app_begin ] --START--
INFO: Run Behavior\ReadHtmlCacheBehavior [ RunTime:0.001167s ]
INFO: [ app_begin ] --END-- [ RunTime:0.001350s ]
ERR: 非法操作:{:U('Advice

[ 2016-05-11T16:42:30+08:00 ] ::1 /jiadianshop/index.php/Home/Index/%7B:U('Advice/verify')%7D
INFO: [ app_init ] --START--
INFO: Run Behavior\BuildLiteBehavior [ RunTime:0.000035s ]
INFO: [ app_init ] --END-- [ RunTime:0.000760s ]
INFO: [ app_begin ] --START--
INFO: Run Behavior\ReadHtmlCacheBehavior [ RunTime:0.001284s ]
INFO: [ app_begin ] --END-- [ RunTime:0.001475s ]
ERR: 非法操作:{:U('Advice

[ 2016-05-11T16:42:30+08:00 ] ::1 /jiadianshop/index.php/Home/Index/%7B:U(%22Login/checkLogin%22)%7D
INFO: [ app_init ] --START--
INFO: Run Behavior\BuildLiteBehavior [ RunTime:0.000055s ]
INFO: [ app_init ] --END-- [ RunTime:0.000913s ]
INFO: [ app_begin ] --START--
INFO: Run Behavior\ReadHtmlCacheBehavior [ RunTime:0.001226s ]
INFO: [ app_begin ] --END-- [ RunTime:0.001371s ]
ERR: 非法操作:{:U("Login

[ 2016-05-11T16:42:30+08:00 ] ::1 /jiadianshop/index.php/Home/Index/%7B:U('SmallCat/myShop')%7D
INFO: [ app_init ] --START--
INFO: Run Behavior\BuildLiteBehavior [ RunTime:0.000040s ]
INFO: [ app_init ] --END-- [ RunTime:0.000792s ]
INFO: [ app_begin ] --START--
INFO: Run Behavior\ReadHtmlCacheBehavior [ RunTime:0.000935s ]
INFO: [ app_begin ] --END-- [ RunTime:0.001038s ]
ERR: 非法操作:{:U('SmallCat

[ 2016-05-11T16:42:30+08:00 ] ::1 /jiadianshop/index.php/Home/Index/%7B:U('SmallCat/myGoods')%7D
INFO: [ app_init ] --START--
INFO: Run Behavior\BuildLiteBehavior [ RunTime:0.000036s ]
INFO: [ app_init ] --END-- [ RunTime:0.000745s ]
INFO: [ app_begin ] --START--
INFO: Run Behavior\ReadHtmlCacheBehavior [ RunTime:0.000978s ]
INFO: [ app_begin ] --END-- [ RunTime:0.001125s ]
ERR: 非法操作:{:U('SmallCat

[ 2016-05-11T16:43:20+08:00 ] ::1 /jiadianshop/index.php/Home/Index/index
INFO: [ app_init ] --START--
INFO: Run Behavior\BuildLiteBehavior [ RunTime:0.000029s ]
INFO: [ app_init ] --END-- [ RunTime:0.001153s ]
INFO: [ app_begin ] --START--
INFO: Run Behavior\ReadHtmlCacheBehavior [ RunTime:0.000753s ]
INFO: [ app_begin ] --END-- [ RunTime:0.000854s ]
INFO: [ view_parse ] --START--
INFO: [ template_filter ] --START--
INFO: Run Behavior\ContentReplaceBehavior [ RunTime:0.000726s ]
INFO: [ template_filter ] --END-- [ RunTime:0.000936s ]
NOTIC: [8] Undefined variable: hot D:\wamp\www\jiadianshop\Application\Runtime\Cache\Home\2a94b8bda04ff446dcedd42276fc99ee.php 第 659 行.
NOTIC: [8] Undefined variable: phone D:\wamp\www\jiadianshop\Application\Runtime\Cache\Home\2a94b8bda04ff446dcedd42276fc99ee.php 第 840 行.
NOTIC: [8] Undefined variable: compt D:\wamp\www\jiadianshop\Application\Runtime\Cache\Home\2a94b8bda04ff446dcedd42276fc99ee.php 第 923 行.
NOTIC: [8] Undefined variable: links D:\wamp\www\jiadianshop\Application\Runtime\Cache\Home\2a94b8bda04ff446dcedd42276fc99ee.php 第 1314 行.
INFO: Run Behavior\ParseTemplateBehavior [ RunTime:0.049149s ]
INFO: [ view_parse ] --END-- [ RunTime:0.049257s ]
INFO: [ view_filter ] --START--
INFO: Run Behavior\WriteHtmlCacheBehavior [ RunTime:0.000533s ]
INFO: [ view_filter ] --END-- [ RunTime:0.000620s ]
INFO: [ app_end ] --START--
INFO: Run Behavior\ShowPageTraceBehavior [ RunTime:0.000678s ]
INFO: [ app_end ] --END-- [ RunTime:0.000764s ]

[ 2016-05-11T16:43:20+08:00 ] ::1 /jiadianshop/index.php/Home/Index/__JQUERY__
INFO: [ app_init ] --START--
INFO: Run Behavior\BuildLiteBehavior [ RunTime:0.000039s ]
INFO: [ app_init ] --END-- [ RunTime:0.000848s ]
INFO: [ app_begin ] --START--
INFO: Run Behavior\ReadHtmlCacheBehavior [ RunTime:0.001294s ]
INFO: [ app_begin ] --END-- [ RunTime:0.001471s ]
ERR: 非法操作:__JQUERY__

[ 2016-05-11T16:43:20+08:00 ] ::1 /jiadianshop/index.php/Home/Index/%7B:U('Advice/verify')%7D
INFO: [ app_init ] --START--
INFO: Run Behavior\BuildLiteBehavior [ RunTime:0.000042s ]
INFO: [ app_init ] --END-- [ RunTime:0.003240s ]
INFO: [ app_begin ] --START--
INFO: Run Behavior\ReadHtmlCacheBehavior [ RunTime:0.001289s ]
INFO: [ app_begin ] --END-- [ RunTime:0.001474s ]
ERR: 非法操作:{:U('Advice

[ 2016-05-11T16:43:20+08:00 ] ::1 /jiadianshop/index.php/Home/Index/%7B:U('SmallCat/myShop')%7D
INFO: [ app_init ] --START--
INFO: Run Behavior\BuildLiteBehavior [ RunTime:0.000043s ]
INFO: [ app_init ] --END-- [ RunTime:0.000785s ]
INFO: [ app_begin ] --START--
INFO: Run Behavior\ReadHtmlCacheBehavior [ RunTime:0.011069s ]
INFO: [ app_begin ] --END-- [ RunTime:0.011241s ]
ERR: 非法操作:{:U('SmallCat

[ 2016-05-11T16:43:20+08:00 ] ::1 /jiadianshop/index.php/Home/Index/%7B:U('SmallCat/myGoods')%7D
INFO: [ app_init ] --START--
INFO: Run Behavior\BuildLiteBehavior [ RunTime:0.000037s ]
INFO: [ app_init ] --END-- [ RunTime:0.001857s ]
INFO: [ app_begin ] --START--
INFO: Run Behavior\ReadHtmlCacheBehavior [ RunTime:0.004054s ]
INFO: [ app_begin ] --END-- [ RunTime:0.004253s ]
ERR: 非法操作:{:U('SmallCat

[ 2016-05-11T16:43:20+08:00 ] ::1 /jiadianshop/index.php/Home/Index/%7B:U(%22Login/checkLogin%22)%7D
INFO: [ app_init ] --START--
INFO: Run Behavior\BuildLiteBehavior [ RunTime:0.000075s ]
INFO: [ app_init ] --END-- [ RunTime:0.002318s ]
INFO: [ app_begin ] --START--
INFO: Run Behavior\ReadHtmlCacheBehavior [ RunTime:0.005378s ]
INFO: [ app_begin ] --END-- [ RunTime:0.005555s ]
ERR: 非法操作:{:U("Login

[ 2016-05-11T16:43:29+08:00 ] ::1 /jiadianshop/index.php/Home/Index/index
INFO: [ app_init ] --START--
INFO: Run Behavior\BuildLiteBehavior [ RunTime:0.000038s ]
INFO: [ app_init ] --END-- [ RunTime:0.001018s ]
INFO: [ app_begin ] --START--
INFO: Run Behavior\ReadHtmlCacheBehavior [ RunTime:0.001282s ]
INFO: [ app_begin ] --END-- [ RunTime:0.001427s ]
INFO: [ view_parse ] --START--
INFO: [ template_filter ] --START--
INFO: Run Behavior\ContentReplaceBehavior [ RunTime:0.000484s ]
INFO: [ template_filter ] --END-- [ RunTime:0.000599s ]
NOTIC: [8] Undefined variable: hot D:\wamp\www\jiadianshop\Application\Runtime\Cache\Home\2a94b8bda04ff446dcedd42276fc99ee.php 第 659 行.
NOTIC: [8] Undefined variable: phone D:\wamp\www\jiadianshop\Application\Runtime\Cache\Home\2a94b8bda04ff446dcedd42276fc99ee.php 第 840 行.
NOTIC: [8] Undefined variable: compt D:\wamp\www\jiadianshop\Application\Runtime\Cache\Home\2a94b8bda04ff446dcedd42276fc99ee.php 第 923 行.
NOTIC: [8] Undefined variable: links D:\wamp\www\jiadianshop\Application\Runtime\Cache\Home\2a94b8bda04ff446dcedd42276fc99ee.php 第 1314 行.
INFO: Run Behavior\ParseTemplateBehavior [ RunTime:0.034363s ]
INFO: [ view_parse ] --END-- [ RunTime:0.034730s ]
INFO: [ view_filter ] --START--
INFO: Run Behavior\WriteHtmlCacheBehavior [ RunTime:0.000663s ]
INFO: [ view_filter ] --END-- [ RunTime:0.000820s ]
INFO: [ app_end ] --START--
INFO: Run Behavior\ShowPageTraceBehavior [ RunTime:0.000756s ]
INFO: [ app_end ] --END-- [ RunTime:0.000850s ]

[ 2016-05-11T16:43:29+08:00 ] ::1 /jiadianshop/index.php/Home/Index/__JQUERY__
INFO: [ app_init ] --START--
INFO: Run Behavior\BuildLiteBehavior [ RunTime:0.000041s ]
INFO: [ app_init ] --END-- [ RunTime:0.000809s ]
INFO: [ app_begin ] --START--
INFO: Run Behavior\ReadHtmlCacheBehavior [ RunTime:0.001226s ]
INFO: [ app_begin ] --END-- [ RunTime:0.001404s ]
ERR: 非法操作:__JQUERY__

[ 2016-05-11T16:43:29+08:00 ] ::1 /jiadianshop/index.php/Home/Index/%7B:U('Advice/verify')%7D
INFO: [ app_init ] --START--
INFO: Run Behavior\BuildLiteBehavior [ RunTime:0.000054s ]
INFO: [ app_init ] --END-- [ RunTime:0.001622s ]
INFO: [ app_begin ] --START--
INFO: Run Behavior\ReadHtmlCacheBehavior [ RunTime:0.001444s ]
INFO: [ app_begin ] --END-- [ RunTime:0.001605s ]
ERR: 非法操作:{:U('Advice

[ 2016-05-11T16:43:29+08:00 ] ::1 /jiadianshop/index.php/Home/Index/%7B:U(%22Login/checkLogin%22)%7D
INFO: [ app_init ] --START--
INFO: Run Behavior\BuildLiteBehavior [ RunTime:0.000041s ]
INFO: [ app_init ] --END-- [ RunTime:0.000738s ]
INFO: [ app_begin ] --START--
INFO: Run Behavior\ReadHtmlCacheBehavior [ RunTime:0.001211s ]
INFO: [ app_begin ] --END-- [ RunTime:0.001347s ]
ERR: 非法操作:{:U("Login

[ 2016-05-11T16:43:29+08:00 ] ::1 /jiadianshop/index.php/Home/Index/%7B:U('SmallCat/myShop')%7D
INFO: [ app_init ] --START--
INFO: Run Behavior\BuildLiteBehavior [ RunTime:0.000042s ]
INFO: [ app_init ] --END-- [ RunTime:0.000869s ]
INFO: [ app_begin ] --START--
INFO: Run Behavior\ReadHtmlCacheBehavior [ RunTime:0.001290s ]
INFO: [ app_begin ] --END-- [ RunTime:0.001459s ]
ERR: 非法操作:{:U('SmallCat

[ 2016-05-11T16:43:29+08:00 ] ::1 /jiadianshop/index.php/Home/Index/%7B:U('SmallCat/myGoods')%7D
INFO: [ app_init ] --START--
INFO: Run Behavior\BuildLiteBehavior [ RunTime:0.000038s ]
INFO: [ app_init ] --END-- [ RunTime:0.000985s ]
INFO: [ app_begin ] --START--
INFO: Run Behavior\ReadHtmlCacheBehavior [ RunTime:0.001170s ]
INFO: [ app_begin ] --END-- [ RunTime:0.001325s ]
ERR: 非法操作:{:U('SmallCat

[ 2016-05-11T16:43:35+08:00 ] ::1 /jiadianshop/index.php/Home/Login/index.html
INFO: [ app_init ] --START--
INFO: Run Behavior\BuildLiteBehavior [ RunTime:0.000038s ]
INFO: [ app_init ] --END-- [ RunTime:0.000552s ]
INFO: [ app_begin ] --START--
INFO: Run Behavior\ReadHtmlCacheBehavior [ RunTime:0.000697s ]
INFO: [ app_begin ] --END-- [ RunTime:0.000794s ]
INFO: [ view_parse ] --START--
INFO: [ template_filter ] --START--
INFO: Run Behavior\ContentReplaceBehavior [ RunTime:0.000154s ]
INFO: [ template_filter ] --END-- [ RunTime:0.000272s ]
INFO: Run Behavior\ParseTemplateBehavior [ RunTime:0.010592s ]
INFO: [ view_parse ] --END-- [ RunTime:0.010756s ]
INFO: [ view_filter ] --START--
INFO: Run Behavior\WriteHtmlCacheBehavior [ RunTime:0.000591s ]
INFO: [ view_filter ] --END-- [ RunTime:0.000685s ]
INFO: [ app_end ] --START--
INFO: Run Behavior\ShowPageTraceBehavior [ RunTime:0.000744s ]
INFO: [ app_end ] --END-- [ RunTime:0.000835s ]

[ 2016-05-11T16:43:35+08:00 ] ::1 /jiadianshop/index.php/Home/Login/__JQUERY__
INFO: [ app_init ] --START--
INFO: Run Behavior\BuildLiteBehavior [ RunTime:0.000029s ]
INFO: [ app_init ] --END-- [ RunTime:0.000590s ]
INFO: [ app_begin ] --START--
INFO: Run Behavior\ReadHtmlCacheBehavior [ RunTime:0.001233s ]
INFO: [ app_begin ] --END-- [ RunTime:0.001370s ]
ERR: 非法操作:__JQUERY__

[ 2016-05-11T16:43:35+08:00 ] ::1 /jiadianshop/index.php/Home/Login/%7B:U('Login/verify')%7D
INFO: [ app_init ] --START--
INFO: Run Behavior\BuildLiteBehavior [ RunTime:0.000047s ]
INFO: [ app_init ] --END-- [ RunTime:0.001186s ]
INFO: [ app_begin ] --START--
INFO: Run Behavior\ReadHtmlCacheBehavior [ RunTime:0.001295s ]
INFO: [ app_begin ] --END-- [ RunTime:0.001470s ]
ERR: 非法操作:{:U('Login

[ 2016-05-11T18:54:55+08:00 ] ::1 /jiadianshop/index.php/Home/Login/index.html
INFO: [ app_init ] --START--
INFO: Run Behavior\BuildLiteBehavior [ RunTime:0.000025s ]
INFO: [ app_init ] --END-- [ RunTime:0.000837s ]
INFO: [ app_begin ] --START--
INFO: Run Behavior\ReadHtmlCacheBehavior [ RunTime:0.001044s ]
INFO: [ app_begin ] --END-- [ RunTime:0.001137s ]
NOTIC: [2] preg_match(): No ending delimiter '/' found D:\wamp\www\jiadianshop\Application\Home\Controller\LoginController.class.php 第 14 行.

[ 2016-05-11T18:56:35+08:00 ] ::1 /jiadianshop/index.php/Home/Index/%7B:U('Advice/verify')%7D
INFO: [ app_init ] --START--
INFO: Run Behavior\BuildLiteBehavior [ RunTime:0.000026s ]
INFO: [ app_init ] --END-- [ RunTime:0.000625s ]
INFO: [ app_begin ] --START--
INFO: Run Behavior\ReadHtmlCacheBehavior [ RunTime:0.001380s ]
INFO: [ app_begin ] --END-- [ RunTime:0.001547s ]
ERR: 非法操作:{:U('Advice

[ 2016-05-11T18:56:35+08:00 ] ::1 /jiadianshop/index.php/Home/Index/%7B:U(%22Login/checkLogin%22)%7D
INFO: [ app_init ] --START--
INFO: Run Behavior\BuildLiteBehavior [ RunTime:0.000026s ]
INFO: [ app_init ] --END-- [ RunTime:0.001218s ]
INFO: [ app_begin ] --START--
INFO: Run Behavior\ReadHtmlCacheBehavior [ RunTime:0.002448s ]
INFO: [ app_begin ] --END-- [ RunTime:0.002579s ]
ERR: 非法操作:{:U("Login

[ 2016-05-11T18:56:35+08:00 ] ::1 /jiadianshop/index.php/Home/Index/%7B:U('SmallCat/myShop')%7D
INFO: [ app_init ] --START--
INFO: Run Behavior\BuildLiteBehavior [ RunTime:0.000032s ]
INFO: [ app_init ] --END-- [ RunTime:0.000581s ]
INFO: [ app_begin ] --START--
INFO: Run Behavior\ReadHtmlCacheBehavior [ RunTime:0.001327s ]
INFO: [ app_begin ] --END-- [ RunTime:0.001468s ]
ERR: 非法操作:{:U('SmallCat

[ 2016-05-11T18:56:35+08:00 ] ::1 /jiadianshop/index.php/Home/Index/%7B:U('SmallCat/myGoods')%7D
INFO: [ app_init ] --START--
INFO: Run Behavior\BuildLiteBehavior [ RunTime:0.000022s ]
INFO: [ app_init ] --END-- [ RunTime:0.000546s ]
INFO: [ app_begin ] --START--
INFO: Run Behavior\ReadHtmlCacheBehavior [ RunTime:0.000956s ]
INFO: [ app_begin ] --END-- [ RunTime:0.001044s ]
ERR: 非法操作:{:U('SmallCat

[ 2016-05-11T18:56:36+08:00 ] ::1 /jiadianshop/index.php/Home/Index/index
INFO: [ app_init ] --START--
INFO: Run Behavior\BuildLiteBehavior [ RunTime:0.000026s ]
INFO: [ app_init ] --END-- [ RunTime:0.000564s ]
INFO: [ app_begin ] --START--
INFO: Run Behavior\ReadHtmlCacheBehavior [ RunTime:0.001127s ]
INFO: [ app_begin ] --END-- [ RunTime:0.001289s ]
INFO: [ view_parse ] --START--
INFO: [ template_filter ] --START--
INFO: Run Behavior\ContentReplaceBehavior [ RunTime:0.000480s ]
INFO: [ template_filter ] --END-- [ RunTime:0.000597s ]
NOTIC: [8] Undefined variable: hot D:\wamp\www\jiadianshop\Application\Runtime\Cache\Home\2a94b8bda04ff446dcedd42276fc99ee.php 第 659 行.
NOTIC: [8] Undefined variable: phone D:\wamp\www\jiadianshop\Application\Runtime\Cache\Home\2a94b8bda04ff446dcedd42276fc99ee.php 第 840 行.
NOTIC: [8] Undefined variable: compt D:\wamp\www\jiadianshop\Application\Runtime\Cache\Home\2a94b8bda04ff446dcedd42276fc99ee.php 第 923 行.
NOTIC: [8] Undefined variable: links D:\wamp\www\jiadianshop\Application\Runtime\Cache\Home\2a94b8bda04ff446dcedd42276fc99ee.php 第 1314 行.
INFO: Run Behavior\ParseTemplateBehavior [ RunTime:0.033519s ]
INFO: [ view_parse ] --END-- [ RunTime:0.033621s ]
INFO: [ view_filter ] --START--
INFO: Run Behavior\WriteHtmlCacheBehavior [ RunTime:0.000744s ]
INFO: [ view_filter ] --END-- [ RunTime:0.000835s ]
INFO: [ app_end ] --START--
INFO: Run Behavior\ShowPageTraceBehavior [ RunTime:0.001142s ]
INFO: [ app_end ] --END-- [ RunTime:0.001230s ]

[ 2016-05-11T18:56:37+08:00 ] ::1 /jiadianshop/index.php/Home/Index/__JQUERY__
INFO: [ app_init ] --START--
INFO: Run Behavior\BuildLiteBehavior [ RunTime:0.000037s ]
INFO: [ app_init ] --END-- [ RunTime:0.000609s ]
INFO: [ app_begin ] --START--
INFO: Run Behavior\ReadHtmlCacheBehavior [ RunTime:0.001048s ]
INFO: [ app_begin ] --END-- [ RunTime:0.001211s ]
ERR: 非法操作:__JQUERY__

[ 2016-05-11T18:56:37+08:00 ] ::1 /jiadianshop/index.php/Home/Index/%7B:U(%22Login/checkLogin%22)%7D
INFO: [ app_init ] --START--
INFO: Run Behavior\BuildLiteBehavior [ RunTime:0.000033s ]
INFO: [ app_init ] --END-- [ RunTime:0.000776s ]
INFO: [ app_begin ] --START--
INFO: Run Behavior\ReadHtmlCacheBehavior [ RunTime:0.001355s ]
INFO: [ app_begin ] --END-- [ RunTime:0.001513s ]
ERR: 非法操作:{:U("Login

[ 2016-05-11T18:56:37+08:00 ] ::1 /jiadianshop/index.php/Home/Index/%7B:U('Advice/verify')%7D
INFO: [ app_init ] --START--
INFO: Run Behavior\BuildLiteBehavior [ RunTime:0.000040s ]
INFO: [ app_init ] --END-- [ RunTime:0.001072s ]
INFO: [ app_begin ] --START--
INFO: Run Behavior\ReadHtmlCacheBehavior [ RunTime:0.001551s ]
INFO: [ app_begin ] --END-- [ RunTime:0.001710s ]
ERR: 非法操作:{:U('Advice

[ 2016-05-11T18:56:37+08:00 ] ::1 /jiadianshop/index.php/Home/Index/%7B:U('SmallCat/myShop')%7D
INFO: [ app_init ] --START--
INFO: Run Behavior\BuildLiteBehavior [ RunTime:0.000063s ]
INFO: [ app_init ] --END-- [ RunTime:0.002338s ]
INFO: [ app_begin ] --START--
INFO: Run Behavior\ReadHtmlCacheBehavior [ RunTime:0.001227s ]
INFO: [ app_begin ] --END-- [ RunTime:0.001390s ]
ERR: 非法操作:{:U('SmallCat

[ 2016-05-11T18:56:37+08:00 ] ::1 /jiadianshop/index.php/Home/Index/%7B:U('SmallCat/myGoods')%7D
INFO: [ app_init ] --START--
INFO: Run Behavior\BuildLiteBehavior [ RunTime:0.000042s ]
INFO: [ app_init ] --END-- [ RunTime:0.001275s ]
INFO: [ app_begin ] --START--
INFO: Run Behavior\ReadHtmlCacheBehavior [ RunTime:0.001664s ]
INFO: [ app_begin ] --END-- [ RunTime:0.001836s ]
ERR: 非法操作:{:U('SmallCat

[ 2016-05-11T18:56:39+08:00 ] ::1 /jiadianshop/index.php/Home/Login/index.html
INFO: [ app_init ] --START--
INFO: Run Behavior\BuildLiteBehavior [ RunTime:0.000035s ]
INFO: [ app_init ] --END-- [ RunTime:0.000726s ]
INFO: [ app_begin ] --START--
INFO: Run Behavior\ReadHtmlCacheBehavior [ RunTime:0.001001s ]
INFO: [ app_begin ] --END-- [ RunTime:0.001112s ]
INFO: [ view_parse ] --START--
INFO: [ template_filter ] --START--
INFO: Run Behavior\ContentReplaceBehavior [ RunTime:0.000141s ]
INFO: [ template_filter ] --END-- [ RunTime:0.000254s ]
INFO: Run Behavior\ParseTemplateBehavior [ RunTime:0.010675s ]
INFO: [ view_parse ] --END-- [ RunTime:0.010796s ]
INFO: [ view_filter ] --START--
INFO: Run Behavior\WriteHtmlCacheBehavior [ RunTime:0.000604s ]
INFO: [ view_filter ] --END-- [ RunTime:0.000713s ]
INFO: [ app_end ] --START--
INFO: Run Behavior\ShowPageTraceBehavior [ RunTime:0.001020s ]
INFO: [ app_end ] --END-- [ RunTime:0.001136s ]

[ 2016-05-11T18:56:39+08:00 ] ::1 /jiadianshop/index.php/Home/Login/__JQUERY__
INFO: [ app_init ] --START--
INFO: Run Behavior\BuildLiteBehavior [ RunTime:0.000025s ]
INFO: [ app_init ] --END-- [ RunTime:0.000519s ]
INFO: [ app_begin ] --START--
INFO: Run Behavior\ReadHtmlCacheBehavior [ RunTime:0.001347s ]
INFO: [ app_begin ] --END-- [ RunTime:0.001518s ]
ERR: 非法操作:__JQUERY__

[ 2016-05-11T18:56:39+08:00 ] ::1 /jiadianshop/index.php/Home/Login/%7B:U('Login/verify')%7D
INFO: [ app_init ] --START--
INFO: Run Behavior\BuildLiteBehavior [ RunTime:0.000038s ]
INFO: [ app_init ] --END-- [ RunTime:0.000508s ]
INFO: [ app_begin ] --START--
INFO: Run Behavior\ReadHtmlCacheBehavior [ RunTime:0.001144s ]
INFO: [ app_begin ] --END-- [ RunTime:0.001317s ]
ERR: 非法操作:{:U('Login

[ 2016-05-11T18:56:41+08:00 ] ::1 /jiadianshop/index.php/Home/Login/%7B:U('Login/verify')%7D?0.10252455377286762
INFO: [ app_init ] --START--
INFO: Run Behavior\BuildLiteBehavior [ RunTime:0.000034s ]
INFO: [ app_init ] --END-- [ RunTime:0.000838s ]
INFO: [ app_begin ] --START--
INFO: Run Behavior\ReadHtmlCacheBehavior [ RunTime:0.001285s ]
INFO: [ app_begin ] --END-- [ RunTime:0.001438s ]
ERR: 非法操作:{:U('Login

[ 2016-05-11T18:56:46+08:00 ] ::1 /jiadianshop/index.php/Home/Login/%7B:U('Login/verify')%7D?0.10252455377286762?0.3122990190402881
INFO: [ app_init ] --START--
INFO: Run Behavior\BuildLiteBehavior [ RunTime:0.000022s ]
INFO: [ app_init ] --END-- [ RunTime:0.000500s ]
INFO: [ app_begin ] --START--
INFO: Run Behavior\ReadHtmlCacheBehavior [ RunTime:0.001061s ]
INFO: [ app_begin ] --END-- [ RunTime:0.001174s ]
ERR: 非法操作:{:U('Login

[ 2016-05-11T18:56:47+08:00 ] ::1 /jiadianshop/index.php/Home/Login/%7B:U('Login/verify')%7D?0.10252455377286762?0.3122990190402881?0.44109464987008784
INFO: [ app_init ] --START--
INFO: Run Behavior\BuildLiteBehavior [ RunTime:0.000024s ]
INFO: [ app_init ] --END-- [ RunTime:0.000530s ]
INFO: [ app_begin ] --START--
INFO: Run Behavior\ReadHtmlCacheBehavior [ RunTime:0.000858s ]
INFO: [ app_begin ] --END-- [ RunTime:0.000965s ]
ERR: 非法操作:{:U('Login

[ 2016-05-11T18:56:47+08:00 ] ::1 /jiadianshop/index.php/Home/Login/%7B:U('Login/verify')%7D?0.10252455377286762?0.3122990190402881?0.44109464987008784?0.9393665822627708
INFO: [ app_init ] --START--
INFO: Run Behavior\BuildLiteBehavior [ RunTime:0.000037s ]
INFO: [ app_init ] --END-- [ RunTime:0.000930s ]
INFO: [ app_begin ] --START--
INFO: Run Behavior\ReadHtmlCacheBehavior [ RunTime:0.001387s ]
INFO: [ app_begin ] --END-- [ RunTime:0.001547s ]
ERR: 非法操作:{:U('Login

[ 2016-05-11T18:58:57+08:00 ] ::1 /jiadianshop/index.php/Home/Login/index.html
INFO: [ app_init ] --START--
INFO: Run Behavior\BuildLiteBehavior [ RunTime:0.000025s ]
INFO: [ app_init ] --END-- [ RunTime:0.000554s ]
INFO: [ app_begin ] --START--
INFO: Run Behavior\ReadHtmlCacheBehavior [ RunTime:0.000818s ]
INFO: [ app_begin ] --END-- [ RunTime:0.000913s ]
INFO: [ view_parse ] --START--
INFO: [ template_filter ] --START--
INFO: Run Behavior\ContentReplaceBehavior [ RunTime:0.000136s ]
INFO: [ template_filter ] --END-- [ RunTime:0.000251s ]
INFO: Run Behavior\ParseTemplateBehavior [ RunTime:0.010217s ]
INFO: [ view_parse ] --END-- [ RunTime:0.010338s ]
INFO: [ view_filter ] --START--
INFO: Run Behavior\WriteHtmlCacheBehavior [ RunTime:0.000922s ]
INFO: [ view_filter ] --END-- [ RunTime:0.001016s ]
INFO: [ app_end ] --START--
INFO: Run Behavior\ShowPageTraceBehavior [ RunTime:0.000882s ]
INFO: [ app_end ] --END-- [ RunTime:0.000970s ]

[ 2016-05-11T18:58:57+08:00 ] ::1 /jiadianshop/index.php/Home/Login/__JQUERY__
INFO: [ app_init ] --START--
INFO: Run Behavior\BuildLiteBehavior [ RunTime:0.000036s ]
INFO: [ app_init ] --END-- [ RunTime:0.000802s ]
INFO: [ app_begin ] --START--
INFO: Run Behavior\ReadHtmlCacheBehavior [ RunTime:0.001374s ]
INFO: [ app_begin ] --END-- [ RunTime:0.001493s ]
ERR: 非法操作:__JQUERY__

[ 2016-05-11T18:58:57+08:00 ] ::1 /jiadianshop/index.php/Home/Login/verify.html
INFO: [ app_init ] --START--
INFO: Run Behavior\BuildLiteBehavior [ RunTime:0.000041s ]
INFO: [ app_init ] --END-- [ RunTime:0.001076s ]
INFO: [ app_begin ] --START--
INFO: Run Behavior\ReadHtmlCacheBehavior [ RunTime:0.001649s ]
INFO: [ app_begin ] --END-- [ RunTime:0.001843s ]
INFO: [ app_end ] --START--
INFO: Run Behavior\ShowPageTraceBehavior [ RunTime:0.001320s ]
INFO: [ app_end ] --END-- [ RunTime:0.001488s ]

[ 2016-05-11T18:58:59+08:00 ] ::1 /jiadianshop/index.php/Home/Login/verify.html?0.3834974660907984
INFO: [ app_init ] --START--
INFO: Run Behavior\BuildLiteBehavior [ RunTime:0.000037s ]
INFO: [ app_init ] --END-- [ RunTime:0.000647s ]
INFO: [ app_begin ] --START--
INFO: Run Behavior\ReadHtmlCacheBehavior [ RunTime:0.000938s ]
INFO: [ app_begin ] --END-- [ RunTime:0.001038s ]
INFO: [ app_end ] --START--
INFO: Run Behavior\ShowPageTraceBehavior [ RunTime:0.001032s ]
INFO: [ app_end ] --END-- [ RunTime:0.001155s ]

[ 2016-05-11T18:59:03+08:00 ] ::1 /jiadianshop/index.php/Home/Login/verify.html?0.3834974660907984?0.09149081993890573
INFO: [ app_init ] --START--
INFO: Run Behavior\BuildLiteBehavior [ RunTime:0.000024s ]
INFO: [ app_init ] --END-- [ RunTime:0.000755s ]
INFO: [ app_begin ] --START--
INFO: Run Behavior\ReadHtmlCacheBehavior [ RunTime:0.001039s ]
INFO: [ app_begin ] --END-- [ RunTime:0.001133s ]
INFO: [ app_end ] --START--
INFO: Run Behavior\ShowPageTraceBehavior [ RunTime:0.001042s ]
INFO: [ app_end ] --END-- [ RunTime:0.001160s ]

[ 2016-05-11T18:59:03+08:00 ] ::1 /jiadianshop/index.php/Home/Login/verify.html?0.3834974660907984?0.09149081993890573?0.4757951492819963
INFO: [ app_init ] --START--
INFO: Run Behavior\BuildLiteBehavior [ RunTime:0.000038s ]
INFO: [ app_init ] --END-- [ RunTime:0.000959s ]
INFO: [ app_begin ] --START--
INFO: Run Behavior\ReadHtmlCacheBehavior [ RunTime:0.000915s ]
INFO: [ app_begin ] --END-- [ RunTime:0.001004s ]
INFO: [ app_end ] --START--
INFO: Run Behavior\ShowPageTraceBehavior [ RunTime:0.001123s ]
INFO: [ app_end ] --END-- [ RunTime:0.001239s ]

[ 2016-05-11T18:59:04+08:00 ] ::1 /jiadianshop/index.php/Home/Login/verify.html?0.3834974660907984?0.09149081993890573?0.4757951492819963?0.7361179477093154
INFO: [ app_init ] --START--
INFO: Run Behavior\BuildLiteBehavior [ RunTime:0.000024s ]
INFO: [ app_init ] --END-- [ RunTime:0.000572s ]
INFO: [ app_begin ] --START--
INFO: Run Behavior\ReadHtmlCacheBehavior [ RunTime:0.000909s ]
INFO: [ app_begin ] --END-- [ RunTime:0.001002s ]
INFO: [ app_end ] --START--
INFO: Run Behavior\ShowPageTraceBehavior [ RunTime:0.001094s ]
INFO: [ app_end ] --END-- [ RunTime:0.001202s ]

[ 2016-05-11T18:59:05+08:00 ] ::1 /jiadianshop/index.php/Home/Login/verify.html?0.3834974660907984?0.09149081993890573?0.4757951492819963?0.7361179477093154?0.2618868934420857
INFO: [ app_init ] --START--
INFO: Run Behavior\BuildLiteBehavior [ RunTime:0.000026s ]
INFO: [ app_init ] --END-- [ RunTime:0.000707s ]
INFO: [ app_begin ] --START--
INFO: Run Behavior\ReadHtmlCacheBehavior [ RunTime:0.000879s ]
INFO: [ app_begin ] --END-- [ RunTime:0.000995s ]
INFO: [ app_end ] --START--
INFO: Run Behavior\ShowPageTraceBehavior [ RunTime:0.001274s ]
INFO: [ app_end ] --END-- [ RunTime:0.001402s ]

[ 2016-05-11T18:59:05+08:00 ] ::1 /jiadianshop/index.php/Home/Login/verify.html?0.3834974660907984?0.09149081993890573?0.4757951492819963?0.7361179477093154?0.2618868934420857?0.5453508394575564
INFO: [ app_init ] --START--
INFO: Run Behavior\BuildLiteBehavior [ RunTime:0.000025s ]
INFO: [ app_init ] --END-- [ RunTime:0.000677s ]
INFO: [ app_begin ] --START--
INFO: Run Behavior\ReadHtmlCacheBehavior [ RunTime:0.001001s ]
INFO: [ app_begin ] --END-- [ RunTime:0.001109s ]
INFO: [ app_end ] --START--
INFO: Run Behavior\ShowPageTraceBehavior [ RunTime:0.001080s ]
INFO: [ app_end ] --END-- [ RunTime:0.001192s ]

[ 2016-05-11T18:59:05+08:00 ] ::1 /jiadianshop/index.php/Home/Login/verify.html?0.3834974660907984?0.09149081993890573?0.4757951492819963?0.7361179477093154?0.2618868934420857?0.5453508394575564?0.7735435387115843
INFO: [ app_init ] --START--
INFO: Run Behavior\BuildLiteBehavior [ RunTime:0.000031s ]
INFO: [ app_init ] --END-- [ RunTime:0.000815s ]
INFO: [ app_begin ] --START--
INFO: Run Behavior\ReadHtmlCacheBehavior [ RunTime:0.001541s ]
INFO: [ app_begin ] --END-- [ RunTime:0.001678s ]
INFO: [ app_end ] --START--
INFO: Run Behavior\ShowPageTraceBehavior [ RunTime:0.001382s ]
INFO: [ app_end ] --END-- [ RunTime:0.001529s ]

[ 2016-05-11T18:59:05+08:00 ] ::1 /jiadianshop/index.php/Home/Login/verify.html?0.3834974660907984?0.09149081993890573?0.4757951492819963?0.7361179477093154?0.2618868934420857?0.5453508394575564?0.7735435387115843?0.6379410890323107
INFO: [ app_init ] --START--
INFO: Run Behavior\BuildLiteBehavior [ RunTime:0.000025s ]
INFO: [ app_init ] --END-- [ RunTime:0.000683s ]
INFO: [ app_begin ] --START--
INFO: Run Behavior\ReadHtmlCacheBehavior [ RunTime:0.001193s ]
INFO: [ app_begin ] --END-- [ RunTime:0.001346s ]
INFO: [ app_end ] --START--
INFO: Run Behavior\ShowPageTraceBehavior [ RunTime:0.001356s ]
INFO: [ app_end ] --END-- [ RunTime:0.001466s ]

[ 2016-05-11T18:59:06+08:00 ] ::1 /jiadianshop/index.php/Home/Login/verify.html?0.3834974660907984?0.09149081993890573?0.4757951492819963?0.7361179477093154?0.2618868934420857?0.5453508394575564?0.7735435387115843?0.6379410890323107?0.37036180024366905
INFO: [ app_init ] --START--
INFO: Run Behavior\BuildLiteBehavior [ RunTime:0.000054s ]
INFO: [ app_init ] --END-- [ RunTime:0.000622s ]
INFO: [ app_begin ] --START--
INFO: Run Behavior\ReadHtmlCacheBehavior [ RunTime:0.000974s ]
INFO: [ app_begin ] --END-- [ RunTime:0.001064s ]
INFO: [ app_end ] --START--
INFO: Run Behavior\ShowPageTraceBehavior [ RunTime:0.001273s ]
INFO: [ app_end ] --END-- [ RunTime:0.001423s ]

[ 2016-05-11T18:59:06+08:00 ] ::1 /jiadianshop/index.php/Home/Login/verify.html?0.3834974660907984?0.09149081993890573?0.4757951492819963?0.7361179477093154?0.2618868934420857?0.5453508394575564?0.7735435387115843?0.6379410890323107?0.37036180024366905?0.45280446296790733
INFO: [ app_init ] --START--
INFO: Run Behavior\BuildLiteBehavior [ RunTime:0.000034s ]
INFO: [ app_init ] --END-- [ RunTime:0.000829s ]
INFO: [ app_begin ] --START--
INFO: Run Behavior\ReadHtmlCacheBehavior [ RunTime:0.001308s ]
INFO: [ app_begin ] --END-- [ RunTime:0.001437s ]
INFO: [ app_end ] --START--
INFO: Run Behavior\ShowPageTraceBehavior [ RunTime:0.001150s ]
INFO: [ app_end ] --END-- [ RunTime:0.001263s ]

[ 2016-05-11T18:59:06+08:00 ] ::1 /jiadianshop/index.php/Home/Login/verify.html?0.3834974660907984?0.09149081993890573?0.4757951492819963?0.7361179477093154?0.2618868934420857?0.5453508394575564?0.7735435387115843?0.6379410890323107?0.37036180024366905?0.45280446296790733?0.1172888167577526
INFO: [ app_init ] --START--
INFO: Run Behavior\BuildLiteBehavior [ RunTime:0.000035s ]
INFO: [ app_init ] --END-- [ RunTime:0.000667s ]
INFO: [ app_begin ] --START--
INFO: Run Behavior\ReadHtmlCacheBehavior [ RunTime:0.001172s ]
INFO: [ app_begin ] --END-- [ RunTime:0.001270s ]
INFO: [ app_end ] --START--
INFO: Run Behavior\ShowPageTraceBehavior [ RunTime:0.001011s ]
INFO: [ app_end ] --END-- [ RunTime:0.001126s ]

[ 2016-05-11T18:59:06+08:00 ] ::1 /jiadianshop/index.php/Home/Login/verify.html?0.3834974660907984?0.09149081993890573?0.4757951492819963?0.7361179477093154?0.2618868934420857?0.5453508394575564?0.7735435387115843?0.6379410890323107?0.37036180024366905?0.45280446296790733?0.1172888167577526?0.018631023998661567
INFO: [ app_init ] --START--
INFO: Run Behavior\BuildLiteBehavior [ RunTime:0.000026s ]
INFO: [ app_init ] --END-- [ RunTime:0.000573s ]
INFO: [ app_begin ] --START--
INFO: Run Behavior\ReadHtmlCacheBehavior [ RunTime:0.000942s ]
INFO: [ app_begin ] --END-- [ RunTime:0.001027s ]
INFO: [ app_end ] --START--
INFO: Run Behavior\ShowPageTraceBehavior [ RunTime:0.001046s ]
INFO: [ app_end ] --END-- [ RunTime:0.001156s ]

[ 2016-05-11T18:59:06+08:00 ] ::1 /jiadianshop/index.php/Home/Login/verify.html?0.3834974660907984?0.09149081993890573?0.4757951492819963?0.7361179477093154?0.2618868934420857?0.5453508394575564?0.7735435387115843?0.6379410890323107?0.37036180024366905?0.45280446296790733?0.1172888167577526?0.018631023998661567?0.9309230881377544
INFO: [ app_init ] --START--
INFO: Run Behavior\BuildLiteBehavior [ RunTime:0.000025s ]
INFO: [ app_init ] --END-- [ RunTime:0.000621s ]
INFO: [ app_begin ] --START--
INFO: Run Behavior\ReadHtmlCacheBehavior [ RunTime:0.000926s ]
INFO: [ app_begin ] --END-- [ RunTime:0.001013s ]
INFO: [ app_end ] --START--
INFO: Run Behavior\ShowPageTraceBehavior [ RunTime:0.001042s ]
INFO: [ app_end ] --END-- [ RunTime:0.001158s ]

[ 2016-05-11T18:59:06+08:00 ] ::1 /jiadianshop/index.php/Home/Login/verify.html?0.3834974660907984?0.09149081993890573?0.4757951492819963?0.7361179477093154?0.2618868934420857?0.5453508394575564?0.7735435387115843?0.6379410890323107?0.37036180024366905?0.45280446296790733?0.1172888167577526?0.018631023998661567?0.9309230881377544?0.3094354636949199
INFO: [ app_init ] --START--
INFO: Run Behavior\BuildLiteBehavior [ RunTime:0.000026s ]
INFO: [ app_init ] --END-- [ RunTime:0.000605s ]
INFO: [ app_begin ] --START--
INFO: Run Behavior\ReadHtmlCacheBehavior [ RunTime:0.000908s ]
INFO: [ app_begin ] --END-- [ RunTime:0.001001s ]
INFO: [ app_end ] --START--
INFO: Run Behavior\ShowPageTraceBehavior [ RunTime:0.001067s ]
INFO: [ app_end ] --END-- [ RunTime:0.001195s ]

[ 2016-05-11T18:59:07+08:00 ] ::1 /jiadianshop/index.php/Home/Login/verify.html?0.3834974660907984?0.09149081993890573?0.4757951492819963?0.7361179477093154?0.2618868934420857?0.5453508394575564?0.7735435387115843?0.6379410890323107?0.37036180024366905?0.45280446296790733?0.1172888167577526?0.018631023998661567?0.9309230881377544?0.3094354636949199?0.4970297399562784
INFO: [ app_init ] --START--
INFO: Run Behavior\BuildLiteBehavior [ RunTime:0.000025s ]
INFO: [ app_init ] --END-- [ RunTime:0.000632s ]
INFO: [ app_begin ] --START--
INFO: Run Behavior\ReadHtmlCacheBehavior [ RunTime:0.000960s ]
INFO: [ app_begin ] --END-- [ RunTime:0.001052s ]
INFO: [ app_end ] --START--
INFO: Run Behavior\ShowPageTraceBehavior [ RunTime:0.003631s ]
INFO: [ app_end ] --END-- [ RunTime:0.003762s ]

[ 2016-05-11T18:59:08+08:00 ] ::1 /jiadianshop/index.php/Home/Login/verify.html?0.3834974660907984?0.09149081993890573?0.4757951492819963?0.7361179477093154?0.2618868934420857?0.5453508394575564?0.7735435387115843?0.6379410890323107?0.37036180024366905?0.45280446296790733?0.1172888167577526?0.018631023998661567?0.9309230881377544?0.3094354636949199?0.4970297399562784?0.3814101643074981
INFO: [ app_init ] --START--
INFO: Run Behavior\BuildLiteBehavior [ RunTime:0.000024s ]
INFO: [ app_init ] --END-- [ RunTime:0.000676s ]
INFO: [ app_begin ] --START--
INFO: Run Behavior\ReadHtmlCacheBehavior [ RunTime:0.001290s ]
INFO: [ app_begin ] --END-- [ RunTime:0.001392s ]
INFO: [ app_end ] --START--
INFO: Run Behavior\ShowPageTraceBehavior [ RunTime:0.001226s ]
INFO: [ app_end ] --END-- [ RunTime:0.001344s ]

[ 2016-05-11T18:59:09+08:00 ] ::1 /jiadianshop/index.php/Home/Login/verify.html?0.3834974660907984?0.09149081993890573?0.4757951492819963?0.7361179477093154?0.2618868934420857?0.5453508394575564?0.7735435387115843?0.6379410890323107?0.37036180024366905?0.45280446296790733?0.1172888167577526?0.018631023998661567?0.9309230881377544?0.3094354636949199?0.4970297399562784?0.3814101643074981?0.7243935239044894
INFO: [ app_init ] --START--
INFO: Run Behavior\BuildLiteBehavior [ RunTime:0.000024s ]
INFO: [ app_init ] --END-- [ RunTime:0.000619s ]
INFO: [ app_begin ] --START--
INFO: Run Behavior\ReadHtmlCacheBehavior [ RunTime:0.000935s ]
INFO: [ app_begin ] --END-- [ RunTime:0.001031s ]
INFO: [ app_end ] --START--
INFO: Run Behavior\ShowPageTraceBehavior [ RunTime:0.000987s ]
INFO: [ app_end ] --END-- [ RunTime:0.001136s ]

[ 2016-05-11T18:59:09+08:00 ] ::1 /jiadianshop/index.php/Home/Login/verify.html?0.3834974660907984?0.09149081993890573?0.4757951492819963?0.7361179477093154?0.2618868934420857?0.5453508394575564?0.7735435387115843?0.6379410890323107?0.37036180024366905?0.45280446296790733?0.1172888167577526?0.018631023998661567?0.9309230881377544?0.3094354636949199?0.4970297399562784?0.3814101643074981?0.7243935239044894?0.20529847795717338
INFO: [ app_init ] --START--
INFO: Run Behavior\BuildLiteBehavior [ RunTime:0.000026s ]
INFO: [ app_init ] --END-- [ RunTime:0.000625s ]
INFO: [ app_begin ] --START--
INFO: Run Behavior\ReadHtmlCacheBehavior [ RunTime:0.001007s ]
INFO: [ app_begin ] --END-- [ RunTime:0.001108s ]
INFO: [ app_end ] --START--
INFO: Run Behavior\ShowPageTraceBehavior [ RunTime:0.001014s ]
INFO: [ app_end ] --END-- [ RunTime:0.001129s ]

[ 2016-05-11T18:59:09+08:00 ] ::1 /jiadianshop/index.php/Home/Login/verify.html?0.3834974660907984?0.09149081993890573?0.4757951492819963?0.7361179477093154?0.2618868934420857?0.5453508394575564?0.7735435387115843?0.6379410890323107?0.37036180024366905?0.45280446296790733?0.1172888167577526?0.018631023998661567?0.9309230881377544?0.3094354636949199?0.4970297399562784?0.3814101643074981?0.7243935239044894?0.20529847795717338?0.3105283960886822
INFO: [ app_init ] --START--
INFO: Run Behavior\BuildLiteBehavior [ RunTime:0.000025s ]
INFO: [ app_init ] --END-- [ RunTime:0.000576s ]
INFO: [ app_begin ] --START--
INFO: Run Behavior\ReadHtmlCacheBehavior [ RunTime:0.001247s ]
INFO: [ app_begin ] --END-- [ RunTime:0.001352s ]
INFO: [ app_end ] --START--
INFO: Run Behavior\ShowPageTraceBehavior [ RunTime:0.001029s ]
INFO: [ app_end ] --END-- [ RunTime:0.001259s ]

[ 2016-05-11T18:59:09+08:00 ] ::1 /jiadianshop/index.php/Home/Login/verify.html?0.3834974660907984?0.09149081993890573?0.4757951492819963?0.7361179477093154?0.2618868934420857?0.5453508394575564?0.7735435387115843?0.6379410890323107?0.37036180024366905?0.45280446296790733?0.1172888167577526?0.018631023998661567?0.9309230881377544?0.3094354636949199?0.4970297399562784?0.3814101643074981?0.7243935239044894?0.20529847795717338?0.3105283960886822?0.788216101442591
INFO: [ app_init ] --START--
INFO: Run Behavior\BuildLiteBehavior [ RunTime:0.000024s ]
INFO: [ app_init ] --END-- [ RunTime:0.000604s ]
INFO: [ app_begin ] --START--
INFO: Run Behavior\ReadHtmlCacheBehavior [ RunTime:0.001204s ]
INFO: [ app_begin ] --END-- [ RunTime:0.001324s ]
INFO: [ app_end ] --START--
INFO: Run Behavior\ShowPageTraceBehavior [ RunTime:0.001072s ]
INFO: [ app_end ] --END-- [ RunTime:0.001185s ]

[ 2016-05-11T18:59:10+08:00 ] ::1 /jiadianshop/index.php/Home/Login/verify.html?0.3834974660907984?0.09149081993890573?0.4757951492819963?0.7361179477093154?0.2618868934420857?0.5453508394575564?0.7735435387115843?0.6379410890323107?0.37036180024366905?0.45280446296790733?0.1172888167577526?0.018631023998661567?0.9309230881377544?0.3094354636949199?0.4970297399562784?0.3814101643074981?0.7243935239044894?0.20529847795717338?0.3105283960886822?0.788216101442591?0.7015382908506498
INFO: [ app_init ] --START--
INFO: Run Behavior\BuildLiteBehavior [ RunTime:0.000037s ]
INFO: [ app_init ] --END-- [ RunTime:0.000942s ]
INFO: [ app_begin ] --START--
INFO: Run Behavior\ReadHtmlCacheBehavior [ RunTime:0.000957s ]
INFO: [ app_begin ] --END-- [ RunTime:0.001060s ]
INFO: [ app_end ] --START--
INFO: Run Behavior\ShowPageTraceBehavior [ RunTime:0.001072s ]
INFO: [ app_end ] --END-- [ RunTime:0.001221s ]

[ 2016-05-11T18:59:10+08:00 ] ::1 /jiadianshop/index.php/Home/Login/verify.html?0.3834974660907984?0.09149081993890573?0.4757951492819963?0.7361179477093154?0.2618868934420857?0.5453508394575564?0.7735435387115843?0.6379410890323107?0.37036180024366905?0.45280446296790733?0.1172888167577526?0.018631023998661567?0.9309230881377544?0.3094354636949199?0.4970297399562784?0.3814101643074981?0.7243935239044894?0.20529847795717338?0.3105283960886822?0.788216101442591?0.7015382908506498?0.788742929074707
INFO: [ app_init ] --START--
INFO: Run Behavior\BuildLiteBehavior [ RunTime:0.000029s ]
INFO: [ app_init ] --END-- [ RunTime:0.000679s ]
INFO: [ app_begin ] --START--
INFO: Run Behavior\ReadHtmlCacheBehavior [ RunTime:0.001118s ]
INFO: [ app_begin ] --END-- [ RunTime:0.001232s ]
INFO: [ app_end ] --START--
INFO: Run Behavior\ShowPageTraceBehavior [ RunTime:0.001539s ]
INFO: [ app_end ] --END-- [ RunTime:0.001703s ]

[ 2016-05-11T18:59:10+08:00 ] ::1 /jiadianshop/index.php/Home/Login/verify.html?0.3834974660907984?0.09149081993890573?0.4757951492819963?0.7361179477093154?0.2618868934420857?0.5453508394575564?0.7735435387115843?0.6379410890323107?0.37036180024366905?0.45280446296790733?0.1172888167577526?0.018631023998661567?0.9309230881377544?0.3094354636949199?0.4970297399562784?0.3814101643074981?0.7243935239044894?0.20529847795717338?0.3105283960886822?0.788216101442591?0.7015382908506498?0.788742929074707?0.8172004488072955
INFO: [ app_init ] --START--
INFO: Run Behavior\BuildLiteBehavior [ RunTime:0.000023s ]
INFO: [ app_init ] --END-- [ RunTime:0.000558s ]
INFO: [ app_begin ] --START--
INFO: Run Behavior\ReadHtmlCacheBehavior [ RunTime:0.002073s ]
INFO: [ app_begin ] --END-- [ RunTime:0.002190s ]
INFO: [ app_end ] --START--
INFO: Run Behavior\ShowPageTraceBehavior [ RunTime:0.000966s ]
INFO: [ app_end ] --END-- [ RunTime:0.001073s ]

[ 2016-05-11T18:59:10+08:00 ] ::1 /jiadianshop/index.php/Home/Login/verify.html?0.3834974660907984?0.09149081993890573?0.4757951492819963?0.7361179477093154?0.2618868934420857?0.5453508394575564?0.7735435387115843?0.6379410890323107?0.37036180024366905?0.45280446296790733?0.1172888167577526?0.018631023998661567?0.9309230881377544?0.3094354636949199?0.4970297399562784?0.3814101643074981?0.7243935239044894?0.20529847795717338?0.3105283960886822?0.788216101442591?0.7015382908506498?0.788742929074707?0.8172004488072955?0.7997465225687019
INFO: [ app_init ] --START--
INFO: Run Behavior\BuildLiteBehavior [ RunTime:0.000025s ]
INFO: [ app_init ] --END-- [ RunTime:0.000686s ]
INFO: [ app_begin ] --START--
INFO: Run Behavior\ReadHtmlCacheBehavior [ RunTime:0.001006s ]
INFO: [ app_begin ] --END-- [ RunTime:0.001105s ]
INFO: [ app_end ] --START--
INFO: Run Behavior\ShowPageTraceBehavior [ RunTime:0.001214s ]
INFO: [ app_end ] --END-- [ RunTime:0.001346s ]

[ 2016-05-11T23:52:51+08:00 ] ::1 /jiadianshop/index.php/Home/Login/index.html
INFO: [ app_init ] --START--
INFO: Run Behavior\BuildLiteBehavior [ RunTime:0.000043s ]
INFO: [ app_init ] --END-- [ RunTime:0.000812s ]
INFO: [ app_begin ] --START--
INFO: Run Behavior\ReadHtmlCacheBehavior [ RunTime:0.003287s ]
INFO: [ app_begin ] --END-- [ RunTime:0.003425s ]
INFO: [ view_parse ] --START--
INFO: [ template_filter ] --START--
INFO: Run Behavior\ContentReplaceBehavior [ RunTime:0.000136s ]
INFO: [ template_filter ] --END-- [ RunTime:0.000246s ]
INFO: Run Behavior\ParseTemplateBehavior [ RunTime:0.011114s ]
INFO: [ view_parse ] --END-- [ RunTime:0.011262s ]
INFO: [ view_filter ] --START--
INFO: Run Behavior\WriteHtmlCacheBehavior [ RunTime:0.000707s ]
INFO: [ view_filter ] --END-- [ RunTime:0.000785s ]
INFO: [ app_end ] --START--
INFO: Run Behavior\ShowPageTraceBehavior [ RunTime:0.001456s ]
INFO: [ app_end ] --END-- [ RunTime:0.001582s ]

[ 2016-05-11T23:52:51+08:00 ] ::1 /jiadianshop/index.php/Home/Login/__JQUERY__
INFO: [ app_init ] --START--
INFO: Run Behavior\BuildLiteBehavior [ RunTime:0.000024s ]
INFO: [ app_init ] --END-- [ RunTime:0.000521s ]
INFO: [ app_begin ] --START--
INFO: Run Behavior\ReadHtmlCacheBehavior [ RunTime:0.000780s ]
INFO: [ app_begin ] --END-- [ RunTime:0.000881s ]
ERR: 非法操作:__JQUERY__

[ 2016-05-11T23:52:51+08:00 ] ::1 /jiadianshop/index.php/Home/Login/verify.html
INFO: [ app_init ] --START--
INFO: Run Behavior\BuildLiteBehavior [ RunTime:0.000025s ]
INFO: [ app_init ] --END-- [ RunTime:0.000630s ]
INFO: [ app_begin ] --START--
INFO: Run Behavior\ReadHtmlCacheBehavior [ RunTime:0.001169s ]
INFO: [ app_begin ] --END-- [ RunTime:0.001314s ]
INFO: [ app_end ] --START--
INFO: Run Behavior\ShowPageTraceBehavior [ RunTime:0.001569s ]
INFO: [ app_end ] --END-- [ RunTime:0.001787s ]

[ 2016-05-11T23:52:52+08:00 ] ::1 /jiadianshop/index.php/Home/Login/index.html
INFO: [ app_init ] --START--
INFO: Run Behavior\BuildLiteBehavior [ RunTime:0.000028s ]
INFO: [ app_init ] --END-- [ RunTime:0.000552s ]
INFO: [ app_begin ] --START--
INFO: Run Behavior\ReadHtmlCacheBehavior [ RunTime:0.000823s ]
INFO: [ app_begin ] --END-- [ RunTime:0.000915s ]
INFO: [ view_parse ] --START--
INFO: [ template_filter ] --START--
INFO: Run Behavior\ContentReplaceBehavior [ RunTime:0.000138s ]
INFO: [ template_filter ] --END-- [ RunTime:0.000358s ]
INFO: Run Behavior\ParseTemplateBehavior [ RunTime:0.010701s ]
INFO: [ view_parse ] --END-- [ RunTime:0.010808s ]
INFO: [ view_filter ] --START--
INFO: Run Behavior\WriteHtmlCacheBehavior [ RunTime:0.000609s ]
INFO: [ view_filter ] --END-- [ RunTime:0.000698s ]
INFO: [ app_end ] --START--
INFO: Run Behavior\ShowPageTraceBehavior [ RunTime:0.000954s ]
INFO: [ app_end ] --END-- [ RunTime:0.001044s ]

[ 2016-05-11T23:52:53+08:00 ] ::1 /jiadianshop/index.php/Home/Login/__JQUERY__
INFO: [ app_init ] --START--
INFO: Run Behavior\BuildLiteBehavior [ RunTime:0.000027s ]
INFO: [ app_init ] --END-- [ RunTime:0.000587s ]
INFO: [ app_begin ] --START--
INFO: Run Behavior\ReadHtmlCacheBehavior [ RunTime:0.001002s ]
INFO: [ app_begin ] --END-- [ RunTime:0.001138s ]
ERR: 非法操作:__JQUERY__

[ 2016-05-11T23:52:53+08:00 ] ::1 /jiadianshop/index.php/Home/Login/verify.html
INFO: [ app_init ] --START--
INFO: Run Behavior\BuildLiteBehavior [ RunTime:0.000027s ]
INFO: [ app_init ] --END-- [ RunTime:0.000785s ]
INFO: [ app_begin ] --START--
INFO: Run Behavior\ReadHtmlCacheBehavior [ RunTime:0.001531s ]
INFO: [ app_begin ] --END-- [ RunTime:0.001727s ]
INFO: [ app_end ] --START--
INFO: Run Behavior\ShowPageTraceBehavior [ RunTime:0.001197s ]
INFO: [ app_end ] --END-- [ RunTime:0.001324s ]

[ 2016-05-11T23:52:55+08:00 ] ::1 /jiadianshop/index.php/Home/Login/index.html
INFO: [ app_init ] --START--
INFO: Run Behavior\BuildLiteBehavior [ RunTime:0.000034s ]
INFO: [ app_init ] --END-- [ RunTime:0.000645s ]
INFO: [ app_begin ] --START--
INFO: Run Behavior\ReadHtmlCacheBehavior [ RunTime:0.001048s ]
INFO: [ app_begin ] --END-- [ RunTime:0.001195s ]
INFO: [ view_parse ] --START--
INFO: [ template_filter ] --START--
INFO: Run Behavior\ContentReplaceBehavior [ RunTime:0.000137s ]
INFO: [ template_filter ] --END-- [ RunTime:0.000251s ]
INFO: Run Behavior\ParseTemplateBehavior [ RunTime:0.012353s ]
INFO: [ view_parse ] --END-- [ RunTime:0.012476s ]
INFO: [ view_filter ] --START--
INFO: Run Behavior\WriteHtmlCacheBehavior [ RunTime:0.000734s ]
INFO: [ view_filter ] --END-- [ RunTime:0.000854s ]
INFO: [ app_end ] --START--
INFO: Run Behavior\ShowPageTraceBehavior [ RunTime:0.000884s ]
INFO: [ app_end ] --END-- [ RunTime:0.000974s ]

[ 2016-05-11T23:52:55+08:00 ] ::1 /jiadianshop/index.php/Home/Login/__JQUERY__
INFO: [ app_init ] --START--
INFO: Run Behavior\BuildLiteBehavior [ RunTime:0.000027s ]
INFO: [ app_init ] --END-- [ RunTime:0.000703s ]
INFO: [ app_begin ] --START--
INFO: Run Behavior\ReadHtmlCacheBehavior [ RunTime:0.000855s ]
INFO: [ app_begin ] --END-- [ RunTime:0.000955s ]
ERR: 非法操作:__JQUERY__

[ 2016-05-11T23:52:55+08:00 ] ::1 /jiadianshop/index.php/Home/Login/verify.html
INFO: [ app_init ] --START--
INFO: Run Behavior\BuildLiteBehavior [ RunTime:0.000042s ]
INFO: [ app_init ] --END-- [ RunTime:0.000855s ]
INFO: [ app_begin ] --START--
INFO: Run Behavior\ReadHtmlCacheBehavior [ RunTime:0.001262s ]
INFO: [ app_begin ] --END-- [ RunTime:0.001393s ]
INFO: [ app_end ] --START--
INFO: Run Behavior\ShowPageTraceBehavior [ RunTime:0.001941s ]
INFO: [ app_end ] --END-- [ RunTime:0.002106s ]

[ 2016-05-11T23:52:56+08:00 ] ::1 /jiadianshop/index.php/Home/Login/index.html
INFO: [ app_init ] --START--
INFO: Run Behavior\BuildLiteBehavior [ RunTime:0.000030s ]
INFO: [ app_init ] --END-- [ RunTime:0.000631s ]
INFO: [ app_begin ] --START--
INFO: Run Behavior\ReadHtmlCacheBehavior [ RunTime:0.000795s ]
INFO: [ app_begin ] --END-- [ RunTime:0.000887s ]
INFO: [ view_parse ] --START--
INFO: [ template_filter ] --START--
INFO: Run Behavior\ContentReplaceBehavior [ RunTime:0.000142s ]
INFO: [ template_filter ] --END-- [ RunTime:0.000263s ]
INFO: Run Behavior\ParseTemplateBehavior [ RunTime:0.011214s ]
INFO: [ view_parse ] --END-- [ RunTime:0.011343s ]
INFO: [ view_filter ] --START--
INFO: Run Behavior\WriteHtmlCacheBehavior [ RunTime:0.000766s ]
INFO: [ view_filter ] --END-- [ RunTime:0.000897s ]
INFO: [ app_end ] --START--
INFO: Run Behavior\ShowPageTraceBehavior [ RunTime:0.001117s ]
INFO: [ app_end ] --END-- [ RunTime:0.001254s ]

[ 2016-05-11T23:52:56+08:00 ] ::1 /jiadianshop/index.php/Home/Login/__JQUERY__
INFO: [ app_init ] --START--
INFO: Run Behavior\BuildLiteBehavior [ RunTime:0.000045s ]
INFO: [ app_init ] --END-- [ RunTime:0.000754s ]
INFO: [ app_begin ] --START--
INFO: Run Behavior\ReadHtmlCacheBehavior [ RunTime:0.000866s ]
INFO: [ app_begin ] --END-- [ RunTime:0.001003s ]
ERR: 非法操作:__JQUERY__

[ 2016-05-11T23:52:56+08:00 ] ::1 /jiadianshop/index.php/Home/Login/verify.html
INFO: [ app_init ] --START--
INFO: Run Behavior\BuildLiteBehavior [ RunTime:0.000038s ]
INFO: [ app_init ] --END-- [ RunTime:0.000546s ]
INFO: [ app_begin ] --START--
INFO: Run Behavior\ReadHtmlCacheBehavior [ RunTime:0.001094s ]
INFO: [ app_begin ] --END-- [ RunTime:0.001236s ]
INFO: [ app_end ] --START--
INFO: Run Behavior\ShowPageTraceBehavior [ RunTime:0.001823s ]
INFO: [ app_end ] --END-- [ RunTime:0.002088s ]

[ 2016-05-11T23:52:56+08:00 ] ::1 /jiadianshop/index.php/Home/Login/index.html
INFO: [ app_init ] --START--
INFO: Run Behavior\BuildLiteBehavior [ RunTime:0.000034s ]
INFO: [ app_init ] --END-- [ RunTime:0.000640s ]
INFO: [ app_begin ] --START--
INFO: Run Behavior\ReadHtmlCacheBehavior [ RunTime:0.001001s ]
INFO: [ app_begin ] --END-- [ RunTime:0.001125s ]
INFO: [ view_parse ] --START--
INFO: [ template_filter ] --START--
INFO: Run Behavior\ContentReplaceBehavior [ RunTime:0.000141s ]
INFO: [ template_filter ] --END-- [ RunTime:0.000254s ]
INFO: Run Behavior\ParseTemplateBehavior [ RunTime:0.010884s ]
INFO: [ view_parse ] --END-- [ RunTime:0.010996s ]
INFO: [ view_filter ] --START--
INFO: Run Behavior\WriteHtmlCacheBehavior [ RunTime:0.000614s ]
INFO: [ view_filter ] --END-- [ RunTime:0.000697s ]
INFO: [ app_end ] --START--
INFO: Run Behavior\ShowPageTraceBehavior [ RunTime:0.000836s ]
INFO: [ app_end ] --END-- [ RunTime:0.000921s ]

[ 2016-05-11T23:52:56+08:00 ] ::1 /jiadianshop/index.php/Home/Login/__JQUERY__
INFO: [ app_init ] --START--
INFO: Run Behavior\BuildLiteBehavior [ RunTime:0.000039s ]
INFO: [ app_init ] --END-- [ RunTime:0.000744s ]
INFO: [ app_begin ] --START--
INFO: Run Behavior\ReadHtmlCacheBehavior [ RunTime:0.001333s ]
INFO: [ app_begin ] --END-- [ RunTime:0.001501s ]
ERR: 非法操作:__JQUERY__

[ 2016-05-11T23:52:56+08:00 ] ::1 /jiadianshop/index.php/Home/Login/verify.html
INFO: [ app_init ] --START--
INFO: Run Behavior\BuildLiteBehavior [ RunTime:0.000043s ]
INFO: [ app_init ] --END-- [ RunTime:0.001006s ]
INFO: [ app_begin ] --START--
INFO: Run Behavior\ReadHtmlCacheBehavior [ RunTime:0.001239s ]
INFO: [ app_begin ] --END-- [ RunTime:0.001449s ]
INFO: [ app_end ] --START--
INFO: Run Behavior\ShowPageTraceBehavior [ RunTime:0.001292s ]
INFO: [ app_end ] --END-- [ RunTime:0.001457s ]

[ 2016-05-11T23:52:57+08:00 ] ::1 /jiadianshop/index.php/Home/Login/index.html
INFO: [ app_init ] --START--
INFO: Run Behavior\BuildLiteBehavior [ RunTime:0.000023s ]
INFO: [ app_init ] --END-- [ RunTime:0.000594s ]
INFO: [ app_begin ] --START--
INFO: Run Behavior\ReadHtmlCacheBehavior [ RunTime:0.000921s ]
INFO: [ app_begin ] --END-- [ RunTime:0.001016s ]
INFO: [ view_parse ] --START--
INFO: [ template_filter ] --START--
INFO: Run Behavior\ContentReplaceBehavior [ RunTime:0.000138s ]
INFO: [ template_filter ] --END-- [ RunTime:0.000254s ]
INFO: Run Behavior\ParseTemplateBehavior [ RunTime:0.011831s ]
INFO: [ view_parse ] --END-- [ RunTime:0.011948s ]
INFO: [ view_filter ] --START--
INFO: Run Behavior\WriteHtmlCacheBehavior [ RunTime:0.000656s ]
INFO: [ view_filter ] --END-- [ RunTime:0.000762s ]
INFO: [ app_end ] --START--
INFO: Run Behavior\ShowPageTraceBehavior [ RunTime:0.001046s ]
INFO: [ app_end ] --END-- [ RunTime:0.001169s ]

[ 2016-05-11T23:52:57+08:00 ] ::1 /jiadianshop/index.php/Home/Login/__JQUERY__
INFO: [ app_init ] --START--
INFO: Run Behavior\BuildLiteBehavior [ RunTime:0.000023s ]
INFO: [ app_init ] --END-- [ RunTime:0.000580s ]
INFO: [ app_begin ] --START--
INFO: Run Behavior\ReadHtmlCacheBehavior [ RunTime:0.001023s ]
INFO: [ app_begin ] --END-- [ RunTime:0.001168s ]
ERR: 非法操作:__JQUERY__

[ 2016-05-11T23:52:57+08:00 ] ::1 /jiadianshop/index.php/Home/Login/verify.html
INFO: [ app_init ] --START--
INFO: Run Behavior\BuildLiteBehavior [ RunTime:0.000041s ]
INFO: [ app_init ] --END-- [ RunTime:0.000845s ]
INFO: [ app_begin ] --START--
INFO: Run Behavior\ReadHtmlCacheBehavior [ RunTime:0.001406s ]
INFO: [ app_begin ] --END-- [ RunTime:0.001587s ]
INFO: [ app_end ] --START--
INFO: Run Behavior\ShowPageTraceBehavior [ RunTime:0.001532s ]
INFO: [ app_end ] --END-- [ RunTime:0.001765s ]

[ 2016-05-11T23:53:00+08:00 ] ::1 /jiadianshop/index.php/Home/Login/verify.html?0.950690560921557
INFO: [ app_init ] --START--
INFO: Run Behavior\BuildLiteBehavior [ RunTime:0.000030s ]
INFO: [ app_init ] --END-- [ RunTime:0.002628s ]
INFO: [ app_begin ] --START--
INFO: Run Behavior\ReadHtmlCacheBehavior [ RunTime:0.001537s ]
INFO: [ app_begin ] --END-- [ RunTime:0.001779s ]
INFO: [ app_end ] --START--
INFO: Run Behavior\ShowPageTraceBehavior [ RunTime:0.001797s ]
INFO: [ app_end ] --END-- [ RunTime:0.001966s ]

[ 2016-05-11T23:53:00+08:00 ] ::1 /jiadianshop/index.php/Home/Login/verify.html?0.950690560921557?0.43375435955555086
INFO: [ app_init ] --START--
INFO: Run Behavior\BuildLiteBehavior [ RunTime:0.000025s ]
INFO: [ app_init ] --END-- [ RunTime:0.000595s ]
INFO: [ app_begin ] --START--
INFO: Run Behavior\ReadHtmlCacheBehavior [ RunTime:0.000926s ]
INFO: [ app_begin ] --END-- [ RunTime:0.001043s ]
INFO: [ app_end ] --START--
INFO: Run Behavior\ShowPageTraceBehavior [ RunTime:0.000980s ]
INFO: [ app_end ] --END-- [ RunTime:0.001099s ]

[ 2016-05-11T23:53:01+08:00 ] ::1 /jiadianshop/index.php/Home/Login/verify.html?0.950690560921557?0.43375435955555086?0.0413435528287156
INFO: [ app_init ] --START--
INFO: Run Behavior\BuildLiteBehavior [ RunTime:0.000027s ]
INFO: [ app_init ] --END-- [ RunTime:0.000540s ]
INFO: [ app_begin ] --START--
INFO: Run Behavior\ReadHtmlCacheBehavior [ RunTime:0.000891s ]
INFO: [ app_begin ] --END-- [ RunTime:0.001002s ]
INFO: [ app_end ] --START--
INFO: Run Behavior\ShowPageTraceBehavior [ RunTime:0.000943s ]
INFO: [ app_end ] --END-- [ RunTime:0.001050s ]

[ 2016-05-11T23:53:01+08:00 ] ::1 /jiadianshop/index.php/Home/Login/verify.html?0.950690560921557?0.43375435955555086?0.0413435528287156?0.2970512655172022
INFO: [ app_init ] --START--
INFO: Run Behavior\BuildLiteBehavior [ RunTime:0.000043s ]
INFO: [ app_init ] --END-- [ RunTime:0.000649s ]
INFO: [ app_begin ] --START--
INFO: Run Behavior\ReadHtmlCacheBehavior [ RunTime:0.001160s ]
INFO: [ app_begin ] --END-- [ RunTime:0.001306s ]
INFO: [ app_end ] --START--
INFO: Run Behavior\ShowPageTraceBehavior [ RunTime:0.000909s ]
INFO: [ app_end ] --END-- [ RunTime:0.001024s ]

[ 2016-05-11T23:53:01+08:00 ] ::1 /jiadianshop/index.php/Home/Login/verify.html?0.950690560921557?0.43375435955555086?0.0413435528287156?0.2970512655172022?0.8670037098097911
INFO: [ app_init ] --START--
INFO: Run Behavior\BuildLiteBehavior [ RunTime:0.000026s ]
INFO: [ app_init ] --END-- [ RunTime:0.000541s ]
INFO: [ app_begin ] --START--
INFO: Run Behavior\ReadHtmlCacheBehavior [ RunTime:0.000807s ]
INFO: [ app_begin ] --END-- [ RunTime:0.000902s ]
INFO: [ app_end ] --START--
INFO: Run Behavior\ShowPageTraceBehavior [ RunTime:0.000920s ]
INFO: [ app_end ] --END-- [ RunTime:0.001032s ]

[ 2016-05-11T23:53:01+08:00 ] ::1 /jiadianshop/index.php/Home/Login/verify.html?0.950690560921557?0.43375435955555086?0.0413435528287156?0.2970512655172022?0.8670037098097911?0.22499553904167424
INFO: [ app_init ] --START--
INFO: Run Behavior\BuildLiteBehavior [ RunTime:0.000025s ]
INFO: [ app_init ] --END-- [ RunTime:0.000526s ]
INFO: [ app_begin ] --START--
INFO: Run Behavior\ReadHtmlCacheBehavior [ RunTime:0.000926s ]
INFO: [ app_begin ] --END-- [ RunTime:0.001097s ]
INFO: [ app_end ] --START--
INFO: Run Behavior\ShowPageTraceBehavior [ RunTime:0.001026s ]
INFO: [ app_end ] --END-- [ RunTime:0.001146s ]

[ 2016-05-11T23:53:01+08:00 ] ::1 /jiadianshop/index.php/Home/Login/verify.html?0.950690560921557?0.43375435955555086?0.0413435528287156?0.2970512655172022?0.8670037098097911?0.22499553904167424?0.6056569139333514
INFO: [ app_init ] --START--
INFO: Run Behavior\BuildLiteBehavior [ RunTime:0.000027s ]
INFO: [ app_init ] --END-- [ RunTime:0.000535s ]
INFO: [ app_begin ] --START--
INFO: Run Behavior\ReadHtmlCacheBehavior [ RunTime:0.001078s ]
INFO: [ app_begin ] --END-- [ RunTime:0.001226s ]
INFO: [ app_end ] --START--
INFO: Run Behavior\ShowPageTraceBehavior [ RunTime:0.001230s ]
INFO: [ app_end ] --END-- [ RunTime:0.001389s ]

[ 2016-05-11T23:53:02+08:00 ] ::1 /jiadianshop/index.php/Home/Login/verify.html?0.950690560921557?0.43375435955555086?0.0413435528287156?0.2970512655172022?0.8670037098097911?0.22499553904167424?0.6056569139333514?0.7528938928389577
INFO: [ app_init ] --START--
INFO: Run Behavior\BuildLiteBehavior [ RunTime:0.000047s ]
INFO: [ app_init ] --END-- [ RunTime:0.001011s ]
INFO: [ app_begin ] --START--
INFO: Run Behavior\ReadHtmlCacheBehavior [ RunTime:0.001524s ]
INFO: [ app_begin ] --END-- [ RunTime:0.001704s ]
INFO: [ app_end ] --START--
INFO: Run Behavior\ShowPageTraceBehavior [ RunTime:0.000908s ]
INFO: [ app_end ] --END-- [ RunTime:0.001018s ]

[ 2016-05-11T23:53:02+08:00 ] ::1 /jiadianshop/index.php/Home/Login/verify.html?0.950690560921557?0.43375435955555086?0.0413435528287156?0.2970512655172022?0.8670037098097911?0.22499553904167424?0.6056569139333514?0.7528938928389577?0.7396062870510067
INFO: [ app_init ] --START--
INFO: Run Behavior\BuildLiteBehavior [ RunTime:0.000026s ]
INFO: [ app_init ] --END-- [ RunTime:0.000561s ]
INFO: [ app_begin ] --START--
INFO: Run Behavior\ReadHtmlCacheBehavior [ RunTime:0.000844s ]
INFO: [ app_begin ] --END-- [ RunTime:0.000933s ]
INFO: [ app_end ] --START--
INFO: Run Behavior\ShowPageTraceBehavior [ RunTime:0.001325s ]
INFO: [ app_end ] --END-- [ RunTime:0.001511s ]

[ 2016-05-11T23:53:03+08:00 ] ::1 /jiadianshop/index.php/Home/Login/verify.html?0.950690560921557?0.43375435955555086?0.0413435528287156?0.2970512655172022?0.8670037098097911?0.22499553904167424?0.6056569139333514?0.7528938928389577?0.7396062870510067?0.7228448967026018
INFO: [ app_init ] --START--
INFO: Run Behavior\BuildLiteBehavior [ RunTime:0.000027s ]
INFO: [ app_init ] --END-- [ RunTime:0.000573s ]
INFO: [ app_begin ] --START--
INFO: Run Behavior\ReadHtmlCacheBehavior [ RunTime:0.000956s ]
INFO: [ app_begin ] --END-- [ RunTime:0.001085s ]
INFO: [ app_end ] --START--
INFO: Run Behavior\ShowPageTraceBehavior [ RunTime:0.001114s ]
INFO: [ app_end ] --END-- [ RunTime:0.001286s ]

[ 2016-05-11T23:53:03+08:00 ] ::1 /jiadianshop/index.php/Home/Login/verify.html?0.950690560921557?0.43375435955555086?0.0413435528287156?0.2970512655172022?0.8670037098097911?0.22499553904167424?0.6056569139333514?0.7528938928389577?0.7396062870510067?0.7228448967026018?0.21319902275175528
INFO: [ app_init ] --START--
INFO: Run Behavior\BuildLiteBehavior [ RunTime:0.000036s ]
INFO: [ app_init ] --END-- [ RunTime:0.000777s ]
INFO: [ app_begin ] --START--
INFO: Run Behavior\ReadHtmlCacheBehavior [ RunTime:0.000863s ]
INFO: [ app_begin ] --END-- [ RunTime:0.000960s ]
INFO: [ app_end ] --START--
INFO: Run Behavior\ShowPageTraceBehavior [ RunTime:0.000895s ]
INFO: [ app_end ] --END-- [ RunTime:0.001029s ]

[ 2016-05-11T23:53:03+08:00 ] ::1 /jiadianshop/index.php/Home/Login/verify.html?0.950690560921557?0.43375435955555086?0.0413435528287156?0.2970512655172022?0.8670037098097911?0.22499553904167424?0.6056569139333514?0.7528938928389577?0.7396062870510067?0.7228448967026018?0.21319902275175528?0.9885580579305508
INFO: [ app_init ] --START--
INFO: Run Behavior\BuildLiteBehavior [ RunTime:0.000037s ]
INFO: [ app_init ] --END-- [ RunTime:0.000742s ]
INFO: [ app_begin ] --START--
INFO: Run Behavior\ReadHtmlCacheBehavior [ RunTime:0.001287s ]
INFO: [ app_begin ] --END-- [ RunTime:0.001502s ]
INFO: [ app_end ] --START--
INFO: Run Behavior\ShowPageTraceBehavior [ RunTime:0.001019s ]
INFO: [ app_end ] --END-- [ RunTime:0.001305s ]

[ 2016-05-11T23:53:04+08:00 ] ::1 /jiadianshop/index.php/Home/Login/verify.html?0.950690560921557?0.43375435955555086?0.0413435528287156?0.2970512655172022?0.8670037098097911?0.22499553904167424?0.6056569139333514?0.7528938928389577?0.7396062870510067?0.7228448967026018?0.21319902275175528?0.9885580579305508?0.7926403981726737
INFO: [ app_init ] --START--
INFO: Run Behavior\BuildLiteBehavior [ RunTime:0.000024s ]
INFO: [ app_init ] --END-- [ RunTime:0.000546s ]
INFO: [ app_begin ] --START--
INFO: Run Behavior\ReadHtmlCacheBehavior [ RunTime:0.001036s ]
INFO: [ app_begin ] --END-- [ RunTime:0.001141s ]
INFO: [ app_end ] --START--
INFO: Run Behavior\ShowPageTraceBehavior [ RunTime:0.000939s ]
INFO: [ app_end ] --END-- [ RunTime:0.001053s ]

[ 2016-05-11T23:53:04+08:00 ] ::1 /jiadianshop/index.php/Home/Login/verify.html?0.950690560921557?0.43375435955555086?0.0413435528287156?0.2970512655172022?0.8670037098097911?0.22499553904167424?0.6056569139333514?0.7528938928389577?0.7396062870510067?0.7228448967026018?0.21319902275175528?0.9885580579305508?0.7926403981726737?0.8482360735524994
INFO: [ app_init ] --START--
INFO: Run Behavior\BuildLiteBehavior [ RunTime:0.000026s ]
INFO: [ app_init ] --END-- [ RunTime:0.000540s ]
INFO: [ app_begin ] --START--
INFO: Run Behavior\ReadHtmlCacheBehavior [ RunTime:0.000848s ]
INFO: [ app_begin ] --END-- [ RunTime:0.000938s ]
INFO: [ app_end ] --START--
INFO: Run Behavior\ShowPageTraceBehavior [ RunTime:0.001229s ]
INFO: [ app_end ] --END-- [ RunTime:0.001381s ]

[ 2016-05-11T23:53:04+08:00 ] ::1 /jiadianshop/index.php/Home/Login/verify.html?0.950690560921557?0.43375435955555086?0.0413435528287156?0.2970512655172022?0.8670037098097911?0.22499553904167424?0.6056569139333514?0.7528938928389577?0.7396062870510067?0.7228448967026018?0.21319902275175528?0.9885580579305508?0.7926403981726737?0.8482360735524994?0.647943975653114
INFO: [ app_init ] --START--
INFO: Run Behavior\BuildLiteBehavior [ RunTime:0.000024s ]
INFO: [ app_init ] --END-- [ RunTime:0.000545s ]
INFO: [ app_begin ] --START--
INFO: Run Behavior\ReadHtmlCacheBehavior [ RunTime:0.000856s ]
INFO: [ app_begin ] --END-- [ RunTime:0.000953s ]
INFO: [ app_end ] --START--
INFO: Run Behavior\ShowPageTraceBehavior [ RunTime:0.001231s ]
INFO: [ app_end ] --END-- [ RunTime:0.001388s ]

[ 2016-05-11T23:53:05+08:00 ] ::1 /jiadianshop/index.php/Home/Login/verify.html?0.950690560921557?0.43375435955555086?0.0413435528287156?0.2970512655172022?0.8670037098097911?0.22499553904167424?0.6056569139333514?0.7528938928389577?0.7396062870510067?0.7228448967026018?0.21319902275175528?0.9885580579305508?0.7926403981726737?0.8482360735524994?0.647943975653114?0.13752034956488246
INFO: [ app_init ] --START--
INFO: Run Behavior\BuildLiteBehavior [ RunTime:0.000026s ]
INFO: [ app_init ] --END-- [ RunTime:0.000537s ]
INFO: [ app_begin ] --START--
INFO: Run Behavior\ReadHtmlCacheBehavior [ RunTime:0.001014s ]
INFO: [ app_begin ] --END-- [ RunTime:0.001107s ]
INFO: [ app_end ] --START--
INFO: Run Behavior\ShowPageTraceBehavior [ RunTime:0.001010s ]
INFO: [ app_end ] --END-- [ RunTime:0.001125s ]

[ 2016-05-11T23:53:05+08:00 ] ::1 /jiadianshop/index.php/Home/Login/verify.html?0.950690560921557?0.43375435955555086?0.0413435528287156?0.2970512655172022?0.8670037098097911?0.22499553904167424?0.6056569139333514?0.7528938928389577?0.7396062870510067?0.7228448967026018?0.21319902275175528?0.9885580579305508?0.7926403981726737?0.8482360735524994?0.647943975653114?0.13752034956488246?0.48138970663414105
INFO: [ app_init ] --START--
INFO: Run Behavior\BuildLiteBehavior [ RunTime:0.000024s ]
INFO: [ app_init ] --END-- [ RunTime:0.000552s ]
INFO: [ app_begin ] --START--
INFO: Run Behavior\ReadHtmlCacheBehavior [ RunTime:0.000879s ]
INFO: [ app_begin ] --END-- [ RunTime:0.001026s ]
INFO: [ app_end ] --START--
INFO: Run Behavior\ShowPageTraceBehavior [ RunTime:0.001220s ]
INFO: [ app_end ] --END-- [ RunTime:0.001345s ]

[ 2016-05-11T23:53:06+08:00 ] ::1 /jiadianshop/index.php/Home/Login/verify.html?0.950690560921557?0.43375435955555086?0.0413435528287156?0.2970512655172022?0.8670037098097911?0.22499553904167424?0.6056569139333514?0.7528938928389577?0.7396062870510067?0.7228448967026018?0.21319902275175528?0.9885580579305508?0.7926403981726737?0.8482360735524994?0.647943975653114?0.13752034956488246?0.48138970663414105?0.16338168861614122
INFO: [ app_init ] --START--
INFO: Run Behavior\BuildLiteBehavior [ RunTime:0.000025s ]
INFO: [ app_init ] --END-- [ RunTime:0.000555s ]
INFO: [ app_begin ] --START--
INFO: Run Behavior\ReadHtmlCacheBehavior [ RunTime:0.000859s ]
INFO: [ app_begin ] --END-- [ RunTime:0.000944s ]
INFO: [ app_end ] --START--
INFO: Run Behavior\ShowPageTraceBehavior [ RunTime:0.001039s ]
INFO: [ app_end ] --END-- [ RunTime:0.001167s ]

[ 2016-05-11T23:53:07+08:00 ] ::1 /jiadianshop/index.php/Home/Login/verify.html?0.950690560921557?0.43375435955555086?0.0413435528287156?0.2970512655172022?0.8670037098097911?0.22499553904167424?0.6056569139333514?0.7528938928389577?0.7396062870510067?0.7228448967026018?0.21319902275175528?0.9885580579305508?0.7926403981726737?0.8482360735524994?0.647943975653114?0.13752034956488246?0.48138970663414105?0.16338168861614122?0.2231819981215597
INFO: [ app_init ] --START--
INFO: Run Behavior\BuildLiteBehavior [ RunTime:0.000028s ]
INFO: [ app_init ] --END-- [ RunTime:0.000701s ]
INFO: [ app_begin ] --START--
INFO: Run Behavior\ReadHtmlCacheBehavior [ RunTime:0.001062s ]
INFO: [ app_begin ] --END-- [ RunTime:0.001178s ]
INFO: [ app_end ] --START--
INFO: Run Behavior\ShowPageTraceBehavior [ RunTime:0.001070s ]
INFO: [ app_end ] --END-- [ RunTime:0.001197s ]

[ 2016-05-11T23:53:08+08:00 ] ::1 /jiadianshop/index.php/Home/Login/verify.html?0.950690560921557?0.43375435955555086?0.0413435528287156?0.2970512655172022?0.8670037098097911?0.22499553904167424?0.6056569139333514?0.7528938928389577?0.7396062870510067?0.7228448967026018?0.21319902275175528?0.9885580579305508?0.7926403981726737?0.8482360735524994?0.647943975653114?0.13752034956488246?0.48138970663414105?0.16338168861614122?0.2231819981215597?0.009579923395117484
INFO: [ app_init ] --START--
INFO: Run Behavior\BuildLiteBehavior [ RunTime:0.000025s ]
INFO: [ app_init ] --END-- [ RunTime:0.000540s ]
INFO: [ app_begin ] --START--
INFO: Run Behavior\ReadHtmlCacheBehavior [ RunTime:0.000850s ]
INFO: [ app_begin ] --END-- [ RunTime:0.000937s ]
INFO: [ app_end ] --START--
INFO: Run Behavior\ShowPageTraceBehavior [ RunTime:0.001014s ]
INFO: [ app_end ] --END-- [ RunTime:0.001132s ]

[ 2016-05-11T23:53:08+08:00 ] ::1 /jiadianshop/index.php/Home/Login/verify.html?0.950690560921557?0.43375435955555086?0.0413435528287156?0.2970512655172022?0.8670037098097911?0.22499553904167424?0.6056569139333514?0.7528938928389577?0.7396062870510067?0.7228448967026018?0.21319902275175528?0.9885580579305508?0.7926403981726737?0.8482360735524994?0.647943975653114?0.13752034956488246?0.48138970663414105?0.16338168861614122?0.2231819981215597?0.009579923395117484?0.4534698477069532
INFO: [ app_init ] --START--
INFO: Run Behavior\BuildLiteBehavior [ RunTime:0.000044s ]
INFO: [ app_init ] --END-- [ RunTime:0.001011s ]
INFO: [ app_begin ] --START--
INFO: Run Behavior\ReadHtmlCacheBehavior [ RunTime:0.002098s ]
INFO: [ app_begin ] --END-- [ RunTime:0.002280s ]
INFO: [ app_end ] --START--
INFO: Run Behavior\ShowPageTraceBehavior [ RunTime:0.001206s ]
INFO: [ app_end ] --END-- [ RunTime:0.001418s ]

[ 2016-05-11T23:53:31+08:00 ] ::1 /jiadianshop/index.php/Home/Login/%7B:U('Sign/index')%7D
INFO: [ app_init ] --START--
INFO: Run Behavior\BuildLiteBehavior [ RunTime:0.000031s ]
INFO: [ app_init ] --END-- [ RunTime:0.001912s ]
INFO: [ app_begin ] --START--
INFO: Run Behavior\ReadHtmlCacheBehavior [ RunTime:0.000896s ]
INFO: [ app_begin ] --END-- [ RunTime:0.001001s ]
ERR: 非法操作:{:U('Sign

