[ 2017-02-20T17:30:02+08:00 ] ::1 /jiadianshop/
INFO: [ app_init ] --START--
INFO: Run Behavior\BuildLiteBehavior [ RunTime:0.000000s ]
INFO: [ app_init ] --END-- [ RunTime:0.003001s ]
INFO: [ app_begin ] --START--
INFO: Run Behavior\ReadHtmlCacheBehavior [ RunTime:0.002001s ]
INFO: [ app_begin ] --END-- [ RunTime:0.004001s ]
SQL: SHOW COLUMNS FROM `jd_goods` [ RunTime:0.0260s ]
SQL: SELECT * FROM `jd_goods` WHERE `is_hot` = 1 ORDER BY goods_id desc LIMIT 0,6   [ RunTime:0.0010s ]
SQL: SELECT * FROM `jd_goods` WHERE `cat_id` = 9 AND `is_delete` = 0  [ RunTime:0.0020s ]
SQL: SELECT * FROM `jd_goods` WHERE `cat_id` = 7 AND `is_delete` = 0  [ RunTime:0.0010s ]
SQL: SHOW COLUMNS FROM `jd_advertise` [ RunTime:0.0120s ]
SQL: SELECT * FROM `jd_advertise` INNER JOIN jd_advertise_pos ON jd_advertise.ad_pos_id=jd_advertise_pos.pos_id  WHERE `is_on` = 1 AND `pos_id` = 2 ORDER BY id desc LIMIT 5   [ RunTime:0.0230s ]
SQL: SELECT * FROM `jd_advertise` INNER JOIN jd_advertise_pos ON jd_advertise.ad_pos_id=jd_advertise_pos.pos_id  WHERE `is_on` = 1 AND `pos_id` = 3 ORDER BY id desc LIMIT 5   [ RunTime:0.0010s ]
SQL: SELECT * FROM `jd_advertise` INNER JOIN jd_advertise_pos ON jd_advertise.ad_pos_id=jd_advertise_pos.pos_id  WHERE `is_on` = 1 AND `pos_id` = 1 ORDER BY id desc LIMIT 3   [ RunTime:0.0020s ]
SQL: SHOW COLUMNS FROM `jd_article` [ RunTime:0.0060s ]
SQL: SELECT * FROM `jd_article` WHERE `cat_id` = 12  [ RunTime:0.0010s ]
INFO: [ view_parse ] --START--
INFO: [ template_filter ] --START--
INFO: Run Behavior\ContentReplaceBehavior [ RunTime:0.002000s ]
INFO: [ template_filter ] --END-- [ RunTime:0.004000s ]
NOTIC: [8] Undefined index: goods_state D:\wamp\www\jiadianshop\Application\Runtime\Cache\Home\2a94b8bda04ff446dcedd42276fc99ee.php 第 681 行.
NOTIC: [8] Undefined index: goods_state D:\wamp\www\jiadianshop\Application\Runtime\Cache\Home\2a94b8bda04ff446dcedd42276fc99ee.php 第 681 行.
NOTIC: [8] Undefined index: goods_state D:\wamp\www\jiadianshop\Application\Runtime\Cache\Home\2a94b8bda04ff446dcedd42276fc99ee.php 第 681 行.
NOTIC: [8] Undefined index: goods_state D:\wamp\www\jiadianshop\Application\Runtime\Cache\Home\2a94b8bda04ff446dcedd42276fc99ee.php 第 681 行.
NOTIC: [8] Undefined index: goods_state D:\wamp\www\jiadianshop\Application\Runtime\Cache\Home\2a94b8bda04ff446dcedd42276fc99ee.php 第 681 行.
NOTIC: [8] Undefined index: goods_state D:\wamp\www\jiadianshop\Application\Runtime\Cache\Home\2a94b8bda04ff446dcedd42276fc99ee.php 第 681 行.
NOTIC: [8] Undefined index: index_sale_id D:\wamp\www\jiadianshop\Application\Runtime\Cache\Home\2a94b8bda04ff446dcedd42276fc99ee.php 第 873 行.
NOTIC: [8] Undefined index: index_sale_id D:\wamp\www\jiadianshop\Application\Runtime\Cache\Home\2a94b8bda04ff446dcedd42276fc99ee.php 第 873 行.
NOTIC: [8] Undefined index: goods_state D:\wamp\www\jiadianshop\Application\Runtime\Cache\Home\2a94b8bda04ff446dcedd42276fc99ee.php 第 891 行.
NOTIC: [8] Undefined index: goods_state D:\wamp\www\jiadianshop\Application\Runtime\Cache\Home\2a94b8bda04ff446dcedd42276fc99ee.php 第 893 行.
NOTIC: [8] Undefined index: index_sale_id D:\wamp\www\jiadianshop\Application\Runtime\Cache\Home\2a94b8bda04ff446dcedd42276fc99ee.php 第 873 行.
NOTIC: [8] Undefined index: index_sale_id D:\wamp\www\jiadianshop\Application\Runtime\Cache\Home\2a94b8bda04ff446dcedd42276fc99ee.php 第 873 行.
NOTIC: [8] Undefined variable: 6 D:\wamp\www\jiadianshop\Application\Runtime\Cache\Home\2a94b8bda04ff446dcedd42276fc99ee.php 第 919 行.
NOTIC: [8] Undefined variable: 7 D:\wamp\www\jiadianshop\Application\Runtime\Cache\Home\2a94b8bda04ff446dcedd42276fc99ee.php 第 919 行.
NOTIC: [8] Undefined variable: 8 D:\wamp\www\jiadianshop\Application\Runtime\Cache\Home\2a94b8bda04ff446dcedd42276fc99ee.php 第 919 行.
NOTIC: [8] Undefined variable: 9 D:\wamp\www\jiadianshop\Application\Runtime\Cache\Home\2a94b8bda04ff446dcedd42276fc99ee.php 第 919 行.
NOTIC: [8] Undefined variable: links D:\wamp\www\jiadianshop\Application\Runtime\Cache\Home\2a94b8bda04ff446dcedd42276fc99ee.php 第 1306 行.
INFO: Run Behavior\ParseTemplateBehavior [ RunTime:0.569032s ]
INFO: [ view_parse ] --END-- [ RunTime:0.572033s ]
INFO: [ view_filter ] --START--
INFO: Run Behavior\WriteHtmlCacheBehavior [ RunTime:0.044002s ]
INFO: [ view_filter ] --END-- [ RunTime:0.045002s ]
INFO: [ app_end ] --START--
INFO: Run Behavior\ShowPageTraceBehavior [ RunTime:0.012001s ]
INFO: [ app_end ] --END-- [ RunTime:0.014001s ]

[ 2017-02-20T17:30:03+08:00 ] ::1 /jiadianshop/index.php/Home/Advice/verify.html
INFO: [ app_init ] --START--
INFO: Run Behavior\BuildLiteBehavior [ RunTime:0.000000s ]
INFO: [ app_init ] --END-- [ RunTime:0.003000s ]
INFO: [ app_begin ] --START--
INFO: Run Behavior\ReadHtmlCacheBehavior [ RunTime:0.001000s ]
INFO: [ app_begin ] --END-- [ RunTime:0.004000s ]
INFO: [ app_end ] --START--
INFO: Run Behavior\ShowPageTraceBehavior [ RunTime:0.003000s ]
INFO: [ app_end ] --END-- [ RunTime:0.007000s ]

[ 2017-02-20T17:30:03+08:00 ] ::1 /jiadianshop/index.php/Home/Login/checkLogin.html
INFO: [ app_init ] --START--
INFO: Run Behavior\BuildLiteBehavior [ RunTime:0.000000s ]
INFO: [ app_init ] --END-- [ RunTime:0.007000s ]
INFO: [ app_begin ] --START--
INFO: Run Behavior\ReadHtmlCacheBehavior [ RunTime:0.004000s ]
INFO: [ app_begin ] --END-- [ RunTime:0.007000s ]
NOTIC: [8] Undefined variable: user_name D:\wamp\www\jiadianshop\Application\Home\Controller\LoginController.class.php 第 168 行.
NOTIC: [8] Undefined variable: user_level D:\wamp\www\jiadianshop\Application\Home\Controller\LoginController.class.php 第 169 行.
INFO: [ app_end ] --START--
INFO: Run Behavior\ShowPageTraceBehavior [ RunTime:0.011001s ]
INFO: [ app_end ] --END-- [ RunTime:0.015001s ]

[ 2017-02-20T17:30:03+08:00 ] ::1 /jiadianshop/index.php/Home/SmallCat/myGoods.html
INFO: [ app_init ] --START--
INFO: Run Behavior\BuildLiteBehavior [ RunTime:0.008000s ]
INFO: [ app_init ] --END-- [ RunTime:0.012000s ]
INFO: [ app_begin ] --START--
INFO: Run Behavior\ReadHtmlCacheBehavior [ RunTime:0.006000s ]
INFO: [ app_begin ] --END-- [ RunTime:0.009001s ]
NOTIC: [8] Undefined variable: cat_total_num D:\wamp\www\jiadianshop\Application\Home\Controller\SmallCatController.class.php 第 123 行.
NOTIC: [8] Undefined variable: cat_total_price D:\wamp\www\jiadianshop\Application\Home\Controller\SmallCatController.class.php 第 123 行.
NOTIC: [8] Undefined variable: str D:\wamp\www\jiadianshop\Application\Home\Controller\SmallCatController.class.php 第 124 行.
INFO: [ app_end ] --START--
INFO: Run Behavior\ShowPageTraceBehavior [ RunTime:0.002000s ]
INFO: [ app_end ] --END-- [ RunTime:0.005000s ]

[ 2017-02-20T17:30:03+08:00 ] ::1 /jiadianshop/index.php/Home/Advice/makeCategory.html
INFO: [ app_init ] --START--
INFO: Run Behavior\BuildLiteBehavior [ RunTime:0.002000s ]
INFO: [ app_init ] --END-- [ RunTime:0.008000s ]
INFO: [ app_begin ] --START--
INFO: Run Behavior\ReadHtmlCacheBehavior [ RunTime:0.003000s ]
INFO: [ app_begin ] --END-- [ RunTime:0.007001s ]
SQL: SHOW COLUMNS FROM `jd_advice_category` [ RunTime:0.0240s ]
SQL: SELECT * FROM `jd_advice_category`  [ RunTime:0.0010s ]
INFO: [ app_end ] --START--
INFO: Run Behavior\ShowPageTraceBehavior [ RunTime:0.002000s ]
INFO: [ app_end ] --END-- [ RunTime:0.003000s ]

[ 2017-02-20T17:30:03+08:00 ] ::1 /jiadianshop/index.php/Home/Category/index.html
INFO: [ app_init ] --START--
INFO: Run Behavior\BuildLiteBehavior [ RunTime:0.002001s ]
INFO: [ app_init ] --END-- [ RunTime:0.013001s ]
INFO: [ app_begin ] --START--
INFO: Run Behavior\ReadHtmlCacheBehavior [ RunTime:0.004001s ]
INFO: [ app_begin ] --END-- [ RunTime:0.008001s ]
ERR: 无法加载控制器:Category

[ 2017-02-20T17:30:03+08:00 ] ::1 /jiadianshop/index.php/Home/SmallCat/myShop.html
INFO: [ app_init ] --START--
INFO: Run Behavior\BuildLiteBehavior [ RunTime:0.001001s ]
INFO: [ app_init ] --END-- [ RunTime:0.014001s ]
INFO: [ app_begin ] --START--
INFO: Run Behavior\ReadHtmlCacheBehavior [ RunTime:0.008000s ]
INFO: [ app_begin ] --END-- [ RunTime:0.011000s ]
NOTIC: [8] Undefined variable: user_name D:\wamp\www\jiadianshop\Application\Home\Controller\SmallCatController.class.php 第 46 行.
NOTIC: [8] Undefined variable: user_level D:\wamp\www\jiadianshop\Application\Home\Controller\SmallCatController.class.php 第 47 行.
NOTIC: [8] Undefined variable: unpay_count D:\wamp\www\jiadianshop\Application\Home\Controller\SmallCatController.class.php 第 48 行.
NOTIC: [8] Undefined variable: uncomment_count D:\wamp\www\jiadianshop\Application\Home\Controller\SmallCatController.class.php 第 49 行.
INFO: [ app_end ] --START--
INFO: Run Behavior\ShowPageTraceBehavior [ RunTime:0.002000s ]
INFO: [ app_end ] --END-- [ RunTime:0.003000s ]

[ 2017-02-20T17:30:09+08:00 ] ::1 /jiadianshop/
INFO: [ app_init ] --START--
INFO: Run Behavior\BuildLiteBehavior [ RunTime:0.000000s ]
INFO: [ app_init ] --END-- [ RunTime:0.009000s ]
INFO: [ app_begin ] --START--
INFO: Run Behavior\ReadHtmlCacheBehavior [ RunTime:0.006000s ]
INFO: [ app_begin ] --END-- [ RunTime:0.009000s ]
SQL: SHOW COLUMNS FROM `jd_goods` [ RunTime:0.0040s ]
SQL: SELECT * FROM `jd_goods` WHERE `is_hot` = 1 ORDER BY goods_id desc LIMIT 0,6   [ RunTime:0.0020s ]
SQL: SELECT * FROM `jd_goods` WHERE `cat_id` = 9 AND `is_delete` = 0  [ RunTime:0.0010s ]
SQL: SELECT * FROM `jd_goods` WHERE `cat_id` = 7 AND `is_delete` = 0  [ RunTime:0.0030s ]
SQL: SHOW COLUMNS FROM `jd_advertise` [ RunTime:0.0020s ]
SQL: SELECT * FROM `jd_advertise` INNER JOIN jd_advertise_pos ON jd_advertise.ad_pos_id=jd_advertise_pos.pos_id  WHERE `is_on` = 1 AND `pos_id` = 2 ORDER BY id desc LIMIT 5   [ RunTime:0.0040s ]
SQL: SELECT * FROM `jd_advertise` INNER JOIN jd_advertise_pos ON jd_advertise.ad_pos_id=jd_advertise_pos.pos_id  WHERE `is_on` = 1 AND `pos_id` = 3 ORDER BY id desc LIMIT 5   [ RunTime:0.0010s ]
SQL: SELECT * FROM `jd_advertise` INNER JOIN jd_advertise_pos ON jd_advertise.ad_pos_id=jd_advertise_pos.pos_id  WHERE `is_on` = 1 AND `pos_id` = 1 ORDER BY id desc LIMIT 3   [ RunTime:0.0010s ]
SQL: SHOW COLUMNS FROM `jd_article` [ RunTime:0.0020s ]
SQL: SELECT * FROM `jd_article` WHERE `cat_id` = 12  [ RunTime:0.0020s ]
INFO: [ view_parse ] --START--
INFO: [ template_filter ] --START--
INFO: Run Behavior\ContentReplaceBehavior [ RunTime:0.002000s ]
INFO: [ template_filter ] --END-- [ RunTime:0.003000s ]
NOTIC: [8] Undefined index: goods_state D:\wamp\www\jiadianshop\Application\Runtime\Cache\Home\2a94b8bda04ff446dcedd42276fc99ee.php 第 681 行.
NOTIC: [8] Undefined index: goods_state D:\wamp\www\jiadianshop\Application\Runtime\Cache\Home\2a94b8bda04ff446dcedd42276fc99ee.php 第 681 行.
NOTIC: [8] Undefined index: goods_state D:\wamp\www\jiadianshop\Application\Runtime\Cache\Home\2a94b8bda04ff446dcedd42276fc99ee.php 第 681 行.
NOTIC: [8] Undefined index: goods_state D:\wamp\www\jiadianshop\Application\Runtime\Cache\Home\2a94b8bda04ff446dcedd42276fc99ee.php 第 681 行.
NOTIC: [8] Undefined index: goods_state D:\wamp\www\jiadianshop\Application\Runtime\Cache\Home\2a94b8bda04ff446dcedd42276fc99ee.php 第 681 行.
NOTIC: [8] Undefined index: goods_state D:\wamp\www\jiadianshop\Application\Runtime\Cache\Home\2a94b8bda04ff446dcedd42276fc99ee.php 第 681 行.
NOTIC: [8] Undefined index: index_sale_id D:\wamp\www\jiadianshop\Application\Runtime\Cache\Home\2a94b8bda04ff446dcedd42276fc99ee.php 第 873 行.
NOTIC: [8] Undefined index: index_sale_id D:\wamp\www\jiadianshop\Application\Runtime\Cache\Home\2a94b8bda04ff446dcedd42276fc99ee.php 第 873 行.
NOTIC: [8] Undefined index: goods_state D:\wamp\www\jiadianshop\Application\Runtime\Cache\Home\2a94b8bda04ff446dcedd42276fc99ee.php 第 891 行.
NOTIC: [8] Undefined index: goods_state D:\wamp\www\jiadianshop\Application\Runtime\Cache\Home\2a94b8bda04ff446dcedd42276fc99ee.php 第 893 行.
NOTIC: [8] Undefined index: index_sale_id D:\wamp\www\jiadianshop\Application\Runtime\Cache\Home\2a94b8bda04ff446dcedd42276fc99ee.php 第 873 行.
NOTIC: [8] Undefined index: index_sale_id D:\wamp\www\jiadianshop\Application\Runtime\Cache\Home\2a94b8bda04ff446dcedd42276fc99ee.php 第 873 行.
NOTIC: [8] Undefined variable: 6 D:\wamp\www\jiadianshop\Application\Runtime\Cache\Home\2a94b8bda04ff446dcedd42276fc99ee.php 第 919 行.
NOTIC: [8] Undefined variable: 7 D:\wamp\www\jiadianshop\Application\Runtime\Cache\Home\2a94b8bda04ff446dcedd42276fc99ee.php 第 919 行.
NOTIC: [8] Undefined variable: 8 D:\wamp\www\jiadianshop\Application\Runtime\Cache\Home\2a94b8bda04ff446dcedd42276fc99ee.php 第 919 行.
NOTIC: [8] Undefined variable: 9 D:\wamp\www\jiadianshop\Application\Runtime\Cache\Home\2a94b8bda04ff446dcedd42276fc99ee.php 第 919 行.
NOTIC: [8] Undefined variable: links D:\wamp\www\jiadianshop\Application\Runtime\Cache\Home\2a94b8bda04ff446dcedd42276fc99ee.php 第 1306 行.
INFO: Run Behavior\ParseTemplateBehavior [ RunTime:0.548031s ]
INFO: [ view_parse ] --END-- [ RunTime:0.550032s ]
INFO: [ view_filter ] --START--
INFO: Run Behavior\WriteHtmlCacheBehavior [ RunTime:0.001000s ]
INFO: [ view_filter ] --END-- [ RunTime:0.004000s ]
INFO: [ app_end ] --START--
INFO: Run Behavior\ShowPageTraceBehavior [ RunTime:0.013001s ]
INFO: [ app_end ] --END-- [ RunTime:0.018001s ]

[ 2017-02-20T17:30:10+08:00 ] ::1 /jiadianshop/index.php/Home/Advice/verify.html
INFO: [ app_init ] --START--
INFO: Run Behavior\BuildLiteBehavior [ RunTime:0.001000s ]
INFO: [ app_init ] --END-- [ RunTime:0.004000s ]
INFO: [ app_begin ] --START--
INFO: Run Behavior\ReadHtmlCacheBehavior [ RunTime:0.006001s ]
INFO: [ app_begin ] --END-- [ RunTime:0.008001s ]
INFO: [ app_end ] --START--
INFO: Run Behavior\ShowPageTraceBehavior [ RunTime:0.002001s ]
INFO: [ app_end ] --END-- [ RunTime:0.004001s ]

[ 2017-02-20T17:30:10+08:00 ] ::1 /jiadianshop/index.php/Home/SmallCat/myShop.html
INFO: [ app_init ] --START--
INFO: Run Behavior\BuildLiteBehavior [ RunTime:0.001000s ]
INFO: [ app_init ] --END-- [ RunTime:0.006001s ]
INFO: [ app_begin ] --START--
INFO: Run Behavior\ReadHtmlCacheBehavior [ RunTime:0.003001s ]
INFO: [ app_begin ] --END-- [ RunTime:0.007001s ]
NOTIC: [8] Undefined variable: user_name D:\wamp\www\jiadianshop\Application\Home\Controller\SmallCatController.class.php 第 46 行.
NOTIC: [8] Undefined variable: user_level D:\wamp\www\jiadianshop\Application\Home\Controller\SmallCatController.class.php 第 47 行.
NOTIC: [8] Undefined variable: unpay_count D:\wamp\www\jiadianshop\Application\Home\Controller\SmallCatController.class.php 第 48 行.
NOTIC: [8] Undefined variable: uncomment_count D:\wamp\www\jiadianshop\Application\Home\Controller\SmallCatController.class.php 第 49 行.
INFO: [ app_end ] --START--
INFO: Run Behavior\ShowPageTraceBehavior [ RunTime:0.001001s ]
INFO: [ app_end ] --END-- [ RunTime:0.003001s ]

[ 2017-02-20T17:30:10+08:00 ] ::1 /jiadianshop/index.php/Home/Login/checkLogin.html
INFO: [ app_init ] --START--
INFO: Run Behavior\BuildLiteBehavior [ RunTime:0.002000s ]
INFO: [ app_init ] --END-- [ RunTime:0.007001s ]
INFO: [ app_begin ] --START--
INFO: Run Behavior\ReadHtmlCacheBehavior [ RunTime:0.005000s ]
INFO: [ app_begin ] --END-- [ RunTime:0.009000s ]
NOTIC: [8] Undefined variable: user_name D:\wamp\www\jiadianshop\Application\Home\Controller\LoginController.class.php 第 168 行.
NOTIC: [8] Undefined variable: user_level D:\wamp\www\jiadianshop\Application\Home\Controller\LoginController.class.php 第 169 行.
INFO: [ app_end ] --START--
INFO: Run Behavior\ShowPageTraceBehavior [ RunTime:0.002000s ]
INFO: [ app_end ] --END-- [ RunTime:0.003001s ]

[ 2017-02-20T17:30:10+08:00 ] ::1 /jiadianshop/index.php/Home/Category/index.html
INFO: [ app_init ] --START--
INFO: Run Behavior\BuildLiteBehavior [ RunTime:0.002000s ]
INFO: [ app_init ] --END-- [ RunTime:0.017001s ]
INFO: [ app_begin ] --START--
INFO: Run Behavior\ReadHtmlCacheBehavior [ RunTime:0.004000s ]
INFO: [ app_begin ] --END-- [ RunTime:0.007000s ]
ERR: 无法加载控制器:Category

[ 2017-02-20T17:30:10+08:00 ] ::1 /jiadianshop/index.php/Home/SmallCat/myGoods.html
INFO: [ app_init ] --START--
INFO: Run Behavior\BuildLiteBehavior [ RunTime:0.001000s ]
INFO: [ app_init ] --END-- [ RunTime:0.008000s ]
INFO: [ app_begin ] --START--
INFO: Run Behavior\ReadHtmlCacheBehavior [ RunTime:0.005000s ]
INFO: [ app_begin ] --END-- [ RunTime:0.007000s ]
NOTIC: [8] Undefined variable: cat_total_num D:\wamp\www\jiadianshop\Application\Home\Controller\SmallCatController.class.php 第 123 行.
NOTIC: [8] Undefined variable: cat_total_price D:\wamp\www\jiadianshop\Application\Home\Controller\SmallCatController.class.php 第 123 行.
NOTIC: [8] Undefined variable: str D:\wamp\www\jiadianshop\Application\Home\Controller\SmallCatController.class.php 第 124 行.
INFO: [ app_end ] --START--
INFO: Run Behavior\ShowPageTraceBehavior [ RunTime:0.002000s ]
INFO: [ app_end ] --END-- [ RunTime:0.002000s ]

[ 2017-02-20T17:30:10+08:00 ] ::1 /jiadianshop/index.php/Home/Advice/makeCategory.html
INFO: [ app_init ] --START--
INFO: Run Behavior\BuildLiteBehavior [ RunTime:0.001000s ]
INFO: [ app_init ] --END-- [ RunTime:0.007001s ]
INFO: [ app_begin ] --START--
INFO: Run Behavior\ReadHtmlCacheBehavior [ RunTime:0.001000s ]
INFO: [ app_begin ] --END-- [ RunTime:0.004001s ]
SQL: SHOW COLUMNS FROM `jd_advice_category` [ RunTime:0.0030s ]
SQL: SELECT * FROM `jd_advice_category`  [ RunTime:0.0000s ]
INFO: [ app_end ] --START--
INFO: Run Behavior\ShowPageTraceBehavior [ RunTime:0.002000s ]
INFO: [ app_end ] --END-- [ RunTime:0.004000s ]

[ 2017-02-20T17:51:40+08:00 ] ::1 /jiadianshop/
INFO: [ app_init ] --START--
INFO: Run Behavior\BuildLiteBehavior [ RunTime:0.000000s ]
INFO: [ app_init ] --END-- [ RunTime:0.003000s ]
INFO: [ app_begin ] --START--
INFO: Run Behavior\ReadHtmlCacheBehavior [ RunTime:0.003000s ]
INFO: [ app_begin ] --END-- [ RunTime:0.004000s ]
SQL: SHOW COLUMNS FROM `jd_goods` [ RunTime:0.0160s ]
SQL: SELECT * FROM `jd_goods` WHERE `is_hot` = 1 ORDER BY goods_id desc LIMIT 0,6   [ RunTime:0.0020s ]
SQL: SELECT * FROM `jd_goods` WHERE `cat_id` = 9 AND `is_delete` = 0  [ RunTime:0.0010s ]
SQL: SELECT * FROM `jd_goods` WHERE `cat_id` = 7 AND `is_delete` = 0  [ RunTime:0.0020s ]
SQL: SHOW COLUMNS FROM `jd_advertise` [ RunTime:0.0020s ]
SQL: SELECT * FROM `jd_advertise` INNER JOIN jd_advertise_pos ON jd_advertise.ad_pos_id=jd_advertise_pos.pos_id  WHERE `is_on` = 1 AND `pos_id` = 2 ORDER BY id desc LIMIT 5   [ RunTime:0.0090s ]
SQL: SELECT * FROM `jd_advertise` INNER JOIN jd_advertise_pos ON jd_advertise.ad_pos_id=jd_advertise_pos.pos_id  WHERE `is_on` = 1 AND `pos_id` = 3 ORDER BY id desc LIMIT 5   [ RunTime:0.0010s ]
SQL: SELECT * FROM `jd_advertise` INNER JOIN jd_advertise_pos ON jd_advertise.ad_pos_id=jd_advertise_pos.pos_id  WHERE `is_on` = 1 AND `pos_id` = 1 ORDER BY id desc LIMIT 3   [ RunTime:0.0010s ]
SQL: SHOW COLUMNS FROM `jd_article` [ RunTime:0.0090s ]
SQL: SELECT * FROM `jd_article` WHERE `cat_id` = 12  [ RunTime:0.0010s ]
INFO: [ view_parse ] --START--
INFO: [ template_filter ] --START--
INFO: Run Behavior\ContentReplaceBehavior [ RunTime:0.001000s ]
INFO: [ template_filter ] --END-- [ RunTime:0.003000s ]
NOTIC: [8] Undefined index: goods_state D:\wamp\www\jiadianshop\Application\Runtime\Cache\Home\2a94b8bda04ff446dcedd42276fc99ee.php 第 681 行.
NOTIC: [8] Undefined index: goods_state D:\wamp\www\jiadianshop\Application\Runtime\Cache\Home\2a94b8bda04ff446dcedd42276fc99ee.php 第 681 行.
NOTIC: [8] Undefined index: goods_state D:\wamp\www\jiadianshop\Application\Runtime\Cache\Home\2a94b8bda04ff446dcedd42276fc99ee.php 第 681 行.
NOTIC: [8] Undefined index: goods_state D:\wamp\www\jiadianshop\Application\Runtime\Cache\Home\2a94b8bda04ff446dcedd42276fc99ee.php 第 681 行.
NOTIC: [8] Undefined index: goods_state D:\wamp\www\jiadianshop\Application\Runtime\Cache\Home\2a94b8bda04ff446dcedd42276fc99ee.php 第 681 行.
NOTIC: [8] Undefined index: goods_state D:\wamp\www\jiadianshop\Application\Runtime\Cache\Home\2a94b8bda04ff446dcedd42276fc99ee.php 第 681 行.
NOTIC: [8] Undefined index: index_sale_id D:\wamp\www\jiadianshop\Application\Runtime\Cache\Home\2a94b8bda04ff446dcedd42276fc99ee.php 第 873 行.
NOTIC: [8] Undefined index: index_sale_id D:\wamp\www\jiadianshop\Application\Runtime\Cache\Home\2a94b8bda04ff446dcedd42276fc99ee.php 第 873 行.
NOTIC: [8] Undefined index: goods_state D:\wamp\www\jiadianshop\Application\Runtime\Cache\Home\2a94b8bda04ff446dcedd42276fc99ee.php 第 891 行.
NOTIC: [8] Undefined index: goods_state D:\wamp\www\jiadianshop\Application\Runtime\Cache\Home\2a94b8bda04ff446dcedd42276fc99ee.php 第 893 行.
NOTIC: [8] Undefined index: index_sale_id D:\wamp\www\jiadianshop\Application\Runtime\Cache\Home\2a94b8bda04ff446dcedd42276fc99ee.php 第 873 行.
NOTIC: [8] Undefined index: index_sale_id D:\wamp\www\jiadianshop\Application\Runtime\Cache\Home\2a94b8bda04ff446dcedd42276fc99ee.php 第 873 行.
NOTIC: [8] Undefined variable: 6 D:\wamp\www\jiadianshop\Application\Runtime\Cache\Home\2a94b8bda04ff446dcedd42276fc99ee.php 第 919 行.
NOTIC: [8] Undefined variable: 7 D:\wamp\www\jiadianshop\Application\Runtime\Cache\Home\2a94b8bda04ff446dcedd42276fc99ee.php 第 919 行.
NOTIC: [8] Undefined variable: 8 D:\wamp\www\jiadianshop\Application\Runtime\Cache\Home\2a94b8bda04ff446dcedd42276fc99ee.php 第 919 行.
NOTIC: [8] Undefined variable: 9 D:\wamp\www\jiadianshop\Application\Runtime\Cache\Home\2a94b8bda04ff446dcedd42276fc99ee.php 第 919 行.
NOTIC: [8] Undefined variable: links D:\wamp\www\jiadianshop\Application\Runtime\Cache\Home\2a94b8bda04ff446dcedd42276fc99ee.php 第 1306 行.
INFO: Run Behavior\ParseTemplateBehavior [ RunTime:0.542031s ]
INFO: [ view_parse ] --END-- [ RunTime:0.544031s ]
INFO: [ view_filter ] --START--
INFO: Run Behavior\WriteHtmlCacheBehavior [ RunTime:0.001000s ]
INFO: [ view_filter ] --END-- [ RunTime:0.003000s ]
INFO: [ app_end ] --START--
INFO: Run Behavior\ShowPageTraceBehavior [ RunTime:0.003000s ]
INFO: [ app_end ] --END-- [ RunTime:0.006000s ]

[ 2017-02-20T17:51:40+08:00 ] ::1 /jiadianshop/index.php/Home/Advice/verify.html
INFO: [ app_init ] --START--
INFO: Run Behavior\BuildLiteBehavior [ RunTime:0.001000s ]
INFO: [ app_init ] --END-- [ RunTime:0.004000s ]
INFO: [ app_begin ] --START--
INFO: Run Behavior\ReadHtmlCacheBehavior [ RunTime:0.004000s ]
INFO: [ app_begin ] --END-- [ RunTime:0.008000s ]
INFO: [ app_end ] --START--
INFO: Run Behavior\ShowPageTraceBehavior [ RunTime:0.012001s ]
INFO: [ app_end ] --END-- [ RunTime:0.026001s ]

[ 2017-02-20T17:51:40+08:00 ] ::1 /jiadianshop/index.php/Home/SmallCat/myShop.html
INFO: [ app_init ] --START--
INFO: Run Behavior\BuildLiteBehavior [ RunTime:0.001000s ]
INFO: [ app_init ] --END-- [ RunTime:0.006001s ]
INFO: [ app_begin ] --START--
INFO: Run Behavior\ReadHtmlCacheBehavior [ RunTime:0.004001s ]
INFO: [ app_begin ] --END-- [ RunTime:0.009001s ]
NOTIC: [8] Undefined variable: user_name D:\wamp\www\jiadianshop\Application\Home\Controller\SmallCatController.class.php 第 46 行.
NOTIC: [8] Undefined variable: user_level D:\wamp\www\jiadianshop\Application\Home\Controller\SmallCatController.class.php 第 47 行.
NOTIC: [8] Undefined variable: unpay_count D:\wamp\www\jiadianshop\Application\Home\Controller\SmallCatController.class.php 第 48 行.
NOTIC: [8] Undefined variable: uncomment_count D:\wamp\www\jiadianshop\Application\Home\Controller\SmallCatController.class.php 第 49 行.
INFO: [ app_end ] --START--
INFO: Run Behavior\ShowPageTraceBehavior [ RunTime:0.003001s ]
INFO: [ app_end ] --END-- [ RunTime:0.005001s ]

[ 2017-02-20T17:51:40+08:00 ] ::1 /jiadianshop/index.php/Home/Login/checkLogin.html
INFO: [ app_init ] --START--
INFO: Run Behavior\BuildLiteBehavior [ RunTime:0.001000s ]
INFO: [ app_init ] --END-- [ RunTime:0.016001s ]
INFO: [ app_begin ] --START--
INFO: Run Behavior\ReadHtmlCacheBehavior [ RunTime:0.004000s ]
INFO: [ app_begin ] --END-- [ RunTime:0.009001s ]
NOTIC: [8] Undefined variable: user_name D:\wamp\www\jiadianshop\Application\Home\Controller\LoginController.class.php 第 168 行.
NOTIC: [8] Undefined variable: user_level D:\wamp\www\jiadianshop\Application\Home\Controller\LoginController.class.php 第 169 行.
INFO: [ app_end ] --START--
INFO: Run Behavior\ShowPageTraceBehavior [ RunTime:0.003000s ]
INFO: [ app_end ] --END-- [ RunTime:0.006000s ]

[ 2017-02-20T17:51:40+08:00 ] ::1 /jiadianshop/index.php/Home/Category/index.html
INFO: [ app_init ] --START--
INFO: Run Behavior\BuildLiteBehavior [ RunTime:0.007000s ]
INFO: [ app_init ] --END-- [ RunTime:0.033002s ]
INFO: [ app_begin ] --START--
INFO: Run Behavior\ReadHtmlCacheBehavior [ RunTime:0.005000s ]
INFO: [ app_begin ] --END-- [ RunTime:0.011001s ]
ERR: 无法加载控制器:Category

[ 2017-02-20T17:51:40+08:00 ] ::1 /jiadianshop/index.php/Home/SmallCat/myGoods.html
INFO: [ app_init ] --START--
INFO: Run Behavior\BuildLiteBehavior [ RunTime:0.002000s ]
INFO: [ app_init ] --END-- [ RunTime:0.012001s ]
INFO: [ app_begin ] --START--
INFO: Run Behavior\ReadHtmlCacheBehavior [ RunTime:0.005000s ]
INFO: [ app_begin ] --END-- [ RunTime:0.010000s ]
NOTIC: [8] Undefined variable: cat_total_num D:\wamp\www\jiadianshop\Application\Home\Controller\SmallCatController.class.php 第 123 行.
NOTIC: [8] Undefined variable: cat_total_price D:\wamp\www\jiadianshop\Application\Home\Controller\SmallCatController.class.php 第 123 行.
NOTIC: [8] Undefined variable: str D:\wamp\www\jiadianshop\Application\Home\Controller\SmallCatController.class.php 第 124 行.
INFO: [ app_end ] --START--
INFO: Run Behavior\ShowPageTraceBehavior [ RunTime:0.002000s ]
INFO: [ app_end ] --END-- [ RunTime:0.005000s ]

[ 2017-02-20T17:51:40+08:00 ] ::1 /jiadianshop/index.php/Home/Advice/makeCategory.html
INFO: [ app_init ] --START--
INFO: Run Behavior\BuildLiteBehavior [ RunTime:0.003000s ]
INFO: [ app_init ] --END-- [ RunTime:0.012001s ]
INFO: [ app_begin ] --START--
INFO: Run Behavior\ReadHtmlCacheBehavior [ RunTime:0.005000s ]
INFO: [ app_begin ] --END-- [ RunTime:0.010000s ]
SQL: SHOW COLUMNS FROM `jd_advice_category` [ RunTime:0.0070s ]
SQL: SELECT * FROM `jd_advice_category`  [ RunTime:0.0010s ]
INFO: [ app_end ] --START--
INFO: Run Behavior\ShowPageTraceBehavior [ RunTime:0.002000s ]
INFO: [ app_end ] --END-- [ RunTime:0.003001s ]

