[ 2017-02-14T13:31:26+08:00 ] ::1 /jiadianshop/
INFO: [ app_init ] --START--
INFO: Run Behavior\BuildLiteBehavior [ RunTime:0.000000s ]
INFO: [ app_init ] --END-- [ RunTime:0.003000s ]
INFO: [ app_begin ] --START--
INFO: Run Behavior\ReadHtmlCacheBehavior [ RunTime:0.003000s ]
INFO: [ app_begin ] --END-- [ RunTime:0.005000s ]
SQL: SHOW COLUMNS FROM `jd_goods` [ RunTime:0.0030s ]
SQL: SELECT * FROM `jd_goods` WHERE `is_hot` = 1 ORDER BY goods_id desc LIMIT 0,6   [ RunTime:0.0080s ]
SQL: SELECT * FROM `jd_goods` WHERE `cat_id` = 9 AND `is_delete` = 0  [ RunTime:0.0010s ]
SQL: SELECT * FROM `jd_goods` WHERE `cat_id` = 7 AND `is_delete` = 0  [ RunTime:0.0020s ]
SQL: SHOW COLUMNS FROM `jd_advertise` [ RunTime:0.0120s ]
SQL: SELECT * FROM `jd_advertise` INNER JOIN jd_advertise_pos ON jd_advertise.ad_pos_id=jd_advertise_pos.pos_id  WHERE `is_on` = 1 AND `pos_id` = 2 ORDER BY id desc LIMIT 5   [ RunTime:0.0230s ]
SQL: SELECT * FROM `jd_advertise` INNER JOIN jd_advertise_pos ON jd_advertise.ad_pos_id=jd_advertise_pos.pos_id  WHERE `is_on` = 1 AND `pos_id` = 3 ORDER BY id desc LIMIT 5   [ RunTime:0.0010s ]
SQL: SELECT * FROM `jd_advertise` INNER JOIN jd_advertise_pos ON jd_advertise.ad_pos_id=jd_advertise_pos.pos_id  WHERE `is_on` = 1 AND `pos_id` = 1 ORDER BY id desc LIMIT 3   [ RunTime:0.0010s ]
SQL: SHOW COLUMNS FROM `jd_article` [ RunTime:0.0140s ]
SQL: SELECT * FROM `jd_article` WHERE `cat_id` = 12  [ RunTime:0.0010s ]
INFO: [ view_parse ] --START--
INFO: [ template_filter ] --START--
INFO: Run Behavior\ContentReplaceBehavior [ RunTime:0.002000s ]
INFO: [ template_filter ] --END-- [ RunTime:0.003000s ]
NOTIC: [8] Undefined index: goods_state D:\wamp\www\jiadianshop\Application\Runtime\Cache\Home\2a94b8bda04ff446dcedd42276fc99ee.php 第 681 行.
NOTIC: [8] Undefined index: goods_state D:\wamp\www\jiadianshop\Application\Runtime\Cache\Home\2a94b8bda04ff446dcedd42276fc99ee.php 第 681 行.
NOTIC: [8] Undefined index: goods_state D:\wamp\www\jiadianshop\Application\Runtime\Cache\Home\2a94b8bda04ff446dcedd42276fc99ee.php 第 681 行.
NOTIC: [8] Undefined index: goods_state D:\wamp\www\jiadianshop\Application\Runtime\Cache\Home\2a94b8bda04ff446dcedd42276fc99ee.php 第 681 行.
NOTIC: [8] Undefined index: goods_state D:\wamp\www\jiadianshop\Application\Runtime\Cache\Home\2a94b8bda04ff446dcedd42276fc99ee.php 第 681 行.
NOTIC: [8] Undefined index: goods_state D:\wamp\www\jiadianshop\Application\Runtime\Cache\Home\2a94b8bda04ff446dcedd42276fc99ee.php 第 681 行.
NOTIC: [8] Undefined index: index_sale_id D:\wamp\www\jiadianshop\Application\Runtime\Cache\Home\2a94b8bda04ff446dcedd42276fc99ee.php 第 873 行.
NOTIC: [8] Undefined index: index_sale_id D:\wamp\www\jiadianshop\Application\Runtime\Cache\Home\2a94b8bda04ff446dcedd42276fc99ee.php 第 873 行.
NOTIC: [8] Undefined index: goods_state D:\wamp\www\jiadianshop\Application\Runtime\Cache\Home\2a94b8bda04ff446dcedd42276fc99ee.php 第 891 行.
NOTIC: [8] Undefined index: goods_state D:\wamp\www\jiadianshop\Application\Runtime\Cache\Home\2a94b8bda04ff446dcedd42276fc99ee.php 第 893 行.
NOTIC: [8] Undefined index: index_sale_id D:\wamp\www\jiadianshop\Application\Runtime\Cache\Home\2a94b8bda04ff446dcedd42276fc99ee.php 第 873 行.
NOTIC: [8] Undefined index: index_sale_id D:\wamp\www\jiadianshop\Application\Runtime\Cache\Home\2a94b8bda04ff446dcedd42276fc99ee.php 第 873 行.
NOTIC: [8] Undefined variable: 6 D:\wamp\www\jiadianshop\Application\Runtime\Cache\Home\2a94b8bda04ff446dcedd42276fc99ee.php 第 919 行.
NOTIC: [8] Undefined variable: 7 D:\wamp\www\jiadianshop\Application\Runtime\Cache\Home\2a94b8bda04ff446dcedd42276fc99ee.php 第 919 行.
NOTIC: [8] Undefined variable: 8 D:\wamp\www\jiadianshop\Application\Runtime\Cache\Home\2a94b8bda04ff446dcedd42276fc99ee.php 第 919 行.
NOTIC: [8] Undefined variable: 9 D:\wamp\www\jiadianshop\Application\Runtime\Cache\Home\2a94b8bda04ff446dcedd42276fc99ee.php 第 919 行.
NOTIC: [8] Undefined variable: links D:\wamp\www\jiadianshop\Application\Runtime\Cache\Home\2a94b8bda04ff446dcedd42276fc99ee.php 第 1306 行.
INFO: Run Behavior\ParseTemplateBehavior [ RunTime:0.704040s ]
INFO: [ view_parse ] --END-- [ RunTime:0.705040s ]
INFO: [ view_filter ] --START--
INFO: Run Behavior\WriteHtmlCacheBehavior [ RunTime:0.002000s ]
INFO: [ view_filter ] --END-- [ RunTime:0.005001s ]
INFO: [ app_end ] --START--
INFO: Run Behavior\ShowPageTraceBehavior [ RunTime:0.003000s ]
INFO: [ app_end ] --END-- [ RunTime:0.008000s ]

[ 2017-02-14T13:31:27+08:00 ] ::1 /jiadianshop/index.php/Home/Advice/verify.html
INFO: [ app_init ] --START--
INFO: Run Behavior\BuildLiteBehavior [ RunTime:0.000000s ]
INFO: [ app_init ] --END-- [ RunTime:0.004000s ]
INFO: [ app_begin ] --START--
INFO: Run Behavior\ReadHtmlCacheBehavior [ RunTime:0.003001s ]
INFO: [ app_begin ] --END-- [ RunTime:0.006001s ]
INFO: [ app_end ] --START--
INFO: Run Behavior\ShowPageTraceBehavior [ RunTime:0.003000s ]
INFO: [ app_end ] --END-- [ RunTime:0.005000s ]

[ 2017-02-14T13:31:27+08:00 ] ::1 /jiadianshop/index.php/Home/SmallCat/myShop.html
INFO: [ app_init ] --START--
INFO: Run Behavior\BuildLiteBehavior [ RunTime:0.001000s ]
INFO: [ app_init ] --END-- [ RunTime:0.005000s ]
INFO: [ app_begin ] --START--
INFO: Run Behavior\ReadHtmlCacheBehavior [ RunTime:0.002000s ]
INFO: [ app_begin ] --END-- [ RunTime:0.005000s ]
NOTIC: [8] Undefined variable: user_name D:\wamp\www\jiadianshop\Application\Home\Controller\SmallCatController.class.php 第 46 行.
NOTIC: [8] Undefined variable: user_level D:\wamp\www\jiadianshop\Application\Home\Controller\SmallCatController.class.php 第 47 行.
NOTIC: [8] Undefined variable: unpay_count D:\wamp\www\jiadianshop\Application\Home\Controller\SmallCatController.class.php 第 48 行.
NOTIC: [8] Undefined variable: uncomment_count D:\wamp\www\jiadianshop\Application\Home\Controller\SmallCatController.class.php 第 49 行.
INFO: [ app_end ] --START--
INFO: Run Behavior\ShowPageTraceBehavior [ RunTime:0.016001s ]
INFO: [ app_end ] --END-- [ RunTime:0.020001s ]

[ 2017-02-14T13:31:27+08:00 ] ::1 /jiadianshop/index.php/Home/SmallCat/myGoods.html
INFO: [ app_init ] --START--
INFO: Run Behavior\BuildLiteBehavior [ RunTime:0.001000s ]
INFO: [ app_init ] --END-- [ RunTime:0.004001s ]
INFO: [ app_begin ] --START--
INFO: Run Behavior\ReadHtmlCacheBehavior [ RunTime:0.003000s ]
INFO: [ app_begin ] --END-- [ RunTime:0.005000s ]
NOTIC: [8] Undefined variable: cat_total_num D:\wamp\www\jiadianshop\Application\Home\Controller\SmallCatController.class.php 第 123 行.
NOTIC: [8] Undefined variable: cat_total_price D:\wamp\www\jiadianshop\Application\Home\Controller\SmallCatController.class.php 第 123 行.
NOTIC: [8] Undefined variable: str D:\wamp\www\jiadianshop\Application\Home\Controller\SmallCatController.class.php 第 124 行.
INFO: [ app_end ] --START--
INFO: Run Behavior\ShowPageTraceBehavior [ RunTime:0.002000s ]
INFO: [ app_end ] --END-- [ RunTime:0.005001s ]

[ 2017-02-14T13:31:27+08:00 ] ::1 /jiadianshop/index.php/Home/Login/checkLogin.html
INFO: [ app_init ] --START--
INFO: Run Behavior\BuildLiteBehavior [ RunTime:0.001000s ]
INFO: [ app_init ] --END-- [ RunTime:0.004001s ]
INFO: [ app_begin ] --START--
INFO: Run Behavior\ReadHtmlCacheBehavior [ RunTime:0.003000s ]
INFO: [ app_begin ] --END-- [ RunTime:0.005000s ]
NOTIC: [8] Undefined variable: user_name D:\wamp\www\jiadianshop\Application\Home\Controller\LoginController.class.php 第 168 行.
NOTIC: [8] Undefined variable: user_level D:\wamp\www\jiadianshop\Application\Home\Controller\LoginController.class.php 第 169 行.
INFO: [ app_end ] --START--
INFO: Run Behavior\ShowPageTraceBehavior [ RunTime:0.002000s ]
INFO: [ app_end ] --END-- [ RunTime:0.004000s ]

[ 2017-02-14T13:31:27+08:00 ] ::1 /jiadianshop/index.php/Home/Category/index.html
INFO: [ app_init ] --START--
INFO: Run Behavior\BuildLiteBehavior [ RunTime:0.001000s ]
INFO: [ app_init ] --END-- [ RunTime:0.005000s ]
INFO: [ app_begin ] --START--
INFO: Run Behavior\ReadHtmlCacheBehavior [ RunTime:0.003000s ]
INFO: [ app_begin ] --END-- [ RunTime:0.005001s ]
ERR: 无法加载控制器:Category

[ 2017-02-14T13:31:27+08:00 ] ::1 /jiadianshop/index.php/Home/Advice/makeCategory.html
INFO: [ app_init ] --START--
INFO: Run Behavior\BuildLiteBehavior [ RunTime:0.000000s ]
INFO: [ app_init ] --END-- [ RunTime:0.005000s ]
INFO: [ app_begin ] --START--
INFO: Run Behavior\ReadHtmlCacheBehavior [ RunTime:0.003000s ]
INFO: [ app_begin ] --END-- [ RunTime:0.005001s ]
SQL: SHOW COLUMNS FROM `jd_advice_category` [ RunTime:0.0270s ]
SQL: SELECT * FROM `jd_advice_category`  [ RunTime:0.0010s ]
INFO: [ app_end ] --START--
INFO: Run Behavior\ShowPageTraceBehavior [ RunTime:0.002000s ]
INFO: [ app_end ] --END-- [ RunTime:0.005000s ]

[ 2017-02-14T13:31:30+08:00 ] ::1 /jiadianshop/index.php/Home/Product/index/g/4.html
INFO: [ app_init ] --START--
INFO: Run Behavior\BuildLiteBehavior [ RunTime:0.000000s ]
INFO: [ app_init ] --END-- [ RunTime:0.003000s ]
INFO: [ app_begin ] --START--
INFO: Run Behavior\ReadHtmlCacheBehavior [ RunTime:0.002000s ]
INFO: [ app_begin ] --END-- [ RunTime:0.004000s ]
SQL: SHOW COLUMNS FROM `jd_goods` [ RunTime:0.0050s ]
SQL: SELECT * FROM `jd_goods` INNER JOIN jd_brands ON jd_goods.cat_id=jd_brands.cat_id INNER JOIN jd_goods_cat ON jd_goods.cat_id=jd_goods_cat.cat_id  WHERE `goods_id` = '4'  [ RunTime:0.0150s ]
SQL: SHOW COLUMNS FROM `jd_comment` [ RunTime:0.0180s ]
SQL: SELECT AVG(comment_score) AS tp_avg FROM `jd_comment` WHERE `goods_id` = 4 LIMIT 1   [ RunTime:0.0150s ]
SQL: SELECT COUNT(*) AS tp_count FROM `jd_comment` WHERE `goods_id` = 4 LIMIT 1   [ RunTime:0.0010s ]
SQL: SELECT COUNT(comment_id) AS tp_count FROM `jd_comment` WHERE `goods_id` = 4 LIMIT 1   [ RunTime:0.0010s ]
SQL: SELECT COUNT(comment_id) AS tp_count FROM `jd_comment` WHERE `goods_id` = 4 AND `comment_score` IN ('4','5') LIMIT 1   [ RunTime:0.0010s ]
SQL: SHOW COLUMNS FROM `jd_comment` [ RunTime:0.0020s ]
SQL: SELECT COUNT(comment_id) AS tp_count FROM `jd_comment` WHERE `goods_id` = 4 AND `comment_score` IN ('2','3') LIMIT 1   [ RunTime:0.0010s ]
SQL: SELECT COUNT(comment_id) AS tp_count FROM `jd_comment` WHERE `goods_id` = 4 AND `comment_score` IN ('0','1') LIMIT 1   [ RunTime:0.0010s ]
SQL: SELECT `attr_id_list`,`attr_value_list` FROM `jd_goods` WHERE `goods_id` = 4 LIMIT 1   [ RunTime:0.0010s ]
SQL: SHOW COLUMNS FROM `jd_goods_attribute` [ RunTime:0.0090s ]
SQL: SELECT `attr_name` FROM `jd_goods_attribute` WHERE `attr_id` = 0 LIMIT 1   [ RunTime:0.0010s ]
INFO: [ view_parse ] --START--
INFO: [ template_filter ] --START--
INFO: Run Behavior\ContentReplaceBehavior [ RunTime:0.002000s ]
INFO: [ template_filter ] --END-- [ RunTime:0.004000s ]
NOTIC: [8] Undefined variable: goods_desc D:\wamp\www\jiadianshop\Application\Runtime\Cache\Home\3458861da0342b1f9413030055ee3fb6.php 第 794 行.
NOTIC: [8] Undefined index: goods_big_pic D:\wamp\www\jiadianshop\Application\Runtime\Cache\Home\3458861da0342b1f9413030055ee3fb6.php 第 1170 行.
NOTIC: [8] Undefined index: goods_weight D:\wamp\www\jiadianshop\Application\Runtime\Cache\Home\3458861da0342b1f9413030055ee3fb6.php 第 1356 行.
NOTIC: [8] Undefined variable: goods_attr_values D:\wamp\www\jiadianshop\Application\Runtime\Cache\Home\3458861da0342b1f9413030055ee3fb6.php 第 1358 行.
INFO: Run Behavior\ParseTemplateBehavior [ RunTime:0.421024s ]
INFO: [ view_parse ] --END-- [ RunTime:0.424024s ]
INFO: [ view_filter ] --START--
INFO: Run Behavior\WriteHtmlCacheBehavior [ RunTime:0.002000s ]
INFO: [ view_filter ] --END-- [ RunTime:0.005001s ]
INFO: [ app_end ] --START--
INFO: Run Behavior\ShowPageTraceBehavior [ RunTime:0.003001s ]
INFO: [ app_end ] --END-- [ RunTime:0.009001s ]

[ 2017-02-14T13:31:30+08:00 ] ::1 /jiadianshop/index.php/Home/Advice/verify.html
INFO: [ app_init ] --START--
INFO: Run Behavior\BuildLiteBehavior [ RunTime:0.000000s ]
INFO: [ app_init ] --END-- [ RunTime:0.004000s ]
INFO: [ app_begin ] --START--
INFO: Run Behavior\ReadHtmlCacheBehavior [ RunTime:0.002001s ]
INFO: [ app_begin ] --END-- [ RunTime:0.006001s ]
INFO: [ app_end ] --START--
INFO: Run Behavior\ShowPageTraceBehavior [ RunTime:0.005000s ]
INFO: [ app_end ] --END-- [ RunTime:0.048003s ]

[ 2017-02-14T13:31:30+08:00 ] ::1 /jiadianshop/index.php/Home/SmallCat/myGoods.html
INFO: [ app_init ] --START--
INFO: Run Behavior\BuildLiteBehavior [ RunTime:0.000000s ]
INFO: [ app_init ] --END-- [ RunTime:0.008000s ]
INFO: [ app_begin ] --START--
INFO: Run Behavior\ReadHtmlCacheBehavior [ RunTime:0.011001s ]
INFO: [ app_begin ] --END-- [ RunTime:0.018001s ]
NOTIC: [8] Undefined variable: cat_total_num D:\wamp\www\jiadianshop\Application\Home\Controller\SmallCatController.class.php 第 123 行.
NOTIC: [8] Undefined variable: cat_total_price D:\wamp\www\jiadianshop\Application\Home\Controller\SmallCatController.class.php 第 123 行.
NOTIC: [8] Undefined variable: str D:\wamp\www\jiadianshop\Application\Home\Controller\SmallCatController.class.php 第 124 行.
INFO: [ app_end ] --START--
INFO: Run Behavior\ShowPageTraceBehavior [ RunTime:0.003000s ]
INFO: [ app_end ] --END-- [ RunTime:0.005000s ]

[ 2017-02-14T13:31:30+08:00 ] ::1 /jiadianshop/index.php/Home/SmallCat/myShop.html
INFO: [ app_init ] --START--
INFO: Run Behavior\BuildLiteBehavior [ RunTime:0.000000s ]
INFO: [ app_init ] --END-- [ RunTime:0.005001s ]
INFO: [ app_begin ] --START--
INFO: Run Behavior\ReadHtmlCacheBehavior [ RunTime:0.004000s ]
INFO: [ app_begin ] --END-- [ RunTime:0.017001s ]
NOTIC: [8] Undefined variable: user_name D:\wamp\www\jiadianshop\Application\Home\Controller\SmallCatController.class.php 第 46 行.
NOTIC: [8] Undefined variable: user_level D:\wamp\www\jiadianshop\Application\Home\Controller\SmallCatController.class.php 第 47 行.
NOTIC: [8] Undefined variable: unpay_count D:\wamp\www\jiadianshop\Application\Home\Controller\SmallCatController.class.php 第 48 行.
NOTIC: [8] Undefined variable: uncomment_count D:\wamp\www\jiadianshop\Application\Home\Controller\SmallCatController.class.php 第 49 行.
INFO: [ app_end ] --START--
INFO: Run Behavior\ShowPageTraceBehavior [ RunTime:0.003000s ]
INFO: [ app_end ] --END-- [ RunTime:0.005000s ]

[ 2017-02-14T13:31:30+08:00 ] ::1 /jiadianshop/index.php/Home/Login/checkLogin.html
INFO: [ app_init ] --START--
INFO: Run Behavior\BuildLiteBehavior [ RunTime:0.000000s ]
INFO: [ app_init ] --END-- [ RunTime:0.012000s ]
INFO: [ app_begin ] --START--
INFO: Run Behavior\ReadHtmlCacheBehavior [ RunTime:0.002000s ]
INFO: [ app_begin ] --END-- [ RunTime:0.004000s ]
NOTIC: [8] Undefined variable: user_name D:\wamp\www\jiadianshop\Application\Home\Controller\LoginController.class.php 第 168 行.
NOTIC: [8] Undefined variable: user_level D:\wamp\www\jiadianshop\Application\Home\Controller\LoginController.class.php 第 169 行.
INFO: [ app_end ] --START--
INFO: Run Behavior\ShowPageTraceBehavior [ RunTime:0.003000s ]
INFO: [ app_end ] --END-- [ RunTime:0.005000s ]

[ 2017-02-14T13:31:30+08:00 ] ::1 /jiadianshop/index.php/Home/ScanGoods/add.html
INFO: [ app_init ] --START--
INFO: Run Behavior\BuildLiteBehavior [ RunTime:0.002000s ]
INFO: [ app_init ] --END-- [ RunTime:0.012001s ]
INFO: [ app_begin ] --START--
INFO: Run Behavior\ReadHtmlCacheBehavior [ RunTime:0.002000s ]
INFO: [ app_begin ] --END-- [ RunTime:0.010001s ]
INFO: [ app_end ] --START--
INFO: Run Behavior\ShowPageTraceBehavior [ RunTime:0.003000s ]
INFO: [ app_end ] --END-- [ RunTime:0.005000s ]

[ 2017-02-14T13:31:30+08:00 ] ::1 /jiadianshop/index.php/Home/Product/index/g/%7B:U('HotSale/index')%7D
INFO: [ app_init ] --START--
INFO: Run Behavior\BuildLiteBehavior [ RunTime:0.000000s ]
INFO: [ app_init ] --END-- [ RunTime:0.009000s ]
INFO: [ app_begin ] --START--
INFO: Run Behavior\ReadHtmlCacheBehavior [ RunTime:0.003000s ]
INFO: [ app_begin ] --END-- [ RunTime:0.005000s ]
SQL: SHOW COLUMNS FROM `jd_goods` [ RunTime:0.0030s ]
SQL: SELECT * FROM `jd_goods` INNER JOIN jd_brands ON jd_goods.cat_id=jd_brands.cat_id INNER JOIN jd_goods_cat ON jd_goods.cat_id=jd_goods_cat.cat_id  WHERE `goods_id` = '{:U(\'HotSale'  [ RunTime:0.0030s ]

[ 2017-02-14T13:31:30+08:00 ] ::1 /jiadianshop/index.php/Home/ScanGoods/index.html
INFO: [ app_init ] --START--
INFO: Run Behavior\BuildLiteBehavior [ RunTime:0.001000s ]
INFO: [ app_init ] --END-- [ RunTime:0.004000s ]
INFO: [ app_begin ] --START--
INFO: Run Behavior\ReadHtmlCacheBehavior [ RunTime:0.002000s ]
INFO: [ app_begin ] --END-- [ RunTime:0.004000s ]

[ 2017-02-14T13:31:30+08:00 ] ::1 /jiadianshop/index.php/Home/Category/index.html
INFO: [ app_init ] --START--
INFO: Run Behavior\BuildLiteBehavior [ RunTime:0.004000s ]
INFO: [ app_init ] --END-- [ RunTime:0.016001s ]
INFO: [ app_begin ] --START--
INFO: Run Behavior\ReadHtmlCacheBehavior [ RunTime:0.018001s ]
INFO: [ app_begin ] --END-- [ RunTime:0.045002s ]
ERR: 无法加载控制器:Category

[ 2017-02-14T13:31:31+08:00 ] ::1 /jiadianshop/index.php/Home/Advice/makeCategory.html
INFO: [ app_init ] --START--
INFO: Run Behavior\BuildLiteBehavior [ RunTime:0.001000s ]
INFO: [ app_init ] --END-- [ RunTime:0.005001s ]
INFO: [ app_begin ] --START--
INFO: Run Behavior\ReadHtmlCacheBehavior [ RunTime:0.005000s ]
INFO: [ app_begin ] --END-- [ RunTime:0.008001s ]
SQL: SHOW COLUMNS FROM `jd_advice_category` [ RunTime:0.0040s ]
SQL: SELECT * FROM `jd_advice_category`  [ RunTime:0.0010s ]
INFO: [ app_end ] --START--
INFO: Run Behavior\ShowPageTraceBehavior [ RunTime:0.002000s ]
INFO: [ app_end ] --END-- [ RunTime:0.004000s ]

[ 2017-02-14T16:30:32+08:00 ] ::1 /jiadianshop/
INFO: [ app_init ] --START--
INFO: Run Behavior\BuildLiteBehavior [ RunTime:0.000000s ]
INFO: [ app_init ] --END-- [ RunTime:0.060001s ]
INFO: [ app_begin ] --START--
INFO: Run Behavior\ReadHtmlCacheBehavior [ RunTime:0.037501s ]
INFO: [ app_begin ] --END-- [ RunTime:0.040001s ]
SQL: SHOW COLUMNS FROM `jd_goods` [ RunTime:0.3050s ]
SQL: SELECT * FROM `jd_goods` WHERE `is_hot` = 1 ORDER BY goods_id desc LIMIT 0,6   [ RunTime:0.0800s ]
SQL: SELECT * FROM `jd_goods` WHERE `cat_id` = 9 AND `is_delete` = 0  [ RunTime:0.0025s ]
SQL: SELECT * FROM `jd_goods` WHERE `cat_id` = 7 AND `is_delete` = 0  [ RunTime:0.0025s ]
SQL: SHOW COLUMNS FROM `jd_advertise` [ RunTime:0.0300s ]
SQL: SELECT * FROM `jd_advertise` INNER JOIN jd_advertise_pos ON jd_advertise.ad_pos_id=jd_advertise_pos.pos_id  WHERE `is_on` = 1 AND `pos_id` = 2 ORDER BY id desc LIMIT 5   [ RunTime:0.0775s ]
SQL: SELECT * FROM `jd_advertise` INNER JOIN jd_advertise_pos ON jd_advertise.ad_pos_id=jd_advertise_pos.pos_id  WHERE `is_on` = 1 AND `pos_id` = 3 ORDER BY id desc LIMIT 5   [ RunTime:0.0025s ]
SQL: SELECT * FROM `jd_advertise` INNER JOIN jd_advertise_pos ON jd_advertise.ad_pos_id=jd_advertise_pos.pos_id  WHERE `is_on` = 1 AND `pos_id` = 1 ORDER BY id desc LIMIT 3   [ RunTime:0.0025s ]
SQL: SHOW COLUMNS FROM `jd_article` [ RunTime:0.0350s ]
SQL: SELECT * FROM `jd_article` WHERE `cat_id` = 12  [ RunTime:0.0000s ]
INFO: [ view_parse ] --START--
INFO: [ template_filter ] --START--
INFO: Run Behavior\ContentReplaceBehavior [ RunTime:0.032500s ]
INFO: [ template_filter ] --END-- [ RunTime:0.032500s ]
NOTIC: [8] Undefined index: goods_state D:\wamp\www\jiadianshop\Application\Runtime\Cache\Home\2a94b8bda04ff446dcedd42276fc99ee.php 第 681 行.
NOTIC: [8] Undefined index: goods_state D:\wamp\www\jiadianshop\Application\Runtime\Cache\Home\2a94b8bda04ff446dcedd42276fc99ee.php 第 681 行.
NOTIC: [8] Undefined index: goods_state D:\wamp\www\jiadianshop\Application\Runtime\Cache\Home\2a94b8bda04ff446dcedd42276fc99ee.php 第 681 行.
NOTIC: [8] Undefined index: goods_state D:\wamp\www\jiadianshop\Application\Runtime\Cache\Home\2a94b8bda04ff446dcedd42276fc99ee.php 第 681 行.
NOTIC: [8] Undefined index: goods_state D:\wamp\www\jiadianshop\Application\Runtime\Cache\Home\2a94b8bda04ff446dcedd42276fc99ee.php 第 681 行.
NOTIC: [8] Undefined index: goods_state D:\wamp\www\jiadianshop\Application\Runtime\Cache\Home\2a94b8bda04ff446dcedd42276fc99ee.php 第 681 行.
NOTIC: [8] Undefined index: index_sale_id D:\wamp\www\jiadianshop\Application\Runtime\Cache\Home\2a94b8bda04ff446dcedd42276fc99ee.php 第 873 行.
NOTIC: [8] Undefined index: index_sale_id D:\wamp\www\jiadianshop\Application\Runtime\Cache\Home\2a94b8bda04ff446dcedd42276fc99ee.php 第 873 行.
NOTIC: [8] Undefined index: goods_state D:\wamp\www\jiadianshop\Application\Runtime\Cache\Home\2a94b8bda04ff446dcedd42276fc99ee.php 第 891 行.
NOTIC: [8] Undefined index: goods_state D:\wamp\www\jiadianshop\Application\Runtime\Cache\Home\2a94b8bda04ff446dcedd42276fc99ee.php 第 893 行.
NOTIC: [8] Undefined index: index_sale_id D:\wamp\www\jiadianshop\Application\Runtime\Cache\Home\2a94b8bda04ff446dcedd42276fc99ee.php 第 873 行.
NOTIC: [8] Undefined index: index_sale_id D:\wamp\www\jiadianshop\Application\Runtime\Cache\Home\2a94b8bda04ff446dcedd42276fc99ee.php 第 873 行.
NOTIC: [8] Undefined variable: 6 D:\wamp\www\jiadianshop\Application\Runtime\Cache\Home\2a94b8bda04ff446dcedd42276fc99ee.php 第 919 行.
NOTIC: [8] Undefined variable: 7 D:\wamp\www\jiadianshop\Application\Runtime\Cache\Home\2a94b8bda04ff446dcedd42276fc99ee.php 第 919 行.
NOTIC: [8] Undefined variable: 8 D:\wamp\www\jiadianshop\Application\Runtime\Cache\Home\2a94b8bda04ff446dcedd42276fc99ee.php 第 919 行.
NOTIC: [8] Undefined variable: 9 D:\wamp\www\jiadianshop\Application\Runtime\Cache\Home\2a94b8bda04ff446dcedd42276fc99ee.php 第 919 行.
NOTIC: [8] Undefined variable: links D:\wamp\www\jiadianshop\Application\Runtime\Cache\Home\2a94b8bda04ff446dcedd42276fc99ee.php 第 1306 行.
INFO: Run Behavior\ParseTemplateBehavior [ RunTime:0.750012s ]
INFO: [ view_parse ] --END-- [ RunTime:0.755012s ]
INFO: [ view_filter ] --START--
INFO: Run Behavior\WriteHtmlCacheBehavior [ RunTime:0.040000s ]
INFO: [ view_filter ] --END-- [ RunTime:0.040000s ]
INFO: [ app_end ] --START--
INFO: Run Behavior\ShowPageTraceBehavior [ RunTime:0.027500s ]
INFO: [ app_end ] --END-- [ RunTime:0.032500s ]

[ 2017-02-14T16:30:34+08:00 ] ::1 /jiadianshop/index.php/Home/Advice/verify.html
INFO: [ app_init ] --START--
INFO: Run Behavior\BuildLiteBehavior [ RunTime:0.002500s ]
INFO: [ app_init ] --END-- [ RunTime:0.002500s ]
INFO: [ app_begin ] --START--
INFO: Run Behavior\ReadHtmlCacheBehavior [ RunTime:0.002500s ]
INFO: [ app_begin ] --END-- [ RunTime:0.007500s ]
INFO: [ app_end ] --START--
INFO: Run Behavior\ShowPageTraceBehavior [ RunTime:0.005001s ]
INFO: [ app_end ] --END-- [ RunTime:0.010001s ]

[ 2017-02-14T16:30:34+08:00 ] ::1 /jiadianshop/index.php/Home/Category/index.html
INFO: [ app_init ] --START--
INFO: Run Behavior\BuildLiteBehavior [ RunTime:0.002500s ]
INFO: [ app_init ] --END-- [ RunTime:0.002500s ]
INFO: [ app_begin ] --START--
INFO: Run Behavior\ReadHtmlCacheBehavior [ RunTime:0.002500s ]
INFO: [ app_begin ] --END-- [ RunTime:0.012500s ]
ERR: 无法加载控制器:Category

[ 2017-02-14T16:30:34+08:00 ] ::1 /jiadianshop/index.php/Home/SmallCat/myShop.html
INFO: [ app_init ] --START--
INFO: Run Behavior\BuildLiteBehavior [ RunTime:0.000000s ]
INFO: [ app_init ] --END-- [ RunTime:0.010000s ]
INFO: [ app_begin ] --START--
INFO: Run Behavior\ReadHtmlCacheBehavior [ RunTime:0.002500s ]
INFO: [ app_begin ] --END-- [ RunTime:0.007500s ]
NOTIC: [8] Undefined variable: user_name D:\wamp\www\jiadianshop\Application\Home\Controller\SmallCatController.class.php 第 46 行.
NOTIC: [8] Undefined variable: user_level D:\wamp\www\jiadianshop\Application\Home\Controller\SmallCatController.class.php 第 47 行.
NOTIC: [8] Undefined variable: unpay_count D:\wamp\www\jiadianshop\Application\Home\Controller\SmallCatController.class.php 第 48 行.
NOTIC: [8] Undefined variable: uncomment_count D:\wamp\www\jiadianshop\Application\Home\Controller\SmallCatController.class.php 第 49 行.
INFO: [ app_end ] --START--
INFO: Run Behavior\ShowPageTraceBehavior [ RunTime:0.005000s ]
INFO: [ app_end ] --END-- [ RunTime:0.005000s ]

[ 2017-02-14T16:30:35+08:00 ] ::1 /jiadianshop/index.php/Home/Login/checkLogin.html
INFO: [ app_init ] --START--
INFO: Run Behavior\BuildLiteBehavior [ RunTime:0.000000s ]
INFO: [ app_init ] --END-- [ RunTime:0.005000s ]
INFO: [ app_begin ] --START--
INFO: Run Behavior\ReadHtmlCacheBehavior [ RunTime:0.005000s ]
INFO: [ app_begin ] --END-- [ RunTime:0.007500s ]
NOTIC: [8] Undefined variable: user_name D:\wamp\www\jiadianshop\Application\Home\Controller\LoginController.class.php 第 168 行.
NOTIC: [8] Undefined variable: user_level D:\wamp\www\jiadianshop\Application\Home\Controller\LoginController.class.php 第 169 行.
INFO: [ app_end ] --START--
INFO: Run Behavior\ShowPageTraceBehavior [ RunTime:0.002500s ]
INFO: [ app_end ] --END-- [ RunTime:0.002500s ]

[ 2017-02-14T16:30:35+08:00 ] ::1 /jiadianshop/index.php/Home/SmallCat/myGoods.html
INFO: [ app_init ] --START--
INFO: Run Behavior\BuildLiteBehavior [ RunTime:0.002500s ]
INFO: [ app_init ] --END-- [ RunTime:0.007500s ]
INFO: [ app_begin ] --START--
INFO: Run Behavior\ReadHtmlCacheBehavior [ RunTime:0.002501s ]
INFO: [ app_begin ] --END-- [ RunTime:0.007501s ]
NOTIC: [8] Undefined variable: cat_total_num D:\wamp\www\jiadianshop\Application\Home\Controller\SmallCatController.class.php 第 123 行.
NOTIC: [8] Undefined variable: cat_total_price D:\wamp\www\jiadianshop\Application\Home\Controller\SmallCatController.class.php 第 123 行.
NOTIC: [8] Undefined variable: str D:\wamp\www\jiadianshop\Application\Home\Controller\SmallCatController.class.php 第 124 行.
INFO: [ app_end ] --START--
INFO: Run Behavior\ShowPageTraceBehavior [ RunTime:0.002500s ]
INFO: [ app_end ] --END-- [ RunTime:0.005000s ]

[ 2017-02-14T16:30:35+08:00 ] ::1 /jiadianshop/index.php/Home/Advice/makeCategory.html
INFO: [ app_init ] --START--
INFO: Run Behavior\BuildLiteBehavior [ RunTime:0.000000s ]
INFO: [ app_init ] --END-- [ RunTime:0.010000s ]
INFO: [ app_begin ] --START--
INFO: Run Behavior\ReadHtmlCacheBehavior [ RunTime:0.002500s ]
INFO: [ app_begin ] --END-- [ RunTime:0.002500s ]
SQL: SHOW COLUMNS FROM `jd_advice_category` [ RunTime:0.0225s ]
SQL: SELECT * FROM `jd_advice_category`  [ RunTime:0.0000s ]
INFO: [ app_end ] --START--
INFO: Run Behavior\ShowPageTraceBehavior [ RunTime:0.002500s ]
INFO: [ app_end ] --END-- [ RunTime:0.002500s ]

[ 2017-02-14T16:31:00+08:00 ] ::1 /jiadianshop/index.php/Home/Product/index/g/4.html
INFO: [ app_init ] --START--
INFO: Run Behavior\BuildLiteBehavior [ RunTime:0.000000s ]
INFO: [ app_init ] --END-- [ RunTime:0.002500s ]
INFO: [ app_begin ] --START--
INFO: Run Behavior\ReadHtmlCacheBehavior [ RunTime:0.002500s ]
INFO: [ app_begin ] --END-- [ RunTime:0.002500s ]
SQL: SHOW COLUMNS FROM `jd_goods` [ RunTime:0.0050s ]
SQL: SELECT * FROM `jd_goods` INNER JOIN jd_brands ON jd_goods.cat_id=jd_brands.cat_id INNER JOIN jd_goods_cat ON jd_goods.cat_id=jd_goods_cat.cat_id  WHERE `goods_id` = '4'  [ RunTime:0.0350s ]
SQL: SHOW COLUMNS FROM `jd_comment` [ RunTime:0.0100s ]
SQL: SELECT AVG(comment_score) AS tp_avg FROM `jd_comment` WHERE `goods_id` = 4 LIMIT 1   [ RunTime:0.0425s ]
SQL: SELECT COUNT(*) AS tp_count FROM `jd_comment` WHERE `goods_id` = 4 LIMIT 1   [ RunTime:0.0025s ]
SQL: SELECT COUNT(comment_id) AS tp_count FROM `jd_comment` WHERE `goods_id` = 4 LIMIT 1   [ RunTime:0.0025s ]
SQL: SELECT COUNT(comment_id) AS tp_count FROM `jd_comment` WHERE `goods_id` = 4 AND `comment_score` IN ('4','5') LIMIT 1   [ RunTime:0.0025s ]
SQL: SHOW COLUMNS FROM `jd_comment` [ RunTime:0.0025s ]
SQL: SELECT COUNT(comment_id) AS tp_count FROM `jd_comment` WHERE `goods_id` = 4 AND `comment_score` IN ('2','3') LIMIT 1   [ RunTime:0.0025s ]
SQL: SELECT COUNT(comment_id) AS tp_count FROM `jd_comment` WHERE `goods_id` = 4 AND `comment_score` IN ('0','1') LIMIT 1   [ RunTime:0.0025s ]
SQL: SELECT `attr_id_list`,`attr_value_list` FROM `jd_goods` WHERE `goods_id` = 4 LIMIT 1   [ RunTime:0.0025s ]
SQL: SHOW COLUMNS FROM `jd_goods_attribute` [ RunTime:0.0125s ]
SQL: SELECT `attr_name` FROM `jd_goods_attribute` WHERE `attr_id` = 0 LIMIT 1   [ RunTime:0.0025s ]
INFO: [ view_parse ] --START--
INFO: [ template_filter ] --START--
INFO: Run Behavior\ContentReplaceBehavior [ RunTime:0.002500s ]
INFO: [ template_filter ] --END-- [ RunTime:0.002500s ]
NOTIC: [8] Undefined variable: goods_desc D:\wamp\www\jiadianshop\Application\Runtime\Cache\Home\3458861da0342b1f9413030055ee3fb6.php 第 794 行.
NOTIC: [8] Undefined index: goods_big_pic D:\wamp\www\jiadianshop\Application\Runtime\Cache\Home\3458861da0342b1f9413030055ee3fb6.php 第 1170 行.
NOTIC: [8] Undefined index: goods_weight D:\wamp\www\jiadianshop\Application\Runtime\Cache\Home\3458861da0342b1f9413030055ee3fb6.php 第 1356 行.
NOTIC: [8] Undefined variable: goods_attr_values D:\wamp\www\jiadianshop\Application\Runtime\Cache\Home\3458861da0342b1f9413030055ee3fb6.php 第 1358 行.
INFO: Run Behavior\ParseTemplateBehavior [ RunTime:0.325005s ]
INFO: [ view_parse ] --END-- [ RunTime:0.327505s ]
INFO: [ view_filter ] --START--
INFO: Run Behavior\WriteHtmlCacheBehavior [ RunTime:0.002500s ]
INFO: [ view_filter ] --END-- [ RunTime:0.002500s ]
INFO: [ app_end ] --START--
INFO: Run Behavior\ShowPageTraceBehavior [ RunTime:0.007500s ]
INFO: [ app_end ] --END-- [ RunTime:0.007500s ]

[ 2017-02-14T16:31:01+08:00 ] ::1 /jiadianshop/index.php/Home/Advice/verify.html
INFO: [ app_init ] --START--
INFO: Run Behavior\BuildLiteBehavior [ RunTime:0.000000s ]
INFO: [ app_init ] --END-- [ RunTime:0.005000s ]
INFO: [ app_begin ] --START--
INFO: Run Behavior\ReadHtmlCacheBehavior [ RunTime:0.002500s ]
INFO: [ app_begin ] --END-- [ RunTime:0.002500s ]
INFO: [ app_end ] --START--
INFO: Run Behavior\ShowPageTraceBehavior [ RunTime:0.002500s ]
INFO: [ app_end ] --END-- [ RunTime:0.005000s ]

[ 2017-02-14T16:31:01+08:00 ] ::1 /jiadianshop/index.php/Home/SmallCat/myGoods.html
INFO: [ app_init ] --START--
INFO: Run Behavior\BuildLiteBehavior [ RunTime:0.000000s ]
INFO: [ app_init ] --END-- [ RunTime:0.007500s ]
INFO: [ app_begin ] --START--
INFO: Run Behavior\ReadHtmlCacheBehavior [ RunTime:0.015600s ]
INFO: [ app_begin ] --END-- [ RunTime:0.015600s ]
NOTIC: [8] Undefined variable: cat_total_num D:\wamp\www\jiadianshop\Application\Home\Controller\SmallCatController.class.php 第 123 行.
NOTIC: [8] Undefined variable: cat_total_price D:\wamp\www\jiadianshop\Application\Home\Controller\SmallCatController.class.php 第 123 行.
NOTIC: [8] Undefined variable: str D:\wamp\www\jiadianshop\Application\Home\Controller\SmallCatController.class.php 第 124 行.
INFO: [ app_end ] --START--
INFO: Run Behavior\ShowPageTraceBehavior [ RunTime:0.000000s ]
INFO: [ app_end ] --END-- [ RunTime:0.000000s ]

[ 2017-02-14T16:31:01+08:00 ] ::1 /jiadianshop/index.php/Home/ScanGoods/add.html
INFO: [ app_init ] --START--
INFO: Run Behavior\BuildLiteBehavior [ RunTime:0.000000s ]
INFO: [ app_init ] --END-- [ RunTime:0.007500s ]
INFO: [ app_begin ] --START--
INFO: Run Behavior\ReadHtmlCacheBehavior [ RunTime:0.015600s ]
INFO: [ app_begin ] --END-- [ RunTime:0.015600s ]
INFO: [ app_end ] --START--
INFO: Run Behavior\ShowPageTraceBehavior [ RunTime:0.000000s ]
INFO: [ app_end ] --END-- [ RunTime:0.000000s ]

[ 2017-02-14T16:31:01+08:00 ] ::1 /jiadianshop/index.php/Home/Category/index.html
INFO: [ app_init ] --START--
INFO: Run Behavior\BuildLiteBehavior [ RunTime:0.002500s ]
INFO: [ app_init ] --END-- [ RunTime:0.007500s ]
INFO: [ app_begin ] --START--
INFO: Run Behavior\ReadHtmlCacheBehavior [ RunTime:0.000000s ]
INFO: [ app_begin ] --END-- [ RunTime:0.015600s ]
ERR: 无法加载控制器:Category

[ 2017-02-14T16:31:01+08:00 ] ::1 /jiadianshop/index.php/Home/Product/index/g/%7B:U('HotSale/index')%7D
INFO: [ app_init ] --START--
INFO: Run Behavior\BuildLiteBehavior [ RunTime:0.000000s ]
INFO: [ app_init ] --END-- [ RunTime:0.005001s ]
INFO: [ app_begin ] --START--
INFO: Run Behavior\ReadHtmlCacheBehavior [ RunTime:0.000000s ]
INFO: [ app_begin ] --END-- [ RunTime:0.000000s ]
SQL: SHOW COLUMNS FROM `jd_goods` [ RunTime:0.0000s ]
SQL: SELECT * FROM `jd_goods` INNER JOIN jd_brands ON jd_goods.cat_id=jd_brands.cat_id INNER JOIN jd_goods_cat ON jd_goods.cat_id=jd_goods_cat.cat_id  WHERE `goods_id` = '{:U(\'HotSale'  [ RunTime:0.0156s ]

[ 2017-02-14T16:31:01+08:00 ] ::1 /jiadianshop/index.php/Home/SmallCat/myShop.html
INFO: [ app_init ] --START--
INFO: Run Behavior\BuildLiteBehavior [ RunTime:0.002500s ]
INFO: [ app_init ] --END-- [ RunTime:0.007501s ]
INFO: [ app_begin ] --START--
INFO: Run Behavior\ReadHtmlCacheBehavior [ RunTime:0.000000s ]
INFO: [ app_begin ] --END-- [ RunTime:0.000000s ]
NOTIC: [8] Undefined variable: user_name D:\wamp\www\jiadianshop\Application\Home\Controller\SmallCatController.class.php 第 46 行.
NOTIC: [8] Undefined variable: user_level D:\wamp\www\jiadianshop\Application\Home\Controller\SmallCatController.class.php 第 47 行.
NOTIC: [8] Undefined variable: unpay_count D:\wamp\www\jiadianshop\Application\Home\Controller\SmallCatController.class.php 第 48 行.
NOTIC: [8] Undefined variable: uncomment_count D:\wamp\www\jiadianshop\Application\Home\Controller\SmallCatController.class.php 第 49 行.
INFO: [ app_end ] --START--
INFO: Run Behavior\ShowPageTraceBehavior [ RunTime:0.000000s ]
INFO: [ app_end ] --END-- [ RunTime:0.000000s ]

[ 2017-02-14T16:31:01+08:00 ] ::1 /jiadianshop/index.php/Home/Login/checkLogin.html
INFO: [ app_init ] --START--
INFO: Run Behavior\BuildLiteBehavior [ RunTime:0.002500s ]
INFO: [ app_init ] --END-- [ RunTime:0.005000s ]
INFO: [ app_begin ] --START--
INFO: Run Behavior\ReadHtmlCacheBehavior [ RunTime:0.000000s ]
INFO: [ app_begin ] --END-- [ RunTime:0.000000s ]
NOTIC: [8] Undefined variable: user_name D:\wamp\www\jiadianshop\Application\Home\Controller\LoginController.class.php 第 168 行.
NOTIC: [8] Undefined variable: user_level D:\wamp\www\jiadianshop\Application\Home\Controller\LoginController.class.php 第 169 行.
INFO: [ app_end ] --START--
INFO: Run Behavior\ShowPageTraceBehavior [ RunTime:0.000000s ]
INFO: [ app_end ] --END-- [ RunTime:0.015600s ]

[ 2017-02-14T16:31:01+08:00 ] ::1 /jiadianshop/index.php/Home/ScanGoods/index.html
INFO: [ app_init ] --START--
INFO: Run Behavior\BuildLiteBehavior [ RunTime:0.000000s ]
INFO: [ app_init ] --END-- [ RunTime:0.015600s ]
INFO: [ app_begin ] --START--
INFO: Run Behavior\ReadHtmlCacheBehavior [ RunTime:0.000000s ]
INFO: [ app_begin ] --END-- [ RunTime:0.000000s ]
SQL: SHOW COLUMNS FROM `jd_goods` [ RunTime:0.0000s ]
SQL: SELECT `goods_id`,`goods_name`,`market_price`,`shop_price`,`goods_thumb_img` FROM `jd_goods` WHERE `goods_id` IN ('4')  [ RunTime:0.0000s ]
NOTIC: [8] Undefined variable: str D:\wamp\www\jiadianshop\Application\Home\Controller\ScanGoodsController.class.php 第 72 行.

[ 2017-02-14T16:31:01+08:00 ] ::1 /jiadianshop/index.php/Home/Advice/makeCategory.html
INFO: [ app_init ] --START--
INFO: Run Behavior\BuildLiteBehavior [ RunTime:0.000000s ]
INFO: [ app_init ] --END-- [ RunTime:0.000000s ]
INFO: [ app_begin ] --START--
INFO: Run Behavior\ReadHtmlCacheBehavior [ RunTime:0.000000s ]
INFO: [ app_begin ] --END-- [ RunTime:0.000000s ]
SQL: SHOW COLUMNS FROM `jd_advice_category` [ RunTime:0.0050s ]
SQL: SELECT * FROM `jd_advice_category`  [ RunTime:0.0025s ]
INFO: [ app_end ] --START--
INFO: Run Behavior\ShowPageTraceBehavior [ RunTime:0.002500s ]
INFO: [ app_end ] --END-- [ RunTime:0.005000s ]

