[ 2016-05-14T16:12:14+08:00 ] ::1 /jiadianshop/index.php/jiadianshop/index.php/Home/Index/index.html.html
INFO: [ app_init ] --START--
INFO: Run Behavior\BuildLiteBehavior [ RunTime:0.000028s ]
INFO: [ app_init ] --END-- [ RunTime:0.000728s ]
ERR: 无法加载模块:Jiadianshop

[ 2016-05-14T16:14:01+08:00 ] ::1 /jiadianshop/index.php/jiadianshop/index.php/Home/Index/index.html.html
INFO: [ app_init ] --START--
INFO: Run Behavior\BuildLiteBehavior [ RunTime:0.000023s ]
INFO: [ app_init ] --END-- [ RunTime:0.000574s ]
ERR: 无法加载模块:Jiadianshop

[ 2016-05-14T16:14:17+08:00 ] ::1 /jiadianshop/index.php/jiadianshop/index.php/Home/Index/index.html.html
INFO: [ app_init ] --START--
INFO: Run Behavior\BuildLiteBehavior [ RunTime:0.000025s ]
INFO: [ app_init ] --END-- [ RunTime:0.000700s ]
ERR: 无法加载模块:Jiadianshop

[ 2016-05-14T16:17:11+08:00 ] ::1 /jiadianshop/index.php/jiadianshop/index.php/Home/Index/index.html.html
INFO: [ app_init ] --START--
INFO: Run Behavior\BuildLiteBehavior [ RunTime:0.000036s ]
INFO: [ app_init ] --END-- [ RunTime:0.000613s ]
ERR: 无法加载模块:Jiadianshop

