[ 2016-04-15T23:21:07+08:00 ] ::1 /jiadianshop/index.php/jiadianshop/index.php/Admin/Index/index.html.html
INFO: [ app_init ] --START--
INFO: Run Behavior\BuildLiteBehavior [ RunTime:0.000045s ]
INFO: [ app_init ] --END-- [ RunTime:0.001505s ]
ERR: 无法加载模块:Jiadianshop

[ 2016-04-15T23:21:26+08:00 ] ::1 /jiadianshop/index.php/jiadianshop/index.php/Admin/Index/index.html.html
INFO: [ app_init ] --START--
INFO: Run Behavior\BuildLiteBehavior [ RunTime:0.000025s ]
INFO: [ app_init ] --END-- [ RunTime:0.000730s ]
ERR: 无法加载模块:Jiadianshop

[ 2016-04-15T23:21:39+08:00 ] ::1 /jiadianshop/index.php/jiadianshop/index.php/Admin/Index/index.html.html
INFO: [ app_init ] --START--
INFO: Run Behavior\BuildLiteBehavior [ RunTime:0.000024s ]
INFO: [ app_init ] --END-- [ RunTime:0.000643s ]
ERR: 无法加载模块:Jiadianshop

[ 2016-04-15T23:21:56+08:00 ] ::1 /jiadianshop/index.php/jiadianshop/index.php/Admin/Index/index.html.html
INFO: [ app_init ] --START--
INFO: Run Behavior\BuildLiteBehavior [ RunTime:0.000046s ]
INFO: [ app_init ] --END-- [ RunTime:0.001386s ]
ERR: 无法加载模块:Jiadianshop

[ 2016-04-15T23:22:05+08:00 ] ::1 /jiadianshop/index.php/jiadianshop/index.php/Admin/Index/index.html.html
INFO: [ app_init ] --START--
INFO: Run Behavior\BuildLiteBehavior [ RunTime:0.000030s ]
INFO: [ app_init ] --END-- [ RunTime:0.000965s ]
ERR: 无法加载模块:Jiadianshop

[ 2016-04-15T23:22:17+08:00 ] ::1 /jiadianshop/index.php/jiadianshop/index.php/Admin/Index/index.html.html
INFO: [ app_init ] --START--
INFO: Run Behavior\BuildLiteBehavior [ RunTime:0.000039s ]
INFO: [ app_init ] --END-- [ RunTime:0.001655s ]
ERR: 无法加载模块:Jiadianshop

[ 2016-04-15T23:22:24+08:00 ] ::1 /jiadianshop/index.php/jiadianshop/index.php/Admin/Index/index.html.html
INFO: [ app_init ] --START--
INFO: Run Behavior\BuildLiteBehavior [ RunTime:0.000027s ]
INFO: [ app_init ] --END-- [ RunTime:0.001128s ]
ERR: 无法加载模块:Jiadianshop

[ 2016-04-15T23:23:42+08:00 ] ::1 /jiadianshop/index.php/jiadianshop/index.php/Admin/Index/index.html.html
INFO: [ app_init ] --START--
INFO: Run Behavior\BuildLiteBehavior [ RunTime:0.000025s ]
INFO: [ app_init ] --END-- [ RunTime:0.000949s ]
ERR: 无法加载模块:Jiadianshop

[ 2016-04-15T23:23:51+08:00 ] ::1 /jiadianshop/index.php/jiadianshop/index.php/Admin/Index/index.html.html
INFO: [ app_init ] --START--
INFO: Run Behavior\BuildLiteBehavior [ RunTime:0.000032s ]
INFO: [ app_init ] --END-- [ RunTime:0.000913s ]
ERR: 无法加载模块:Jiadianshop

[ 2016-04-15T23:24:02+08:00 ] ::1 /jiadianshop/index.php/jiadianshop/index.php/Admin/Index/index.html.html
INFO: [ app_init ] --START--
INFO: Run Behavior\BuildLiteBehavior [ RunTime:0.000027s ]
INFO: [ app_init ] --END-- [ RunTime:0.000759s ]
ERR: 无法加载模块:Jiadianshop

[ 2016-04-15T23:24:05+08:00 ] ::1 /jiadianshop/index.php/jiadianshop/index.php/Admin/Index/index.html.html
INFO: [ app_init ] --START--
INFO: Run Behavior\BuildLiteBehavior [ RunTime:0.000031s ]
INFO: [ app_init ] --END-- [ RunTime:0.001007s ]
ERR: 无法加载模块:Jiadianshop

