[ 2016-05-28T22:35:31+08:00 ] ::1 /jiadianshop/index.php/Admin/Index/index
INFO: [ app_init ] --START--
INFO: Run Behavior\BuildLiteBehavior [ RunTime:0.000031s ]
INFO: [ app_init ] --END-- [ RunTime:0.000760s ]
INFO: [ app_begin ] --START--
INFO: Run Behavior\ReadHtmlCacheBehavior [ RunTime:0.001497s ]
INFO: [ app_begin ] --END-- [ RunTime:0.001641s ]
NOTIC: [8] A session had already been started - ignoring session_start() D:\wamp\www\jiadianshop\ThinkPHP\Common\functions.php 第 1263 行.
INFO: [ view_parse ] --START--
INFO: [ template_filter ] --START--
INFO: Run Behavior\ContentReplaceBehavior [ RunTime:0.000061s ]
INFO: [ template_filter ] --END-- [ RunTime:0.000181s ]
INFO: Run Behavior\ParseTemplateBehavior [ RunTime:0.013598s ]
INFO: [ view_parse ] --END-- [ RunTime:0.013722s ]
INFO: [ view_filter ] --START--
INFO: Run Behavior\WriteHtmlCacheBehavior [ RunTime:0.001682s ]
INFO: [ view_filter ] --END-- [ RunTime:0.001782s ]
INFO: [ app_end ] --START--
INFO: Run Behavior\ShowPageTraceBehavior [ RunTime:0.001475s ]
INFO: [ app_end ] --END-- [ RunTime:0.001673s ]

[ 2016-05-28T22:35:31+08:00 ] ::1 /jiadianshop/index.php/Admin/Index/top.html
INFO: [ app_init ] --START--
INFO: Run Behavior\BuildLiteBehavior [ RunTime:0.000029s ]
INFO: [ app_init ] --END-- [ RunTime:0.000699s ]
INFO: [ app_begin ] --START--
INFO: Run Behavior\ReadHtmlCacheBehavior [ RunTime:0.001465s ]
INFO: [ app_begin ] --END-- [ RunTime:0.001580s ]
NOTIC: [8] A session had already been started - ignoring session_start() D:\wamp\www\jiadianshop\ThinkPHP\Common\functions.php 第 1263 行.
INFO: [ view_parse ] --START--
INFO: [ template_filter ] --START--
INFO: Run Behavior\ContentReplaceBehavior [ RunTime:0.000074s ]
INFO: [ template_filter ] --END-- [ RunTime:0.000180s ]
NOTIC: [8] Undefined variable: admin_name D:\wamp\www\jiadianshop\Application\Runtime\Cache\Admin\bdb24232b8dcb412d439a202b1caa9a5.php 第 44 行.
INFO: Run Behavior\ParseTemplateBehavior [ RunTime:0.012533s ]
INFO: [ view_parse ] --END-- [ RunTime:0.012659s ]
INFO: [ view_filter ] --START--
INFO: Run Behavior\WriteHtmlCacheBehavior [ RunTime:0.001156s ]
INFO: [ view_filter ] --END-- [ RunTime:0.001240s ]
INFO: [ app_end ] --START--
INFO: Run Behavior\ShowPageTraceBehavior [ RunTime:0.001505s ]
INFO: [ app_end ] --END-- [ RunTime:0.001618s ]

[ 2016-05-28T22:35:31+08:00 ] ::1 /jiadianshop/index.php/Admin/Index/left.html
INFO: [ app_init ] --START--
INFO: Run Behavior\BuildLiteBehavior [ RunTime:0.000055s ]
INFO: [ app_init ] --END-- [ RunTime:0.001166s ]
INFO: [ app_begin ] --START--
INFO: Run Behavior\ReadHtmlCacheBehavior [ RunTime:0.002290s ]
INFO: [ app_begin ] --END-- [ RunTime:0.002453s ]
NOTIC: [8] A session had already been started - ignoring session_start() D:\wamp\www\jiadianshop\ThinkPHP\Common\functions.php 第 1263 行.
INFO: [ view_parse ] --START--
INFO: [ template_filter ] --START--
INFO: Run Behavior\ContentReplaceBehavior [ RunTime:0.000186s ]
INFO: [ template_filter ] --END-- [ RunTime:0.000349s ]
NOTIC: [8] Undefined variable: pri_list D:\wamp\www\jiadianshop\Application\Runtime\Cache\Admin\6778f0baf40e879d2b8c18d2052abd0c.php 第 172 行.
NOTIC: [2] in_array() expects parameter 2 to be array, null given D:\wamp\www\jiadianshop\Application\Runtime\Cache\Admin\6778f0baf40e879d2b8c18d2052abd0c.php 第 172 行.
NOTIC: [8] Undefined variable: id D:\wamp\www\jiadianshop\Application\Runtime\Cache\Admin\6778f0baf40e879d2b8c18d2052abd0c.php 第 172 行.
INFO: Run Behavior\ParseTemplateBehavior [ RunTime:0.029467s ]
INFO: [ view_parse ] --END-- [ RunTime:0.029643s ]
INFO: [ view_filter ] --START--
INFO: Run Behavior\WriteHtmlCacheBehavior [ RunTime:0.002442s ]
INFO: [ view_filter ] --END-- [ RunTime:0.002650s ]
INFO: [ app_end ] --START--
INFO: Run Behavior\ShowPageTraceBehavior [ RunTime:0.002274s ]
INFO: [ app_end ] --END-- [ RunTime:0.002435s ]

[ 2016-05-28T22:35:32+08:00 ] ::1 /jiadianshop/index.php/Admin/Index/footer.html
INFO: [ app_init ] --START--
INFO: Run Behavior\BuildLiteBehavior [ RunTime:0.000040s ]
INFO: [ app_init ] --END-- [ RunTime:0.001215s ]
INFO: [ app_begin ] --START--
INFO: Run Behavior\ReadHtmlCacheBehavior [ RunTime:0.005870s ]
INFO: [ app_begin ] --END-- [ RunTime:0.006097s ]
NOTIC: [8] A session had already been started - ignoring session_start() D:\wamp\www\jiadianshop\ThinkPHP\Common\functions.php 第 1263 行.
INFO: [ app_end ] --START--
INFO: Run Behavior\ShowPageTraceBehavior [ RunTime:0.001658s ]
INFO: [ app_end ] --END-- [ RunTime:0.001835s ]

[ 2016-05-28T22:35:32+08:00 ] ::1 /jiadianshop/index.php/Admin/Index/main.html
INFO: [ app_init ] --START--
INFO: Run Behavior\BuildLiteBehavior [ RunTime:0.000026s ]
INFO: [ app_init ] --END-- [ RunTime:0.000675s ]
INFO: [ app_begin ] --START--
INFO: Run Behavior\ReadHtmlCacheBehavior [ RunTime:0.001514s ]
INFO: [ app_begin ] --END-- [ RunTime:0.001622s ]
NOTIC: [8] A session had already been started - ignoring session_start() D:\wamp\www\jiadianshop\ThinkPHP\Common\functions.php 第 1263 行.
INFO: [ view_parse ] --START--
INFO: [ template_filter ] --START--
INFO: Run Behavior\ContentReplaceBehavior [ RunTime:0.000098s ]
INFO: [ template_filter ] --END-- [ RunTime:0.000263s ]
NOTIC: [8] Undefined index: admin_name D:\wamp\www\jiadianshop\Application\Runtime\Cache\Admin\b0f0b709690a72033d17719e8059053c.php 第 26 行.
NOTIC: [8] Undefined variable: admin_id D:\wamp\www\jiadianshop\Application\Runtime\Cache\Admin\b0f0b709690a72033d17719e8059053c.php 第 27 行.
NOTIC: [8] Undefined variable: last_login D:\wamp\www\jiadianshop\Application\Runtime\Cache\Admin\b0f0b709690a72033d17719e8059053c.php 第 32 行.
INFO: Run Behavior\ParseTemplateBehavior [ RunTime:0.016230s ]
INFO: [ view_parse ] --END-- [ RunTime:0.016329s ]
INFO: [ view_filter ] --START--
INFO: Run Behavior\WriteHtmlCacheBehavior [ RunTime:0.001304s ]
INFO: [ view_filter ] --END-- [ RunTime:0.001392s ]
INFO: [ app_end ] --START--
INFO: Run Behavior\ShowPageTraceBehavior [ RunTime:0.002041s ]
INFO: [ app_end ] --END-- [ RunTime:0.002189s ]

[ 2016-05-28T22:35:42+08:00 ] ::1 /jiadianshop/index.php/Admin/Dealer/Dealer/index.html
INFO: [ app_init ] --START--
INFO: Run Behavior\BuildLiteBehavior [ RunTime:0.000024s ]
INFO: [ app_init ] --END-- [ RunTime:0.000710s ]
INFO: [ app_begin ] --START--
INFO: Run Behavior\ReadHtmlCacheBehavior [ RunTime:0.001559s ]
INFO: [ app_begin ] --END-- [ RunTime:0.001667s ]
NOTIC: [8] A session had already been started - ignoring session_start() D:\wamp\www\jiadianshop\ThinkPHP\Common\functions.php 第 1263 行.
ERR: 无法加载控制器:Dealer

[ 2016-05-28T22:41:33+08:00 ] ::1 /jiadianshop/index.php/Admin/User/index.html
INFO: [ app_init ] --START--
INFO: Run Behavior\BuildLiteBehavior [ RunTime:0.000026s ]
INFO: [ app_init ] --END-- [ RunTime:0.000838s ]
INFO: [ app_begin ] --START--
INFO: Run Behavior\ReadHtmlCacheBehavior [ RunTime:0.001475s ]
INFO: [ app_begin ] --END-- [ RunTime:0.001570s ]
NOTIC: [8] A session had already been started - ignoring session_start() D:\wamp\www\jiadianshop\ThinkPHP\Common\functions.php 第 1263 行.
SQL: SHOW COLUMNS FROM `jd_user` [ RunTime:0.0065s ]
SQL: SELECT * FROM `jd_user`  [ RunTime:0.0004s ]
INFO: [ view_parse ] --START--
INFO: [ template_filter ] --START--
INFO: Run Behavior\ContentReplaceBehavior [ RunTime:0.000095s ]
INFO: [ template_filter ] --END-- [ RunTime:0.000194s ]
NOTIC: [8] Undefined index: user_name D:\wamp\www\jiadianshop\Application\Runtime\Cache\Admin\65e605872ed5d34210f5b33beb13f5a3.php 第 48 行.
NOTIC: [8] Undefined index: id D:\wamp\www\jiadianshop\Application\Runtime\Cache\Admin\65e605872ed5d34210f5b33beb13f5a3.php 第 77 行.
NOTIC: [8] Undefined index: p D:\wamp\www\jiadianshop\Application\Runtime\Cache\Admin\65e605872ed5d34210f5b33beb13f5a3.php 第 78 行.
NOTIC: [8] Undefined variable: i D:\wamp\www\jiadianshop\Application\Runtime\Cache\Admin\65e605872ed5d34210f5b33beb13f5a3.php 第 78 行.
NOTIC: [8] Undefined index: identity_card D:\wamp\www\jiadianshop\Application\Runtime\Cache\Admin\65e605872ed5d34210f5b33beb13f5a3.php 第 82 行.
NOTIC: [8] Undefined index: id D:\wamp\www\jiadianshop\Application\Runtime\Cache\Admin\65e605872ed5d34210f5b33beb13f5a3.php 第 85 行.
NOTIC: [8] Undefined index: id D:\wamp\www\jiadianshop\Application\Runtime\Cache\Admin\65e605872ed5d34210f5b33beb13f5a3.php 第 77 行.
NOTIC: [8] Undefined index: p D:\wamp\www\jiadianshop\Application\Runtime\Cache\Admin\65e605872ed5d34210f5b33beb13f5a3.php 第 78 行.
NOTIC: [8] Undefined index: identity_card D:\wamp\www\jiadianshop\Application\Runtime\Cache\Admin\65e605872ed5d34210f5b33beb13f5a3.php 第 82 行.
NOTIC: [8] Undefined index: id D:\wamp\www\jiadianshop\Application\Runtime\Cache\Admin\65e605872ed5d34210f5b33beb13f5a3.php 第 85 行.
NOTIC: [8] Undefined variable: page D:\wamp\www\jiadianshop\Application\Runtime\Cache\Admin\65e605872ed5d34210f5b33beb13f5a3.php 第 102 行.
INFO: Run Behavior\ParseTemplateBehavior [ RunTime:0.018508s ]
INFO: [ view_parse ] --END-- [ RunTime:0.018611s ]
INFO: [ view_filter ] --START--
INFO: Run Behavior\WriteHtmlCacheBehavior [ RunTime:0.001473s ]
INFO: [ view_filter ] --END-- [ RunTime:0.001564s ]
INFO: [ app_end ] --START--
INFO: Run Behavior\ShowPageTraceBehavior [ RunTime:0.001511s ]
INFO: [ app_end ] --END-- [ RunTime:0.001646s ]

[ 2016-05-28T22:46:12+08:00 ] ::1 /jiadianshop/index.php/Admin/Order/index
INFO: [ app_init ] --START--
INFO: Run Behavior\BuildLiteBehavior [ RunTime:0.000023s ]
INFO: [ app_init ] --END-- [ RunTime:0.000777s ]
INFO: [ app_begin ] --START--
INFO: Run Behavior\ReadHtmlCacheBehavior [ RunTime:0.001424s ]
INFO: [ app_begin ] --END-- [ RunTime:0.001537s ]
NOTIC: [8] A session had already been started - ignoring session_start() D:\wamp\www\jiadianshop\ThinkPHP\Common\functions.php 第 1263 行.
SQL: SHOW COLUMNS FROM `jd_order` [ RunTime:0.0073s ]
SQL: SELECT * FROM `jd_order` INNER JOIN jd_order_desc ON jd_order.order_id=jd_order_desc.order_id   [ RunTime:0.0006s ]
INFO: [ app_end ] --START--
INFO: Run Behavior\ShowPageTraceBehavior [ RunTime:0.001574s ]
INFO: [ app_end ] --END-- [ RunTime:0.001668s ]

[ 2016-05-28T22:48:08+08:00 ] ::1 /jiadianshop/index.php/Admin/Order/index
INFO: [ app_init ] --START--
INFO: Run Behavior\BuildLiteBehavior [ RunTime:0.000049s ]
INFO: [ app_init ] --END-- [ RunTime:0.000788s ]
INFO: [ app_begin ] --START--
INFO: Run Behavior\ReadHtmlCacheBehavior [ RunTime:0.001370s ]
INFO: [ app_begin ] --END-- [ RunTime:0.001462s ]
NOTIC: [8] A session had already been started - ignoring session_start() D:\wamp\www\jiadianshop\ThinkPHP\Common\functions.php 第 1263 行.
SQL: SHOW COLUMNS FROM `jd_order` [ RunTime:0.0069s ]
SQL: SELECT * FROM `jd_order` INNER JOIN jd_order_desc ON jd_order.order_id=jd_order_desc.order_id   [ RunTime:0.0004s ]
ERR: 模板不存在:./Application/Admin/View/Order/index.html

[ 2016-05-28T22:49:06+08:00 ] ::1 /jiadianshop/index.php/Admin/Order/index
INFO: [ app_init ] --START--
INFO: Run Behavior\BuildLiteBehavior [ RunTime:0.000037s ]
INFO: [ app_init ] --END-- [ RunTime:0.000792s ]
INFO: [ app_begin ] --START--
INFO: Run Behavior\ReadHtmlCacheBehavior [ RunTime:0.001571s ]
INFO: [ app_begin ] --END-- [ RunTime:0.001684s ]
NOTIC: [8] A session had already been started - ignoring session_start() D:\wamp\www\jiadianshop\ThinkPHP\Common\functions.php 第 1263 行.
SQL: SHOW COLUMNS FROM `jd_order` [ RunTime:0.0067s ]
SQL: SELECT * FROM `jd_order` INNER JOIN jd_order_desc ON jd_order.order_id=jd_order_desc.order_id   [ RunTime:0.0004s ]
INFO: [ view_parse ] --START--
INFO: [ template_filter ] --START--
INFO: Run Behavior\ContentReplaceBehavior [ RunTime:0.000134s ]
INFO: [ template_filter ] --END-- [ RunTime:0.000267s ]
NOTIC: [8] Undefined index: order_status D:\wamp\www\jiadianshop\Application\Runtime\Cache\Admin\18bc66a7b6334412ab8e61a2539ecfbd.php 第 67 行.
NOTIC: [8] Undefined index: order_status D:\wamp\www\jiadianshop\Application\Runtime\Cache\Admin\18bc66a7b6334412ab8e61a2539ecfbd.php 第 68 行.
NOTIC: [8] Undefined index: order_status D:\wamp\www\jiadianshop\Application\Runtime\Cache\Admin\18bc66a7b6334412ab8e61a2539ecfbd.php 第 69 行.
NOTIC: [8] Undefined index: order_status D:\wamp\www\jiadianshop\Application\Runtime\Cache\Admin\18bc66a7b6334412ab8e61a2539ecfbd.php 第 70 行.
NOTIC: [8] Undefined index: order_status D:\wamp\www\jiadianshop\Application\Runtime\Cache\Admin\18bc66a7b6334412ab8e61a2539ecfbd.php 第 71 行.
NOTIC: [8] Undefined index: order_status D:\wamp\www\jiadianshop\Application\Runtime\Cache\Admin\18bc66a7b6334412ab8e61a2539ecfbd.php 第 72 行.
NOTIC: [8] Undefined index: order_status D:\wamp\www\jiadianshop\Application\Runtime\Cache\Admin\18bc66a7b6334412ab8e61a2539ecfbd.php 第 73 行.
NOTIC: [8] Undefined index: post_status D:\wamp\www\jiadianshop\Application\Runtime\Cache\Admin\18bc66a7b6334412ab8e61a2539ecfbd.php 第 81 行.
NOTIC: [8] Undefined index: post_status D:\wamp\www\jiadianshop\Application\Runtime\Cache\Admin\18bc66a7b6334412ab8e61a2539ecfbd.php 第 82 行.
NOTIC: [8] Undefined index: post_status D:\wamp\www\jiadianshop\Application\Runtime\Cache\Admin\18bc66a7b6334412ab8e61a2539ecfbd.php 第 83 行.
NOTIC: [8] Undefined index: return_status D:\wamp\www\jiadianshop\Application\Runtime\Cache\Admin\18bc66a7b6334412ab8e61a2539ecfbd.php 第 96 行.
NOTIC: [8] Undefined index: return_status D:\wamp\www\jiadianshop\Application\Runtime\Cache\Admin\18bc66a7b6334412ab8e61a2539ecfbd.php 第 97 行.
NOTIC: [8] Undefined index: return_status D:\wamp\www\jiadianshop\Application\Runtime\Cache\Admin\18bc66a7b6334412ab8e61a2539ecfbd.php 第 98 行.
NOTIC: [8] Undefined index: return_status D:\wamp\www\jiadianshop\Application\Runtime\Cache\Admin\18bc66a7b6334412ab8e61a2539ecfbd.php 第 99 行.
NOTIC: [8] Undefined index: return_status D:\wamp\www\jiadianshop\Application\Runtime\Cache\Admin\18bc66a7b6334412ab8e61a2539ecfbd.php 第 100 行.
NOTIC: [8] Undefined index: return_status D:\wamp\www\jiadianshop\Application\Runtime\Cache\Admin\18bc66a7b6334412ab8e61a2539ecfbd.php 第 101 行.
NOTIC: [8] Undefined index: is_comment D:\wamp\www\jiadianshop\Application\Runtime\Cache\Admin\18bc66a7b6334412ab8e61a2539ecfbd.php 第 109 行.
NOTIC: [8] Undefined index: is_comment D:\wamp\www\jiadianshop\Application\Runtime\Cache\Admin\18bc66a7b6334412ab8e61a2539ecfbd.php 第 110 行.
NOTIC: [8] Undefined variable: order_list D:\wamp\www\jiadianshop\Application\Runtime\Cache\Admin\18bc66a7b6334412ab8e61a2539ecfbd.php 第 133 行.
NOTIC: [2] Invalid argument supplied for foreach() D:\wamp\www\jiadianshop\Application\Runtime\Cache\Admin\18bc66a7b6334412ab8e61a2539ecfbd.php 第 133 行.
NOTIC: [8] Undefined variable: page D:\wamp\www\jiadianshop\Application\Runtime\Cache\Admin\18bc66a7b6334412ab8e61a2539ecfbd.php 第 159 行.
INFO: Run Behavior\ParseTemplateBehavior [ RunTime:0.015183s ]
INFO: [ view_parse ] --END-- [ RunTime:0.015280s ]
INFO: [ view_filter ] --START--
INFO: Run Behavior\WriteHtmlCacheBehavior [ RunTime:0.001277s ]
INFO: [ view_filter ] --END-- [ RunTime:0.001369s ]
INFO: [ app_end ] --START--
INFO: Run Behavior\ShowPageTraceBehavior [ RunTime:0.001472s ]
INFO: [ app_end ] --END-- [ RunTime:0.001579s ]

[ 2016-05-28T22:56:01+08:00 ] ::1 /jiadianshop/index.php/Admin/Order/index
INFO: [ app_init ] --START--
INFO: Run Behavior\BuildLiteBehavior [ RunTime:0.000023s ]
INFO: [ app_init ] --END-- [ RunTime:0.000870s ]
INFO: [ app_begin ] --START--
INFO: Run Behavior\ReadHtmlCacheBehavior [ RunTime:0.001543s ]
INFO: [ app_begin ] --END-- [ RunTime:0.001638s ]
NOTIC: [8] A session had already been started - ignoring session_start() D:\wamp\www\jiadianshop\ThinkPHP\Common\functions.php 第 1263 行.
SQL: SHOW COLUMNS FROM `jd_order` [ RunTime:0.0058s ]
SQL: SELECT * FROM `jd_order` INNER JOIN jd_order_desc ON jd_order.order_id=jd_order_desc.order_id   [ RunTime:0.0005s ]
INFO: [ view_parse ] --START--
INFO: [ template_filter ] --START--
INFO: Run Behavior\ContentReplaceBehavior [ RunTime:0.000115s ]
INFO: [ template_filter ] --END-- [ RunTime:0.000217s ]
NOTIC: [8] Undefined index: order_status D:\wamp\www\jiadianshop\Application\Runtime\Cache\Admin\18bc66a7b6334412ab8e61a2539ecfbd.php 第 67 行.
NOTIC: [8] Undefined index: order_status D:\wamp\www\jiadianshop\Application\Runtime\Cache\Admin\18bc66a7b6334412ab8e61a2539ecfbd.php 第 68 行.
NOTIC: [8] Undefined index: order_status D:\wamp\www\jiadianshop\Application\Runtime\Cache\Admin\18bc66a7b6334412ab8e61a2539ecfbd.php 第 69 行.
NOTIC: [8] Undefined index: order_status D:\wamp\www\jiadianshop\Application\Runtime\Cache\Admin\18bc66a7b6334412ab8e61a2539ecfbd.php 第 70 行.
NOTIC: [8] Undefined index: order_status D:\wamp\www\jiadianshop\Application\Runtime\Cache\Admin\18bc66a7b6334412ab8e61a2539ecfbd.php 第 71 行.
NOTIC: [8] Undefined index: order_status D:\wamp\www\jiadianshop\Application\Runtime\Cache\Admin\18bc66a7b6334412ab8e61a2539ecfbd.php 第 72 行.
NOTIC: [8] Undefined index: order_status D:\wamp\www\jiadianshop\Application\Runtime\Cache\Admin\18bc66a7b6334412ab8e61a2539ecfbd.php 第 73 行.
NOTIC: [8] Undefined index: post_status D:\wamp\www\jiadianshop\Application\Runtime\Cache\Admin\18bc66a7b6334412ab8e61a2539ecfbd.php 第 81 行.
NOTIC: [8] Undefined index: post_status D:\wamp\www\jiadianshop\Application\Runtime\Cache\Admin\18bc66a7b6334412ab8e61a2539ecfbd.php 第 82 行.
NOTIC: [8] Undefined index: post_status D:\wamp\www\jiadianshop\Application\Runtime\Cache\Admin\18bc66a7b6334412ab8e61a2539ecfbd.php 第 83 行.
NOTIC: [8] Undefined index: return_status D:\wamp\www\jiadianshop\Application\Runtime\Cache\Admin\18bc66a7b6334412ab8e61a2539ecfbd.php 第 96 行.
NOTIC: [8] Undefined index: return_status D:\wamp\www\jiadianshop\Application\Runtime\Cache\Admin\18bc66a7b6334412ab8e61a2539ecfbd.php 第 97 行.
NOTIC: [8] Undefined index: return_status D:\wamp\www\jiadianshop\Application\Runtime\Cache\Admin\18bc66a7b6334412ab8e61a2539ecfbd.php 第 98 行.
NOTIC: [8] Undefined index: return_status D:\wamp\www\jiadianshop\Application\Runtime\Cache\Admin\18bc66a7b6334412ab8e61a2539ecfbd.php 第 99 行.
NOTIC: [8] Undefined index: return_status D:\wamp\www\jiadianshop\Application\Runtime\Cache\Admin\18bc66a7b6334412ab8e61a2539ecfbd.php 第 100 行.
NOTIC: [8] Undefined index: return_status D:\wamp\www\jiadianshop\Application\Runtime\Cache\Admin\18bc66a7b6334412ab8e61a2539ecfbd.php 第 101 行.
NOTIC: [8] Undefined index: is_comment D:\wamp\www\jiadianshop\Application\Runtime\Cache\Admin\18bc66a7b6334412ab8e61a2539ecfbd.php 第 109 行.
NOTIC: [8] Undefined index: is_comment D:\wamp\www\jiadianshop\Application\Runtime\Cache\Admin\18bc66a7b6334412ab8e61a2539ecfbd.php 第 110 行.
NOTIC: [8] Undefined index: id D:\wamp\www\jiadianshop\Application\Runtime\Cache\Admin\18bc66a7b6334412ab8e61a2539ecfbd.php 第 134 行.
NOTIC: [8] Undefined index: p D:\wamp\www\jiadianshop\Application\Runtime\Cache\Admin\18bc66a7b6334412ab8e61a2539ecfbd.php 第 135 行.
NOTIC: [8] Undefined variable: i D:\wamp\www\jiadianshop\Application\Runtime\Cache\Admin\18bc66a7b6334412ab8e61a2539ecfbd.php 第 135 行.
NOTIC: [8] Undefined index: id D:\wamp\www\jiadianshop\Application\Runtime\Cache\Admin\18bc66a7b6334412ab8e61a2539ecfbd.php 第 136 行.
NOTIC: [8] Undefined index: sn D:\wamp\www\jiadianshop\Application\Runtime\Cache\Admin\18bc66a7b6334412ab8e61a2539ecfbd.php 第 136 行.
NOTIC: [8] Undefined index: add_time D:\wamp\www\jiadianshop\Application\Runtime\Cache\Admin\18bc66a7b6334412ab8e61a2539ecfbd.php 第 137 行.
NOTIC: [8] Undefined index: shr_name D:\wamp\www\jiadianshop\Application\Runtime\Cache\Admin\18bc66a7b6334412ab8e61a2539ecfbd.php 第 138 行.
NOTIC: [8] Undefined index: total_price D:\wamp\www\jiadianshop\Application\Runtime\Cache\Admin\18bc66a7b6334412ab8e61a2539ecfbd.php 第 139 行.
NOTIC: [8] Undefined index: deal_price D:\wamp\www\jiadianshop\Application\Runtime\Cache\Admin\18bc66a7b6334412ab8e61a2539ecfbd.php 第 140 行.

[ 2016-05-28T22:59:39+08:00 ] ::1 /jiadianshop/index.php/Admin/Order/index
INFO: [ app_init ] --START--
INFO: Run Behavior\BuildLiteBehavior [ RunTime:0.000025s ]
INFO: [ app_init ] --END-- [ RunTime:0.000716s ]
INFO: [ app_begin ] --START--
INFO: Run Behavior\ReadHtmlCacheBehavior [ RunTime:0.001749s ]
INFO: [ app_begin ] --END-- [ RunTime:0.001935s ]
NOTIC: [8] A session had already been started - ignoring session_start() D:\wamp\www\jiadianshop\ThinkPHP\Common\functions.php 第 1263 行.
SQL: SHOW COLUMNS FROM `jd_order` [ RunTime:0.0065s ]
SQL: SELECT * FROM `jd_order` INNER JOIN jd_order_desc ON jd_order.order_id=jd_order_desc.order_id   [ RunTime:0.0004s ]
INFO: [ view_parse ] --START--
INFO: [ template_filter ] --START--
INFO: Run Behavior\ContentReplaceBehavior [ RunTime:0.000123s ]
INFO: [ template_filter ] --END-- [ RunTime:0.000220s ]
NOTIC: [8] Undefined index: order_status D:\wamp\www\jiadianshop\Application\Runtime\Cache\Admin\18bc66a7b6334412ab8e61a2539ecfbd.php 第 67 行.
NOTIC: [8] Undefined index: order_status D:\wamp\www\jiadianshop\Application\Runtime\Cache\Admin\18bc66a7b6334412ab8e61a2539ecfbd.php 第 68 行.
NOTIC: [8] Undefined index: order_status D:\wamp\www\jiadianshop\Application\Runtime\Cache\Admin\18bc66a7b6334412ab8e61a2539ecfbd.php 第 69 行.
NOTIC: [8] Undefined index: order_status D:\wamp\www\jiadianshop\Application\Runtime\Cache\Admin\18bc66a7b6334412ab8e61a2539ecfbd.php 第 70 行.
NOTIC: [8] Undefined index: order_status D:\wamp\www\jiadianshop\Application\Runtime\Cache\Admin\18bc66a7b6334412ab8e61a2539ecfbd.php 第 71 行.
NOTIC: [8] Undefined index: order_status D:\wamp\www\jiadianshop\Application\Runtime\Cache\Admin\18bc66a7b6334412ab8e61a2539ecfbd.php 第 72 行.
NOTIC: [8] Undefined index: order_status D:\wamp\www\jiadianshop\Application\Runtime\Cache\Admin\18bc66a7b6334412ab8e61a2539ecfbd.php 第 73 行.
NOTIC: [8] Undefined index: post_status D:\wamp\www\jiadianshop\Application\Runtime\Cache\Admin\18bc66a7b6334412ab8e61a2539ecfbd.php 第 81 行.
NOTIC: [8] Undefined index: post_status D:\wamp\www\jiadianshop\Application\Runtime\Cache\Admin\18bc66a7b6334412ab8e61a2539ecfbd.php 第 82 行.
NOTIC: [8] Undefined index: post_status D:\wamp\www\jiadianshop\Application\Runtime\Cache\Admin\18bc66a7b6334412ab8e61a2539ecfbd.php 第 83 行.
NOTIC: [8] Undefined index: return_status D:\wamp\www\jiadianshop\Application\Runtime\Cache\Admin\18bc66a7b6334412ab8e61a2539ecfbd.php 第 96 行.
NOTIC: [8] Undefined index: return_status D:\wamp\www\jiadianshop\Application\Runtime\Cache\Admin\18bc66a7b6334412ab8e61a2539ecfbd.php 第 97 行.
NOTIC: [8] Undefined index: return_status D:\wamp\www\jiadianshop\Application\Runtime\Cache\Admin\18bc66a7b6334412ab8e61a2539ecfbd.php 第 98 行.
NOTIC: [8] Undefined index: return_status D:\wamp\www\jiadianshop\Application\Runtime\Cache\Admin\18bc66a7b6334412ab8e61a2539ecfbd.php 第 99 行.
NOTIC: [8] Undefined index: return_status D:\wamp\www\jiadianshop\Application\Runtime\Cache\Admin\18bc66a7b6334412ab8e61a2539ecfbd.php 第 100 行.
NOTIC: [8] Undefined index: return_status D:\wamp\www\jiadianshop\Application\Runtime\Cache\Admin\18bc66a7b6334412ab8e61a2539ecfbd.php 第 101 行.
NOTIC: [8] Undefined index: is_comment D:\wamp\www\jiadianshop\Application\Runtime\Cache\Admin\18bc66a7b6334412ab8e61a2539ecfbd.php 第 109 行.
NOTIC: [8] Undefined index: is_comment D:\wamp\www\jiadianshop\Application\Runtime\Cache\Admin\18bc66a7b6334412ab8e61a2539ecfbd.php 第 110 行.
NOTIC: [8] Undefined index: id D:\wamp\www\jiadianshop\Application\Runtime\Cache\Admin\18bc66a7b6334412ab8e61a2539ecfbd.php 第 134 行.
NOTIC: [8] Undefined index: p D:\wamp\www\jiadianshop\Application\Runtime\Cache\Admin\18bc66a7b6334412ab8e61a2539ecfbd.php 第 135 行.
NOTIC: [8] Undefined variable: i D:\wamp\www\jiadianshop\Application\Runtime\Cache\Admin\18bc66a7b6334412ab8e61a2539ecfbd.php 第 135 行.
NOTIC: [8] Undefined index: id D:\wamp\www\jiadianshop\Application\Runtime\Cache\Admin\18bc66a7b6334412ab8e61a2539ecfbd.php 第 136 行.
NOTIC: [8] Undefined index: sn D:\wamp\www\jiadianshop\Application\Runtime\Cache\Admin\18bc66a7b6334412ab8e61a2539ecfbd.php 第 136 行.
NOTIC: [8] Undefined index: add_time D:\wamp\www\jiadianshop\Application\Runtime\Cache\Admin\18bc66a7b6334412ab8e61a2539ecfbd.php 第 137 行.
NOTIC: [8] Undefined index: shr_name D:\wamp\www\jiadianshop\Application\Runtime\Cache\Admin\18bc66a7b6334412ab8e61a2539ecfbd.php 第 138 行.
NOTIC: [8] Undefined index: total_price D:\wamp\www\jiadianshop\Application\Runtime\Cache\Admin\18bc66a7b6334412ab8e61a2539ecfbd.php 第 139 行.
NOTIC: [8] Undefined index: deal_price D:\wamp\www\jiadianshop\Application\Runtime\Cache\Admin\18bc66a7b6334412ab8e61a2539ecfbd.php 第 140 行.

[ 2016-05-28T23:09:38+08:00 ] ::1 /jiadianshop/index.php/Admin/Order/index
INFO: [ app_init ] --START--
INFO: Run Behavior\BuildLiteBehavior [ RunTime:0.000026s ]
INFO: [ app_init ] --END-- [ RunTime:0.000674s ]
INFO: [ app_begin ] --START--
INFO: Run Behavior\ReadHtmlCacheBehavior [ RunTime:0.001459s ]
INFO: [ app_begin ] --END-- [ RunTime:0.001552s ]
NOTIC: [8] A session had already been started - ignoring session_start() D:\wamp\www\jiadianshop\ThinkPHP\Common\functions.php 第 1263 行.
SQL: SHOW COLUMNS FROM `jd_order` [ RunTime:0.0063s ]
SQL: SELECT * FROM `jd_order` INNER JOIN jd_order_desc ON jd_order.order_id=jd_order_desc.order_id   [ RunTime:0.0006s ]
INFO: [ view_parse ] --START--
INFO: [ template_filter ] --START--
INFO: Run Behavior\ContentReplaceBehavior [ RunTime:0.000177s ]
INFO: [ template_filter ] --END-- [ RunTime:0.000336s ]
NOTIC: [8] Undefined index: order_status D:\wamp\www\jiadianshop\Application\Runtime\Cache\Admin\18bc66a7b6334412ab8e61a2539ecfbd.php 第 67 行.
NOTIC: [8] Undefined index: order_status D:\wamp\www\jiadianshop\Application\Runtime\Cache\Admin\18bc66a7b6334412ab8e61a2539ecfbd.php 第 68 行.
NOTIC: [8] Undefined index: order_status D:\wamp\www\jiadianshop\Application\Runtime\Cache\Admin\18bc66a7b6334412ab8e61a2539ecfbd.php 第 69 行.
NOTIC: [8] Undefined index: order_status D:\wamp\www\jiadianshop\Application\Runtime\Cache\Admin\18bc66a7b6334412ab8e61a2539ecfbd.php 第 70 行.
NOTIC: [8] Undefined index: order_status D:\wamp\www\jiadianshop\Application\Runtime\Cache\Admin\18bc66a7b6334412ab8e61a2539ecfbd.php 第 71 行.
NOTIC: [8] Undefined index: order_status D:\wamp\www\jiadianshop\Application\Runtime\Cache\Admin\18bc66a7b6334412ab8e61a2539ecfbd.php 第 72 行.
NOTIC: [8] Undefined index: order_status D:\wamp\www\jiadianshop\Application\Runtime\Cache\Admin\18bc66a7b6334412ab8e61a2539ecfbd.php 第 73 行.
NOTIC: [8] Undefined index: post_status D:\wamp\www\jiadianshop\Application\Runtime\Cache\Admin\18bc66a7b6334412ab8e61a2539ecfbd.php 第 81 行.
NOTIC: [8] Undefined index: post_status D:\wamp\www\jiadianshop\Application\Runtime\Cache\Admin\18bc66a7b6334412ab8e61a2539ecfbd.php 第 82 行.
NOTIC: [8] Undefined index: post_status D:\wamp\www\jiadianshop\Application\Runtime\Cache\Admin\18bc66a7b6334412ab8e61a2539ecfbd.php 第 83 行.
NOTIC: [8] Undefined index: return_status D:\wamp\www\jiadianshop\Application\Runtime\Cache\Admin\18bc66a7b6334412ab8e61a2539ecfbd.php 第 96 行.
NOTIC: [8] Undefined index: return_status D:\wamp\www\jiadianshop\Application\Runtime\Cache\Admin\18bc66a7b6334412ab8e61a2539ecfbd.php 第 97 行.
NOTIC: [8] Undefined index: return_status D:\wamp\www\jiadianshop\Application\Runtime\Cache\Admin\18bc66a7b6334412ab8e61a2539ecfbd.php 第 98 行.
NOTIC: [8] Undefined index: return_status D:\wamp\www\jiadianshop\Application\Runtime\Cache\Admin\18bc66a7b6334412ab8e61a2539ecfbd.php 第 99 行.
NOTIC: [8] Undefined index: return_status D:\wamp\www\jiadianshop\Application\Runtime\Cache\Admin\18bc66a7b6334412ab8e61a2539ecfbd.php 第 100 行.
NOTIC: [8] Undefined index: return_status D:\wamp\www\jiadianshop\Application\Runtime\Cache\Admin\18bc66a7b6334412ab8e61a2539ecfbd.php 第 101 行.
NOTIC: [8] Undefined index: is_comment D:\wamp\www\jiadianshop\Application\Runtime\Cache\Admin\18bc66a7b6334412ab8e61a2539ecfbd.php 第 109 行.
NOTIC: [8] Undefined index: is_comment D:\wamp\www\jiadianshop\Application\Runtime\Cache\Admin\18bc66a7b6334412ab8e61a2539ecfbd.php 第 110 行.
NOTIC: [8] Undefined index: p D:\wamp\www\jiadianshop\Application\Runtime\Cache\Admin\18bc66a7b6334412ab8e61a2539ecfbd.php 第 135 行.
NOTIC: [8] Undefined variable: i D:\wamp\www\jiadianshop\Application\Runtime\Cache\Admin\18bc66a7b6334412ab8e61a2539ecfbd.php 第 135 行.
NOTIC: [8] Undefined index: id D:\wamp\www\jiadianshop\Application\Runtime\Cache\Admin\18bc66a7b6334412ab8e61a2539ecfbd.php 第 136 行.
NOTIC: [8] Undefined index: no D:\wamp\www\jiadianshop\Application\Runtime\Cache\Admin\18bc66a7b6334412ab8e61a2539ecfbd.php 第 136 行.
NOTIC: [8] Undefined index: shr_name D:\wamp\www\jiadianshop\Application\Runtime\Cache\Admin\18bc66a7b6334412ab8e61a2539ecfbd.php 第 138 行.
NOTIC: [8] Undefined index: total_price D:\wamp\www\jiadianshop\Application\Runtime\Cache\Admin\18bc66a7b6334412ab8e61a2539ecfbd.php 第 139 行.
NOTIC: [8] Undefined index: deal_price D:\wamp\www\jiadianshop\Application\Runtime\Cache\Admin\18bc66a7b6334412ab8e61a2539ecfbd.php 第 140 行.

[ 2016-05-28T23:11:03+08:00 ] ::1 /jiadianshop/index.php/Admin/Order/index
INFO: [ app_init ] --START--
INFO: Run Behavior\BuildLiteBehavior [ RunTime:0.000024s ]
INFO: [ app_init ] --END-- [ RunTime:0.000666s ]
INFO: [ app_begin ] --START--
INFO: Run Behavior\ReadHtmlCacheBehavior [ RunTime:0.001507s ]
INFO: [ app_begin ] --END-- [ RunTime:0.001603s ]
NOTIC: [8] A session had already been started - ignoring session_start() D:\wamp\www\jiadianshop\ThinkPHP\Common\functions.php 第 1263 行.
SQL: SHOW COLUMNS FROM `jd_order` [ RunTime:0.0061s ]
SQL: SELECT * FROM `jd_order` INNER JOIN jd_order_desc ON jd_order.order_id=jd_order_desc.order_id   [ RunTime:0.0004s ]
INFO: [ view_parse ] --START--
INFO: [ template_filter ] --START--
INFO: Run Behavior\ContentReplaceBehavior [ RunTime:0.000189s ]
INFO: [ template_filter ] --END-- [ RunTime:0.000361s ]
NOTIC: [8] Undefined index: order_status D:\wamp\www\jiadianshop\Application\Runtime\Cache\Admin\18bc66a7b6334412ab8e61a2539ecfbd.php 第 67 行.
NOTIC: [8] Undefined index: order_status D:\wamp\www\jiadianshop\Application\Runtime\Cache\Admin\18bc66a7b6334412ab8e61a2539ecfbd.php 第 68 行.
NOTIC: [8] Undefined index: order_status D:\wamp\www\jiadianshop\Application\Runtime\Cache\Admin\18bc66a7b6334412ab8e61a2539ecfbd.php 第 69 行.
NOTIC: [8] Undefined index: order_status D:\wamp\www\jiadianshop\Application\Runtime\Cache\Admin\18bc66a7b6334412ab8e61a2539ecfbd.php 第 70 行.
NOTIC: [8] Undefined index: order_status D:\wamp\www\jiadianshop\Application\Runtime\Cache\Admin\18bc66a7b6334412ab8e61a2539ecfbd.php 第 71 行.
NOTIC: [8] Undefined index: order_status D:\wamp\www\jiadianshop\Application\Runtime\Cache\Admin\18bc66a7b6334412ab8e61a2539ecfbd.php 第 72 行.
NOTIC: [8] Undefined index: order_status D:\wamp\www\jiadianshop\Application\Runtime\Cache\Admin\18bc66a7b6334412ab8e61a2539ecfbd.php 第 73 行.
NOTIC: [8] Undefined index: post_status D:\wamp\www\jiadianshop\Application\Runtime\Cache\Admin\18bc66a7b6334412ab8e61a2539ecfbd.php 第 81 行.
NOTIC: [8] Undefined index: post_status D:\wamp\www\jiadianshop\Application\Runtime\Cache\Admin\18bc66a7b6334412ab8e61a2539ecfbd.php 第 82 行.
NOTIC: [8] Undefined index: post_status D:\wamp\www\jiadianshop\Application\Runtime\Cache\Admin\18bc66a7b6334412ab8e61a2539ecfbd.php 第 83 行.
NOTIC: [8] Undefined index: return_status D:\wamp\www\jiadianshop\Application\Runtime\Cache\Admin\18bc66a7b6334412ab8e61a2539ecfbd.php 第 96 行.
NOTIC: [8] Undefined index: return_status D:\wamp\www\jiadianshop\Application\Runtime\Cache\Admin\18bc66a7b6334412ab8e61a2539ecfbd.php 第 97 行.
NOTIC: [8] Undefined index: return_status D:\wamp\www\jiadianshop\Application\Runtime\Cache\Admin\18bc66a7b6334412ab8e61a2539ecfbd.php 第 98 行.
NOTIC: [8] Undefined index: return_status D:\wamp\www\jiadianshop\Application\Runtime\Cache\Admin\18bc66a7b6334412ab8e61a2539ecfbd.php 第 99 行.
NOTIC: [8] Undefined index: return_status D:\wamp\www\jiadianshop\Application\Runtime\Cache\Admin\18bc66a7b6334412ab8e61a2539ecfbd.php 第 100 行.
NOTIC: [8] Undefined index: return_status D:\wamp\www\jiadianshop\Application\Runtime\Cache\Admin\18bc66a7b6334412ab8e61a2539ecfbd.php 第 101 行.
NOTIC: [8] Undefined index: is_comment D:\wamp\www\jiadianshop\Application\Runtime\Cache\Admin\18bc66a7b6334412ab8e61a2539ecfbd.php 第 109 行.
NOTIC: [8] Undefined index: is_comment D:\wamp\www\jiadianshop\Application\Runtime\Cache\Admin\18bc66a7b6334412ab8e61a2539ecfbd.php 第 110 行.
NOTIC: [8] Undefined index: p D:\wamp\www\jiadianshop\Application\Runtime\Cache\Admin\18bc66a7b6334412ab8e61a2539ecfbd.php 第 135 行.
NOTIC: [8] Undefined variable: i D:\wamp\www\jiadianshop\Application\Runtime\Cache\Admin\18bc66a7b6334412ab8e61a2539ecfbd.php 第 135 行.
NOTIC: [8] Undefined index: id D:\wamp\www\jiadianshop\Application\Runtime\Cache\Admin\18bc66a7b6334412ab8e61a2539ecfbd.php 第 136 行.
NOTIC: [8] Undefined index: no D:\wamp\www\jiadianshop\Application\Runtime\Cache\Admin\18bc66a7b6334412ab8e61a2539ecfbd.php 第 136 行.
NOTIC: [8] Undefined index: shr_name D:\wamp\www\jiadianshop\Application\Runtime\Cache\Admin\18bc66a7b6334412ab8e61a2539ecfbd.php 第 138 行.
NOTIC: [8] Undefined index: total_price D:\wamp\www\jiadianshop\Application\Runtime\Cache\Admin\18bc66a7b6334412ab8e61a2539ecfbd.php 第 139 行.
NOTIC: [8] Undefined index: deal_price D:\wamp\www\jiadianshop\Application\Runtime\Cache\Admin\18bc66a7b6334412ab8e61a2539ecfbd.php 第 140 行.
NOTIC: [8] Undefined index: order_status D:\wamp\www\jiadianshop\Application\Runtime\Cache\Admin\18bc66a7b6334412ab8e61a2539ecfbd.php 第 141 行.
NOTIC: [8] Undefined index: post_status D:\wamp\www\jiadianshop\Application\Runtime\Cache\Admin\18bc66a7b6334412ab8e61a2539ecfbd.php 第 142 行.

[ 2016-05-28T23:24:49+08:00 ] ::1 /jiadianshop/index.php/Admin/Order/index
INFO: [ app_init ] --START--
INFO: Run Behavior\BuildLiteBehavior [ RunTime:0.000024s ]
INFO: [ app_init ] --END-- [ RunTime:0.000683s ]
INFO: [ app_begin ] --START--
INFO: Run Behavior\ReadHtmlCacheBehavior [ RunTime:0.001482s ]
INFO: [ app_begin ] --END-- [ RunTime:0.001581s ]
NOTIC: [8] A session had already been started - ignoring session_start() D:\wamp\www\jiadianshop\ThinkPHP\Common\functions.php 第 1263 行.
SQL: SHOW COLUMNS FROM `jd_order` [ RunTime:0.0062s ]
SQL: SELECT * FROM `jd_order` INNER JOIN jd_order_desc ON jd_order.order_id=jd_order_desc.order_id   [ RunTime:0.0005s ]
INFO: [ view_parse ] --START--
INFO: [ template_filter ] --START--
INFO: Run Behavior\ContentReplaceBehavior [ RunTime:0.000120s ]
INFO: [ template_filter ] --END-- [ RunTime:0.000229s ]
NOTIC: [8] Undefined index: order_status D:\wamp\www\jiadianshop\Application\Runtime\Cache\Admin\18bc66a7b6334412ab8e61a2539ecfbd.php 第 67 行.
NOTIC: [8] Undefined index: order_status D:\wamp\www\jiadianshop\Application\Runtime\Cache\Admin\18bc66a7b6334412ab8e61a2539ecfbd.php 第 68 行.
NOTIC: [8] Undefined index: order_status D:\wamp\www\jiadianshop\Application\Runtime\Cache\Admin\18bc66a7b6334412ab8e61a2539ecfbd.php 第 69 行.
NOTIC: [8] Undefined index: order_status D:\wamp\www\jiadianshop\Application\Runtime\Cache\Admin\18bc66a7b6334412ab8e61a2539ecfbd.php 第 70 行.
NOTIC: [8] Undefined index: order_status D:\wamp\www\jiadianshop\Application\Runtime\Cache\Admin\18bc66a7b6334412ab8e61a2539ecfbd.php 第 71 行.
NOTIC: [8] Undefined index: order_status D:\wamp\www\jiadianshop\Application\Runtime\Cache\Admin\18bc66a7b6334412ab8e61a2539ecfbd.php 第 72 行.
NOTIC: [8] Undefined index: order_status D:\wamp\www\jiadianshop\Application\Runtime\Cache\Admin\18bc66a7b6334412ab8e61a2539ecfbd.php 第 73 行.
NOTIC: [8] Undefined index: post_status D:\wamp\www\jiadianshop\Application\Runtime\Cache\Admin\18bc66a7b6334412ab8e61a2539ecfbd.php 第 81 行.
NOTIC: [8] Undefined index: post_status D:\wamp\www\jiadianshop\Application\Runtime\Cache\Admin\18bc66a7b6334412ab8e61a2539ecfbd.php 第 82 行.
NOTIC: [8] Undefined index: post_status D:\wamp\www\jiadianshop\Application\Runtime\Cache\Admin\18bc66a7b6334412ab8e61a2539ecfbd.php 第 83 行.
NOTIC: [8] Undefined index: return_status D:\wamp\www\jiadianshop\Application\Runtime\Cache\Admin\18bc66a7b6334412ab8e61a2539ecfbd.php 第 96 行.
NOTIC: [8] Undefined index: return_status D:\wamp\www\jiadianshop\Application\Runtime\Cache\Admin\18bc66a7b6334412ab8e61a2539ecfbd.php 第 97 行.
NOTIC: [8] Undefined index: return_status D:\wamp\www\jiadianshop\Application\Runtime\Cache\Admin\18bc66a7b6334412ab8e61a2539ecfbd.php 第 98 行.
NOTIC: [8] Undefined index: return_status D:\wamp\www\jiadianshop\Application\Runtime\Cache\Admin\18bc66a7b6334412ab8e61a2539ecfbd.php 第 99 行.
NOTIC: [8] Undefined index: return_status D:\wamp\www\jiadianshop\Application\Runtime\Cache\Admin\18bc66a7b6334412ab8e61a2539ecfbd.php 第 100 行.
NOTIC: [8] Undefined index: return_status D:\wamp\www\jiadianshop\Application\Runtime\Cache\Admin\18bc66a7b6334412ab8e61a2539ecfbd.php 第 101 行.
NOTIC: [8] Undefined index: is_comment D:\wamp\www\jiadianshop\Application\Runtime\Cache\Admin\18bc66a7b6334412ab8e61a2539ecfbd.php 第 109 行.
NOTIC: [8] Undefined index: is_comment D:\wamp\www\jiadianshop\Application\Runtime\Cache\Admin\18bc66a7b6334412ab8e61a2539ecfbd.php 第 110 行.
NOTIC: [8] Undefined index: p D:\wamp\www\jiadianshop\Application\Runtime\Cache\Admin\18bc66a7b6334412ab8e61a2539ecfbd.php 第 135 行.
NOTIC: [8] Undefined variable: i D:\wamp\www\jiadianshop\Application\Runtime\Cache\Admin\18bc66a7b6334412ab8e61a2539ecfbd.php 第 135 行.
NOTIC: [8] Undefined index: id D:\wamp\www\jiadianshop\Application\Runtime\Cache\Admin\18bc66a7b6334412ab8e61a2539ecfbd.php 第 136 行.
NOTIC: [8] Undefined index: no D:\wamp\www\jiadianshop\Application\Runtime\Cache\Admin\18bc66a7b6334412ab8e61a2539ecfbd.php 第 136 行.
NOTIC: [8] Undefined index: shr_name D:\wamp\www\jiadianshop\Application\Runtime\Cache\Admin\18bc66a7b6334412ab8e61a2539ecfbd.php 第 138 行.
NOTIC: [8] Undefined index: total_price D:\wamp\www\jiadianshop\Application\Runtime\Cache\Admin\18bc66a7b6334412ab8e61a2539ecfbd.php 第 139 行.
NOTIC: [8] Undefined index: deal_price D:\wamp\www\jiadianshop\Application\Runtime\Cache\Admin\18bc66a7b6334412ab8e61a2539ecfbd.php 第 140 行.

[ 2016-05-28T23:25:35+08:00 ] ::1 /jiadianshop/index.php/Admin/Order/index
INFO: [ app_init ] --START--
INFO: Run Behavior\BuildLiteBehavior [ RunTime:0.000077s ]
INFO: [ app_init ] --END-- [ RunTime:0.000977s ]
INFO: [ app_begin ] --START--
INFO: Run Behavior\ReadHtmlCacheBehavior [ RunTime:0.001768s ]
INFO: [ app_begin ] --END-- [ RunTime:0.001923s ]
NOTIC: [8] A session had already been started - ignoring session_start() D:\wamp\www\jiadianshop\ThinkPHP\Common\functions.php 第 1263 行.
SQL: SHOW COLUMNS FROM `jd_order` [ RunTime:0.0077s ]
SQL: SELECT * FROM `jd_order` INNER JOIN jd_order_desc ON jd_order.order_id=jd_order_desc.order_id   [ RunTime:0.0008s ]
INFO: [ view_parse ] --START--
INFO: [ template_filter ] --START--
INFO: Run Behavior\ContentReplaceBehavior [ RunTime:0.000125s ]
INFO: [ template_filter ] --END-- [ RunTime:0.000229s ]
NOTIC: [8] Undefined index: order_status D:\wamp\www\jiadianshop\Application\Runtime\Cache\Admin\18bc66a7b6334412ab8e61a2539ecfbd.php 第 67 行.
NOTIC: [8] Undefined index: order_status D:\wamp\www\jiadianshop\Application\Runtime\Cache\Admin\18bc66a7b6334412ab8e61a2539ecfbd.php 第 68 行.
NOTIC: [8] Undefined index: order_status D:\wamp\www\jiadianshop\Application\Runtime\Cache\Admin\18bc66a7b6334412ab8e61a2539ecfbd.php 第 69 行.
NOTIC: [8] Undefined index: order_status D:\wamp\www\jiadianshop\Application\Runtime\Cache\Admin\18bc66a7b6334412ab8e61a2539ecfbd.php 第 70 行.
NOTIC: [8] Undefined index: order_status D:\wamp\www\jiadianshop\Application\Runtime\Cache\Admin\18bc66a7b6334412ab8e61a2539ecfbd.php 第 71 行.
NOTIC: [8] Undefined index: order_status D:\wamp\www\jiadianshop\Application\Runtime\Cache\Admin\18bc66a7b6334412ab8e61a2539ecfbd.php 第 72 行.
NOTIC: [8] Undefined index: order_status D:\wamp\www\jiadianshop\Application\Runtime\Cache\Admin\18bc66a7b6334412ab8e61a2539ecfbd.php 第 73 行.
NOTIC: [8] Undefined index: post_status D:\wamp\www\jiadianshop\Application\Runtime\Cache\Admin\18bc66a7b6334412ab8e61a2539ecfbd.php 第 81 行.
NOTIC: [8] Undefined index: post_status D:\wamp\www\jiadianshop\Application\Runtime\Cache\Admin\18bc66a7b6334412ab8e61a2539ecfbd.php 第 82 行.
NOTIC: [8] Undefined index: post_status D:\wamp\www\jiadianshop\Application\Runtime\Cache\Admin\18bc66a7b6334412ab8e61a2539ecfbd.php 第 83 行.
NOTIC: [8] Undefined index: return_status D:\wamp\www\jiadianshop\Application\Runtime\Cache\Admin\18bc66a7b6334412ab8e61a2539ecfbd.php 第 96 行.
NOTIC: [8] Undefined index: return_status D:\wamp\www\jiadianshop\Application\Runtime\Cache\Admin\18bc66a7b6334412ab8e61a2539ecfbd.php 第 97 行.
NOTIC: [8] Undefined index: return_status D:\wamp\www\jiadianshop\Application\Runtime\Cache\Admin\18bc66a7b6334412ab8e61a2539ecfbd.php 第 98 行.
NOTIC: [8] Undefined index: return_status D:\wamp\www\jiadianshop\Application\Runtime\Cache\Admin\18bc66a7b6334412ab8e61a2539ecfbd.php 第 99 行.
NOTIC: [8] Undefined index: return_status D:\wamp\www\jiadianshop\Application\Runtime\Cache\Admin\18bc66a7b6334412ab8e61a2539ecfbd.php 第 100 行.
NOTIC: [8] Undefined index: return_status D:\wamp\www\jiadianshop\Application\Runtime\Cache\Admin\18bc66a7b6334412ab8e61a2539ecfbd.php 第 101 行.
NOTIC: [8] Undefined index: is_comment D:\wamp\www\jiadianshop\Application\Runtime\Cache\Admin\18bc66a7b6334412ab8e61a2539ecfbd.php 第 109 行.
NOTIC: [8] Undefined index: is_comment D:\wamp\www\jiadianshop\Application\Runtime\Cache\Admin\18bc66a7b6334412ab8e61a2539ecfbd.php 第 110 行.
NOTIC: [8] Undefined index: p D:\wamp\www\jiadianshop\Application\Runtime\Cache\Admin\18bc66a7b6334412ab8e61a2539ecfbd.php 第 135 行.
NOTIC: [8] Undefined variable: i D:\wamp\www\jiadianshop\Application\Runtime\Cache\Admin\18bc66a7b6334412ab8e61a2539ecfbd.php 第 135 行.
NOTIC: [8] Undefined index: id D:\wamp\www\jiadianshop\Application\Runtime\Cache\Admin\18bc66a7b6334412ab8e61a2539ecfbd.php 第 136 行.
NOTIC: [8] Undefined index: no D:\wamp\www\jiadianshop\Application\Runtime\Cache\Admin\18bc66a7b6334412ab8e61a2539ecfbd.php 第 136 行.
NOTIC: [8] Undefined index: shr_name D:\wamp\www\jiadianshop\Application\Runtime\Cache\Admin\18bc66a7b6334412ab8e61a2539ecfbd.php 第 138 行.
NOTIC: [8] Undefined index: total_price D:\wamp\www\jiadianshop\Application\Runtime\Cache\Admin\18bc66a7b6334412ab8e61a2539ecfbd.php 第 139 行.
NOTIC: [8] Undefined index: deal_price D:\wamp\www\jiadianshop\Application\Runtime\Cache\Admin\18bc66a7b6334412ab8e61a2539ecfbd.php 第 140 行.

[ 2016-05-28T23:26:49+08:00 ] ::1 /jiadianshop/index.php/Admin/Order/index
INFO: [ app_init ] --START--
INFO: Run Behavior\BuildLiteBehavior [ RunTime:0.000038s ]
INFO: [ app_init ] --END-- [ RunTime:0.001359s ]
INFO: [ app_begin ] --START--
INFO: Run Behavior\ReadHtmlCacheBehavior [ RunTime:0.002187s ]
INFO: [ app_begin ] --END-- [ RunTime:0.002343s ]
NOTIC: [8] A session had already been started - ignoring session_start() D:\wamp\www\jiadianshop\ThinkPHP\Common\functions.php 第 1263 行.
SQL: SHOW COLUMNS FROM `jd_order` [ RunTime:0.0096s ]
SQL: SELECT * FROM `jd_order` INNER JOIN jd_order_desc ON jd_order.order_id=jd_order_desc.order_id   [ RunTime:0.0007s ]
INFO: [ view_parse ] --START--
INFO: [ template_filter ] --START--
INFO: Run Behavior\ContentReplaceBehavior [ RunTime:0.000128s ]
INFO: [ template_filter ] --END-- [ RunTime:0.000232s ]
NOTIC: [8] Undefined index: order_status D:\wamp\www\jiadianshop\Application\Runtime\Cache\Admin\18bc66a7b6334412ab8e61a2539ecfbd.php 第 67 行.
NOTIC: [8] Undefined index: order_status D:\wamp\www\jiadianshop\Application\Runtime\Cache\Admin\18bc66a7b6334412ab8e61a2539ecfbd.php 第 68 行.
NOTIC: [8] Undefined index: order_status D:\wamp\www\jiadianshop\Application\Runtime\Cache\Admin\18bc66a7b6334412ab8e61a2539ecfbd.php 第 69 行.
NOTIC: [8] Undefined index: order_status D:\wamp\www\jiadianshop\Application\Runtime\Cache\Admin\18bc66a7b6334412ab8e61a2539ecfbd.php 第 70 行.
NOTIC: [8] Undefined index: order_status D:\wamp\www\jiadianshop\Application\Runtime\Cache\Admin\18bc66a7b6334412ab8e61a2539ecfbd.php 第 71 行.
NOTIC: [8] Undefined index: order_status D:\wamp\www\jiadianshop\Application\Runtime\Cache\Admin\18bc66a7b6334412ab8e61a2539ecfbd.php 第 72 行.
NOTIC: [8] Undefined index: order_status D:\wamp\www\jiadianshop\Application\Runtime\Cache\Admin\18bc66a7b6334412ab8e61a2539ecfbd.php 第 73 行.
NOTIC: [8] Undefined index: post_status D:\wamp\www\jiadianshop\Application\Runtime\Cache\Admin\18bc66a7b6334412ab8e61a2539ecfbd.php 第 81 行.
NOTIC: [8] Undefined index: post_status D:\wamp\www\jiadianshop\Application\Runtime\Cache\Admin\18bc66a7b6334412ab8e61a2539ecfbd.php 第 82 行.
NOTIC: [8] Undefined index: post_status D:\wamp\www\jiadianshop\Application\Runtime\Cache\Admin\18bc66a7b6334412ab8e61a2539ecfbd.php 第 83 行.
NOTIC: [8] Undefined index: return_status D:\wamp\www\jiadianshop\Application\Runtime\Cache\Admin\18bc66a7b6334412ab8e61a2539ecfbd.php 第 96 行.
NOTIC: [8] Undefined index: return_status D:\wamp\www\jiadianshop\Application\Runtime\Cache\Admin\18bc66a7b6334412ab8e61a2539ecfbd.php 第 97 行.
NOTIC: [8] Undefined index: return_status D:\wamp\www\jiadianshop\Application\Runtime\Cache\Admin\18bc66a7b6334412ab8e61a2539ecfbd.php 第 98 行.
NOTIC: [8] Undefined index: return_status D:\wamp\www\jiadianshop\Application\Runtime\Cache\Admin\18bc66a7b6334412ab8e61a2539ecfbd.php 第 99 行.
NOTIC: [8] Undefined index: return_status D:\wamp\www\jiadianshop\Application\Runtime\Cache\Admin\18bc66a7b6334412ab8e61a2539ecfbd.php 第 100 行.
NOTIC: [8] Undefined index: return_status D:\wamp\www\jiadianshop\Application\Runtime\Cache\Admin\18bc66a7b6334412ab8e61a2539ecfbd.php 第 101 行.
NOTIC: [8] Undefined index: is_comment D:\wamp\www\jiadianshop\Application\Runtime\Cache\Admin\18bc66a7b6334412ab8e61a2539ecfbd.php 第 109 行.
NOTIC: [8] Undefined index: is_comment D:\wamp\www\jiadianshop\Application\Runtime\Cache\Admin\18bc66a7b6334412ab8e61a2539ecfbd.php 第 110 行.
NOTIC: [8] Undefined index: p D:\wamp\www\jiadianshop\Application\Runtime\Cache\Admin\18bc66a7b6334412ab8e61a2539ecfbd.php 第 135 行.
NOTIC: [8] Undefined variable: i D:\wamp\www\jiadianshop\Application\Runtime\Cache\Admin\18bc66a7b6334412ab8e61a2539ecfbd.php 第 135 行.
NOTIC: [8] Undefined index: id D:\wamp\www\jiadianshop\Application\Runtime\Cache\Admin\18bc66a7b6334412ab8e61a2539ecfbd.php 第 136 行.
NOTIC: [8] Undefined index: no D:\wamp\www\jiadianshop\Application\Runtime\Cache\Admin\18bc66a7b6334412ab8e61a2539ecfbd.php 第 136 行.
NOTIC: [8] Undefined index: shr_name D:\wamp\www\jiadianshop\Application\Runtime\Cache\Admin\18bc66a7b6334412ab8e61a2539ecfbd.php 第 138 行.
NOTIC: [8] Undefined index: total_price D:\wamp\www\jiadianshop\Application\Runtime\Cache\Admin\18bc66a7b6334412ab8e61a2539ecfbd.php 第 139 行.
NOTIC: [8] Undefined index: deal_price D:\wamp\www\jiadianshop\Application\Runtime\Cache\Admin\18bc66a7b6334412ab8e61a2539ecfbd.php 第 140 行.
NOTIC: [8] Undefined index: post_status D:\wamp\www\jiadianshop\Application\Runtime\Cache\Admin\18bc66a7b6334412ab8e61a2539ecfbd.php 第 142 行.
NOTIC: [8] Undefined index: return_status D:\wamp\www\jiadianshop\Application\Runtime\Cache\Admin\18bc66a7b6334412ab8e61a2539ecfbd.php 第 143 行.
NOTIC: [8] Undefined index: id D:\wamp\www\jiadianshop\Application\Runtime\Cache\Admin\18bc66a7b6334412ab8e61a2539ecfbd.php 第 146 行.
NOTIC: [8] Undefined index: order_status D:\wamp\www\jiadianshop\Application\Runtime\Cache\Admin\18bc66a7b6334412ab8e61a2539ecfbd.php 第 147 行.
NOTIC: [8] Undefined index: p D:\wamp\www\jiadianshop\Application\Runtime\Cache\Admin\18bc66a7b6334412ab8e61a2539ecfbd.php 第 135 行.
NOTIC: [8] Undefined index: id D:\wamp\www\jiadianshop\Application\Runtime\Cache\Admin\18bc66a7b6334412ab8e61a2539ecfbd.php 第 136 行.
NOTIC: [8] Undefined index: no D:\wamp\www\jiadianshop\Application\Runtime\Cache\Admin\18bc66a7b6334412ab8e61a2539ecfbd.php 第 136 行.
NOTIC: [8] Undefined index: shr_name D:\wamp\www\jiadianshop\Application\Runtime\Cache\Admin\18bc66a7b6334412ab8e61a2539ecfbd.php 第 138 行.
NOTIC: [8] Undefined index: total_price D:\wamp\www\jiadianshop\Application\Runtime\Cache\Admin\18bc66a7b6334412ab8e61a2539ecfbd.php 第 139 行.
NOTIC: [8] Undefined index: deal_price D:\wamp\www\jiadianshop\Application\Runtime\Cache\Admin\18bc66a7b6334412ab8e61a2539ecfbd.php 第 140 行.
NOTIC: [8] Undefined index: post_status D:\wamp\www\jiadianshop\Application\Runtime\Cache\Admin\18bc66a7b6334412ab8e61a2539ecfbd.php 第 142 行.
NOTIC: [8] Undefined index: return_status D:\wamp\www\jiadianshop\Application\Runtime\Cache\Admin\18bc66a7b6334412ab8e61a2539ecfbd.php 第 143 行.
NOTIC: [8] Undefined index: id D:\wamp\www\jiadianshop\Application\Runtime\Cache\Admin\18bc66a7b6334412ab8e61a2539ecfbd.php 第 146 行.
NOTIC: [8] Undefined index: order_status D:\wamp\www\jiadianshop\Application\Runtime\Cache\Admin\18bc66a7b6334412ab8e61a2539ecfbd.php 第 147 行.
NOTIC: [8] Undefined variable: page D:\wamp\www\jiadianshop\Application\Runtime\Cache\Admin\18bc66a7b6334412ab8e61a2539ecfbd.php 第 159 行.
INFO: Run Behavior\ParseTemplateBehavior [ RunTime:0.023374s ]
INFO: [ view_parse ] --END-- [ RunTime:0.023524s ]
INFO: [ view_filter ] --START--
INFO: Run Behavior\WriteHtmlCacheBehavior [ RunTime:0.001879s ]
INFO: [ view_filter ] --END-- [ RunTime:0.002054s ]
INFO: [ app_end ] --START--
INFO: Run Behavior\ShowPageTraceBehavior [ RunTime:0.001985s ]
INFO: [ app_end ] --END-- [ RunTime:0.002151s ]

[ 2016-05-28T23:27:45+08:00 ] ::1 /jiadianshop/index.php/Admin/Order/index
INFO: [ app_init ] --START--
INFO: Run Behavior\BuildLiteBehavior [ RunTime:0.000025s ]
INFO: [ app_init ] --END-- [ RunTime:0.000760s ]
INFO: [ app_begin ] --START--
INFO: Run Behavior\ReadHtmlCacheBehavior [ RunTime:0.001936s ]
INFO: [ app_begin ] --END-- [ RunTime:0.002057s ]
NOTIC: [8] A session had already been started - ignoring session_start() D:\wamp\www\jiadianshop\ThinkPHP\Common\functions.php 第 1263 行.
SQL: SHOW COLUMNS FROM `jd_order` [ RunTime:0.0070s ]
SQL: SELECT * FROM `jd_order` INNER JOIN jd_order_desc ON jd_order.order_id=jd_order_desc.order_id   [ RunTime:0.0005s ]
INFO: [ view_parse ] --START--
INFO: [ template_filter ] --START--
INFO: Run Behavior\ContentReplaceBehavior [ RunTime:0.000124s ]
INFO: [ template_filter ] --END-- [ RunTime:0.000223s ]
NOTIC: [8] Undefined index: order_status D:\wamp\www\jiadianshop\Application\Runtime\Cache\Admin\18bc66a7b6334412ab8e61a2539ecfbd.php 第 67 行.
NOTIC: [8] Undefined index: order_status D:\wamp\www\jiadianshop\Application\Runtime\Cache\Admin\18bc66a7b6334412ab8e61a2539ecfbd.php 第 68 行.
NOTIC: [8] Undefined index: order_status D:\wamp\www\jiadianshop\Application\Runtime\Cache\Admin\18bc66a7b6334412ab8e61a2539ecfbd.php 第 69 行.
NOTIC: [8] Undefined index: order_status D:\wamp\www\jiadianshop\Application\Runtime\Cache\Admin\18bc66a7b6334412ab8e61a2539ecfbd.php 第 70 行.
NOTIC: [8] Undefined index: order_status D:\wamp\www\jiadianshop\Application\Runtime\Cache\Admin\18bc66a7b6334412ab8e61a2539ecfbd.php 第 71 行.
NOTIC: [8] Undefined index: order_status D:\wamp\www\jiadianshop\Application\Runtime\Cache\Admin\18bc66a7b6334412ab8e61a2539ecfbd.php 第 72 行.
NOTIC: [8] Undefined index: order_status D:\wamp\www\jiadianshop\Application\Runtime\Cache\Admin\18bc66a7b6334412ab8e61a2539ecfbd.php 第 73 行.
NOTIC: [8] Undefined index: post_status D:\wamp\www\jiadianshop\Application\Runtime\Cache\Admin\18bc66a7b6334412ab8e61a2539ecfbd.php 第 81 行.
NOTIC: [8] Undefined index: post_status D:\wamp\www\jiadianshop\Application\Runtime\Cache\Admin\18bc66a7b6334412ab8e61a2539ecfbd.php 第 82 行.
NOTIC: [8] Undefined index: post_status D:\wamp\www\jiadianshop\Application\Runtime\Cache\Admin\18bc66a7b6334412ab8e61a2539ecfbd.php 第 83 行.
NOTIC: [8] Undefined index: return_status D:\wamp\www\jiadianshop\Application\Runtime\Cache\Admin\18bc66a7b6334412ab8e61a2539ecfbd.php 第 96 行.
NOTIC: [8] Undefined index: return_status D:\wamp\www\jiadianshop\Application\Runtime\Cache\Admin\18bc66a7b6334412ab8e61a2539ecfbd.php 第 97 行.
NOTIC: [8] Undefined index: return_status D:\wamp\www\jiadianshop\Application\Runtime\Cache\Admin\18bc66a7b6334412ab8e61a2539ecfbd.php 第 98 行.
NOTIC: [8] Undefined index: return_status D:\wamp\www\jiadianshop\Application\Runtime\Cache\Admin\18bc66a7b6334412ab8e61a2539ecfbd.php 第 99 行.
NOTIC: [8] Undefined index: return_status D:\wamp\www\jiadianshop\Application\Runtime\Cache\Admin\18bc66a7b6334412ab8e61a2539ecfbd.php 第 100 行.
NOTIC: [8] Undefined index: return_status D:\wamp\www\jiadianshop\Application\Runtime\Cache\Admin\18bc66a7b6334412ab8e61a2539ecfbd.php 第 101 行.
NOTIC: [8] Undefined index: is_comment D:\wamp\www\jiadianshop\Application\Runtime\Cache\Admin\18bc66a7b6334412ab8e61a2539ecfbd.php 第 109 行.
NOTIC: [8] Undefined index: is_comment D:\wamp\www\jiadianshop\Application\Runtime\Cache\Admin\18bc66a7b6334412ab8e61a2539ecfbd.php 第 110 行.
NOTIC: [8] Undefined index: p D:\wamp\www\jiadianshop\Application\Runtime\Cache\Admin\18bc66a7b6334412ab8e61a2539ecfbd.php 第 135 行.
NOTIC: [8] Undefined variable: i D:\wamp\www\jiadianshop\Application\Runtime\Cache\Admin\18bc66a7b6334412ab8e61a2539ecfbd.php 第 135 行.
NOTIC: [8] Undefined index: id D:\wamp\www\jiadianshop\Application\Runtime\Cache\Admin\18bc66a7b6334412ab8e61a2539ecfbd.php 第 136 行.
NOTIC: [8] Undefined index: shr_name D:\wamp\www\jiadianshop\Application\Runtime\Cache\Admin\18bc66a7b6334412ab8e61a2539ecfbd.php 第 138 行.
NOTIC: [8] Undefined index: total_price D:\wamp\www\jiadianshop\Application\Runtime\Cache\Admin\18bc66a7b6334412ab8e61a2539ecfbd.php 第 139 行.
NOTIC: [8] Undefined index: deal_price D:\wamp\www\jiadianshop\Application\Runtime\Cache\Admin\18bc66a7b6334412ab8e61a2539ecfbd.php 第 140 行.
NOTIC: [8] Undefined index: post_status D:\wamp\www\jiadianshop\Application\Runtime\Cache\Admin\18bc66a7b6334412ab8e61a2539ecfbd.php 第 142 行.
NOTIC: [8] Undefined index: return_status D:\wamp\www\jiadianshop\Application\Runtime\Cache\Admin\18bc66a7b6334412ab8e61a2539ecfbd.php 第 143 行.
NOTIC: [8] Undefined index: id D:\wamp\www\jiadianshop\Application\Runtime\Cache\Admin\18bc66a7b6334412ab8e61a2539ecfbd.php 第 146 行.
NOTIC: [8] Undefined index: order_status D:\wamp\www\jiadianshop\Application\Runtime\Cache\Admin\18bc66a7b6334412ab8e61a2539ecfbd.php 第 147 行.
NOTIC: [8] Undefined index: p D:\wamp\www\jiadianshop\Application\Runtime\Cache\Admin\18bc66a7b6334412ab8e61a2539ecfbd.php 第 135 行.
NOTIC: [8] Undefined index: id D:\wamp\www\jiadianshop\Application\Runtime\Cache\Admin\18bc66a7b6334412ab8e61a2539ecfbd.php 第 136 行.
NOTIC: [8] Undefined index: shr_name D:\wamp\www\jiadianshop\Application\Runtime\Cache\Admin\18bc66a7b6334412ab8e61a2539ecfbd.php 第 138 行.
NOTIC: [8] Undefined index: total_price D:\wamp\www\jiadianshop\Application\Runtime\Cache\Admin\18bc66a7b6334412ab8e61a2539ecfbd.php 第 139 行.
NOTIC: [8] Undefined index: deal_price D:\wamp\www\jiadianshop\Application\Runtime\Cache\Admin\18bc66a7b6334412ab8e61a2539ecfbd.php 第 140 行.
NOTIC: [8] Undefined index: post_status D:\wamp\www\jiadianshop\Application\Runtime\Cache\Admin\18bc66a7b6334412ab8e61a2539ecfbd.php 第 142 行.
NOTIC: [8] Undefined index: return_status D:\wamp\www\jiadianshop\Application\Runtime\Cache\Admin\18bc66a7b6334412ab8e61a2539ecfbd.php 第 143 行.
NOTIC: [8] Undefined index: id D:\wamp\www\jiadianshop\Application\Runtime\Cache\Admin\18bc66a7b6334412ab8e61a2539ecfbd.php 第 146 行.
NOTIC: [8] Undefined index: order_status D:\wamp\www\jiadianshop\Application\Runtime\Cache\Admin\18bc66a7b6334412ab8e61a2539ecfbd.php 第 147 行.
NOTIC: [8] Undefined variable: page D:\wamp\www\jiadianshop\Application\Runtime\Cache\Admin\18bc66a7b6334412ab8e61a2539ecfbd.php 第 159 行.
INFO: Run Behavior\ParseTemplateBehavior [ RunTime:0.016921s ]
INFO: [ view_parse ] --END-- [ RunTime:0.017016s ]
INFO: [ view_filter ] --START--
INFO: Run Behavior\WriteHtmlCacheBehavior [ RunTime:0.001235s ]
INFO: [ view_filter ] --END-- [ RunTime:0.001322s ]
INFO: [ app_end ] --START--
INFO: Run Behavior\ShowPageTraceBehavior [ RunTime:0.001412s ]
INFO: [ app_end ] --END-- [ RunTime:0.001777s ]

[ 2016-05-28T23:34:49+08:00 ] ::1 /jiadianshop/index.php/Admin/Order/index
INFO: [ app_init ] --START--
INFO: Run Behavior\BuildLiteBehavior [ RunTime:0.000025s ]
INFO: [ app_init ] --END-- [ RunTime:0.000707s ]
INFO: [ app_begin ] --START--
INFO: Run Behavior\ReadHtmlCacheBehavior [ RunTime:0.001549s ]
INFO: [ app_begin ] --END-- [ RunTime:0.001658s ]
NOTIC: [8] A session had already been started - ignoring session_start() D:\wamp\www\jiadianshop\ThinkPHP\Common\functions.php 第 1263 行.
SQL: SHOW COLUMNS FROM `jd_order` [ RunTime:0.0062s ]
SQL: SELECT * FROM `jd_order` INNER JOIN jd_order_desc ON jd_order.order_id=jd_order_desc.order_id INNER JOIN jd_address ON jd_order.address_id=jd_address.address_id   [ RunTime:0.0005s ]
INFO: [ view_parse ] --START--
INFO: [ template_filter ] --START--
INFO: Run Behavior\ContentReplaceBehavior [ RunTime:0.000117s ]
INFO: [ template_filter ] --END-- [ RunTime:0.000215s ]
NOTIC: [8] Undefined index: order_status D:\wamp\www\jiadianshop\Application\Runtime\Cache\Admin\18bc66a7b6334412ab8e61a2539ecfbd.php 第 67 行.
NOTIC: [8] Undefined index: order_status D:\wamp\www\jiadianshop\Application\Runtime\Cache\Admin\18bc66a7b6334412ab8e61a2539ecfbd.php 第 68 行.
NOTIC: [8] Undefined index: order_status D:\wamp\www\jiadianshop\Application\Runtime\Cache\Admin\18bc66a7b6334412ab8e61a2539ecfbd.php 第 69 行.
NOTIC: [8] Undefined index: order_status D:\wamp\www\jiadianshop\Application\Runtime\Cache\Admin\18bc66a7b6334412ab8e61a2539ecfbd.php 第 70 行.
NOTIC: [8] Undefined index: order_status D:\wamp\www\jiadianshop\Application\Runtime\Cache\Admin\18bc66a7b6334412ab8e61a2539ecfbd.php 第 71 行.
NOTIC: [8] Undefined index: order_status D:\wamp\www\jiadianshop\Application\Runtime\Cache\Admin\18bc66a7b6334412ab8e61a2539ecfbd.php 第 72 行.
NOTIC: [8] Undefined index: order_status D:\wamp\www\jiadianshop\Application\Runtime\Cache\Admin\18bc66a7b6334412ab8e61a2539ecfbd.php 第 73 行.
NOTIC: [8] Undefined index: post_status D:\wamp\www\jiadianshop\Application\Runtime\Cache\Admin\18bc66a7b6334412ab8e61a2539ecfbd.php 第 81 行.
NOTIC: [8] Undefined index: post_status D:\wamp\www\jiadianshop\Application\Runtime\Cache\Admin\18bc66a7b6334412ab8e61a2539ecfbd.php 第 82 行.
NOTIC: [8] Undefined index: post_status D:\wamp\www\jiadianshop\Application\Runtime\Cache\Admin\18bc66a7b6334412ab8e61a2539ecfbd.php 第 83 行.
NOTIC: [8] Undefined index: return_status D:\wamp\www\jiadianshop\Application\Runtime\Cache\Admin\18bc66a7b6334412ab8e61a2539ecfbd.php 第 96 行.
NOTIC: [8] Undefined index: return_status D:\wamp\www\jiadianshop\Application\Runtime\Cache\Admin\18bc66a7b6334412ab8e61a2539ecfbd.php 第 97 行.
NOTIC: [8] Undefined index: return_status D:\wamp\www\jiadianshop\Application\Runtime\Cache\Admin\18bc66a7b6334412ab8e61a2539ecfbd.php 第 98 行.
NOTIC: [8] Undefined index: return_status D:\wamp\www\jiadianshop\Application\Runtime\Cache\Admin\18bc66a7b6334412ab8e61a2539ecfbd.php 第 99 行.
NOTIC: [8] Undefined index: return_status D:\wamp\www\jiadianshop\Application\Runtime\Cache\Admin\18bc66a7b6334412ab8e61a2539ecfbd.php 第 100 行.
NOTIC: [8] Undefined index: return_status D:\wamp\www\jiadianshop\Application\Runtime\Cache\Admin\18bc66a7b6334412ab8e61a2539ecfbd.php 第 101 行.
NOTIC: [8] Undefined index: is_comment D:\wamp\www\jiadianshop\Application\Runtime\Cache\Admin\18bc66a7b6334412ab8e61a2539ecfbd.php 第 109 行.
NOTIC: [8] Undefined index: is_comment D:\wamp\www\jiadianshop\Application\Runtime\Cache\Admin\18bc66a7b6334412ab8e61a2539ecfbd.php 第 110 行.
NOTIC: [8] Undefined index: p D:\wamp\www\jiadianshop\Application\Runtime\Cache\Admin\18bc66a7b6334412ab8e61a2539ecfbd.php 第 135 行.
NOTIC: [8] Undefined variable: i D:\wamp\www\jiadianshop\Application\Runtime\Cache\Admin\18bc66a7b6334412ab8e61a2539ecfbd.php 第 135 行.
NOTIC: [8] Undefined index: id D:\wamp\www\jiadianshop\Application\Runtime\Cache\Admin\18bc66a7b6334412ab8e61a2539ecfbd.php 第 136 行.
NOTIC: [8] Undefined index: shr_name D:\wamp\www\jiadianshop\Application\Runtime\Cache\Admin\18bc66a7b6334412ab8e61a2539ecfbd.php 第 138 行.
NOTIC: [8] Undefined index: total_price D:\wamp\www\jiadianshop\Application\Runtime\Cache\Admin\18bc66a7b6334412ab8e61a2539ecfbd.php 第 139 行.
NOTIC: [8] Undefined index: deal_price D:\wamp\www\jiadianshop\Application\Runtime\Cache\Admin\18bc66a7b6334412ab8e61a2539ecfbd.php 第 140 行.
NOTIC: [8] Undefined index: post_status D:\wamp\www\jiadianshop\Application\Runtime\Cache\Admin\18bc66a7b6334412ab8e61a2539ecfbd.php 第 142 行.
NOTIC: [8] Undefined index: return_status D:\wamp\www\jiadianshop\Application\Runtime\Cache\Admin\18bc66a7b6334412ab8e61a2539ecfbd.php 第 143 行.
NOTIC: [8] Undefined index: id D:\wamp\www\jiadianshop\Application\Runtime\Cache\Admin\18bc66a7b6334412ab8e61a2539ecfbd.php 第 146 行.
NOTIC: [8] Undefined index: order_status D:\wamp\www\jiadianshop\Application\Runtime\Cache\Admin\18bc66a7b6334412ab8e61a2539ecfbd.php 第 147 行.
NOTIC: [8] Undefined index: p D:\wamp\www\jiadianshop\Application\Runtime\Cache\Admin\18bc66a7b6334412ab8e61a2539ecfbd.php 第 135 行.
NOTIC: [8] Undefined index: id D:\wamp\www\jiadianshop\Application\Runtime\Cache\Admin\18bc66a7b6334412ab8e61a2539ecfbd.php 第 136 行.
NOTIC: [8] Undefined index: shr_name D:\wamp\www\jiadianshop\Application\Runtime\Cache\Admin\18bc66a7b6334412ab8e61a2539ecfbd.php 第 138 行.
NOTIC: [8] Undefined index: total_price D:\wamp\www\jiadianshop\Application\Runtime\Cache\Admin\18bc66a7b6334412ab8e61a2539ecfbd.php 第 139 行.
NOTIC: [8] Undefined index: deal_price D:\wamp\www\jiadianshop\Application\Runtime\Cache\Admin\18bc66a7b6334412ab8e61a2539ecfbd.php 第 140 行.
NOTIC: [8] Undefined index: post_status D:\wamp\www\jiadianshop\Application\Runtime\Cache\Admin\18bc66a7b6334412ab8e61a2539ecfbd.php 第 142 行.
NOTIC: [8] Undefined index: return_status D:\wamp\www\jiadianshop\Application\Runtime\Cache\Admin\18bc66a7b6334412ab8e61a2539ecfbd.php 第 143 行.
NOTIC: [8] Undefined index: id D:\wamp\www\jiadianshop\Application\Runtime\Cache\Admin\18bc66a7b6334412ab8e61a2539ecfbd.php 第 146 行.
NOTIC: [8] Undefined index: order_status D:\wamp\www\jiadianshop\Application\Runtime\Cache\Admin\18bc66a7b6334412ab8e61a2539ecfbd.php 第 147 行.
NOTIC: [8] Undefined variable: page D:\wamp\www\jiadianshop\Application\Runtime\Cache\Admin\18bc66a7b6334412ab8e61a2539ecfbd.php 第 159 行.
INFO: Run Behavior\ParseTemplateBehavior [ RunTime:0.016940s ]
INFO: [ view_parse ] --END-- [ RunTime:0.017098s ]
INFO: [ view_filter ] --START--
INFO: Run Behavior\WriteHtmlCacheBehavior [ RunTime:0.001332s ]
INFO: [ view_filter ] --END-- [ RunTime:0.001501s ]
INFO: [ app_end ] --START--
INFO: Run Behavior\ShowPageTraceBehavior [ RunTime:0.001717s ]
INFO: [ app_end ] --END-- [ RunTime:0.001815s ]

[ 2016-05-28T23:36:13+08:00 ] ::1 /jiadianshop/index.php/Admin/Order/index
INFO: [ app_init ] --START--
INFO: Run Behavior\BuildLiteBehavior [ RunTime:0.000041s ]
INFO: [ app_init ] --END-- [ RunTime:0.001466s ]
INFO: [ app_begin ] --START--
INFO: Run Behavior\ReadHtmlCacheBehavior [ RunTime:0.001991s ]
INFO: [ app_begin ] --END-- [ RunTime:0.002124s ]
NOTIC: [8] A session had already been started - ignoring session_start() D:\wamp\www\jiadianshop\ThinkPHP\Common\functions.php 第 1263 行.
SQL: SHOW COLUMNS FROM `jd_order` [ RunTime:0.0104s ]
SQL: SELECT * FROM `jd_order` INNER JOIN jd_order_desc ON jd_order.order_id=jd_order_desc.order_id INNER JOIN jd_address ON jd_order.address_id=jd_address.address_id   [ RunTime:0.0015s ]
INFO: [ view_parse ] --START--
INFO: [ template_filter ] --START--
INFO: Run Behavior\ContentReplaceBehavior [ RunTime:0.000130s ]
INFO: [ template_filter ] --END-- [ RunTime:0.000248s ]
NOTIC: [8] Undefined index: order_status D:\wamp\www\jiadianshop\Application\Runtime\Cache\Admin\18bc66a7b6334412ab8e61a2539ecfbd.php 第 67 行.
NOTIC: [8] Undefined index: order_status D:\wamp\www\jiadianshop\Application\Runtime\Cache\Admin\18bc66a7b6334412ab8e61a2539ecfbd.php 第 68 行.
NOTIC: [8] Undefined index: order_status D:\wamp\www\jiadianshop\Application\Runtime\Cache\Admin\18bc66a7b6334412ab8e61a2539ecfbd.php 第 69 行.
NOTIC: [8] Undefined index: order_status D:\wamp\www\jiadianshop\Application\Runtime\Cache\Admin\18bc66a7b6334412ab8e61a2539ecfbd.php 第 70 行.
NOTIC: [8] Undefined index: order_status D:\wamp\www\jiadianshop\Application\Runtime\Cache\Admin\18bc66a7b6334412ab8e61a2539ecfbd.php 第 71 行.
NOTIC: [8] Undefined index: order_status D:\wamp\www\jiadianshop\Application\Runtime\Cache\Admin\18bc66a7b6334412ab8e61a2539ecfbd.php 第 72 行.
NOTIC: [8] Undefined index: order_status D:\wamp\www\jiadianshop\Application\Runtime\Cache\Admin\18bc66a7b6334412ab8e61a2539ecfbd.php 第 73 行.
NOTIC: [8] Undefined index: post_status D:\wamp\www\jiadianshop\Application\Runtime\Cache\Admin\18bc66a7b6334412ab8e61a2539ecfbd.php 第 81 行.
NOTIC: [8] Undefined index: post_status D:\wamp\www\jiadianshop\Application\Runtime\Cache\Admin\18bc66a7b6334412ab8e61a2539ecfbd.php 第 82 行.
NOTIC: [8] Undefined index: post_status D:\wamp\www\jiadianshop\Application\Runtime\Cache\Admin\18bc66a7b6334412ab8e61a2539ecfbd.php 第 83 行.
NOTIC: [8] Undefined index: return_status D:\wamp\www\jiadianshop\Application\Runtime\Cache\Admin\18bc66a7b6334412ab8e61a2539ecfbd.php 第 96 行.
NOTIC: [8] Undefined index: return_status D:\wamp\www\jiadianshop\Application\Runtime\Cache\Admin\18bc66a7b6334412ab8e61a2539ecfbd.php 第 97 行.
NOTIC: [8] Undefined index: return_status D:\wamp\www\jiadianshop\Application\Runtime\Cache\Admin\18bc66a7b6334412ab8e61a2539ecfbd.php 第 98 行.
NOTIC: [8] Undefined index: return_status D:\wamp\www\jiadianshop\Application\Runtime\Cache\Admin\18bc66a7b6334412ab8e61a2539ecfbd.php 第 99 行.
NOTIC: [8] Undefined index: return_status D:\wamp\www\jiadianshop\Application\Runtime\Cache\Admin\18bc66a7b6334412ab8e61a2539ecfbd.php 第 100 行.
NOTIC: [8] Undefined index: return_status D:\wamp\www\jiadianshop\Application\Runtime\Cache\Admin\18bc66a7b6334412ab8e61a2539ecfbd.php 第 101 行.
NOTIC: [8] Undefined index: is_comment D:\wamp\www\jiadianshop\Application\Runtime\Cache\Admin\18bc66a7b6334412ab8e61a2539ecfbd.php 第 109 行.
NOTIC: [8] Undefined index: is_comment D:\wamp\www\jiadianshop\Application\Runtime\Cache\Admin\18bc66a7b6334412ab8e61a2539ecfbd.php 第 110 行.
NOTIC: [8] Undefined index: p D:\wamp\www\jiadianshop\Application\Runtime\Cache\Admin\18bc66a7b6334412ab8e61a2539ecfbd.php 第 135 行.
NOTIC: [8] Undefined variable: i D:\wamp\www\jiadianshop\Application\Runtime\Cache\Admin\18bc66a7b6334412ab8e61a2539ecfbd.php 第 135 行.
NOTIC: [8] Undefined index: id D:\wamp\www\jiadianshop\Application\Runtime\Cache\Admin\18bc66a7b6334412ab8e61a2539ecfbd.php 第 136 行.
NOTIC: [8] Undefined index: deal_price D:\wamp\www\jiadianshop\Application\Runtime\Cache\Admin\18bc66a7b6334412ab8e61a2539ecfbd.php 第 140 行.
NOTIC: [8] Undefined index: post_status D:\wamp\www\jiadianshop\Application\Runtime\Cache\Admin\18bc66a7b6334412ab8e61a2539ecfbd.php 第 142 行.
NOTIC: [8] Undefined index: return_status D:\wamp\www\jiadianshop\Application\Runtime\Cache\Admin\18bc66a7b6334412ab8e61a2539ecfbd.php 第 143 行.
NOTIC: [8] Undefined index: id D:\wamp\www\jiadianshop\Application\Runtime\Cache\Admin\18bc66a7b6334412ab8e61a2539ecfbd.php 第 146 行.
NOTIC: [8] Undefined index: order_status D:\wamp\www\jiadianshop\Application\Runtime\Cache\Admin\18bc66a7b6334412ab8e61a2539ecfbd.php 第 147 行.
NOTIC: [8] Undefined index: p D:\wamp\www\jiadianshop\Application\Runtime\Cache\Admin\18bc66a7b6334412ab8e61a2539ecfbd.php 第 135 行.
NOTIC: [8] Undefined index: id D:\wamp\www\jiadianshop\Application\Runtime\Cache\Admin\18bc66a7b6334412ab8e61a2539ecfbd.php 第 136 行.
NOTIC: [8] Undefined index: deal_price D:\wamp\www\jiadianshop\Application\Runtime\Cache\Admin\18bc66a7b6334412ab8e61a2539ecfbd.php 第 140 行.
NOTIC: [8] Undefined index: post_status D:\wamp\www\jiadianshop\Application\Runtime\Cache\Admin\18bc66a7b6334412ab8e61a2539ecfbd.php 第 142 行.
NOTIC: [8] Undefined index: return_status D:\wamp\www\jiadianshop\Application\Runtime\Cache\Admin\18bc66a7b6334412ab8e61a2539ecfbd.php 第 143 行.
NOTIC: [8] Undefined index: id D:\wamp\www\jiadianshop\Application\Runtime\Cache\Admin\18bc66a7b6334412ab8e61a2539ecfbd.php 第 146 行.
NOTIC: [8] Undefined index: order_status D:\wamp\www\jiadianshop\Application\Runtime\Cache\Admin\18bc66a7b6334412ab8e61a2539ecfbd.php 第 147 行.
NOTIC: [8] Undefined variable: page D:\wamp\www\jiadianshop\Application\Runtime\Cache\Admin\18bc66a7b6334412ab8e61a2539ecfbd.php 第 159 行.
INFO: Run Behavior\ParseTemplateBehavior [ RunTime:0.019202s ]
INFO: [ view_parse ] --END-- [ RunTime:0.019372s ]
INFO: [ view_filter ] --START--
INFO: Run Behavior\WriteHtmlCacheBehavior [ RunTime:0.002019s ]
INFO: [ view_filter ] --END-- [ RunTime:0.002197s ]
INFO: [ app_end ] --START--
INFO: Run Behavior\ShowPageTraceBehavior [ RunTime:0.002150s ]
INFO: [ app_end ] --END-- [ RunTime:0.002331s ]

