[ 2016-05-05T00:03:15+08:00 ] ::1 /jiadianshop/index.php/Admin/Goods/addGoods
INFO: [ app_init ] --START--
INFO: Run Behavior\BuildLiteBehavior [ RunTime:0.000024s ]
INFO: [ app_init ] --END-- [ RunTime:0.000770s ]
INFO: [ app_begin ] --START--
INFO: Run Behavior\ReadHtmlCacheBehavior [ RunTime:0.001281s ]
INFO: [ app_begin ] --END-- [ RunTime:0.001489s ]
SQL: SHOW COLUMNS FROM `jd_goods_cat` [ RunTime:0.0036s ]
SQL: SELECT * FROM `jd_goods_cat`  [ RunTime:0.0003s ]
SQL: SHOW COLUMNS FROM `jd_brands` [ RunTime:0.0034s ]
SQL: SELECT * FROM `jd_brands`  [ RunTime:0.0003s ]
SQL: SHOW COLUMNS FROM `jd_goods_type` [ RunTime:0.0035s ]
SQL: SELECT * FROM `jd_goods_type`  [ RunTime:0.0004s ]
INFO: [ view_parse ] --START--
INFO: [ template_filter ] --START--
INFO: Run Behavior\ContentReplaceBehavior [ RunTime:0.000298s ]
INFO: [ template_filter ] --END-- [ RunTime:0.000430s ]
INFO: Run Behavior\ParseTemplateBehavior [ RunTime:0.013820s ]
INFO: [ view_parse ] --END-- [ RunTime:0.013942s ]
INFO: [ view_filter ] --START--
INFO: Run Behavior\WriteHtmlCacheBehavior [ RunTime:0.000784s ]
INFO: [ view_filter ] --END-- [ RunTime:0.000858s ]
INFO: [ app_end ] --START--
INFO: Run Behavior\ShowPageTraceBehavior [ RunTime:0.000961s ]
INFO: [ app_end ] --END-- [ RunTime:0.001041s ]

[ 2016-05-05T00:03:19+08:00 ] ::1 /jiadianshop/index.php/Admin/Goods/getAttrListByTypeId.html
INFO: [ app_init ] --START--
INFO: Run Behavior\BuildLiteBehavior [ RunTime:0.000029s ]
INFO: [ app_init ] --END-- [ RunTime:0.000796s ]
INFO: [ app_begin ] --START--
INFO: Run Behavior\ReadHtmlCacheBehavior [ RunTime:0.001066s ]
INFO: [ app_begin ] --END-- [ RunTime:0.001166s ]
SQL: SHOW COLUMNS FROM `jd_goods_attribute` [ RunTime:0.0035s ]
SQL: SELECT * FROM `jd_goods_attribute` WHERE `type_id` = 1  [ RunTime:0.0004s ]

[ 2016-05-05T00:04:09+08:00 ] ::1 /jiadianshop/index.php/Admin/Goods/addGoods
INFO: [ app_init ] --START--
INFO: Run Behavior\BuildLiteBehavior [ RunTime:0.000041s ]
INFO: [ app_init ] --END-- [ RunTime:0.001029s ]
INFO: [ app_begin ] --START--
INFO: Run Behavior\ReadHtmlCacheBehavior [ RunTime:0.001981s ]
INFO: [ app_begin ] --END-- [ RunTime:0.002159s ]
SQL: SHOW COLUMNS FROM `jd_goods_cat` [ RunTime:0.0039s ]
SQL: SELECT * FROM `jd_goods_cat`  [ RunTime:0.0004s ]
SQL: SHOW COLUMNS FROM `jd_brands` [ RunTime:0.0047s ]
SQL: SELECT * FROM `jd_brands`  [ RunTime:0.0004s ]
SQL: SHOW COLUMNS FROM `jd_goods_type` [ RunTime:0.0036s ]
SQL: SELECT * FROM `jd_goods_type`  [ RunTime:0.0003s ]
INFO: [ view_parse ] --START--
INFO: [ template_filter ] --START--
INFO: Run Behavior\ContentReplaceBehavior [ RunTime:0.000218s ]
INFO: [ template_filter ] --END-- [ RunTime:0.000328s ]
INFO: Run Behavior\ParseTemplateBehavior [ RunTime:0.015916s ]
INFO: [ view_parse ] --END-- [ RunTime:0.016024s ]
INFO: [ view_filter ] --START--
INFO: Run Behavior\WriteHtmlCacheBehavior [ RunTime:0.000619s ]
INFO: [ view_filter ] --END-- [ RunTime:0.000704s ]
INFO: [ app_end ] --START--
INFO: Run Behavior\ShowPageTraceBehavior [ RunTime:0.000975s ]
INFO: [ app_end ] --END-- [ RunTime:0.001071s ]

[ 2016-05-05T00:04:12+08:00 ] ::1 /jiadianshop/index.php/Admin/Goods/getAttrListByTypeId.html
INFO: [ app_init ] --START--
INFO: Run Behavior\BuildLiteBehavior [ RunTime:0.000035s ]
INFO: [ app_init ] --END-- [ RunTime:0.000741s ]
INFO: [ app_begin ] --START--
INFO: Run Behavior\ReadHtmlCacheBehavior [ RunTime:0.001116s ]
INFO: [ app_begin ] --END-- [ RunTime:0.001242s ]
SQL: SHOW COLUMNS FROM `jd_goods_attribute` [ RunTime:0.0037s ]
SQL: SELECT * FROM `jd_goods_attribute` WHERE `type_id` = 1  [ RunTime:0.0003s ]

[ 2016-05-05T00:04:54+08:00 ] ::1 /jiadianshop/index.php/Admin/Goods/addGoods
INFO: [ app_init ] --START--
INFO: Run Behavior\BuildLiteBehavior [ RunTime:0.000036s ]
INFO: [ app_init ] --END-- [ RunTime:0.000803s ]
INFO: [ app_begin ] --START--
INFO: Run Behavior\ReadHtmlCacheBehavior [ RunTime:0.001289s ]
INFO: [ app_begin ] --END-- [ RunTime:0.001444s ]
SQL: SHOW COLUMNS FROM `jd_goods_cat` [ RunTime:0.0043s ]
SQL: SELECT * FROM `jd_goods_cat`  [ RunTime:0.0004s ]
SQL: SHOW COLUMNS FROM `jd_brands` [ RunTime:0.0048s ]
SQL: SELECT * FROM `jd_brands`  [ RunTime:0.0004s ]
SQL: SHOW COLUMNS FROM `jd_goods_type` [ RunTime:0.0048s ]
SQL: SELECT * FROM `jd_goods_type`  [ RunTime:0.0003s ]
INFO: [ view_parse ] --START--
INFO: [ template_filter ] --START--
INFO: Run Behavior\ContentReplaceBehavior [ RunTime:0.000226s ]
INFO: [ template_filter ] --END-- [ RunTime:0.000339s ]
INFO: Run Behavior\ParseTemplateBehavior [ RunTime:0.015872s ]
INFO: [ view_parse ] --END-- [ RunTime:0.016004s ]
INFO: [ view_filter ] --START--
INFO: Run Behavior\WriteHtmlCacheBehavior [ RunTime:0.000753s ]
INFO: [ view_filter ] --END-- [ RunTime:0.000882s ]
INFO: [ app_end ] --START--
INFO: Run Behavior\ShowPageTraceBehavior [ RunTime:0.001073s ]
INFO: [ app_end ] --END-- [ RunTime:0.001223s ]

[ 2016-05-05T00:04:58+08:00 ] ::1 /jiadianshop/index.php/Admin/Goods/getAttrListByTypeId.html
INFO: [ app_init ] --START--
INFO: Run Behavior\BuildLiteBehavior [ RunTime:0.000025s ]
INFO: [ app_init ] --END-- [ RunTime:0.000557s ]
INFO: [ app_begin ] --START--
INFO: Run Behavior\ReadHtmlCacheBehavior [ RunTime:0.000788s ]
INFO: [ app_begin ] --END-- [ RunTime:0.000864s ]
SQL: SHOW COLUMNS FROM `jd_goods_attribute` [ RunTime:0.0037s ]
SQL: SELECT * FROM `jd_goods_attribute` WHERE `type_id` = 1  [ RunTime:0.0003s ]

[ 2016-05-05T00:07:48+08:00 ] ::1 /jiadianshop/index.php/Admin/Goods/addGoods
INFO: [ app_init ] --START--
INFO: Run Behavior\BuildLiteBehavior [ RunTime:0.000023s ]
INFO: [ app_init ] --END-- [ RunTime:0.000519s ]
INFO: [ app_begin ] --START--
INFO: Run Behavior\ReadHtmlCacheBehavior [ RunTime:0.000778s ]
INFO: [ app_begin ] --END-- [ RunTime:0.000870s ]
SQL: SHOW COLUMNS FROM `jd_goods_cat` [ RunTime:0.0031s ]
SQL: SELECT * FROM `jd_goods_cat`  [ RunTime:0.0004s ]
SQL: SHOW COLUMNS FROM `jd_brands` [ RunTime:0.0038s ]
SQL: SELECT * FROM `jd_brands`  [ RunTime:0.0003s ]
SQL: SHOW COLUMNS FROM `jd_goods_type` [ RunTime:0.0033s ]
SQL: SELECT * FROM `jd_goods_type`  [ RunTime:0.0003s ]
INFO: [ view_parse ] --START--
INFO: [ template_filter ] --START--
INFO: Run Behavior\ContentReplaceBehavior [ RunTime:0.000233s ]
INFO: [ template_filter ] --END-- [ RunTime:0.000335s ]
INFO: Run Behavior\ParseTemplateBehavior [ RunTime:0.012815s ]
INFO: [ view_parse ] --END-- [ RunTime:0.012918s ]
INFO: [ view_filter ] --START--
INFO: Run Behavior\WriteHtmlCacheBehavior [ RunTime:0.000533s ]
INFO: [ view_filter ] --END-- [ RunTime:0.000613s ]
INFO: [ app_end ] --START--
INFO: Run Behavior\ShowPageTraceBehavior [ RunTime:0.000773s ]
INFO: [ app_end ] --END-- [ RunTime:0.000866s ]

[ 2016-05-05T00:07:51+08:00 ] ::1 /jiadianshop/index.php/Admin/Goods/getAttrListByTypeId.html
INFO: [ app_init ] --START--
INFO: Run Behavior\BuildLiteBehavior [ RunTime:0.000023s ]
INFO: [ app_init ] --END-- [ RunTime:0.000533s ]
INFO: [ app_begin ] --START--
INFO: Run Behavior\ReadHtmlCacheBehavior [ RunTime:0.000742s ]
INFO: [ app_begin ] --END-- [ RunTime:0.000826s ]
SQL: SHOW COLUMNS FROM `jd_goods_attribute` [ RunTime:0.0037s ]
SQL: SELECT * FROM `jd_goods_attribute` WHERE `type_id` = 1  [ RunTime:0.0003s ]

[ 2016-05-05T00:08:30+08:00 ] ::1 /jiadianshop/index.php/Admin/Goods/addGoods
INFO: [ app_init ] --START--
INFO: Run Behavior\BuildLiteBehavior [ RunTime:0.000042s ]
INFO: [ app_init ] --END-- [ RunTime:0.000758s ]
INFO: [ app_begin ] --START--
INFO: Run Behavior\ReadHtmlCacheBehavior [ RunTime:0.000799s ]
INFO: [ app_begin ] --END-- [ RunTime:0.000937s ]
SQL: SHOW COLUMNS FROM `jd_goods_cat` [ RunTime:0.0037s ]
SQL: SELECT * FROM `jd_goods_cat`  [ RunTime:0.0003s ]
SQL: SHOW COLUMNS FROM `jd_brands` [ RunTime:0.0042s ]
SQL: SELECT * FROM `jd_brands`  [ RunTime:0.0003s ]
SQL: SHOW COLUMNS FROM `jd_goods_type` [ RunTime:0.0034s ]
SQL: SELECT * FROM `jd_goods_type`  [ RunTime:0.0002s ]
INFO: [ view_parse ] --START--
INFO: [ template_filter ] --START--
INFO: Run Behavior\ContentReplaceBehavior [ RunTime:0.000205s ]
INFO: [ template_filter ] --END-- [ RunTime:0.000331s ]
INFO: Run Behavior\ParseTemplateBehavior [ RunTime:0.013221s ]
INFO: [ view_parse ] --END-- [ RunTime:0.013338s ]
INFO: [ view_filter ] --START--
INFO: Run Behavior\WriteHtmlCacheBehavior [ RunTime:0.000626s ]
INFO: [ view_filter ] --END-- [ RunTime:0.000724s ]
INFO: [ app_end ] --START--
INFO: Run Behavior\ShowPageTraceBehavior [ RunTime:0.000759s ]
INFO: [ app_end ] --END-- [ RunTime:0.000845s ]

[ 2016-05-05T00:08:33+08:00 ] ::1 /jiadianshop/index.php/Admin/Goods/getAttrListByTypeId.html
INFO: [ app_init ] --START--
INFO: Run Behavior\BuildLiteBehavior [ RunTime:0.000024s ]
INFO: [ app_init ] --END-- [ RunTime:0.000613s ]
INFO: [ app_begin ] --START--
INFO: Run Behavior\ReadHtmlCacheBehavior [ RunTime:0.000878s ]
INFO: [ app_begin ] --END-- [ RunTime:0.000970s ]
SQL: SHOW COLUMNS FROM `jd_goods_attribute` [ RunTime:0.0034s ]
SQL: SELECT * FROM `jd_goods_attribute` WHERE `type_id` = 1  [ RunTime:0.0003s ]

[ 2016-05-05T00:11:00+08:00 ] ::1 /jiadianshop/index.php/Admin/Goods/addGoods
INFO: [ app_init ] --START--
INFO: Run Behavior\BuildLiteBehavior [ RunTime:0.000029s ]
INFO: [ app_init ] --END-- [ RunTime:0.000661s ]
INFO: [ app_begin ] --START--
INFO: Run Behavior\ReadHtmlCacheBehavior [ RunTime:0.001060s ]
INFO: [ app_begin ] --END-- [ RunTime:0.001214s ]
SQL: SHOW COLUMNS FROM `jd_goods_cat` [ RunTime:0.0032s ]
SQL: SELECT * FROM `jd_goods_cat`  [ RunTime:0.0003s ]
SQL: SHOW COLUMNS FROM `jd_brands` [ RunTime:0.0032s ]
SQL: SELECT * FROM `jd_brands`  [ RunTime:0.0003s ]
SQL: SHOW COLUMNS FROM `jd_goods_type` [ RunTime:0.0033s ]
SQL: SELECT * FROM `jd_goods_type`  [ RunTime:0.0003s ]
INFO: [ view_parse ] --START--
INFO: [ template_filter ] --START--
INFO: Run Behavior\ContentReplaceBehavior [ RunTime:0.000225s ]
INFO: [ template_filter ] --END-- [ RunTime:0.000333s ]
INFO: Run Behavior\ParseTemplateBehavior [ RunTime:0.012246s ]
INFO: [ view_parse ] --END-- [ RunTime:0.012353s ]
INFO: [ view_filter ] --START--
INFO: Run Behavior\WriteHtmlCacheBehavior [ RunTime:0.001239s ]
INFO: [ view_filter ] --END-- [ RunTime:0.001341s ]
INFO: [ app_end ] --START--
INFO: Run Behavior\ShowPageTraceBehavior [ RunTime:0.000874s ]
INFO: [ app_end ] --END-- [ RunTime:0.000965s ]

[ 2016-05-05T00:11:07+08:00 ] ::1 /jiadianshop/index.php/Admin/Goods/getAttrListByTypeId.html
INFO: [ app_init ] --START--
INFO: Run Behavior\BuildLiteBehavior [ RunTime:0.000026s ]
INFO: [ app_init ] --END-- [ RunTime:0.000612s ]
INFO: [ app_begin ] --START--
INFO: Run Behavior\ReadHtmlCacheBehavior [ RunTime:0.000883s ]
INFO: [ app_begin ] --END-- [ RunTime:0.000971s ]
SQL: SHOW COLUMNS FROM `jd_goods_attribute` [ RunTime:0.0033s ]
SQL: SELECT * FROM `jd_goods_attribute` WHERE `type_id` = 1  [ RunTime:0.0003s ]

[ 2016-05-05T00:12:30+08:00 ] ::1 /jiadianshop/index.php/Admin/Goods/addGoods
INFO: [ app_init ] --START--
INFO: Run Behavior\BuildLiteBehavior [ RunTime:0.000025s ]
INFO: [ app_init ] --END-- [ RunTime:0.000600s ]
INFO: [ app_begin ] --START--
INFO: Run Behavior\ReadHtmlCacheBehavior [ RunTime:0.000855s ]
INFO: [ app_begin ] --END-- [ RunTime:0.000953s ]
SQL: SHOW COLUMNS FROM `jd_goods_cat` [ RunTime:0.0034s ]
SQL: SELECT * FROM `jd_goods_cat`  [ RunTime:0.0003s ]
SQL: SHOW COLUMNS FROM `jd_brands` [ RunTime:0.0038s ]
SQL: SELECT * FROM `jd_brands`  [ RunTime:0.0003s ]
SQL: SHOW COLUMNS FROM `jd_goods_type` [ RunTime:0.0031s ]
SQL: SELECT * FROM `jd_goods_type`  [ RunTime:0.0003s ]
INFO: [ view_parse ] --START--
INFO: [ template_filter ] --START--
INFO: Run Behavior\ContentReplaceBehavior [ RunTime:0.000207s ]
INFO: [ template_filter ] --END-- [ RunTime:0.000312s ]
INFO: Run Behavior\ParseTemplateBehavior [ RunTime:0.012941s ]
INFO: [ view_parse ] --END-- [ RunTime:0.013046s ]
INFO: [ view_filter ] --START--
INFO: Run Behavior\WriteHtmlCacheBehavior [ RunTime:0.000528s ]
INFO: [ view_filter ] --END-- [ RunTime:0.000610s ]
INFO: [ app_end ] --START--
INFO: Run Behavior\ShowPageTraceBehavior [ RunTime:0.000756s ]
INFO: [ app_end ] --END-- [ RunTime:0.000837s ]

[ 2016-05-05T00:12:34+08:00 ] ::1 /jiadianshop/index.php/Admin/Goods/getAttrListByTypeId.html
INFO: [ app_init ] --START--
INFO: Run Behavior\BuildLiteBehavior [ RunTime:0.000026s ]
INFO: [ app_init ] --END-- [ RunTime:0.000547s ]
INFO: [ app_begin ] --START--
INFO: Run Behavior\ReadHtmlCacheBehavior [ RunTime:0.000933s ]
INFO: [ app_begin ] --END-- [ RunTime:0.001358s ]
SQL: SHOW COLUMNS FROM `jd_goods_attribute` [ RunTime:0.0035s ]
SQL: SELECT * FROM `jd_goods_attribute` WHERE `type_id` = 1  [ RunTime:0.0004s ]

[ 2016-05-05T00:16:07+08:00 ] ::1 /jiadianshop/index.php/Admin/Goods/addGoods
INFO: [ app_init ] --START--
INFO: Run Behavior\BuildLiteBehavior [ RunTime:0.000030s ]
INFO: [ app_init ] --END-- [ RunTime:0.000770s ]
INFO: [ app_begin ] --START--
INFO: Run Behavior\ReadHtmlCacheBehavior [ RunTime:0.001296s ]
INFO: [ app_begin ] --END-- [ RunTime:0.001430s ]
SQL: SHOW COLUMNS FROM `jd_goods_cat` [ RunTime:0.0034s ]
SQL: SELECT * FROM `jd_goods_cat`  [ RunTime:0.0003s ]
SQL: SHOW COLUMNS FROM `jd_brands` [ RunTime:0.0033s ]
SQL: SELECT * FROM `jd_brands`  [ RunTime:0.0003s ]
SQL: SHOW COLUMNS FROM `jd_goods_type` [ RunTime:0.0037s ]
SQL: SELECT * FROM `jd_goods_type`  [ RunTime:0.0003s ]
INFO: [ view_parse ] --START--
INFO: [ template_filter ] --START--
INFO: Run Behavior\ContentReplaceBehavior [ RunTime:0.000225s ]
INFO: [ template_filter ] --END-- [ RunTime:0.000333s ]
INFO: Run Behavior\ParseTemplateBehavior [ RunTime:0.012997s ]
INFO: [ view_parse ] --END-- [ RunTime:0.013102s ]
INFO: [ view_filter ] --START--
INFO: Run Behavior\WriteHtmlCacheBehavior [ RunTime:0.000572s ]
INFO: [ view_filter ] --END-- [ RunTime:0.000656s ]
INFO: [ app_end ] --START--
INFO: Run Behavior\ShowPageTraceBehavior [ RunTime:0.000782s ]
INFO: [ app_end ] --END-- [ RunTime:0.000869s ]

[ 2016-05-05T00:16:11+08:00 ] ::1 /jiadianshop/index.php/Admin/Goods/getAttrListByTypeId.html
INFO: [ app_init ] --START--
INFO: Run Behavior\BuildLiteBehavior [ RunTime:0.000027s ]
INFO: [ app_init ] --END-- [ RunTime:0.001504s ]
INFO: [ app_begin ] --START--
INFO: Run Behavior\ReadHtmlCacheBehavior [ RunTime:0.000887s ]
INFO: [ app_begin ] --END-- [ RunTime:0.001033s ]
SQL: SHOW COLUMNS FROM `jd_goods_attribute` [ RunTime:0.0037s ]
SQL: SELECT * FROM `jd_goods_attribute` WHERE `type_id` = 1  [ RunTime:0.0005s ]

[ 2016-05-05T10:42:47+08:00 ] ::1 /jiadianshop/index.php/Admin/Index/index
INFO: [ app_init ] --START--
INFO: Run Behavior\BuildLiteBehavior [ RunTime:0.000043s ]
INFO: [ app_init ] --END-- [ RunTime:0.002281s ]
INFO: [ app_begin ] --START--
INFO: Run Behavior\ReadHtmlCacheBehavior [ RunTime:0.001274s ]
INFO: [ app_begin ] --END-- [ RunTime:0.001420s ]
INFO: [ view_parse ] --START--
INFO: [ template_filter ] --START--
INFO: Run Behavior\ContentReplaceBehavior [ RunTime:0.001383s ]
INFO: [ template_filter ] --END-- [ RunTime:0.001519s ]
INFO: Run Behavior\ParseTemplateBehavior [ RunTime:0.010872s ]
INFO: [ view_parse ] --END-- [ RunTime:0.010974s ]
INFO: [ view_filter ] --START--
INFO: Run Behavior\WriteHtmlCacheBehavior [ RunTime:0.001723s ]
INFO: [ view_filter ] --END-- [ RunTime:0.001818s ]
INFO: [ app_end ] --START--
INFO: Run Behavior\ShowPageTraceBehavior [ RunTime:0.001761s ]
INFO: [ app_end ] --END-- [ RunTime:0.001939s ]

[ 2016-05-05T10:42:47+08:00 ] ::1 /jiadianshop/index.php/Admin/Index/top.html
INFO: [ app_init ] --START--
INFO: Run Behavior\BuildLiteBehavior [ RunTime:0.000037s ]
INFO: [ app_init ] --END-- [ RunTime:0.000717s ]
INFO: [ app_begin ] --START--
INFO: Run Behavior\ReadHtmlCacheBehavior [ RunTime:0.001090s ]
INFO: [ app_begin ] --END-- [ RunTime:0.001260s ]
INFO: [ view_parse ] --START--
INFO: [ template_filter ] --START--
INFO: Run Behavior\ContentReplaceBehavior [ RunTime:0.000111s ]
INFO: [ template_filter ] --END-- [ RunTime:0.000271s ]
NOTIC: [8] Undefined variable: admin_name D:\wamp\www\jiadianshop\Application\Runtime\Cache\Admin\bdb24232b8dcb412d439a202b1caa9a5.php 第 44 行.
INFO: Run Behavior\ParseTemplateBehavior [ RunTime:0.013722s ]
INFO: [ view_parse ] --END-- [ RunTime:0.013926s ]
INFO: [ view_filter ] --START--
INFO: Run Behavior\WriteHtmlCacheBehavior [ RunTime:0.007053s ]
INFO: [ view_filter ] --END-- [ RunTime:0.007225s ]
INFO: [ app_end ] --START--
INFO: Run Behavior\ShowPageTraceBehavior [ RunTime:0.002664s ]
INFO: [ app_end ] --END-- [ RunTime:0.003677s ]

[ 2016-05-05T10:42:47+08:00 ] ::1 /jiadianshop/index.php/Admin/Index/left.html
INFO: [ app_init ] --START--
INFO: Run Behavior\BuildLiteBehavior [ RunTime:0.000037s ]
INFO: [ app_init ] --END-- [ RunTime:0.000778s ]
INFO: [ app_begin ] --START--
INFO: Run Behavior\ReadHtmlCacheBehavior [ RunTime:0.000998s ]
INFO: [ app_begin ] --END-- [ RunTime:0.001197s ]
INFO: [ view_parse ] --START--
INFO: [ template_filter ] --START--
INFO: Run Behavior\ContentReplaceBehavior [ RunTime:0.000340s ]
INFO: [ template_filter ] --END-- [ RunTime:0.000826s ]
NOTIC: [8] Undefined variable: pri_list D:\wamp\www\jiadianshop\Application\Runtime\Cache\Admin\6778f0baf40e879d2b8c18d2052abd0c.php 第 172 行.
NOTIC: [2] in_array() expects parameter 2 to be array, null given D:\wamp\www\jiadianshop\Application\Runtime\Cache\Admin\6778f0baf40e879d2b8c18d2052abd0c.php 第 172 行.
NOTIC: [8] Undefined variable: id D:\wamp\www\jiadianshop\Application\Runtime\Cache\Admin\6778f0baf40e879d2b8c18d2052abd0c.php 第 172 行.
INFO: Run Behavior\ParseTemplateBehavior [ RunTime:0.026600s ]
INFO: [ view_parse ] --END-- [ RunTime:0.026761s ]
INFO: [ view_filter ] --START--
INFO: Run Behavior\WriteHtmlCacheBehavior [ RunTime:0.001512s ]
INFO: [ view_filter ] --END-- [ RunTime:0.001721s ]
INFO: [ app_end ] --START--
INFO: Run Behavior\ShowPageTraceBehavior [ RunTime:0.002340s ]
INFO: [ app_end ] --END-- [ RunTime:0.002516s ]

[ 2016-05-05T10:42:48+08:00 ] ::1 /jiadianshop/index.php/Admin/Index/main.html
INFO: [ app_init ] --START--
INFO: Run Behavior\BuildLiteBehavior [ RunTime:0.000039s ]
INFO: [ app_init ] --END-- [ RunTime:0.000802s ]
INFO: [ app_begin ] --START--
INFO: Run Behavior\ReadHtmlCacheBehavior [ RunTime:0.001124s ]
INFO: [ app_begin ] --END-- [ RunTime:0.001314s ]
INFO: [ view_parse ] --START--
INFO: [ template_filter ] --START--
INFO: Run Behavior\ContentReplaceBehavior [ RunTime:0.000079s ]
INFO: [ template_filter ] --END-- [ RunTime:0.000213s ]
NOTIC: [8] Undefined index: admin_name D:\wamp\www\jiadianshop\Application\Runtime\Cache\Admin\b0f0b709690a72033d17719e8059053c.php 第 26 行.
NOTIC: [8] Undefined variable: admin_id D:\wamp\www\jiadianshop\Application\Runtime\Cache\Admin\b0f0b709690a72033d17719e8059053c.php 第 27 行.
NOTIC: [8] Undefined variable: last_login D:\wamp\www\jiadianshop\Application\Runtime\Cache\Admin\b0f0b709690a72033d17719e8059053c.php 第 32 行.
INFO: Run Behavior\ParseTemplateBehavior [ RunTime:0.011224s ]
INFO: [ view_parse ] --END-- [ RunTime:0.011356s ]
INFO: [ view_filter ] --START--
INFO: Run Behavior\WriteHtmlCacheBehavior [ RunTime:0.000623s ]
INFO: [ view_filter ] --END-- [ RunTime:0.000755s ]
INFO: [ app_end ] --START--
INFO: Run Behavior\ShowPageTraceBehavior [ RunTime:0.001740s ]
INFO: [ app_end ] --END-- [ RunTime:0.001929s ]

[ 2016-05-05T10:42:48+08:00 ] ::1 /jiadianshop/index.php/Admin/Index/footer.html
INFO: [ app_init ] --START--
INFO: Run Behavior\BuildLiteBehavior [ RunTime:0.000036s ]
INFO: [ app_init ] --END-- [ RunTime:0.000872s ]
INFO: [ app_begin ] --START--
INFO: Run Behavior\ReadHtmlCacheBehavior [ RunTime:0.001686s ]
INFO: [ app_begin ] --END-- [ RunTime:0.001868s ]
INFO: [ app_end ] --START--
INFO: Run Behavior\ShowPageTraceBehavior [ RunTime:0.001311s ]
INFO: [ app_end ] --END-- [ RunTime:0.001553s ]

[ 2016-05-05T10:43:02+08:00 ] ::1 /jiadianshop/index.php/Admin/Article/add
INFO: [ app_init ] --START--
INFO: Run Behavior\BuildLiteBehavior [ RunTime:0.000028s ]
INFO: [ app_init ] --END-- [ RunTime:0.000629s ]
INFO: [ app_begin ] --START--
INFO: Run Behavior\ReadHtmlCacheBehavior [ RunTime:0.000610s ]
INFO: [ app_begin ] --END-- [ RunTime:0.000707s ]
SQL: SHOW COLUMNS FROM `jd_article_cat` [ RunTime:0.0060s ]
SQL: SELECT * FROM `jd_article_cat`  [ RunTime:0.0005s ]
SQL: SHOW COLUMNS FROM `jd_article_cat` [ RunTime:0.0036s ]
INFO: [ view_parse ] --START--
INFO: [ template_filter ] --START--
INFO: Run Behavior\ContentReplaceBehavior [ RunTime:0.000128s ]
INFO: [ template_filter ] --END-- [ RunTime:0.000388s ]
INFO: Run Behavior\ParseTemplateBehavior [ RunTime:0.015393s ]
INFO: [ view_parse ] --END-- [ RunTime:0.015564s ]
INFO: [ view_filter ] --START--
INFO: Run Behavior\WriteHtmlCacheBehavior [ RunTime:0.000759s ]
INFO: [ view_filter ] --END-- [ RunTime:0.000880s ]
INFO: [ app_end ] --START--
INFO: Run Behavior\ShowPageTraceBehavior [ RunTime:0.000740s ]
INFO: [ app_end ] --END-- [ RunTime:0.000837s ]

[ 2016-05-05T10:43:29+08:00 ] ::1 /jiadianshop/index.php/Admin/Goods/addGoods
INFO: [ app_init ] --START--
INFO: Run Behavior\BuildLiteBehavior [ RunTime:0.000030s ]
INFO: [ app_init ] --END-- [ RunTime:0.001157s ]
INFO: [ app_begin ] --START--
INFO: Run Behavior\ReadHtmlCacheBehavior [ RunTime:0.000643s ]
INFO: [ app_begin ] --END-- [ RunTime:0.000750s ]
SQL: SHOW COLUMNS FROM `jd_goods_cat` [ RunTime:0.0036s ]
SQL: SELECT * FROM `jd_goods_cat`  [ RunTime:0.0003s ]
SQL: SHOW COLUMNS FROM `jd_brands` [ RunTime:0.0040s ]
SQL: SELECT * FROM `jd_brands`  [ RunTime:0.0004s ]
SQL: SHOW COLUMNS FROM `jd_goods_type` [ RunTime:0.0036s ]
SQL: SELECT * FROM `jd_goods_type`  [ RunTime:0.0003s ]
INFO: [ view_parse ] --START--
INFO: [ template_filter ] --START--
INFO: Run Behavior\ContentReplaceBehavior [ RunTime:0.000203s ]
INFO: [ template_filter ] --END-- [ RunTime:0.000312s ]
INFO: Run Behavior\ParseTemplateBehavior [ RunTime:0.012179s ]
INFO: [ view_parse ] --END-- [ RunTime:0.012272s ]
INFO: [ view_filter ] --START--
INFO: Run Behavior\WriteHtmlCacheBehavior [ RunTime:0.000331s ]
INFO: [ view_filter ] --END-- [ RunTime:0.000409s ]
INFO: [ app_end ] --START--
INFO: Run Behavior\ShowPageTraceBehavior [ RunTime:0.000540s ]
INFO: [ app_end ] --END-- [ RunTime:0.000617s ]

[ 2016-05-05T10:50:11+08:00 ] ::1 /jiadianshop/index.php/Admin/Goods/getAttrListByTypeId.html
INFO: [ app_init ] --START--
INFO: Run Behavior\BuildLiteBehavior [ RunTime:0.000025s ]
INFO: [ app_init ] --END-- [ RunTime:0.000563s ]
INFO: [ app_begin ] --START--
INFO: Run Behavior\ReadHtmlCacheBehavior [ RunTime:0.000678s ]
INFO: [ app_begin ] --END-- [ RunTime:0.000760s ]
SQL: SHOW COLUMNS FROM `jd_goods_attribute` [ RunTime:0.0031s ]
SQL: SELECT * FROM `jd_goods_attribute` WHERE `type_id` = 1  [ RunTime:0.0004s ]

[ 2016-05-05T10:51:53+08:00 ] ::1 /jiadianshop/index.php/Admin/Goods/addGoodsAct.html
INFO: [ app_init ] --START--
INFO: Run Behavior\BuildLiteBehavior [ RunTime:0.000025s ]
INFO: [ app_init ] --END-- [ RunTime:0.000567s ]
INFO: [ app_begin ] --START--
INFO: Run Behavior\ReadHtmlCacheBehavior [ RunTime:0.000618s ]
INFO: [ app_begin ] --END-- [ RunTime:0.000706s ]

[ 2016-05-05T11:57:11+08:00 ] ::1 /jiadianshop/index.php/Admin/Goods/addGoods
INFO: [ app_init ] --START--
INFO: Run Behavior\BuildLiteBehavior [ RunTime:0.000025s ]
INFO: [ app_init ] --END-- [ RunTime:0.000510s ]
INFO: [ app_begin ] --START--
INFO: Run Behavior\ReadHtmlCacheBehavior [ RunTime:0.000724s ]
INFO: [ app_begin ] --END-- [ RunTime:0.000814s ]
SQL: SHOW COLUMNS FROM `jd_goods_cat` [ RunTime:0.0034s ]
SQL: SELECT * FROM `jd_goods_cat`  [ RunTime:0.0003s ]
SQL: SHOW COLUMNS FROM `jd_brands` [ RunTime:0.0030s ]
SQL: SELECT * FROM `jd_brands`  [ RunTime:0.0003s ]
SQL: SHOW COLUMNS FROM `jd_goods_type` [ RunTime:0.0032s ]
SQL: SELECT * FROM `jd_goods_type`  [ RunTime:0.0002s ]
INFO: [ view_parse ] --START--
INFO: [ template_filter ] --START--
INFO: Run Behavior\ContentReplaceBehavior [ RunTime:0.000226s ]
INFO: [ template_filter ] --END-- [ RunTime:0.000332s ]
INFO: Run Behavior\ParseTemplateBehavior [ RunTime:0.012364s ]
INFO: [ view_parse ] --END-- [ RunTime:0.012457s ]
INFO: [ view_filter ] --START--
INFO: Run Behavior\WriteHtmlCacheBehavior [ RunTime:0.000414s ]
INFO: [ view_filter ] --END-- [ RunTime:0.000496s ]
INFO: [ app_end ] --START--
INFO: Run Behavior\ShowPageTraceBehavior [ RunTime:0.000628s ]
INFO: [ app_end ] --END-- [ RunTime:0.000706s ]

[ 2016-05-05T11:57:18+08:00 ] ::1 /jiadianshop/index.php/Admin/Goods/getAttrListByTypeId.html
INFO: [ app_init ] --START--
INFO: Run Behavior\BuildLiteBehavior [ RunTime:0.000028s ]
INFO: [ app_init ] --END-- [ RunTime:0.000782s ]
INFO: [ app_begin ] --START--
INFO: Run Behavior\ReadHtmlCacheBehavior [ RunTime:0.000646s ]
INFO: [ app_begin ] --END-- [ RunTime:0.000732s ]
SQL: SHOW COLUMNS FROM `jd_goods_attribute` [ RunTime:0.0034s ]
SQL: SELECT * FROM `jd_goods_attribute` WHERE `type_id` = 1  [ RunTime:0.0003s ]

[ 2016-05-05T16:48:43+08:00 ] ::1 /jiadianshop/index.php/Admin/Goods/addGoods
INFO: [ app_init ] --START--
INFO: Run Behavior\BuildLiteBehavior [ RunTime:0.000024s ]
INFO: [ app_init ] --END-- [ RunTime:0.000637s ]
INFO: [ app_begin ] --START--
INFO: Run Behavior\ReadHtmlCacheBehavior [ RunTime:0.000788s ]
INFO: [ app_begin ] --END-- [ RunTime:0.000880s ]
SQL: SHOW COLUMNS FROM `jd_goods_cat` [ RunTime:0.0037s ]
SQL: SELECT * FROM `jd_goods_cat`  [ RunTime:0.0003s ]
SQL: SHOW COLUMNS FROM `jd_brands` [ RunTime:0.0041s ]
SQL: SELECT * FROM `jd_brands`  [ RunTime:0.0003s ]
SQL: SHOW COLUMNS FROM `jd_goods_type` [ RunTime:0.0032s ]
SQL: SELECT * FROM `jd_goods_type`  [ RunTime:0.0002s ]
INFO: [ view_parse ] --START--
INFO: [ template_filter ] --START--
INFO: Run Behavior\ContentReplaceBehavior [ RunTime:0.000194s ]
INFO: [ template_filter ] --END-- [ RunTime:0.000300s ]
INFO: Run Behavior\ParseTemplateBehavior [ RunTime:0.012333s ]
INFO: [ view_parse ] --END-- [ RunTime:0.012424s ]
INFO: [ view_filter ] --START--
INFO: Run Behavior\WriteHtmlCacheBehavior [ RunTime:0.000580s ]
INFO: [ view_filter ] --END-- [ RunTime:0.000654s ]
INFO: [ app_end ] --START--
INFO: Run Behavior\ShowPageTraceBehavior [ RunTime:0.000819s ]
INFO: [ app_end ] --END-- [ RunTime:0.000900s ]

[ 2016-05-05T16:50:15+08:00 ] ::1 /jiadianshop/index.php/Admin/Goods/addGoodsAct.html
INFO: [ app_init ] --START--
INFO: Run Behavior\BuildLiteBehavior [ RunTime:0.000023s ]
INFO: [ app_init ] --END-- [ RunTime:0.000606s ]
INFO: [ app_begin ] --START--
INFO: Run Behavior\ReadHtmlCacheBehavior [ RunTime:0.000681s ]
INFO: [ app_begin ] --END-- [ RunTime:0.000777s ]

[ 2016-05-05T16:56:58+08:00 ] ::1 /jiadianshop/index.php/Admin/Goods/addGoods
INFO: [ app_init ] --START--
INFO: Run Behavior\BuildLiteBehavior [ RunTime:0.000024s ]
INFO: [ app_init ] --END-- [ RunTime:0.000529s ]
INFO: [ app_begin ] --START--
INFO: Run Behavior\ReadHtmlCacheBehavior [ RunTime:0.000921s ]
INFO: [ app_begin ] --END-- [ RunTime:0.001072s ]
SQL: SHOW COLUMNS FROM `jd_goods_cat` [ RunTime:0.0031s ]
SQL: SELECT * FROM `jd_goods_cat`  [ RunTime:0.0004s ]
SQL: SHOW COLUMNS FROM `jd_brands` [ RunTime:0.0041s ]
SQL: SELECT * FROM `jd_brands`  [ RunTime:0.0004s ]
SQL: SHOW COLUMNS FROM `jd_goods_type` [ RunTime:0.0035s ]
SQL: SELECT * FROM `jd_goods_type`  [ RunTime:0.0003s ]
INFO: [ view_parse ] --START--
INFO: [ template_filter ] --START--
INFO: Run Behavior\ContentReplaceBehavior [ RunTime:0.000224s ]
INFO: [ template_filter ] --END-- [ RunTime:0.000325s ]
INFO: Run Behavior\ParseTemplateBehavior [ RunTime:0.012418s ]
INFO: [ view_parse ] --END-- [ RunTime:0.012513s ]
INFO: [ view_filter ] --START--
INFO: Run Behavior\WriteHtmlCacheBehavior [ RunTime:0.000515s ]
INFO: [ view_filter ] --END-- [ RunTime:0.000588s ]
INFO: [ app_end ] --START--
INFO: Run Behavior\ShowPageTraceBehavior [ RunTime:0.000775s ]
INFO: [ app_end ] --END-- [ RunTime:0.000859s ]

[ 2016-05-05T16:57:25+08:00 ] ::1 /jiadianshop/index.php/Admin/Goods/addGoodsAct.html
INFO: [ app_init ] --START--
INFO: Run Behavior\BuildLiteBehavior [ RunTime:0.000023s ]
INFO: [ app_init ] --END-- [ RunTime:0.000518s ]
INFO: [ app_begin ] --START--
INFO: Run Behavior\ReadHtmlCacheBehavior [ RunTime:0.000716s ]
INFO: [ app_begin ] --END-- [ RunTime:0.000814s ]
NOTIC: [8] Undefined index: name D:\wamp\www\jiadianshop\ThinkPHP\Library\Think\Upload.class.php 第 230 行.
NOTIC: [8] Undefined index: name D:\wamp\www\jiadianshop\ThinkPHP\Library\Think\Upload.class.php 第 148 行.
NOTIC: [8] Undefined index: error D:\wamp\www\jiadianshop\ThinkPHP\Library\Think\Upload.class.php 第 269 行.
NOTIC: [8] Undefined index: tmp_name D:\wamp\www\jiadianshop\ThinkPHP\Library\Think\Upload.class.php 第 280 行.
NOTIC: [8] Undefined index: name D:\wamp\www\jiadianshop\ThinkPHP\Library\Think\Upload.class.php 第 148 行.
NOTIC: [8] Undefined index: error D:\wamp\www\jiadianshop\ThinkPHP\Library\Think\Upload.class.php 第 269 行.
NOTIC: [8] Undefined index: tmp_name D:\wamp\www\jiadianshop\ThinkPHP\Library\Think\Upload.class.php 第 280 行.
NOTIC: [8] Undefined index: name D:\wamp\www\jiadianshop\ThinkPHP\Library\Think\Upload.class.php 第 148 行.
NOTIC: [8] Undefined index: error D:\wamp\www\jiadianshop\ThinkPHP\Library\Think\Upload.class.php 第 269 行.
NOTIC: [8] Undefined index: tmp_name D:\wamp\www\jiadianshop\ThinkPHP\Library\Think\Upload.class.php 第 280 行.
NOTIC: [8] Undefined index: name D:\wamp\www\jiadianshop\ThinkPHP\Library\Think\Upload.class.php 第 148 行.
NOTIC: [8] Undefined index: error D:\wamp\www\jiadianshop\ThinkPHP\Library\Think\Upload.class.php 第 269 行.
NOTIC: [8] Undefined index: tmp_name D:\wamp\www\jiadianshop\ThinkPHP\Library\Think\Upload.class.php 第 280 行.
NOTIC: [8] Undefined index: name D:\wamp\www\jiadianshop\ThinkPHP\Library\Think\Upload.class.php 第 148 行.
NOTIC: [8] Undefined index: error D:\wamp\www\jiadianshop\ThinkPHP\Library\Think\Upload.class.php 第 269 行.
NOTIC: [8] Undefined index: tmp_name D:\wamp\www\jiadianshop\ThinkPHP\Library\Think\Upload.class.php 第 280 行.
INFO: [ view_parse ] --START--
INFO: [ template_filter ] --START--
INFO: Run Behavior\ContentReplaceBehavior [ RunTime:0.000063s ]
INFO: [ template_filter ] --END-- [ RunTime:0.000173s ]
INFO: Run Behavior\ParseTemplateBehavior [ RunTime:0.008421s ]
INFO: [ view_parse ] --END-- [ RunTime:0.008542s ]
INFO: [ view_filter ] --START--
INFO: Run Behavior\WriteHtmlCacheBehavior [ RunTime:0.000554s ]
INFO: [ view_filter ] --END-- [ RunTime:0.000655s ]

[ 2016-05-05T16:59:56+08:00 ] ::1 /jiadianshop/index.php/Admin/Goods/addGoodsAct.html
INFO: [ app_init ] --START--
INFO: Run Behavior\BuildLiteBehavior [ RunTime:0.000024s ]
INFO: [ app_init ] --END-- [ RunTime:0.000526s ]
INFO: [ app_begin ] --START--
INFO: Run Behavior\ReadHtmlCacheBehavior [ RunTime:0.000842s ]
INFO: [ app_begin ] --END-- [ RunTime:0.000937s ]
NOTIC: [8] Undefined index: name D:\wamp\www\jiadianshop\ThinkPHP\Library\Think\Upload.class.php 第 230 行.
NOTIC: [8] Undefined index: name D:\wamp\www\jiadianshop\ThinkPHP\Library\Think\Upload.class.php 第 148 行.
NOTIC: [8] Undefined index: error D:\wamp\www\jiadianshop\ThinkPHP\Library\Think\Upload.class.php 第 269 行.
NOTIC: [8] Undefined index: tmp_name D:\wamp\www\jiadianshop\ThinkPHP\Library\Think\Upload.class.php 第 280 行.
NOTIC: [8] Undefined index: name D:\wamp\www\jiadianshop\ThinkPHP\Library\Think\Upload.class.php 第 148 行.
NOTIC: [8] Undefined index: error D:\wamp\www\jiadianshop\ThinkPHP\Library\Think\Upload.class.php 第 269 行.
NOTIC: [8] Undefined index: tmp_name D:\wamp\www\jiadianshop\ThinkPHP\Library\Think\Upload.class.php 第 280 行.
NOTIC: [8] Undefined index: name D:\wamp\www\jiadianshop\ThinkPHP\Library\Think\Upload.class.php 第 148 行.
NOTIC: [8] Undefined index: error D:\wamp\www\jiadianshop\ThinkPHP\Library\Think\Upload.class.php 第 269 行.
NOTIC: [8] Undefined index: tmp_name D:\wamp\www\jiadianshop\ThinkPHP\Library\Think\Upload.class.php 第 280 行.
NOTIC: [8] Undefined index: name D:\wamp\www\jiadianshop\ThinkPHP\Library\Think\Upload.class.php 第 148 行.
NOTIC: [8] Undefined index: error D:\wamp\www\jiadianshop\ThinkPHP\Library\Think\Upload.class.php 第 269 行.
NOTIC: [8] Undefined index: tmp_name D:\wamp\www\jiadianshop\ThinkPHP\Library\Think\Upload.class.php 第 280 行.
NOTIC: [8] Undefined index: name D:\wamp\www\jiadianshop\ThinkPHP\Library\Think\Upload.class.php 第 148 行.
NOTIC: [8] Undefined index: error D:\wamp\www\jiadianshop\ThinkPHP\Library\Think\Upload.class.php 第 269 行.
NOTIC: [8] Undefined index: tmp_name D:\wamp\www\jiadianshop\ThinkPHP\Library\Think\Upload.class.php 第 280 行.
INFO: [ view_parse ] --START--
INFO: [ template_filter ] --START--
INFO: Run Behavior\ContentReplaceBehavior [ RunTime:0.000073s ]
INFO: [ template_filter ] --END-- [ RunTime:0.000188s ]
INFO: Run Behavior\ParseTemplateBehavior [ RunTime:0.008302s ]
INFO: [ view_parse ] --END-- [ RunTime:0.008391s ]
INFO: [ view_filter ] --START--
INFO: Run Behavior\WriteHtmlCacheBehavior [ RunTime:0.000571s ]
INFO: [ view_filter ] --END-- [ RunTime:0.000643s ]

[ 2016-05-05T17:00:45+08:00 ] ::1 /jiadianshop/index.php/Admin/Goods/addGoodsAct.html
INFO: [ app_init ] --START--
INFO: Run Behavior\BuildLiteBehavior [ RunTime:0.000024s ]
INFO: [ app_init ] --END-- [ RunTime:0.000591s ]
INFO: [ app_begin ] --START--
INFO: Run Behavior\ReadHtmlCacheBehavior [ RunTime:0.000662s ]
INFO: [ app_begin ] --END-- [ RunTime:0.000752s ]
NOTIC: [8] Undefined index: name D:\wamp\www\jiadianshop\ThinkPHP\Library\Think\Upload.class.php 第 230 行.
NOTIC: [8] Undefined index: name D:\wamp\www\jiadianshop\ThinkPHP\Library\Think\Upload.class.php 第 148 行.
NOTIC: [8] Undefined index: error D:\wamp\www\jiadianshop\ThinkPHP\Library\Think\Upload.class.php 第 269 行.
NOTIC: [8] Undefined index: tmp_name D:\wamp\www\jiadianshop\ThinkPHP\Library\Think\Upload.class.php 第 280 行.
NOTIC: [8] Undefined index: name D:\wamp\www\jiadianshop\ThinkPHP\Library\Think\Upload.class.php 第 148 行.
NOTIC: [8] Undefined index: error D:\wamp\www\jiadianshop\ThinkPHP\Library\Think\Upload.class.php 第 269 行.
NOTIC: [8] Undefined index: tmp_name D:\wamp\www\jiadianshop\ThinkPHP\Library\Think\Upload.class.php 第 280 行.
NOTIC: [8] Undefined index: name D:\wamp\www\jiadianshop\ThinkPHP\Library\Think\Upload.class.php 第 148 行.
NOTIC: [8] Undefined index: error D:\wamp\www\jiadianshop\ThinkPHP\Library\Think\Upload.class.php 第 269 行.
NOTIC: [8] Undefined index: tmp_name D:\wamp\www\jiadianshop\ThinkPHP\Library\Think\Upload.class.php 第 280 行.
NOTIC: [8] Undefined index: name D:\wamp\www\jiadianshop\ThinkPHP\Library\Think\Upload.class.php 第 148 行.
NOTIC: [8] Undefined index: error D:\wamp\www\jiadianshop\ThinkPHP\Library\Think\Upload.class.php 第 269 行.
NOTIC: [8] Undefined index: tmp_name D:\wamp\www\jiadianshop\ThinkPHP\Library\Think\Upload.class.php 第 280 行.
NOTIC: [8] Undefined index: name D:\wamp\www\jiadianshop\ThinkPHP\Library\Think\Upload.class.php 第 148 行.
NOTIC: [8] Undefined index: error D:\wamp\www\jiadianshop\ThinkPHP\Library\Think\Upload.class.php 第 269 行.
NOTIC: [8] Undefined index: tmp_name D:\wamp\www\jiadianshop\ThinkPHP\Library\Think\Upload.class.php 第 280 行.
INFO: [ view_parse ] --START--
INFO: [ template_filter ] --START--
INFO: Run Behavior\ContentReplaceBehavior [ RunTime:0.000067s ]
INFO: [ template_filter ] --END-- [ RunTime:0.000176s ]
INFO: Run Behavior\ParseTemplateBehavior [ RunTime:0.009103s ]
INFO: [ view_parse ] --END-- [ RunTime:0.009205s ]
INFO: [ view_filter ] --START--
INFO: Run Behavior\WriteHtmlCacheBehavior [ RunTime:0.001023s ]
INFO: [ view_filter ] --END-- [ RunTime:0.001118s ]

[ 2016-05-05T17:14:37+08:00 ] ::1 /jiadianshop/index.php/Admin/Goods/addGoodsAct.html
INFO: [ app_init ] --START--
INFO: Run Behavior\BuildLiteBehavior [ RunTime:0.000025s ]
INFO: [ app_init ] --END-- [ RunTime:0.000533s ]
INFO: [ app_begin ] --START--
INFO: Run Behavior\ReadHtmlCacheBehavior [ RunTime:0.000804s ]
INFO: [ app_begin ] --END-- [ RunTime:0.000898s ]

[ 2016-05-05T17:24:21+08:00 ] ::1 /jiadianshop/index.php/Admin/Goods/addGoodsAct.html
INFO: [ app_init ] --START--
INFO: Run Behavior\BuildLiteBehavior [ RunTime:0.000024s ]
INFO: [ app_init ] --END-- [ RunTime:0.000523s ]
INFO: [ app_begin ] --START--
INFO: Run Behavior\ReadHtmlCacheBehavior [ RunTime:0.000793s ]
INFO: [ app_begin ] --END-- [ RunTime:0.000893s ]
NOTIC: [2] call_user_func() expects parameter 1 to be a valid callback, no array or string given D:\wamp\www\jiadianshop\ThinkPHP\Library\Think\Upload.class.php 第 170 行.
NOTIC: [2] call_user_func() expects parameter 1 to be a valid callback, no array or string given D:\wamp\www\jiadianshop\ThinkPHP\Library\Think\Upload.class.php 第 170 行.
NOTIC: [2] call_user_func() expects parameter 1 to be a valid callback, no array or string given D:\wamp\www\jiadianshop\ThinkPHP\Library\Think\Upload.class.php 第 170 行.
NOTIC: [8] Undefined index: savepath D:\wamp\www\jiadianshop\Application\Admin\Controller\GoodsController.class.php 第 165 行.
NOTIC: [8] Undefined index: savename D:\wamp\www\jiadianshop\Application\Admin\Controller\GoodsController.class.php 第 165 行.

[ 2016-05-05T17:26:36+08:00 ] ::1 /jiadianshop/index.php/Admin/Goods/addGoodsAct.html
INFO: [ app_init ] --START--
INFO: Run Behavior\BuildLiteBehavior [ RunTime:0.000025s ]
INFO: [ app_init ] --END-- [ RunTime:0.000548s ]
INFO: [ app_begin ] --START--
INFO: Run Behavior\ReadHtmlCacheBehavior [ RunTime:0.000803s ]
INFO: [ app_begin ] --END-- [ RunTime:0.000901s ]
NOTIC: [2] call_user_func() expects parameter 1 to be a valid callback, no array or string given D:\wamp\www\jiadianshop\ThinkPHP\Library\Think\Upload.class.php 第 170 行.
NOTIC: [2] call_user_func() expects parameter 1 to be a valid callback, no array or string given D:\wamp\www\jiadianshop\ThinkPHP\Library\Think\Upload.class.php 第 170 行.
NOTIC: [2] call_user_func() expects parameter 1 to be a valid callback, no array or string given D:\wamp\www\jiadianshop\ThinkPHP\Library\Think\Upload.class.php 第 170 行.
NOTIC: [8] Undefined index: savepath D:\wamp\www\jiadianshop\Application\Admin\Controller\GoodsController.class.php 第 167 行.
NOTIC: [8] Undefined index: savename D:\wamp\www\jiadianshop\Application\Admin\Controller\GoodsController.class.php 第 167 行.

[ 2016-05-05T17:27:27+08:00 ] ::1 /jiadianshop/index.php/Admin/Goods/addGoods
INFO: [ app_init ] --START--
INFO: Run Behavior\BuildLiteBehavior [ RunTime:0.000034s ]
INFO: [ app_init ] --END-- [ RunTime:0.001053s ]
INFO: [ app_begin ] --START--
INFO: Run Behavior\ReadHtmlCacheBehavior [ RunTime:0.001105s ]
INFO: [ app_begin ] --END-- [ RunTime:0.001225s ]
SQL: SHOW COLUMNS FROM `jd_goods_cat` [ RunTime:0.0036s ]
SQL: SELECT * FROM `jd_goods_cat`  [ RunTime:0.0004s ]
SQL: SHOW COLUMNS FROM `jd_brands` [ RunTime:0.0035s ]
SQL: SELECT * FROM `jd_brands`  [ RunTime:0.0003s ]
SQL: SHOW COLUMNS FROM `jd_goods_type` [ RunTime:0.0037s ]
SQL: SELECT * FROM `jd_goods_type`  [ RunTime:0.0003s ]
INFO: [ view_parse ] --START--
INFO: [ template_filter ] --START--
INFO: Run Behavior\ContentReplaceBehavior [ RunTime:0.000225s ]
INFO: [ template_filter ] --END-- [ RunTime:0.000326s ]
INFO: Run Behavior\ParseTemplateBehavior [ RunTime:0.012471s ]
INFO: [ view_parse ] --END-- [ RunTime:0.012566s ]
INFO: [ view_filter ] --START--
INFO: Run Behavior\WriteHtmlCacheBehavior [ RunTime:0.000590s ]
INFO: [ view_filter ] --END-- [ RunTime:0.000674s ]
INFO: [ app_end ] --START--
INFO: Run Behavior\ShowPageTraceBehavior [ RunTime:0.000938s ]
INFO: [ app_end ] --END-- [ RunTime:0.001027s ]

[ 2016-05-05T17:27:52+08:00 ] ::1 /jiadianshop/index.php/Admin/Goods/addGoodsAct.html
INFO: [ app_init ] --START--
INFO: Run Behavior\BuildLiteBehavior [ RunTime:0.000028s ]
INFO: [ app_init ] --END-- [ RunTime:0.000667s ]
INFO: [ app_begin ] --START--
INFO: Run Behavior\ReadHtmlCacheBehavior [ RunTime:0.000920s ]
INFO: [ app_begin ] --END-- [ RunTime:0.001029s ]

[ 2016-05-05T17:32:40+08:00 ] ::1 /jiadianshop/index.php/Admin/Goods/addGoodsAct.html
INFO: [ app_init ] --START--
INFO: Run Behavior\BuildLiteBehavior [ RunTime:0.000036s ]
INFO: [ app_init ] --END-- [ RunTime:0.000602s ]
INFO: [ app_begin ] --START--
INFO: Run Behavior\ReadHtmlCacheBehavior [ RunTime:0.000882s ]
INFO: [ app_begin ] --END-- [ RunTime:0.001013s ]
NOTIC: [2] call_user_func() expects parameter 1 to be a valid callback, no array or string given D:\wamp\www\jiadianshop\ThinkPHP\Library\Think\Upload.class.php 第 170 行.
NOTIC: [8] Undefined index: savepath D:\wamp\www\jiadianshop\Application\Admin\Controller\GoodsController.class.php 第 167 行.
NOTIC: [8] Undefined index: savename D:\wamp\www\jiadianshop\Application\Admin\Controller\GoodsController.class.php 第 167 行.

[ 2016-05-05T17:34:55+08:00 ] ::1 /jiadianshop/index.php/Admin/Goods/addGoodsAct.html
INFO: [ app_init ] --START--
INFO: Run Behavior\BuildLiteBehavior [ RunTime:0.000029s ]
INFO: [ app_init ] --END-- [ RunTime:0.000783s ]
INFO: [ app_begin ] --START--
INFO: Run Behavior\ReadHtmlCacheBehavior [ RunTime:0.000814s ]
INFO: [ app_begin ] --END-- [ RunTime:0.000911s ]

[ 2016-05-05T18:12:29+08:00 ] ::1 /jiadianshop/index.php/Admin/Goods/addGoods
INFO: [ app_init ] --START--
INFO: Run Behavior\BuildLiteBehavior [ RunTime:0.000030s ]
INFO: [ app_init ] --END-- [ RunTime:0.000860s ]
INFO: [ app_begin ] --START--
INFO: Run Behavior\ReadHtmlCacheBehavior [ RunTime:0.001206s ]
INFO: [ app_begin ] --END-- [ RunTime:0.001323s ]
SQL: SHOW COLUMNS FROM `jd_goods_cat` [ RunTime:0.0034s ]
SQL: SELECT * FROM `jd_goods_cat`  [ RunTime:0.0003s ]
SQL: SHOW COLUMNS FROM `jd_brands` [ RunTime:0.0037s ]
SQL: SELECT * FROM `jd_brands`  [ RunTime:0.0003s ]
SQL: SHOW COLUMNS FROM `jd_goods_type` [ RunTime:0.0036s ]
SQL: SELECT * FROM `jd_goods_type`  [ RunTime:0.0003s ]
INFO: [ view_parse ] --START--
INFO: [ template_filter ] --START--
INFO: Run Behavior\ContentReplaceBehavior [ RunTime:0.000206s ]
INFO: [ template_filter ] --END-- [ RunTime:0.000308s ]
INFO: Run Behavior\ParseTemplateBehavior [ RunTime:0.013104s ]
INFO: [ view_parse ] --END-- [ RunTime:0.013197s ]
INFO: [ view_filter ] --START--
INFO: Run Behavior\WriteHtmlCacheBehavior [ RunTime:0.000681s ]
INFO: [ view_filter ] --END-- [ RunTime:0.000764s ]
INFO: [ app_end ] --START--
INFO: Run Behavior\ShowPageTraceBehavior [ RunTime:0.001138s ]
INFO: [ app_end ] --END-- [ RunTime:0.001227s ]

[ 2016-05-05T18:55:38+08:00 ] ::1 /jiadianshop/index.php/Admin/Goods/addGoods
INFO: [ app_init ] --START--
INFO: Run Behavior\BuildLiteBehavior [ RunTime:0.000029s ]
INFO: [ app_init ] --END-- [ RunTime:0.000671s ]
INFO: [ app_begin ] --START--
INFO: Run Behavior\ReadHtmlCacheBehavior [ RunTime:0.001144s ]
INFO: [ app_begin ] --END-- [ RunTime:0.001262s ]
SQL: SHOW COLUMNS FROM `jd_goods_cat` [ RunTime:0.0035s ]
SQL: SELECT * FROM `jd_goods_cat`  [ RunTime:0.0004s ]
SQL: SHOW COLUMNS FROM `jd_brands` [ RunTime:0.0034s ]
SQL: SELECT * FROM `jd_brands`  [ RunTime:0.0004s ]
SQL: SHOW COLUMNS FROM `jd_goods_type` [ RunTime:0.0037s ]
SQL: SELECT * FROM `jd_goods_type`  [ RunTime:0.0003s ]
INFO: [ view_parse ] --START--
INFO: [ template_filter ] --START--
INFO: Run Behavior\ContentReplaceBehavior [ RunTime:0.000206s ]
INFO: [ template_filter ] --END-- [ RunTime:0.000305s ]
INFO: Run Behavior\ParseTemplateBehavior [ RunTime:0.012066s ]
INFO: [ view_parse ] --END-- [ RunTime:0.012162s ]
INFO: [ view_filter ] --START--
INFO: Run Behavior\WriteHtmlCacheBehavior [ RunTime:0.000547s ]
INFO: [ view_filter ] --END-- [ RunTime:0.000627s ]
INFO: [ app_end ] --START--
INFO: Run Behavior\ShowPageTraceBehavior [ RunTime:0.000772s ]
INFO: [ app_end ] --END-- [ RunTime:0.000851s ]

[ 2016-05-05T18:55:55+08:00 ] ::1 /jiadianshop/index.php/Admin/Goods/addGoods
INFO: [ app_init ] --START--
INFO: Run Behavior\BuildLiteBehavior [ RunTime:0.000023s ]
INFO: [ app_init ] --END-- [ RunTime:0.000560s ]
INFO: [ app_begin ] --START--
INFO: Run Behavior\ReadHtmlCacheBehavior [ RunTime:0.000740s ]
INFO: [ app_begin ] --END-- [ RunTime:0.000835s ]
SQL: SHOW COLUMNS FROM `jd_goods_cat` [ RunTime:0.0035s ]
SQL: SELECT * FROM `jd_goods_cat`  [ RunTime:0.0003s ]
SQL: SHOW COLUMNS FROM `jd_brands` [ RunTime:0.0031s ]
SQL: SELECT * FROM `jd_brands`  [ RunTime:0.0004s ]
SQL: SHOW COLUMNS FROM `jd_goods_type` [ RunTime:0.0028s ]
SQL: SELECT * FROM `jd_goods_type`  [ RunTime:0.0003s ]
INFO: [ view_parse ] --START--
INFO: [ template_filter ] --START--
INFO: Run Behavior\ContentReplaceBehavior [ RunTime:0.000218s ]
INFO: [ template_filter ] --END-- [ RunTime:0.000335s ]
INFO: Run Behavior\ParseTemplateBehavior [ RunTime:0.012103s ]
INFO: [ view_parse ] --END-- [ RunTime:0.012200s ]
INFO: [ view_filter ] --START--
INFO: Run Behavior\WriteHtmlCacheBehavior [ RunTime:0.000437s ]
INFO: [ view_filter ] --END-- [ RunTime:0.000515s ]
INFO: [ app_end ] --START--
INFO: Run Behavior\ShowPageTraceBehavior [ RunTime:0.000673s ]
INFO: [ app_end ] --END-- [ RunTime:0.000752s ]

[ 2016-05-05T18:57:26+08:00 ] ::1 /jiadianshop/index.php/Admin/Goods/addGoodsAct.html
INFO: [ app_init ] --START--
INFO: Run Behavior\BuildLiteBehavior [ RunTime:0.000025s ]
INFO: [ app_init ] --END-- [ RunTime:0.000516s ]
INFO: [ app_begin ] --START--
INFO: Run Behavior\ReadHtmlCacheBehavior [ RunTime:0.000795s ]
INFO: [ app_begin ] --END-- [ RunTime:0.000887s ]
NOTIC: [2] call_user_func() expects parameter 1 to be a valid callback, no array or string given D:\wamp\www\jiadianshop\ThinkPHP\Library\Think\Upload.class.php 第 170 行.
NOTIC: [2] call_user_func() expects parameter 1 to be a valid callback, no array or string given D:\wamp\www\jiadianshop\ThinkPHP\Library\Think\Upload.class.php 第 170 行.
NOTIC: [2] call_user_func() expects parameter 1 to be a valid callback, no array or string given D:\wamp\www\jiadianshop\ThinkPHP\Library\Think\Upload.class.php 第 170 行.
NOTIC: [2] call_user_func() expects parameter 1 to be a valid callback, no array or string given D:\wamp\www\jiadianshop\ThinkPHP\Library\Think\Upload.class.php 第 170 行.
NOTIC: [8] Undefined index: savepath D:\wamp\www\jiadianshop\Application\Admin\Controller\GoodsController.class.php 第 167 行.
NOTIC: [8] Undefined index: savename D:\wamp\www\jiadianshop\Application\Admin\Controller\GoodsController.class.php 第 167 行.

[ 2016-05-05T20:56:08+08:00 ] ::1 /jiadianshop/index.php/Admin/Goods/addGoodsAct.html
INFO: [ app_init ] --START--
INFO: Run Behavior\BuildLiteBehavior [ RunTime:0.000028s ]
INFO: [ app_init ] --END-- [ RunTime:0.000633s ]
INFO: [ app_begin ] --START--
INFO: Run Behavior\ReadHtmlCacheBehavior [ RunTime:0.001048s ]
INFO: [ app_begin ] --END-- [ RunTime:0.001164s ]
NOTIC: [2] call_user_func() expects parameter 1 to be a valid callback, no array or string given D:\wamp\www\jiadianshop\ThinkPHP\Library\Think\Upload.class.php 第 170 行.
NOTIC: [2] call_user_func() expects parameter 1 to be a valid callback, no array or string given D:\wamp\www\jiadianshop\ThinkPHP\Library\Think\Upload.class.php 第 170 行.
NOTIC: [2] call_user_func() expects parameter 1 to be a valid callback, no array or string given D:\wamp\www\jiadianshop\ThinkPHP\Library\Think\Upload.class.php 第 170 行.
NOTIC: [2] call_user_func() expects parameter 1 to be a valid callback, no array or string given D:\wamp\www\jiadianshop\ThinkPHP\Library\Think\Upload.class.php 第 170 行.
NOTIC: [8] Undefined index: savepath D:\wamp\www\jiadianshop\Application\Admin\Controller\GoodsController.class.php 第 169 行.
NOTIC: [8] Undefined index: savename D:\wamp\www\jiadianshop\Application\Admin\Controller\GoodsController.class.php 第 169 行.
NOTIC: [8] Undefined index: savepath D:\wamp\www\jiadianshop\Application\Admin\Controller\GoodsController.class.php 第 169 行.
NOTIC: [8] Undefined index: savename D:\wamp\www\jiadianshop\Application\Admin\Controller\GoodsController.class.php 第 169 行.

[ 2016-05-05T20:56:58+08:00 ] ::1 /jiadianshop/index.php/Admin/Goods/addGoods
INFO: [ app_init ] --START--
INFO: Run Behavior\BuildLiteBehavior [ RunTime:0.000024s ]
INFO: [ app_init ] --END-- [ RunTime:0.000514s ]
INFO: [ app_begin ] --START--
INFO: Run Behavior\ReadHtmlCacheBehavior [ RunTime:0.001115s ]
INFO: [ app_begin ] --END-- [ RunTime:0.001269s ]
SQL: SHOW COLUMNS FROM `jd_goods_cat` [ RunTime:0.0051s ]
SQL: SELECT * FROM `jd_goods_cat`  [ RunTime:0.0003s ]
SQL: SHOW COLUMNS FROM `jd_brands` [ RunTime:0.0037s ]
SQL: SELECT * FROM `jd_brands`  [ RunTime:0.0003s ]
SQL: SHOW COLUMNS FROM `jd_goods_type` [ RunTime:0.0033s ]
SQL: SELECT * FROM `jd_goods_type`  [ RunTime:0.0002s ]
INFO: [ view_parse ] --START--
INFO: [ template_filter ] --START--
INFO: Run Behavior\ContentReplaceBehavior [ RunTime:0.000204s ]
INFO: [ template_filter ] --END-- [ RunTime:0.000306s ]
INFO: Run Behavior\ParseTemplateBehavior [ RunTime:0.013060s ]
INFO: [ view_parse ] --END-- [ RunTime:0.013160s ]
INFO: [ view_filter ] --START--
INFO: Run Behavior\WriteHtmlCacheBehavior [ RunTime:0.000711s ]
INFO: [ view_filter ] --END-- [ RunTime:0.000792s ]
INFO: [ app_end ] --START--
INFO: Run Behavior\ShowPageTraceBehavior [ RunTime:0.000893s ]
INFO: [ app_end ] --END-- [ RunTime:0.000973s ]

[ 2016-05-05T20:57:17+08:00 ] ::1 /jiadianshop/index.php/Admin/Goods/addGoodsAct.html
INFO: [ app_init ] --START--
INFO: Run Behavior\BuildLiteBehavior [ RunTime:0.000024s ]
INFO: [ app_init ] --END-- [ RunTime:0.000502s ]
INFO: [ app_begin ] --START--
INFO: Run Behavior\ReadHtmlCacheBehavior [ RunTime:0.001046s ]
INFO: [ app_begin ] --END-- [ RunTime:0.001186s ]
NOTIC: [2] call_user_func() expects parameter 1 to be a valid callback, no array or string given D:\wamp\www\jiadianshop\ThinkPHP\Library\Think\Upload.class.php 第 170 行.
NOTIC: [2] call_user_func() expects parameter 1 to be a valid callback, no array or string given D:\wamp\www\jiadianshop\ThinkPHP\Library\Think\Upload.class.php 第 170 行.
NOTIC: [8] Undefined index: savepath D:\wamp\www\jiadianshop\Application\Admin\Controller\GoodsController.class.php 第 169 行.
NOTIC: [8] Undefined index: savename D:\wamp\www\jiadianshop\Application\Admin\Controller\GoodsController.class.php 第 169 行.
NOTIC: [8] Undefined index: savepath D:\wamp\www\jiadianshop\Application\Admin\Controller\GoodsController.class.php 第 169 行.
NOTIC: [8] Undefined index: savename D:\wamp\www\jiadianshop\Application\Admin\Controller\GoodsController.class.php 第 169 行.

[ 2016-05-05T20:59:40+08:00 ] ::1 /jiadianshop/index.php/Admin/Goods/addGoodsAct.html
INFO: [ app_init ] --START--
INFO: Run Behavior\BuildLiteBehavior [ RunTime:0.000024s ]
INFO: [ app_init ] --END-- [ RunTime:0.000502s ]
INFO: [ app_begin ] --START--
INFO: Run Behavior\ReadHtmlCacheBehavior [ RunTime:0.000922s ]
INFO: [ app_begin ] --END-- [ RunTime:0.001038s ]
NOTIC: [2] call_user_func() expects parameter 1 to be a valid callback, no array or string given D:\wamp\www\jiadianshop\ThinkPHP\Library\Think\Upload.class.php 第 170 行.
NOTIC: [2] call_user_func() expects parameter 1 to be a valid callback, no array or string given D:\wamp\www\jiadianshop\ThinkPHP\Library\Think\Upload.class.php 第 170 行.
NOTIC: [8] Undefined index: savepath D:\wamp\www\jiadianshop\Application\Admin\Controller\GoodsController.class.php 第 169 行.
NOTIC: [8] Undefined index: savename D:\wamp\www\jiadianshop\Application\Admin\Controller\GoodsController.class.php 第 169 行.
NOTIC: [8] Undefined index: savepath D:\wamp\www\jiadianshop\Application\Admin\Controller\GoodsController.class.php 第 169 行.
NOTIC: [8] Undefined index: savename D:\wamp\www\jiadianshop\Application\Admin\Controller\GoodsController.class.php 第 169 行.

[ 2016-05-05T21:00:20+08:00 ] ::1 /jiadianshop/index.php/Admin/Goods/addGoodsAct.html
INFO: [ app_init ] --START--
INFO: Run Behavior\BuildLiteBehavior [ RunTime:0.000024s ]
INFO: [ app_init ] --END-- [ RunTime:0.000566s ]
INFO: [ app_begin ] --START--
INFO: Run Behavior\ReadHtmlCacheBehavior [ RunTime:0.000991s ]
INFO: [ app_begin ] --END-- [ RunTime:0.001090s ]
NOTIC: [2] call_user_func() expects parameter 1 to be a valid callback, no array or string given D:\wamp\www\jiadianshop\ThinkPHP\Library\Think\Upload.class.php 第 170 行.
NOTIC: [2] call_user_func() expects parameter 1 to be a valid callback, no array or string given D:\wamp\www\jiadianshop\ThinkPHP\Library\Think\Upload.class.php 第 170 行.
NOTIC: [8] Undefined index: savepath D:\wamp\www\jiadianshop\Application\Admin\Controller\GoodsController.class.php 第 169 行.
NOTIC: [8] Undefined index: savename D:\wamp\www\jiadianshop\Application\Admin\Controller\GoodsController.class.php 第 169 行.
NOTIC: [8] Undefined index: savepath D:\wamp\www\jiadianshop\Application\Admin\Controller\GoodsController.class.php 第 169 行.
NOTIC: [8] Undefined index: savename D:\wamp\www\jiadianshop\Application\Admin\Controller\GoodsController.class.php 第 169 行.

[ 2016-05-05T21:01:03+08:00 ] ::1 /jiadianshop/index.php/Admin/Goods/addGoodsAct.html
INFO: [ app_init ] --START--
INFO: Run Behavior\BuildLiteBehavior [ RunTime:0.000024s ]
INFO: [ app_init ] --END-- [ RunTime:0.000526s ]
INFO: [ app_begin ] --START--
INFO: Run Behavior\ReadHtmlCacheBehavior [ RunTime:0.000800s ]
INFO: [ app_begin ] --END-- [ RunTime:0.000889s ]
NOTIC: [2] call_user_func() expects parameter 1 to be a valid callback, no array or string given D:\wamp\www\jiadianshop\ThinkPHP\Library\Think\Upload.class.php 第 170 行.
NOTIC: [2] call_user_func() expects parameter 1 to be a valid callback, no array or string given D:\wamp\www\jiadianshop\ThinkPHP\Library\Think\Upload.class.php 第 170 行.
NOTIC: [8] Undefined index: savepath D:\wamp\www\jiadianshop\Application\Admin\Controller\GoodsController.class.php 第 169 行.
NOTIC: [8] Undefined index: savename D:\wamp\www\jiadianshop\Application\Admin\Controller\GoodsController.class.php 第 169 行.
NOTIC: [8] Undefined index: savepath D:\wamp\www\jiadianshop\Application\Admin\Controller\GoodsController.class.php 第 169 行.
NOTIC: [8] Undefined index: savename D:\wamp\www\jiadianshop\Application\Admin\Controller\GoodsController.class.php 第 169 行.

[ 2016-05-05T21:02:13+08:00 ] ::1 /jiadianshop/index.php/Admin/Goods/addGoods
INFO: [ app_init ] --START--
INFO: Run Behavior\BuildLiteBehavior [ RunTime:0.000027s ]
INFO: [ app_init ] --END-- [ RunTime:0.000665s ]
INFO: [ app_begin ] --START--
INFO: Run Behavior\ReadHtmlCacheBehavior [ RunTime:0.001058s ]
INFO: [ app_begin ] --END-- [ RunTime:0.001173s ]
SQL: SHOW COLUMNS FROM `jd_goods_cat` [ RunTime:0.0048s ]
SQL: SELECT * FROM `jd_goods_cat`  [ RunTime:0.0007s ]
SQL: SHOW COLUMNS FROM `jd_brands` [ RunTime:0.0043s ]
SQL: SELECT * FROM `jd_brands`  [ RunTime:0.0005s ]
SQL: SHOW COLUMNS FROM `jd_goods_type` [ RunTime:0.0033s ]
SQL: SELECT * FROM `jd_goods_type`  [ RunTime:0.0003s ]
INFO: [ view_parse ] --START--
INFO: [ template_filter ] --START--
INFO: Run Behavior\ContentReplaceBehavior [ RunTime:0.000202s ]
INFO: [ template_filter ] --END-- [ RunTime:0.000298s ]
INFO: Run Behavior\ParseTemplateBehavior [ RunTime:0.012016s ]
INFO: [ view_parse ] --END-- [ RunTime:0.012138s ]
INFO: [ view_filter ] --START--
INFO: Run Behavior\WriteHtmlCacheBehavior [ RunTime:0.000624s ]
INFO: [ view_filter ] --END-- [ RunTime:0.000707s ]
INFO: [ app_end ] --START--
INFO: Run Behavior\ShowPageTraceBehavior [ RunTime:0.000817s ]
INFO: [ app_end ] --END-- [ RunTime:0.000899s ]

[ 2016-05-05T21:02:29+08:00 ] ::1 /jiadianshop/index.php/Admin/Goods/addGoodsAct.html
INFO: [ app_init ] --START--
INFO: Run Behavior\BuildLiteBehavior [ RunTime:0.000028s ]
INFO: [ app_init ] --END-- [ RunTime:0.000852s ]
INFO: [ app_begin ] --START--
INFO: Run Behavior\ReadHtmlCacheBehavior [ RunTime:0.000902s ]
INFO: [ app_begin ] --END-- [ RunTime:0.001025s ]
NOTIC: [2] call_user_func() expects parameter 1 to be a valid callback, no array or string given D:\wamp\www\jiadianshop\ThinkPHP\Library\Think\Upload.class.php 第 170 行.
NOTIC: [8] Undefined index: savepath D:\wamp\www\jiadianshop\Application\Admin\Controller\GoodsController.class.php 第 169 行.
NOTIC: [8] Undefined index: savename D:\wamp\www\jiadianshop\Application\Admin\Controller\GoodsController.class.php 第 169 行.

[ 2016-05-05T21:03:08+08:00 ] ::1 /jiadianshop/index.php/Admin/Goods/addGoodsAct.html
INFO: [ app_init ] --START--
INFO: Run Behavior\BuildLiteBehavior [ RunTime:0.000027s ]
INFO: [ app_init ] --END-- [ RunTime:0.000743s ]
INFO: [ app_begin ] --START--
INFO: Run Behavior\ReadHtmlCacheBehavior [ RunTime:0.001592s ]
INFO: [ app_begin ] --END-- [ RunTime:0.001775s ]
NOTIC: [2] call_user_func() expects parameter 1 to be a valid callback, no array or string given D:\wamp\www\jiadianshop\ThinkPHP\Library\Think\Upload.class.php 第 170 行.

[ 2016-05-05T21:03:15+08:00 ] ::1 /jiadianshop/index.php/Admin/Goods/addGoods
INFO: [ app_init ] --START--
INFO: Run Behavior\BuildLiteBehavior [ RunTime:0.000024s ]
INFO: [ app_init ] --END-- [ RunTime:0.000548s ]
INFO: [ app_begin ] --START--
INFO: Run Behavior\ReadHtmlCacheBehavior [ RunTime:0.000780s ]
INFO: [ app_begin ] --END-- [ RunTime:0.000873s ]
SQL: SHOW COLUMNS FROM `jd_goods_cat` [ RunTime:0.0039s ]
SQL: SELECT * FROM `jd_goods_cat`  [ RunTime:0.0004s ]
SQL: SHOW COLUMNS FROM `jd_brands` [ RunTime:0.0035s ]
SQL: SELECT * FROM `jd_brands`  [ RunTime:0.0004s ]
SQL: SHOW COLUMNS FROM `jd_goods_type` [ RunTime:0.0036s ]
SQL: SELECT * FROM `jd_goods_type`  [ RunTime:0.0003s ]
INFO: [ view_parse ] --START--
INFO: [ template_filter ] --START--
INFO: Run Behavior\ContentReplaceBehavior [ RunTime:0.000277s ]
INFO: [ template_filter ] --END-- [ RunTime:0.000444s ]
INFO: Run Behavior\ParseTemplateBehavior [ RunTime:0.015330s ]
INFO: [ view_parse ] --END-- [ RunTime:0.015468s ]
INFO: [ view_filter ] --START--
INFO: Run Behavior\WriteHtmlCacheBehavior [ RunTime:0.000947s ]
INFO: [ view_filter ] --END-- [ RunTime:0.001041s ]
INFO: [ app_end ] --START--
INFO: Run Behavior\ShowPageTraceBehavior [ RunTime:0.001037s ]
INFO: [ app_end ] --END-- [ RunTime:0.001130s ]

[ 2016-05-05T21:03:37+08:00 ] ::1 /jiadianshop/index.php/Admin/Goods/addGoodsAct.html
INFO: [ app_init ] --START--
INFO: Run Behavior\BuildLiteBehavior [ RunTime:0.000023s ]
INFO: [ app_init ] --END-- [ RunTime:0.000523s ]
INFO: [ app_begin ] --START--
INFO: Run Behavior\ReadHtmlCacheBehavior [ RunTime:0.000792s ]
INFO: [ app_begin ] --END-- [ RunTime:0.000880s ]
NOTIC: [2] call_user_func() expects parameter 1 to be a valid callback, no array or string given D:\wamp\www\jiadianshop\ThinkPHP\Library\Think\Upload.class.php 第 170 行.
NOTIC: [2] call_user_func() expects parameter 1 to be a valid callback, no array or string given D:\wamp\www\jiadianshop\ThinkPHP\Library\Think\Upload.class.php 第 170 行.

[ 2016-05-05T21:03:49+08:00 ] ::1 /jiadianshop/index.php/Admin/Goods/addGoods
INFO: [ app_init ] --START--
INFO: Run Behavior\BuildLiteBehavior [ RunTime:0.000029s ]
INFO: [ app_init ] --END-- [ RunTime:0.000706s ]
INFO: [ app_begin ] --START--
INFO: Run Behavior\ReadHtmlCacheBehavior [ RunTime:0.001272s ]
INFO: [ app_begin ] --END-- [ RunTime:0.001394s ]
SQL: SHOW COLUMNS FROM `jd_goods_cat` [ RunTime:0.0032s ]
SQL: SELECT * FROM `jd_goods_cat`  [ RunTime:0.0003s ]
SQL: SHOW COLUMNS FROM `jd_brands` [ RunTime:0.0033s ]
SQL: SELECT * FROM `jd_brands`  [ RunTime:0.0004s ]
SQL: SHOW COLUMNS FROM `jd_goods_type` [ RunTime:0.0033s ]
SQL: SELECT * FROM `jd_goods_type`  [ RunTime:0.0004s ]
INFO: [ view_parse ] --START--
INFO: [ template_filter ] --START--
INFO: Run Behavior\ContentReplaceBehavior [ RunTime:0.000208s ]
INFO: [ template_filter ] --END-- [ RunTime:0.000340s ]
INFO: Run Behavior\ParseTemplateBehavior [ RunTime:0.011926s ]
INFO: [ view_parse ] --END-- [ RunTime:0.012028s ]
INFO: [ view_filter ] --START--
INFO: Run Behavior\WriteHtmlCacheBehavior [ RunTime:0.000616s ]
INFO: [ view_filter ] --END-- [ RunTime:0.000691s ]
INFO: [ app_end ] --START--
INFO: Run Behavior\ShowPageTraceBehavior [ RunTime:0.000822s ]
INFO: [ app_end ] --END-- [ RunTime:0.000907s ]

[ 2016-05-05T21:04:19+08:00 ] ::1 /jiadianshop/index.php/Admin/Goods/addGoodsAct.html
INFO: [ app_init ] --START--
INFO: Run Behavior\BuildLiteBehavior [ RunTime:0.000023s ]
INFO: [ app_init ] --END-- [ RunTime:0.000515s ]
INFO: [ app_begin ] --START--
INFO: Run Behavior\ReadHtmlCacheBehavior [ RunTime:0.000817s ]
INFO: [ app_begin ] --END-- [ RunTime:0.000915s ]
NOTIC: [2] call_user_func() expects parameter 1 to be a valid callback, no array or string given D:\wamp\www\jiadianshop\ThinkPHP\Library\Think\Upload.class.php 第 170 行.
NOTIC: [2] call_user_func() expects parameter 1 to be a valid callback, no array or string given D:\wamp\www\jiadianshop\ThinkPHP\Library\Think\Upload.class.php 第 170 行.

[ 2016-05-05T21:05:38+08:00 ] ::1 /jiadianshop/index.php/Admin/Goods/addGoods
INFO: [ app_init ] --START--
INFO: Run Behavior\BuildLiteBehavior [ RunTime:0.000022s ]
INFO: [ app_init ] --END-- [ RunTime:0.000466s ]
INFO: [ app_begin ] --START--
INFO: Run Behavior\ReadHtmlCacheBehavior [ RunTime:0.001177s ]
INFO: [ app_begin ] --END-- [ RunTime:0.001323s ]
SQL: SHOW COLUMNS FROM `jd_goods_cat` [ RunTime:0.0035s ]
SQL: SELECT * FROM `jd_goods_cat`  [ RunTime:0.0004s ]
SQL: SHOW COLUMNS FROM `jd_brands` [ RunTime:0.0034s ]
SQL: SELECT * FROM `jd_brands`  [ RunTime:0.0006s ]
SQL: SHOW COLUMNS FROM `jd_goods_type` [ RunTime:0.0034s ]
SQL: SELECT * FROM `jd_goods_type`  [ RunTime:0.0003s ]
INFO: [ view_parse ] --START--
INFO: [ template_filter ] --START--
INFO: Run Behavior\ContentReplaceBehavior [ RunTime:0.000202s ]
INFO: [ template_filter ] --END-- [ RunTime:0.000307s ]
INFO: Run Behavior\ParseTemplateBehavior [ RunTime:0.012616s ]
INFO: [ view_parse ] --END-- [ RunTime:0.012738s ]
INFO: [ view_filter ] --START--
INFO: Run Behavior\WriteHtmlCacheBehavior [ RunTime:0.000596s ]
INFO: [ view_filter ] --END-- [ RunTime:0.000686s ]
INFO: [ app_end ] --START--
INFO: Run Behavior\ShowPageTraceBehavior [ RunTime:0.001464s ]
INFO: [ app_end ] --END-- [ RunTime:0.001606s ]

[ 2016-05-05T21:19:34+08:00 ] ::1 /jiadianshop/index.php/Admin/Goods/addGoodsAct.html
INFO: [ app_init ] --START--
INFO: Run Behavior\BuildLiteBehavior [ RunTime:0.000025s ]
INFO: [ app_init ] --END-- [ RunTime:0.000510s ]
INFO: [ app_begin ] --START--
INFO: Run Behavior\ReadHtmlCacheBehavior [ RunTime:0.000826s ]
INFO: [ app_begin ] --END-- [ RunTime:0.000930s ]
INFO: [ view_parse ] --START--
INFO: [ template_filter ] --START--
INFO: Run Behavior\ContentReplaceBehavior [ RunTime:0.000063s ]
INFO: [ template_filter ] --END-- [ RunTime:0.000160s ]
INFO: Run Behavior\ParseTemplateBehavior [ RunTime:0.007085s ]
INFO: [ view_parse ] --END-- [ RunTime:0.007198s ]
INFO: [ view_filter ] --START--
INFO: Run Behavior\WriteHtmlCacheBehavior [ RunTime:0.000543s ]
INFO: [ view_filter ] --END-- [ RunTime:0.000623s ]

[ 2016-05-05T21:20:38+08:00 ] ::1 /jiadianshop/index.php/Admin/Goods/getAttrListByTypeId.html
INFO: [ app_init ] --START--
INFO: Run Behavior\BuildLiteBehavior [ RunTime:0.000023s ]
INFO: [ app_init ] --END-- [ RunTime:0.000554s ]
INFO: [ app_begin ] --START--
INFO: Run Behavior\ReadHtmlCacheBehavior [ RunTime:0.000847s ]
INFO: [ app_begin ] --END-- [ RunTime:0.000943s ]
SQL: SHOW COLUMNS FROM `jd_goods_attribute` [ RunTime:0.0034s ]
SQL: SELECT * FROM `jd_goods_attribute` WHERE `type_id` = 1  [ RunTime:0.0003s ]

[ 2016-05-05T21:21:09+08:00 ] ::1 /jiadianshop/index.php/Admin/Goods/addGoodsAct.html
INFO: [ app_init ] --START--
INFO: Run Behavior\BuildLiteBehavior [ RunTime:0.000034s ]
INFO: [ app_init ] --END-- [ RunTime:0.000587s ]
INFO: [ app_begin ] --START--
INFO: Run Behavior\ReadHtmlCacheBehavior [ RunTime:0.000871s ]
INFO: [ app_begin ] --END-- [ RunTime:0.001067s ]
NOTIC: [2] call_user_func() expects parameter 1 to be a valid callback, no array or string given D:\wamp\www\jiadianshop\ThinkPHP\Library\Think\Upload.class.php 第 170 行.
SQL: SHOW COLUMNS FROM `jd_goods` [ RunTime:0.0051s ]
NOTIC: [8] Undefined index: validate D:\wamp\www\jiadianshop\ThinkPHP\Library\Think\Model.class.php 第 1185 行.
NOTIC: [8] Undefined index: auto D:\wamp\www\jiadianshop\ThinkPHP\Library\Think\Model.class.php 第 1128 行.
SQL: INSERT INTO `jd_goods` (`goods_name`,`selling_points`,`goods_sn`,`cat_id`,`brand_id`,`market_price`,`shop_price`,`goods_desc`,`is_putaway`,`is_new`,`is_rec`,`is_hot`,`warn_number`,`key_words`,`seo_description`,`seller_note`,`goods_thumb_img`) VALUES ('aaaaaaaaaaa','aaaaaaa','aaaaaaaaaa','9','1','2340','234','&lt;p&gt;&lt;img src=&quot;/jiadianshop/Public/Uploads/GoodsDetail/20160505/1462454421637903.jpg&quot; title=&quot;1462454421637903.jpg&quot; alt=&quot;6f1a1afdjw1f0wzag1qfij20h00h0dgz.jpg&quot;/&gt;&lt;/p&gt;','1','1','1','1','1','aaaaaaaa','aaaaaaaaaaaaaaaaaaaaaaaaaaaaaa','aaaaaaaaaaaaaaaaaaaaaaaaa','/jiadianshop/Public/Uploads/GoodsThumb/20160505/8217_1462454469.PNG') [ RunTime:0.0015s ]
INFO: [ view_parse ] --START--
INFO: [ template_filter ] --START--
INFO: Run Behavior\ContentReplaceBehavior [ RunTime:0.000074s ]
INFO: [ template_filter ] --END-- [ RunTime:0.000184s ]
INFO: Run Behavior\ParseTemplateBehavior [ RunTime:0.007805s ]
INFO: [ view_parse ] --END-- [ RunTime:0.007922s ]
INFO: [ view_filter ] --START--
INFO: Run Behavior\WriteHtmlCacheBehavior [ RunTime:0.000569s ]
INFO: [ view_filter ] --END-- [ RunTime:0.000659s ]
ERR: 模板不存在:./Application/Admin/View/Goods/addGoodsAct.html

[ 2016-05-05T21:21:10+08:00 ] ::1 /jiadianshop/index.php/Admin/Goods/index
INFO: [ app_init ] --START--
INFO: Run Behavior\BuildLiteBehavior [ RunTime:0.000043s ]
INFO: [ app_init ] --END-- [ RunTime:0.001002s ]
INFO: [ app_begin ] --START--
INFO: Run Behavior\ReadHtmlCacheBehavior [ RunTime:0.001472s ]
INFO: [ app_begin ] --END-- [ RunTime:0.001673s ]
SQL: SHOW COLUMNS FROM `jd_goods` [ RunTime:0.0052s ]
SQL: SELECT * FROM `jd_goods`  [ RunTime:0.0006s ]
ERR: 模板不存在:./Application/Admin/View/Goods/goodList.html

[ 2016-05-05T21:23:58+08:00 ] ::1 /jiadianshop/index.php/Admin/Goods/index
INFO: [ app_init ] --START--
INFO: Run Behavior\BuildLiteBehavior [ RunTime:0.000024s ]
INFO: [ app_init ] --END-- [ RunTime:0.000531s ]
INFO: [ app_begin ] --START--
INFO: Run Behavior\ReadHtmlCacheBehavior [ RunTime:0.000858s ]
INFO: [ app_begin ] --END-- [ RunTime:0.000955s ]
SQL: SHOW COLUMNS FROM `jd_goods` [ RunTime:0.0036s ]
SQL: SELECT * FROM `jd_goods`  [ RunTime:0.0004s ]
ERR: 模板不存在:./Application/Admin/View/Goods/goodList.html

[ 2016-05-05T21:24:41+08:00 ] ::1 /jiadianshop/index.php/Admin/Goods/index
INFO: [ app_init ] --START--
INFO: Run Behavior\BuildLiteBehavior [ RunTime:0.000031s ]
INFO: [ app_init ] --END-- [ RunTime:0.000687s ]
INFO: [ app_begin ] --START--
INFO: Run Behavior\ReadHtmlCacheBehavior [ RunTime:0.001763s ]
INFO: [ app_begin ] --END-- [ RunTime:0.001891s ]
SQL: SHOW COLUMNS FROM `jd_goods` [ RunTime:0.0041s ]
SQL: SELECT * FROM `jd_goods`  [ RunTime:0.0005s ]
ERR: 模板不存在:./Application/Admin/View/Goods/goodList.html

[ 2016-05-05T21:24:58+08:00 ] ::1 /jiadianshop/index.php/Admin/Goods/getAttrListByTypeId.html
INFO: [ app_init ] --START--
INFO: Run Behavior\BuildLiteBehavior [ RunTime:0.000026s ]
INFO: [ app_init ] --END-- [ RunTime:0.000597s ]
INFO: [ app_begin ] --START--
INFO: Run Behavior\ReadHtmlCacheBehavior [ RunTime:0.000856s ]
INFO: [ app_begin ] --END-- [ RunTime:0.000940s ]
SQL: SHOW COLUMNS FROM `jd_goods_attribute` [ RunTime:0.0039s ]
SQL: SELECT * FROM `jd_goods_attribute` WHERE `type_id` = 2  [ RunTime:0.0004s ]

[ 2016-05-05T21:25:01+08:00 ] ::1 /jiadianshop/index.php/Admin/Goods/getAttrListByTypeId.html
INFO: [ app_init ] --START--
INFO: Run Behavior\BuildLiteBehavior [ RunTime:0.000047s ]
INFO: [ app_init ] --END-- [ RunTime:0.000998s ]
INFO: [ app_begin ] --START--
INFO: Run Behavior\ReadHtmlCacheBehavior [ RunTime:0.000907s ]
INFO: [ app_begin ] --END-- [ RunTime:0.001029s ]
SQL: SHOW COLUMNS FROM `jd_goods_attribute` [ RunTime:0.0035s ]
SQL: SELECT * FROM `jd_goods_attribute` WHERE `type_id` = 1  [ RunTime:0.0003s ]

[ 2016-05-05T21:25:25+08:00 ] ::1 /jiadianshop/index.php/Admin/Goods/addGoodsAct.html
INFO: [ app_init ] --START--
INFO: Run Behavior\BuildLiteBehavior [ RunTime:0.000024s ]
INFO: [ app_init ] --END-- [ RunTime:0.000542s ]
INFO: [ app_begin ] --START--
INFO: Run Behavior\ReadHtmlCacheBehavior [ RunTime:0.000821s ]
INFO: [ app_begin ] --END-- [ RunTime:0.000914s ]
NOTIC: [2] call_user_func() expects parameter 1 to be a valid callback, no array or string given D:\wamp\www\jiadianshop\ThinkPHP\Library\Think\Upload.class.php 第 170 行.

[ 2016-05-05T21:26:01+08:00 ] ::1 /jiadianshop/index.php/Admin/Goods/addGoodsAct.html
INFO: [ app_init ] --START--
INFO: Run Behavior\BuildLiteBehavior [ RunTime:0.000024s ]
INFO: [ app_init ] --END-- [ RunTime:0.000520s ]
INFO: [ app_begin ] --START--
INFO: Run Behavior\ReadHtmlCacheBehavior [ RunTime:0.000841s ]
INFO: [ app_begin ] --END-- [ RunTime:0.000940s ]
NOTIC: [2] call_user_func() expects parameter 1 to be a valid callback, no array or string given D:\wamp\www\jiadianshop\ThinkPHP\Library\Think\Upload.class.php 第 170 行.

[ 2016-05-05T21:31:50+08:00 ] ::1 /jiadianshop/index.php/Admin/Goods/getAttrListByTypeId.html
INFO: [ app_init ] --START--
INFO: Run Behavior\BuildLiteBehavior [ RunTime:0.000025s ]
INFO: [ app_init ] --END-- [ RunTime:0.000544s ]
INFO: [ app_begin ] --START--
INFO: Run Behavior\ReadHtmlCacheBehavior [ RunTime:0.001040s ]
INFO: [ app_begin ] --END-- [ RunTime:0.001173s ]
SQL: SHOW COLUMNS FROM `jd_goods_attribute` [ RunTime:0.0035s ]
SQL: SELECT * FROM `jd_goods_attribute` WHERE `type_id` = 2  [ RunTime:0.0004s ]

[ 2016-05-05T21:31:53+08:00 ] ::1 /jiadianshop/index.php/Admin/Goods/getAttrListByTypeId.html
INFO: [ app_init ] --START--
INFO: Run Behavior\BuildLiteBehavior [ RunTime:0.000024s ]
INFO: [ app_init ] --END-- [ RunTime:0.000585s ]
INFO: [ app_begin ] --START--
INFO: Run Behavior\ReadHtmlCacheBehavior [ RunTime:0.000894s ]
INFO: [ app_begin ] --END-- [ RunTime:0.000985s ]
SQL: SHOW COLUMNS FROM `jd_goods_attribute` [ RunTime:0.0039s ]
SQL: SELECT * FROM `jd_goods_attribute` WHERE `type_id` = 1  [ RunTime:0.0004s ]

[ 2016-05-05T21:32:35+08:00 ] ::1 /jiadianshop/index.php/Admin/Goods/addGoodsAct.html
INFO: [ app_init ] --START--
INFO: Run Behavior\BuildLiteBehavior [ RunTime:0.000027s ]
INFO: [ app_init ] --END-- [ RunTime:0.000873s ]
INFO: [ app_begin ] --START--
INFO: Run Behavior\ReadHtmlCacheBehavior [ RunTime:0.000924s ]
INFO: [ app_begin ] --END-- [ RunTime:0.001056s ]
NOTIC: [2] call_user_func() expects parameter 1 to be a valid callback, no array or string given D:\wamp\www\jiadianshop\ThinkPHP\Library\Think\Upload.class.php 第 170 行.
SQL: SHOW COLUMNS FROM `jd_goods` [ RunTime:0.0038s ]
NOTIC: [8] Undefined index: validate D:\wamp\www\jiadianshop\ThinkPHP\Library\Think\Model.class.php 第 1185 行.
NOTIC: [8] Undefined index: auto D:\wamp\www\jiadianshop\ThinkPHP\Library\Think\Model.class.php 第 1128 行.
SQL: INSERT INTO `jd_goods` (`goods_name`,`selling_points`,`goods_sn`,`cat_id`,`brand_id`,`market_price`,`shop_price`,`goods_desc`,`is_putaway`,`is_new`,`is_rec`,`is_hot`,`warn_number`,`key_words`,`seo_description`,`seller_note`,`attr_id_list`,`attr_value_list`,`attr_price_list`,`goods_thumb_img`) VALUES ('aaaaaaaaaaa','aaaaaaa','aaaaaaaaaa','9','1','2340','234','&lt;p&gt;&lt;img src=&quot;/jiadianshop/Public/Uploads/GoodsDetail/20160505/1462454421637903.jpg&quot; title=&quot;1462454421637903.jpg&quot; alt=&quot;6f1a1afdjw1f0wzag1qfij20h00h0dgz.jpg&quot;/&gt;&lt;/p&gt;','1','1','1','1','1','aaaaaaaa','aaaaaaaaaaaaaaaaaaaaaaaaaaaaaa','aaaaaaaaaaaaaaaaaaaaaaaaa','1,2,2,2','bbbbbbbbbbb,0.5匹,1.5匹,2匹',',1111,2222,3333','/jiadianshop/Public/Uploads/GoodsThumb/20160505/1722_1462455155.PNG') [ RunTime:0.0009s ]
INFO: [ view_parse ] --START--
INFO: [ template_filter ] --START--
INFO: Run Behavior\ContentReplaceBehavior [ RunTime:0.000067s ]
INFO: [ template_filter ] --END-- [ RunTime:0.000171s ]
INFO: Run Behavior\ParseTemplateBehavior [ RunTime:0.007263s ]
INFO: [ view_parse ] --END-- [ RunTime:0.007412s ]
INFO: [ view_filter ] --START--
INFO: Run Behavior\WriteHtmlCacheBehavior [ RunTime:0.000530s ]
INFO: [ view_filter ] --END-- [ RunTime:0.000613s ]
ERR: 模板不存在:./Application/Admin/View/Goods/addGoodsAct.html

[ 2016-05-05T21:32:36+08:00 ] ::1 /jiadianshop/index.php/Admin/Goods/index
INFO: [ app_init ] --START--
INFO: Run Behavior\BuildLiteBehavior [ RunTime:0.000040s ]
INFO: [ app_init ] --END-- [ RunTime:0.000826s ]
INFO: [ app_begin ] --START--
INFO: Run Behavior\ReadHtmlCacheBehavior [ RunTime:0.001025s ]
INFO: [ app_begin ] --END-- [ RunTime:0.001183s ]
SQL: SHOW COLUMNS FROM `jd_goods` [ RunTime:0.0039s ]
SQL: SELECT * FROM `jd_goods`  [ RunTime:0.0006s ]
ERR: 模板不存在:./Application/Admin/View/Goods/goodList.html

[ 2016-05-05T21:44:10+08:00 ] ::1 /jiadianshop/index.php/Admin/Goods/index
INFO: [ app_init ] --START--
INFO: Run Behavior\BuildLiteBehavior [ RunTime:0.000028s ]
INFO: [ app_init ] --END-- [ RunTime:0.000811s ]
INFO: [ app_begin ] --START--
INFO: Run Behavior\ReadHtmlCacheBehavior [ RunTime:0.003386s ]
INFO: [ app_begin ] --END-- [ RunTime:0.003654s ]
SQL: SHOW COLUMNS FROM `jd_goods` [ RunTime:0.0048s ]
SQL: SELECT * FROM `jd_goods`  [ RunTime:0.0006s ]
INFO: [ view_parse ] --START--
INFO: [ template_filter ] --START--
INFO: Run Behavior\ContentReplaceBehavior [ RunTime:0.000150s ]
INFO: [ template_filter ] --END-- [ RunTime:0.000262s ]
NOTIC: [8] Undefined variable: cate_list D:\wamp\www\jiadianshop\Application\Runtime\Cache\Admin\3268fbbbd0eb3ffe30140f78ff508f86.php 第 68 行.
NOTIC: [2] Invalid argument supplied for foreach() D:\wamp\www\jiadianshop\Application\Runtime\Cache\Admin\3268fbbbd0eb3ffe30140f78ff508f86.php 第 68 行.
NOTIC: [8] Undefined variable: brand_list D:\wamp\www\jiadianshop\Application\Runtime\Cache\Admin\3268fbbbd0eb3ffe30140f78ff508f86.php 第 78 行.
NOTIC: [2] Invalid argument supplied for foreach() D:\wamp\www\jiadianshop\Application\Runtime\Cache\Admin\3268fbbbd0eb3ffe30140f78ff508f86.php 第 78 行.
NOTIC: [8] Undefined index: is_putaway D:\wamp\www\jiadianshop\Application\Runtime\Cache\Admin\3268fbbbd0eb3ffe30140f78ff508f86.php 第 93 行.
NOTIC: [8] Undefined index: is_putaway D:\wamp\www\jiadianshop\Application\Runtime\Cache\Admin\3268fbbbd0eb3ffe30140f78ff508f86.php 第 94 行.
NOTIC: [8] Undefined index: is_groupbuy D:\wamp\www\jiadianshop\Application\Runtime\Cache\Admin\3268fbbbd0eb3ffe30140f78ff508f86.php 第 102 行.
NOTIC: [8] Undefined index: is_groupbuy D:\wamp\www\jiadianshop\Application\Runtime\Cache\Admin\3268fbbbd0eb3ffe30140f78ff508f86.php 第 103 行.
NOTIC: [8] Undefined variable: goods_list D:\wamp\www\jiadianshop\Application\Runtime\Cache\Admin\3268fbbbd0eb3ffe30140f78ff508f86.php 第 140 行.
NOTIC: [2] Invalid argument supplied for foreach() D:\wamp\www\jiadianshop\Application\Runtime\Cache\Admin\3268fbbbd0eb3ffe30140f78ff508f86.php 第 140 行.
NOTIC: [8] Undefined variable: page D:\wamp\www\jiadianshop\Application\Runtime\Cache\Admin\3268fbbbd0eb3ffe30140f78ff508f86.php 第 188 行.
INFO: Run Behavior\ParseTemplateBehavior [ RunTime:0.024742s ]
INFO: [ view_parse ] --END-- [ RunTime:0.024877s ]
INFO: [ view_filter ] --START--
INFO: Run Behavior\WriteHtmlCacheBehavior [ RunTime:0.000778s ]
INFO: [ view_filter ] --END-- [ RunTime:0.000895s ]
INFO: [ app_end ] --START--
INFO: Run Behavior\ShowPageTraceBehavior [ RunTime:0.001042s ]
INFO: [ app_end ] --END-- [ RunTime:0.001144s ]

[ 2016-05-05T21:53:23+08:00 ] ::1 /jiadianshop/index.php/Admin/Goods/index
INFO: [ app_init ] --START--
INFO: Run Behavior\BuildLiteBehavior [ RunTime:0.000024s ]
INFO: [ app_init ] --END-- [ RunTime:0.000597s ]
INFO: [ app_begin ] --START--
INFO: Run Behavior\ReadHtmlCacheBehavior [ RunTime:0.000773s ]
INFO: [ app_begin ] --END-- [ RunTime:0.000864s ]
SQL: SHOW COLUMNS FROM `jd_goods` [ RunTime:0.0039s ]
SQL: SELECT * FROM `jd_goods`  [ RunTime:0.0005s ]
INFO: [ view_parse ] --START--
INFO: [ template_filter ] --START--
INFO: Run Behavior\ContentReplaceBehavior [ RunTime:0.000140s ]
INFO: [ template_filter ] --END-- [ RunTime:0.000240s ]
NOTIC: [8] Undefined variable: cate_list D:\wamp\www\jiadianshop\Application\Runtime\Cache\Admin\3268fbbbd0eb3ffe30140f78ff508f86.php 第 68 行.
NOTIC: [2] Invalid argument supplied for foreach() D:\wamp\www\jiadianshop\Application\Runtime\Cache\Admin\3268fbbbd0eb3ffe30140f78ff508f86.php 第 68 行.
NOTIC: [8] Undefined variable: brand_list D:\wamp\www\jiadianshop\Application\Runtime\Cache\Admin\3268fbbbd0eb3ffe30140f78ff508f86.php 第 78 行.
NOTIC: [2] Invalid argument supplied for foreach() D:\wamp\www\jiadianshop\Application\Runtime\Cache\Admin\3268fbbbd0eb3ffe30140f78ff508f86.php 第 78 行.
NOTIC: [8] Undefined index: is_putaway D:\wamp\www\jiadianshop\Application\Runtime\Cache\Admin\3268fbbbd0eb3ffe30140f78ff508f86.php 第 93 行.
NOTIC: [8] Undefined index: is_putaway D:\wamp\www\jiadianshop\Application\Runtime\Cache\Admin\3268fbbbd0eb3ffe30140f78ff508f86.php 第 94 行.
NOTIC: [8] Undefined index: is_groupbuy D:\wamp\www\jiadianshop\Application\Runtime\Cache\Admin\3268fbbbd0eb3ffe30140f78ff508f86.php 第 102 行.
NOTIC: [8] Undefined index: is_groupbuy D:\wamp\www\jiadianshop\Application\Runtime\Cache\Admin\3268fbbbd0eb3ffe30140f78ff508f86.php 第 103 行.
NOTIC: [8] Undefined index: id D:\wamp\www\jiadianshop\Application\Runtime\Cache\Admin\3268fbbbd0eb3ffe30140f78ff508f86.php 第 141 行.
NOTIC: [8] Undefined index: p D:\wamp\www\jiadianshop\Application\Runtime\Cache\Admin\3268fbbbd0eb3ffe30140f78ff508f86.php 第 142 行.
NOTIC: [8] Undefined variable: i D:\wamp\www\jiadianshop\Application\Runtime\Cache\Admin\3268fbbbd0eb3ffe30140f78ff508f86.php 第 142 行.
NOTIC: [8] Undefined index: face_image D:\wamp\www\jiadianshop\Application\Runtime\Cache\Admin\3268fbbbd0eb3ffe30140f78ff508f86.php 第 143 行.
NOTIC: [8] Undefined index: goods_title D:\wamp\www\jiadianshop\Application\Runtime\Cache\Admin\3268fbbbd0eb3ffe30140f78ff508f86.php 第 145 行.
NOTIC: [8] Undefined index: pro_info D:\wamp\www\jiadianshop\Application\Runtime\Cache\Admin\3268fbbbd0eb3ffe30140f78ff508f86.php 第 145 行.
NOTIC: [8] Undefined index: cate_name D:\wamp\www\jiadianshop\Application\Runtime\Cache\Admin\3268fbbbd0eb3ffe30140f78ff508f86.php 第 146 行.
NOTIC: [8] Undefined index: brand_name D:\wamp\www\jiadianshop\Application\Runtime\Cache\Admin\3268fbbbd0eb3ffe30140f78ff508f86.php 第 146 行.
NOTIC: [8] Undefined index: is_real D:\wamp\www\jiadianshop\Application\Runtime\Cache\Admin\3268fbbbd0eb3ffe30140f78ff508f86.php 第 158 行.
NOTIC: [8] Undefined index: is_groupbuy D:\wamp\www\jiadianshop\Application\Runtime\Cache\Admin\3268fbbbd0eb3ffe30140f78ff508f86.php 第 165 行.
NOTIC: [8] Undefined index: groupbuy_price D:\wamp\www\jiadianshop\Application\Runtime\Cache\Admin\3268fbbbd0eb3ffe30140f78ff508f86.php 第 171 行.
NOTIC: [8] Undefined index: click_count D:\wamp\www\jiadianshop\Application\Runtime\Cache\Admin\3268fbbbd0eb3ffe30140f78ff508f86.php 第 172 行.
NOTIC: [8] Undefined index: stock D:\wamp\www\jiadianshop\Application\Runtime\Cache\Admin\3268fbbbd0eb3ffe30140f78ff508f86.php 第 173 行.
NOTIC: [8] Undefined index: addtime D:\wamp\www\jiadianshop\Application\Runtime\Cache\Admin\3268fbbbd0eb3ffe30140f78ff508f86.php 第 174 行.
NOTIC: [8] Undefined index: id D:\wamp\www\jiadianshop\Application\Runtime\Cache\Admin\3268fbbbd0eb3ffe30140f78ff508f86.php 第 176 行.
NOTIC: [8] Undefined index: id D:\wamp\www\jiadianshop\Application\Runtime\Cache\Admin\3268fbbbd0eb3ffe30140f78ff508f86.php 第 177 行.
NOTIC: [8] Undefined index: id D:\wamp\www\jiadianshop\Application\Runtime\Cache\Admin\3268fbbbd0eb3ffe30140f78ff508f86.php 第 178 行.
NOTIC: [8] Undefined index: id D:\wamp\www\jiadianshop\Application\Runtime\Cache\Admin\3268fbbbd0eb3ffe30140f78ff508f86.php 第 141 行.
NOTIC: [8] Undefined index: p D:\wamp\www\jiadianshop\Application\Runtime\Cache\Admin\3268fbbbd0eb3ffe30140f78ff508f86.php 第 142 行.
NOTIC: [8] Undefined index: face_image D:\wamp\www\jiadianshop\Application\Runtime\Cache\Admin\3268fbbbd0eb3ffe30140f78ff508f86.php 第 143 行.
NOTIC: [8] Undefined index: goods_title D:\wamp\www\jiadianshop\Application\Runtime\Cache\Admin\3268fbbbd0eb3ffe30140f78ff508f86.php 第 145 行.
NOTIC: [8] Undefined index: pro_info D:\wamp\www\jiadianshop\Application\Runtime\Cache\Admin\3268fbbbd0eb3ffe30140f78ff508f86.php 第 145 行.
NOTIC: [8] Undefined index: cate_name D:\wamp\www\jiadianshop\Application\Runtime\Cache\Admin\3268fbbbd0eb3ffe30140f78ff508f86.php 第 146 行.
NOTIC: [8] Undefined index: brand_name D:\wamp\www\jiadianshop\Application\Runtime\Cache\Admin\3268fbbbd0eb3ffe30140f78ff508f86.php 第 146 行.
NOTIC: [8] Undefined index: is_real D:\wamp\www\jiadianshop\Application\Runtime\Cache\Admin\3268fbbbd0eb3ffe30140f78ff508f86.php 第 158 行.
NOTIC: [8] Undefined index: is_groupbuy D:\wamp\www\jiadianshop\Application\Runtime\Cache\Admin\3268fbbbd0eb3ffe30140f78ff508f86.php 第 165 行.
NOTIC: [8] Undefined index: groupbuy_price D:\wamp\www\jiadianshop\Application\Runtime\Cache\Admin\3268fbbbd0eb3ffe30140f78ff508f86.php 第 171 行.
NOTIC: [8] Undefined index: click_count D:\wamp\www\jiadianshop\Application\Runtime\Cache\Admin\3268fbbbd0eb3ffe30140f78ff508f86.php 第 172 行.
NOTIC: [8] Undefined index: stock D:\wamp\www\jiadianshop\Application\Runtime\Cache\Admin\3268fbbbd0eb3ffe30140f78ff508f86.php 第 173 行.
NOTIC: [8] Undefined index: addtime D:\wamp\www\jiadianshop\Application\Runtime\Cache\Admin\3268fbbbd0eb3ffe30140f78ff508f86.php 第 174 行.
NOTIC: [8] Undefined index: id D:\wamp\www\jiadianshop\Application\Runtime\Cache\Admin\3268fbbbd0eb3ffe30140f78ff508f86.php 第 176 行.
NOTIC: [8] Undefined index: id D:\wamp\www\jiadianshop\Application\Runtime\Cache\Admin\3268fbbbd0eb3ffe30140f78ff508f86.php 第 177 行.
NOTIC: [8] Undefined index: id D:\wamp\www\jiadianshop\Application\Runtime\Cache\Admin\3268fbbbd0eb3ffe30140f78ff508f86.php 第 178 行.
NOTIC: [8] Undefined variable: page D:\wamp\www\jiadianshop\Application\Runtime\Cache\Admin\3268fbbbd0eb3ffe30140f78ff508f86.php 第 188 行.
INFO: Run Behavior\ParseTemplateBehavior [ RunTime:0.015232s ]
INFO: [ view_parse ] --END-- [ RunTime:0.015327s ]
INFO: [ view_filter ] --START--
INFO: Run Behavior\WriteHtmlCacheBehavior [ RunTime:0.000666s ]
INFO: [ view_filter ] --END-- [ RunTime:0.000753s ]
INFO: [ app_end ] --START--
INFO: Run Behavior\ShowPageTraceBehavior [ RunTime:0.000641s ]
INFO: [ app_end ] --END-- [ RunTime:0.000728s ]

