[ 2016-05-11T00:16:53+08:00 ] ::1 /jiadianshop/index.php/Admin/Goods/editGoods/goods_id/1.html
INFO: [ app_init ] --START--
INFO: Run Behavior\BuildLiteBehavior [ RunTime:0.000024s ]
INFO: [ app_init ] --END-- [ RunTime:0.000725s ]
INFO: [ app_begin ] --START--
INFO: Run Behavior\ReadHtmlCacheBehavior [ RunTime:0.001134s ]
INFO: [ app_begin ] --END-- [ RunTime:0.001276s ]
SQL: SHOW COLUMNS FROM `jd_goods` [ RunTime:0.0046s ]
SQL: SELECT * FROM `jd_goods` INNER JOIN jd_goods_cat ON jd_goods.cat_id=jd_goods_cat.cat_id  WHERE `goods_id` = '1' LIMIT 1   [ RunTime:0.0006s ]
SQL: SHOW COLUMNS FROM `jd_goods_cat` [ RunTime:0.0038s ]
SQL: SELECT * FROM `jd_goods_cat`  [ RunTime:0.0003s ]
SQL: SHOW COLUMNS FROM `jd_brands` [ RunTime:0.0036s ]
SQL: SELECT * FROM `jd_brands` WHERE `brand_id` = 1 LIMIT 1   [ RunTime:0.0003s ]
SQL: SELECT * FROM `jd_brands`  [ RunTime:0.0002s ]
SQL: SHOW COLUMNS FROM `jd_goods_type` [ RunTime:0.0042s ]
SQL: SELECT * FROM `jd_goods_type`  [ RunTime:0.0004s ]
INFO: [ view_parse ] --START--
INFO: [ template_filter ] --START--
INFO: Run Behavior\ContentReplaceBehavior [ RunTime:0.000217s ]
INFO: [ template_filter ] --END-- [ RunTime:0.000321s ]
INFO: Run Behavior\ParseTemplateBehavior [ RunTime:0.015949s ]
INFO: [ view_parse ] --END-- [ RunTime:0.016128s ]
INFO: [ view_filter ] --START--
INFO: Run Behavior\WriteHtmlCacheBehavior [ RunTime:0.000944s ]
INFO: [ view_filter ] --END-- [ RunTime:0.001049s ]
INFO: [ app_end ] --START--
INFO: Run Behavior\ShowPageTraceBehavior [ RunTime:0.000965s ]
INFO: [ app_end ] --END-- [ RunTime:0.001096s ]

[ 2016-05-11T00:16:57+08:00 ] ::1 /jiadianshop/index.php/Admin/Goods/getAttrListByTypeId.html
INFO: [ app_init ] --START--
INFO: Run Behavior\BuildLiteBehavior [ RunTime:0.000027s ]
INFO: [ app_init ] --END-- [ RunTime:0.000636s ]
INFO: [ app_begin ] --START--
INFO: Run Behavior\ReadHtmlCacheBehavior [ RunTime:0.001113s ]
INFO: [ app_begin ] --END-- [ RunTime:0.001266s ]
SQL: SHOW COLUMNS FROM `jd_goods_attribute` [ RunTime:0.0034s ]
SQL: SELECT * FROM `jd_goods_attribute` WHERE `type_id` = 1  [ RunTime:0.0004s ]

[ 2016-05-11T00:27:32+08:00 ] ::1 /jiadianshop/index.php/Admin/Goods/editGoods/goods_id/1.html
INFO: [ app_init ] --START--
INFO: Run Behavior\BuildLiteBehavior [ RunTime:0.000070s ]
INFO: [ app_init ] --END-- [ RunTime:0.000916s ]
INFO: [ app_begin ] --START--
INFO: Run Behavior\ReadHtmlCacheBehavior [ RunTime:0.000868s ]
INFO: [ app_begin ] --END-- [ RunTime:0.000970s ]
SQL: SHOW COLUMNS FROM `jd_goods` [ RunTime:0.0053s ]
SQL: SELECT * FROM `jd_goods` INNER JOIN jd_goods_cat ON jd_goods.cat_id=jd_goods_cat.cat_id  WHERE `goods_id` = '1' LIMIT 1   [ RunTime:0.0005s ]
SQL: SHOW COLUMNS FROM `jd_goods_cat` [ RunTime:0.0038s ]
SQL: SELECT * FROM `jd_goods_cat`  [ RunTime:0.0003s ]
SQL: SHOW COLUMNS FROM `jd_brands` [ RunTime:0.0035s ]
SQL: SELECT * FROM `jd_brands` WHERE `brand_id` = 1 LIMIT 1   [ RunTime:0.0004s ]
SQL: SELECT * FROM `jd_brands`  [ RunTime:0.0004s ]
SQL: SHOW COLUMNS FROM `jd_goods_type` [ RunTime:0.0035s ]
SQL: SELECT * FROM `jd_goods_type`  [ RunTime:0.0003s ]
INFO: [ view_parse ] --START--
INFO: [ template_filter ] --START--
INFO: Run Behavior\ContentReplaceBehavior [ RunTime:0.000226s ]
INFO: [ template_filter ] --END-- [ RunTime:0.000348s ]
INFO: Run Behavior\ParseTemplateBehavior [ RunTime:0.014548s ]
INFO: [ view_parse ] --END-- [ RunTime:0.014668s ]
INFO: [ view_filter ] --START--
INFO: Run Behavior\WriteHtmlCacheBehavior [ RunTime:0.000586s ]
INFO: [ view_filter ] --END-- [ RunTime:0.000670s ]
INFO: [ app_end ] --START--
INFO: Run Behavior\ShowPageTraceBehavior [ RunTime:0.000757s ]
INFO: [ app_end ] --END-- [ RunTime:0.000839s ]

[ 2016-05-11T00:27:46+08:00 ] ::1 /jiadianshop/index.php/Admin/Goods/editGoodsAct.html
INFO: [ app_init ] --START--
INFO: Run Behavior\BuildLiteBehavior [ RunTime:0.000143s ]
INFO: [ app_init ] --END-- [ RunTime:0.002647s ]
INFO: [ app_begin ] --START--
INFO: Run Behavior\ReadHtmlCacheBehavior [ RunTime:0.002089s ]
INFO: [ app_begin ] --END-- [ RunTime:0.002285s ]
NOTIC: [8] Undefined index: attr_id_list D:\wamp\www\jiadianshop\Application\Admin\Controller\GoodsController.class.php 第 295 行.
NOTIC: [2] implode(): Invalid arguments passed D:\wamp\www\jiadianshop\Application\Admin\Controller\GoodsController.class.php 第 295 行.
NOTIC: [8] Undefined index: attr_value_list D:\wamp\www\jiadianshop\Application\Admin\Controller\GoodsController.class.php 第 296 行.
NOTIC: [2] implode(): Invalid arguments passed D:\wamp\www\jiadianshop\Application\Admin\Controller\GoodsController.class.php 第 296 行.
NOTIC: [8] Undefined index: attr_price_list D:\wamp\www\jiadianshop\Application\Admin\Controller\GoodsController.class.php 第 297 行.
NOTIC: [2] implode(): Invalid arguments passed D:\wamp\www\jiadianshop\Application\Admin\Controller\GoodsController.class.php 第 297 行.
NOTIC: [8] Undefined index: attr_num_list D:\wamp\www\jiadianshop\Application\Admin\Controller\GoodsController.class.php 第 298 行.
NOTIC: [2] implode(): Invalid arguments passed D:\wamp\www\jiadianshop\Application\Admin\Controller\GoodsController.class.php 第 298 行.
SQL: SHOW COLUMNS FROM `jd_goods` [ RunTime:0.0036s ]
NOTIC: [8] Undefined index: validate D:\wamp\www\jiadianshop\ThinkPHP\Library\Think\Model.class.php 第 1185 行.
NOTIC: [8] Undefined index: auto D:\wamp\www\jiadianshop\ThinkPHP\Library\Think\Model.class.php 第 1128 行.
INFO: [ view_parse ] --START--
INFO: [ template_filter ] --START--
INFO: Run Behavior\ContentReplaceBehavior [ RunTime:0.000070s ]
INFO: [ template_filter ] --END-- [ RunTime:0.000180s ]
INFO: Run Behavior\ParseTemplateBehavior [ RunTime:0.007083s ]
INFO: [ view_parse ] --END-- [ RunTime:0.007192s ]
INFO: [ view_filter ] --START--
INFO: Run Behavior\WriteHtmlCacheBehavior [ RunTime:0.000458s ]
INFO: [ view_filter ] --END-- [ RunTime:0.000545s ]

[ 2016-05-11T00:27:49+08:00 ] ::1 /jiadianshop/index.php/Admin/Goods/index
INFO: [ app_init ] --START--
INFO: Run Behavior\BuildLiteBehavior [ RunTime:0.000031s ]
INFO: [ app_init ] --END-- [ RunTime:0.000614s ]
INFO: [ app_begin ] --START--
INFO: Run Behavior\ReadHtmlCacheBehavior [ RunTime:0.000780s ]
INFO: [ app_begin ] --END-- [ RunTime:0.000895s ]
SQL: SHOW COLUMNS FROM `jd_goods` [ RunTime:0.0037s ]
SQL: SELECT * FROM `jd_goods` INNER JOIN jd_brands ON jd_goods.brand_id = jd_brands.brand_id  WHERE `is_delete` = 0  [ RunTime:0.0006s ]
INFO: [ view_parse ] --START--
INFO: [ template_filter ] --START--
INFO: Run Behavior\ContentReplaceBehavior [ RunTime:0.000145s ]
INFO: [ template_filter ] --END-- [ RunTime:0.000267s ]
NOTIC: [8] Undefined variable: cate_list D:\wamp\www\jiadianshop\Application\Runtime\Cache\Admin\3268fbbbd0eb3ffe30140f78ff508f86.php 第 68 行.
NOTIC: [2] Invalid argument supplied for foreach() D:\wamp\www\jiadianshop\Application\Runtime\Cache\Admin\3268fbbbd0eb3ffe30140f78ff508f86.php 第 68 行.
NOTIC: [8] Undefined variable: brand_list D:\wamp\www\jiadianshop\Application\Runtime\Cache\Admin\3268fbbbd0eb3ffe30140f78ff508f86.php 第 78 行.
NOTIC: [2] Invalid argument supplied for foreach() D:\wamp\www\jiadianshop\Application\Runtime\Cache\Admin\3268fbbbd0eb3ffe30140f78ff508f86.php 第 78 行.
NOTIC: [8] Undefined index: is_putaway D:\wamp\www\jiadianshop\Application\Runtime\Cache\Admin\3268fbbbd0eb3ffe30140f78ff508f86.php 第 93 行.
NOTIC: [8] Undefined index: is_putaway D:\wamp\www\jiadianshop\Application\Runtime\Cache\Admin\3268fbbbd0eb3ffe30140f78ff508f86.php 第 94 行.
NOTIC: [8] Undefined index: is_groupbuy D:\wamp\www\jiadianshop\Application\Runtime\Cache\Admin\3268fbbbd0eb3ffe30140f78ff508f86.php 第 102 行.
NOTIC: [8] Undefined index: is_groupbuy D:\wamp\www\jiadianshop\Application\Runtime\Cache\Admin\3268fbbbd0eb3ffe30140f78ff508f86.php 第 103 行.
NOTIC: [8] Undefined index: id D:\wamp\www\jiadianshop\Application\Runtime\Cache\Admin\3268fbbbd0eb3ffe30140f78ff508f86.php 第 141 行.
NOTIC: [8] Undefined index: p D:\wamp\www\jiadianshop\Application\Runtime\Cache\Admin\3268fbbbd0eb3ffe30140f78ff508f86.php 第 142 行.
NOTIC: [8] Undefined variable: i D:\wamp\www\jiadianshop\Application\Runtime\Cache\Admin\3268fbbbd0eb3ffe30140f78ff508f86.php 第 142 行.
NOTIC: [8] Undefined index: pro_info D:\wamp\www\jiadianshop\Application\Runtime\Cache\Admin\3268fbbbd0eb3ffe30140f78ff508f86.php 第 145 行.
NOTIC: [8] Undefined index: cate_name D:\wamp\www\jiadianshop\Application\Runtime\Cache\Admin\3268fbbbd0eb3ffe30140f78ff508f86.php 第 146 行.
NOTIC: [8] Undefined index: is_groupbuy D:\wamp\www\jiadianshop\Application\Runtime\Cache\Admin\3268fbbbd0eb3ffe30140f78ff508f86.php 第 162 行.
NOTIC: [8] Undefined index: groupbuy_price D:\wamp\www\jiadianshop\Application\Runtime\Cache\Admin\3268fbbbd0eb3ffe30140f78ff508f86.php 第 169 行.
NOTIC: [8] Undefined index: click_count D:\wamp\www\jiadianshop\Application\Runtime\Cache\Admin\3268fbbbd0eb3ffe30140f78ff508f86.php 第 170 行.
NOTIC: [8] Undefined variable: page D:\wamp\www\jiadianshop\Application\Runtime\Cache\Admin\3268fbbbd0eb3ffe30140f78ff508f86.php 第 186 行.
INFO: Run Behavior\ParseTemplateBehavior [ RunTime:0.014191s ]
INFO: [ view_parse ] --END-- [ RunTime:0.014289s ]
INFO: [ view_filter ] --START--
INFO: Run Behavior\WriteHtmlCacheBehavior [ RunTime:0.000493s ]
INFO: [ view_filter ] --END-- [ RunTime:0.000572s ]
INFO: [ app_end ] --START--
INFO: Run Behavior\ShowPageTraceBehavior [ RunTime:0.000673s ]
INFO: [ app_end ] --END-- [ RunTime:0.000746s ]

[ 2016-05-11T00:28:27+08:00 ] ::1 /jiadianshop/index.php/Admin/Goods/editGoods/goods_id/1.html
INFO: [ app_init ] --START--
INFO: Run Behavior\BuildLiteBehavior [ RunTime:0.000024s ]
INFO: [ app_init ] --END-- [ RunTime:0.000471s ]
INFO: [ app_begin ] --START--
INFO: Run Behavior\ReadHtmlCacheBehavior [ RunTime:0.000576s ]
INFO: [ app_begin ] --END-- [ RunTime:0.000693s ]
SQL: SHOW COLUMNS FROM `jd_goods` [ RunTime:0.0051s ]
SQL: SELECT * FROM `jd_goods` INNER JOIN jd_goods_cat ON jd_goods.cat_id=jd_goods_cat.cat_id  WHERE `goods_id` = '1' LIMIT 1   [ RunTime:0.0005s ]
SQL: SHOW COLUMNS FROM `jd_goods_cat` [ RunTime:0.0035s ]
SQL: SELECT * FROM `jd_goods_cat`  [ RunTime:0.0003s ]
SQL: SHOW COLUMNS FROM `jd_brands` [ RunTime:0.0037s ]
SQL: SELECT * FROM `jd_brands` WHERE `brand_id` = 1 LIMIT 1   [ RunTime:0.0003s ]
SQL: SELECT * FROM `jd_brands`  [ RunTime:0.0002s ]
SQL: SHOW COLUMNS FROM `jd_goods_type` [ RunTime:0.0035s ]
SQL: SELECT * FROM `jd_goods_type`  [ RunTime:0.0003s ]
INFO: [ view_parse ] --START--
INFO: [ template_filter ] --START--
INFO: Run Behavior\ContentReplaceBehavior [ RunTime:0.000232s ]
INFO: [ template_filter ] --END-- [ RunTime:0.000343s ]
INFO: Run Behavior\ParseTemplateBehavior [ RunTime:0.014254s ]
INFO: [ view_parse ] --END-- [ RunTime:0.014366s ]
INFO: [ view_filter ] --START--
INFO: Run Behavior\WriteHtmlCacheBehavior [ RunTime:0.000421s ]
INFO: [ view_filter ] --END-- [ RunTime:0.000505s ]
INFO: [ app_end ] --START--
INFO: Run Behavior\ShowPageTraceBehavior [ RunTime:0.000624s ]
INFO: [ app_end ] --END-- [ RunTime:0.000704s ]

[ 2016-05-11T00:28:40+08:00 ] ::1 /jiadianshop/index.php/Admin/Goods/editGoodsAct.html
INFO: [ app_init ] --START--
INFO: Run Behavior\BuildLiteBehavior [ RunTime:0.000023s ]
INFO: [ app_init ] --END-- [ RunTime:0.000440s ]
INFO: [ app_begin ] --START--
INFO: Run Behavior\ReadHtmlCacheBehavior [ RunTime:0.000555s ]
INFO: [ app_begin ] --END-- [ RunTime:0.000652s ]
NOTIC: [8] Undefined index: attr_id_list D:\wamp\www\jiadianshop\Application\Admin\Controller\GoodsController.class.php 第 295 行.
NOTIC: [2] implode(): Invalid arguments passed D:\wamp\www\jiadianshop\Application\Admin\Controller\GoodsController.class.php 第 295 行.
NOTIC: [8] Undefined index: attr_value_list D:\wamp\www\jiadianshop\Application\Admin\Controller\GoodsController.class.php 第 296 行.
NOTIC: [2] implode(): Invalid arguments passed D:\wamp\www\jiadianshop\Application\Admin\Controller\GoodsController.class.php 第 296 行.
NOTIC: [8] Undefined index: attr_price_list D:\wamp\www\jiadianshop\Application\Admin\Controller\GoodsController.class.php 第 297 行.
NOTIC: [2] implode(): Invalid arguments passed D:\wamp\www\jiadianshop\Application\Admin\Controller\GoodsController.class.php 第 297 行.
NOTIC: [8] Undefined index: attr_num_list D:\wamp\www\jiadianshop\Application\Admin\Controller\GoodsController.class.php 第 298 行.
NOTIC: [2] implode(): Invalid arguments passed D:\wamp\www\jiadianshop\Application\Admin\Controller\GoodsController.class.php 第 298 行.
SQL: SHOW COLUMNS FROM `jd_goods` [ RunTime:0.0039s ]
NOTIC: [8] Undefined index: validate D:\wamp\www\jiadianshop\ThinkPHP\Library\Think\Model.class.php 第 1185 行.
NOTIC: [8] Undefined index: auto D:\wamp\www\jiadianshop\ThinkPHP\Library\Think\Model.class.php 第 1128 行.
INFO: [ view_parse ] --START--
INFO: [ template_filter ] --START--
INFO: Run Behavior\ContentReplaceBehavior [ RunTime:0.000082s ]
INFO: [ template_filter ] --END-- [ RunTime:0.000208s ]
INFO: Run Behavior\ParseTemplateBehavior [ RunTime:0.007217s ]
INFO: [ view_parse ] --END-- [ RunTime:0.007354s ]
INFO: [ view_filter ] --START--
INFO: Run Behavior\WriteHtmlCacheBehavior [ RunTime:0.000575s ]
INFO: [ view_filter ] --END-- [ RunTime:0.000714s ]

[ 2016-05-11T16:19:18+08:00 ] ::1 /jiadianshop/index.php/Admin/Index/index
INFO: [ app_init ] --START--
INFO: Run Behavior\BuildLiteBehavior [ RunTime:0.000026s ]
INFO: [ app_init ] --END-- [ RunTime:0.000932s ]
INFO: [ app_begin ] --START--
INFO: Run Behavior\ReadHtmlCacheBehavior [ RunTime:0.001148s ]
INFO: [ app_begin ] --END-- [ RunTime:0.001261s ]
INFO: [ view_parse ] --START--
INFO: [ template_filter ] --START--
INFO: Run Behavior\ContentReplaceBehavior [ RunTime:0.000062s ]
INFO: [ template_filter ] --END-- [ RunTime:0.000185s ]
INFO: Run Behavior\ParseTemplateBehavior [ RunTime:0.010414s ]
INFO: [ view_parse ] --END-- [ RunTime:0.010581s ]
INFO: [ view_filter ] --START--
INFO: Run Behavior\WriteHtmlCacheBehavior [ RunTime:0.001002s ]
INFO: [ view_filter ] --END-- [ RunTime:0.001080s ]
INFO: [ app_end ] --START--
INFO: Run Behavior\ShowPageTraceBehavior [ RunTime:0.001590s ]
INFO: [ app_end ] --END-- [ RunTime:0.001693s ]

[ 2016-05-11T16:19:18+08:00 ] ::1 /jiadianshop/index.php/Admin/Index/top.html
INFO: [ app_init ] --START--
INFO: Run Behavior\BuildLiteBehavior [ RunTime:0.000048s ]
INFO: [ app_init ] --END-- [ RunTime:0.000933s ]
INFO: [ app_begin ] --START--
INFO: Run Behavior\ReadHtmlCacheBehavior [ RunTime:0.001730s ]
INFO: [ app_begin ] --END-- [ RunTime:0.001919s ]
INFO: [ view_parse ] --START--
INFO: [ template_filter ] --START--
INFO: Run Behavior\ContentReplaceBehavior [ RunTime:0.000117s ]
INFO: [ template_filter ] --END-- [ RunTime:0.000308s ]
NOTIC: [8] Undefined variable: admin_name D:\wamp\www\jiadianshop\Application\Runtime\Cache\Admin\bdb24232b8dcb412d439a202b1caa9a5.php 第 44 行.
INFO: Run Behavior\ParseTemplateBehavior [ RunTime:0.015564s ]
INFO: [ view_parse ] --END-- [ RunTime:0.015737s ]
INFO: [ view_filter ] --START--
INFO: Run Behavior\WriteHtmlCacheBehavior [ RunTime:0.000861s ]
INFO: [ view_filter ] --END-- [ RunTime:0.001030s ]
INFO: [ app_end ] --START--
INFO: Run Behavior\ShowPageTraceBehavior [ RunTime:0.001208s ]
INFO: [ app_end ] --END-- [ RunTime:0.001377s ]

[ 2016-05-11T16:19:18+08:00 ] ::1 /jiadianshop/index.php/Admin/Index/main.html
INFO: [ app_init ] --START--
INFO: Run Behavior\BuildLiteBehavior [ RunTime:0.000040s ]
INFO: [ app_init ] --END-- [ RunTime:0.000878s ]
INFO: [ app_begin ] --START--
INFO: Run Behavior\ReadHtmlCacheBehavior [ RunTime:0.001354s ]
INFO: [ app_begin ] --END-- [ RunTime:0.001542s ]
INFO: [ view_parse ] --START--
INFO: [ template_filter ] --START--
INFO: Run Behavior\ContentReplaceBehavior [ RunTime:0.000157s ]
INFO: [ template_filter ] --END-- [ RunTime:0.000357s ]
NOTIC: [8] Undefined index: admin_name D:\wamp\www\jiadianshop\Application\Runtime\Cache\Admin\b0f0b709690a72033d17719e8059053c.php 第 26 行.
NOTIC: [8] Undefined variable: admin_id D:\wamp\www\jiadianshop\Application\Runtime\Cache\Admin\b0f0b709690a72033d17719e8059053c.php 第 27 行.
NOTIC: [8] Undefined variable: last_login D:\wamp\www\jiadianshop\Application\Runtime\Cache\Admin\b0f0b709690a72033d17719e8059053c.php 第 32 行.
INFO: Run Behavior\ParseTemplateBehavior [ RunTime:0.023268s ]
INFO: [ view_parse ] --END-- [ RunTime:0.023530s ]
INFO: [ view_filter ] --START--
INFO: Run Behavior\WriteHtmlCacheBehavior [ RunTime:0.000927s ]
INFO: [ view_filter ] --END-- [ RunTime:0.001199s ]
INFO: [ app_end ] --START--
INFO: Run Behavior\ShowPageTraceBehavior [ RunTime:0.001756s ]
INFO: [ app_end ] --END-- [ RunTime:0.001903s ]

[ 2016-05-11T16:19:18+08:00 ] ::1 /jiadianshop/index.php/Admin/Index/footer.html
INFO: [ app_init ] --START--
INFO: Run Behavior\BuildLiteBehavior [ RunTime:0.000032s ]
INFO: [ app_init ] --END-- [ RunTime:0.000780s ]
INFO: [ app_begin ] --START--
INFO: Run Behavior\ReadHtmlCacheBehavior [ RunTime:0.001307s ]
INFO: [ app_begin ] --END-- [ RunTime:0.001497s ]
INFO: [ app_end ] --START--
INFO: Run Behavior\ShowPageTraceBehavior [ RunTime:0.001371s ]
INFO: [ app_end ] --END-- [ RunTime:0.001577s ]

[ 2016-05-11T16:19:18+08:00 ] ::1 /jiadianshop/index.php/Admin/Index/left.html
INFO: [ app_init ] --START--
INFO: Run Behavior\BuildLiteBehavior [ RunTime:0.000042s ]
INFO: [ app_init ] --END-- [ RunTime:0.001940s ]
INFO: [ app_begin ] --START--
INFO: Run Behavior\ReadHtmlCacheBehavior [ RunTime:0.001508s ]
INFO: [ app_begin ] --END-- [ RunTime:0.001682s ]
INFO: [ view_parse ] --START--
INFO: [ template_filter ] --START--
INFO: Run Behavior\ContentReplaceBehavior [ RunTime:0.000187s ]
INFO: [ template_filter ] --END-- [ RunTime:0.000393s ]
NOTIC: [8] Undefined variable: pri_list D:\wamp\www\jiadianshop\Application\Runtime\Cache\Admin\6778f0baf40e879d2b8c18d2052abd0c.php 第 172 行.
NOTIC: [2] in_array() expects parameter 2 to be array, null given D:\wamp\www\jiadianshop\Application\Runtime\Cache\Admin\6778f0baf40e879d2b8c18d2052abd0c.php 第 172 行.
NOTIC: [8] Undefined variable: id D:\wamp\www\jiadianshop\Application\Runtime\Cache\Admin\6778f0baf40e879d2b8c18d2052abd0c.php 第 172 行.
INFO: Run Behavior\ParseTemplateBehavior [ RunTime:0.031968s ]
INFO: [ view_parse ] --END-- [ RunTime:0.032140s ]
INFO: [ view_filter ] --START--
INFO: Run Behavior\WriteHtmlCacheBehavior [ RunTime:0.001011s ]
INFO: [ view_filter ] --END-- [ RunTime:0.001180s ]
INFO: [ app_end ] --START--
INFO: Run Behavior\ShowPageTraceBehavior [ RunTime:0.001185s ]
INFO: [ app_end ] --END-- [ RunTime:0.001340s ]

