[ 2016-05-24T09:53:59+08:00 ] ::1 /jiadianshop/index.php/Admin/Goods/addGoods.html
INFO: [ app_init ] --START--
INFO: Run Behavior\BuildLiteBehavior [ RunTime:0.000070s ]
INFO: [ app_init ] --END-- [ RunTime:0.001906s ]
INFO: [ app_begin ] --START--
INFO: Run Behavior\ReadHtmlCacheBehavior [ RunTime:0.001804s ]
INFO: [ app_begin ] --END-- [ RunTime:0.002070s ]
NOTIC: [8] A session had already been started - ignoring session_start() D:\wamp\www\jiadianshop\ThinkPHP\Common\functions.php 第 1263 行.
SQL: SHOW COLUMNS FROM `jd_goods_cat` [ RunTime:0.0082s ]
SQL: SELECT * FROM `jd_goods_cat`  [ RunTime:0.0015s ]
SQL: SHOW COLUMNS FROM `jd_brands` [ RunTime:0.0074s ]
SQL: SELECT * FROM `jd_brands`  [ RunTime:0.0006s ]
SQL: SHOW COLUMNS FROM `jd_goods_type` [ RunTime:0.0072s ]
SQL: SELECT * FROM `jd_goods_type`  [ RunTime:0.0006s ]
INFO: [ view_parse ] --START--
INFO: [ template_filter ] --START--
INFO: Run Behavior\ContentReplaceBehavior [ RunTime:0.000316s ]
INFO: [ template_filter ] --END-- [ RunTime:0.000501s ]
INFO: Run Behavior\ParseTemplateBehavior [ RunTime:0.020827s ]
INFO: [ view_parse ] --END-- [ RunTime:0.020997s ]
INFO: [ view_filter ] --START--
INFO: Run Behavior\WriteHtmlCacheBehavior [ RunTime:0.000848s ]
INFO: [ view_filter ] --END-- [ RunTime:0.000963s ]
INFO: [ app_end ] --START--
INFO: Run Behavior\ShowPageTraceBehavior [ RunTime:0.001823s ]
INFO: [ app_end ] --END-- [ RunTime:0.001997s ]

[ 2016-05-24T10:03:20+08:00 ] ::1 /jiadianshop/index.php/Admin/Goods/getAttrListByTypeId.html
INFO: [ app_init ] --START--
INFO: Run Behavior\BuildLiteBehavior [ RunTime:0.000041s ]
INFO: [ app_init ] --END-- [ RunTime:0.000927s ]
INFO: [ app_begin ] --START--
INFO: Run Behavior\ReadHtmlCacheBehavior [ RunTime:0.002499s ]
INFO: [ app_begin ] --END-- [ RunTime:0.002809s ]
NOTIC: [8] A session had already been started - ignoring session_start() D:\wamp\www\jiadianshop\ThinkPHP\Common\functions.php 第 1263 行.
SQL: SHOW COLUMNS FROM `jd_goods_attribute` [ RunTime:0.0037s ]
SQL: SELECT * FROM `jd_goods_attribute` WHERE `type_id` = 2  [ RunTime:0.0004s ]

[ 2016-05-24T10:06:41+08:00 ] ::1 /jiadianshop/index.php/Admin/Goods/addGoodsAct.html
INFO: [ app_init ] --START--
INFO: Run Behavior\BuildLiteBehavior [ RunTime:0.000024s ]
INFO: [ app_init ] --END-- [ RunTime:0.000519s ]
INFO: [ app_begin ] --START--
INFO: Run Behavior\ReadHtmlCacheBehavior [ RunTime:0.000696s ]
INFO: [ app_begin ] --END-- [ RunTime:0.000786s ]
NOTIC: [8] A session had already been started - ignoring session_start() D:\wamp\www\jiadianshop\ThinkPHP\Common\functions.php 第 1263 行.
NOTIC: [2] call_user_func() expects parameter 1 to be a valid callback, no array or string given D:\wamp\www\jiadianshop\ThinkPHP\Library\Think\Upload.class.php 第 170 行.
SQL: SHOW COLUMNS FROM `jd_goods` [ RunTime:0.0044s ]
NOTIC: [8] Undefined index: validate D:\wamp\www\jiadianshop\ThinkPHP\Library\Think\Model.class.php 第 1185 行.
NOTIC: [8] Undefined index: auto D:\wamp\www\jiadianshop\ThinkPHP\Library\Think\Model.class.php 第 1128 行.
SQL: INSERT INTO `jd_goods` (`goods_name`,`selling_points`,`goods_sn`,`cat_id`,`brand_id`,`market_price`,`shop_price`,`goods_number`,`goods_desc`,`is_putaway`,`is_new`,`is_rec`,`is_hot`,`warn_number`,`key_words`,`seo_description`,`seller_note`,`attr_id_list`,`attr_value_list`,`attr_price_list`,`attr_num_list`,`goods_thumb_img`,`add_time`) VALUES ('新品乐视TV X43S 网络液晶平板电视机 智能高清LED 43英寸 LG硬屏','43英寸【最新进口屏43英寸】X43S最高送28个月乐视TV会员☆☆ 【服务周到】顺丰全国各仓库就近发货，送货入户！大部分乡镇村也能到☆☆ 【乐视官方售后】正规机打发票 全国免费安装保修','TV-LESHI-001','7','11','2300','1989','5000','&lt;p style=&quot;text-align: center;&quot;&gt;&lt;img src=&quot;/jiadianshop/Public/Uploads/GoodsDetail/20160524/1464055168172128.jpg&quot; title=&quot;1464055168172128.jpg&quot; alt=&quot;01.jpg&quot;/&gt;&lt;img src=&quot;/jiadianshop/Public/Uploads/GoodsDetail/20160524/1464055172146308.jpg&quot; title=&quot;1464055172146308.jpg&quot; alt=&quot;02.jpg&quot;/&gt;&lt;img src=&quot;/jiadianshop/Public/Uploads/GoodsDetail/20160524/1464055177269206.jpg&quot; title=&quot;1464055177269206.jpg&quot; alt=&quot;03.jpg&quot;/&gt;&lt;img src=&quot;/jiadianshop/Public/Uploads/GoodsDetail/20160524/1464055182137073.png&quot; title=&quot;1464055182137073.png&quot; alt=&quot;04.png&quot;/&gt;&lt;img src=&quot;/jiadianshop/Public/Uploads/GoodsDetail/20160524/1464055187832923.jpg&quot; title=&quot;1464055187832923.jpg&quot; alt=&quot;05.jpg&quot;/&gt;&lt;img src=&quot;/jiadianshop/Public/Uploads/GoodsDetail/20160524/1464055190125007.jpg&quot; title=&quot;1464055190125007.jpg&quot; alt=&quot;06.jpg&quot;/&gt;&lt;img src=&quot;/jiadianshop/Public/Uploads/GoodsDetail/20160524/1464055194609330.jpg&quot; title=&quot;1464055194609330.jpg&quot; alt=&quot;07.jpg&quot;/&gt;&lt;img src=&quot;/jiadianshop/Public/Uploads/GoodsDetail/20160524/1464055198476706.jpg&quot; title=&quot;1464055198476706.jpg&quot; alt=&quot;08.jpg&quot;/&gt;&lt;img src=&quot;/jiadianshop/Public/Uploads/GoodsDetail/20160524/1464055202125807.jpg&quot; title=&quot;1464055202125807.jpg&quot; alt=&quot;09.jpg&quot;/&gt;&lt;img src=&quot;/jiadianshop/Public/Uploads/GoodsDetail/20160524/1464055208592891.jpg&quot; title=&quot;1464055208592891.jpg&quot; alt=&quot;10.jpg&quot;/&gt;&lt;img src=&quot;/jiadianshop/Public/Uploads/GoodsDetail/20160524/1464055221138390.jpg&quot; title=&quot;1464055221138390.jpg&quot; alt=&quot;11.jpg&quot;/&gt;&lt;img src=&quot;/jiadianshop/Public/Uploads/GoodsDetail/20160524/1464055228102579.jpg&quot; title=&quot;1464055228102579.jpg&quot; alt=&quot;12.jpg&quot;/&gt;&lt;img src=&quot;/jiadianshop/Public/Uploads/GoodsDetail/20160524/1464055234923117.jpg&quot; title=&quot;1464055234923117.jpg&quot; alt=&quot;13.jpg&quot;/&gt;&lt;img src=&quot;/jiadianshop/Public/Uploads/GoodsDetail/20160524/1464055241497533.jpg&quot; title=&quot;1464055241497533.jpg&quot; alt=&quot;14.jpg&quot;/&gt;&lt;img src=&quot;/jiadianshop/Public/Uploads/GoodsDetail/20160524/1464055246106546.jpg&quot; title=&quot;1464055246106546.jpg&quot; alt=&quot;15.jpg&quot;/&gt;&lt;img src=&quot;/jiadianshop/Public/Uploads/GoodsDetail/20160524/1464055252125540.jpg&quot; title=&quot;1464055252125540.jpg&quot; alt=&quot;16.jpg&quot;/&gt;&lt;img src=&quot;/jiadianshop/Public/Uploads/GoodsDetail/20160524/1464055260885594.jpg&quot; title=&quot;1464055260885594.jpg&quot; alt=&quot;17.jpg&quot;/&gt;&lt;img src=&quot;/jiadianshop/Public/Uploads/GoodsDetail/20160524/1464055265611481.jpg&quot; title=&quot;1464055265611481.jpg&quot; alt=&quot;18.jpg&quot;/&gt;&lt;img src=&quot;/jiadianshop/Public/Uploads/GoodsDetail/20160524/1464055271163176.jpg&quot; title=&quot;1464055271163176.jpg&quot; alt=&quot;19.jpg&quot;/&gt;&lt;img src=&quot;/jiadianshop/Public/Uploads/GoodsDetail/20160524/1464055277813042.jpg&quot; title=&quot;1464055277813042.jpg&quot; alt=&quot;20.jpg&quot;/&gt;&lt;img src=&quot;/jiadianshop/Public/Uploads/GoodsDetail/20160524/1464055284792989.jpg&quot; title=&quot;1464055284792989.jpg&quot; alt=&quot;21.jpg&quot;/&gt;&lt;img src=&quot;/jiadianshop/Public/Uploads/GoodsDetail/20160524/1464055290582220.jpg&quot; title=&quot;1464055290582220.jpg&quot; alt=&quot;22.jpg&quot;/&gt;&lt;img src=&quot;/jiadianshop/Public/Uploads/GoodsDetail/20160524/1464055295114464.jpg&quot; title=&quot;1464055295114464.jpg&quot; alt=&quot;23.jpg&quot;/&gt;&lt;img src=&quot;/jiadianshop/Public/Uploads/GoodsDetail/20160524/1464055302756240.jpg&quot; title=&quot;1464055302756240.jpg&quot; alt=&quot;24.jpg&quot;/&gt;&lt;/p&gt;','1','1','1','1','10','乐视TV,平板高清电视','新品乐视TV X43S 网络液晶平板电视机 智能高清LED 43英寸 LG硬屏','乐视TV，TV-LESHI-001','5,7,8,9,9','1380x137x670mm, 安卓,VA/IPS技术液晶显示屏,黑色,白色','1989,1989','2000,3000','/jiadianshop/Public/Uploads/GoodsThumb/20160524/2868_1464055601.jpg','1464055601') [ RunTime:0.0020s ]
INFO: [ view_parse ] --START--
INFO: [ template_filter ] --START--
INFO: Run Behavior\ContentReplaceBehavior [ RunTime:0.000067s ]
INFO: [ template_filter ] --END-- [ RunTime:0.000170s ]
INFO: Run Behavior\ParseTemplateBehavior [ RunTime:0.008031s ]
INFO: [ view_parse ] --END-- [ RunTime:0.008233s ]
INFO: [ view_filter ] --START--
INFO: Run Behavior\WriteHtmlCacheBehavior [ RunTime:0.000983s ]
INFO: [ view_filter ] --END-- [ RunTime:0.001132s ]
INFO: [ app_end ] --START--
INFO: Run Behavior\ShowPageTraceBehavior [ RunTime:0.000811s ]
INFO: [ app_end ] --END-- [ RunTime:0.000901s ]

[ 2016-05-24T10:06:42+08:00 ] ::1 /jiadianshop/index.php/Admin/Goods/index
INFO: [ app_init ] --START--
INFO: Run Behavior\BuildLiteBehavior [ RunTime:0.000031s ]
INFO: [ app_init ] --END-- [ RunTime:0.000629s ]
INFO: [ app_begin ] --START--
INFO: Run Behavior\ReadHtmlCacheBehavior [ RunTime:0.001012s ]
INFO: [ app_begin ] --END-- [ RunTime:0.001139s ]
NOTIC: [8] A session had already been started - ignoring session_start() D:\wamp\www\jiadianshop\ThinkPHP\Common\functions.php 第 1263 行.
SQL: SHOW COLUMNS FROM `jd_goods` [ RunTime:0.0039s ]
SQL: SELECT * FROM `jd_goods` INNER JOIN jd_brands ON jd_goods.brand_id = jd_brands.brand_id  WHERE `is_delete` = 0  [ RunTime:0.0008s ]
INFO: [ view_parse ] --START--
INFO: [ template_filter ] --START--
INFO: Run Behavior\ContentReplaceBehavior [ RunTime:0.000142s ]
INFO: [ template_filter ] --END-- [ RunTime:0.000241s ]
NOTIC: [8] Undefined variable: cate_list D:\wamp\www\jiadianshop\Application\Runtime\Cache\Admin\3268fbbbd0eb3ffe30140f78ff508f86.php 第 68 行.
NOTIC: [2] Invalid argument supplied for foreach() D:\wamp\www\jiadianshop\Application\Runtime\Cache\Admin\3268fbbbd0eb3ffe30140f78ff508f86.php 第 68 行.
NOTIC: [8] Undefined variable: brand_list D:\wamp\www\jiadianshop\Application\Runtime\Cache\Admin\3268fbbbd0eb3ffe30140f78ff508f86.php 第 78 行.
NOTIC: [2] Invalid argument supplied for foreach() D:\wamp\www\jiadianshop\Application\Runtime\Cache\Admin\3268fbbbd0eb3ffe30140f78ff508f86.php 第 78 行.
NOTIC: [8] Undefined index: is_putaway D:\wamp\www\jiadianshop\Application\Runtime\Cache\Admin\3268fbbbd0eb3ffe30140f78ff508f86.php 第 93 行.
NOTIC: [8] Undefined index: is_putaway D:\wamp\www\jiadianshop\Application\Runtime\Cache\Admin\3268fbbbd0eb3ffe30140f78ff508f86.php 第 94 行.
NOTIC: [8] Undefined index: is_groupbuy D:\wamp\www\jiadianshop\Application\Runtime\Cache\Admin\3268fbbbd0eb3ffe30140f78ff508f86.php 第 102 行.
NOTIC: [8] Undefined index: is_groupbuy D:\wamp\www\jiadianshop\Application\Runtime\Cache\Admin\3268fbbbd0eb3ffe30140f78ff508f86.php 第 103 行.
NOTIC: [8] Undefined index: id D:\wamp\www\jiadianshop\Application\Runtime\Cache\Admin\3268fbbbd0eb3ffe30140f78ff508f86.php 第 141 行.
NOTIC: [8] Undefined index: p D:\wamp\www\jiadianshop\Application\Runtime\Cache\Admin\3268fbbbd0eb3ffe30140f78ff508f86.php 第 142 行.
NOTIC: [8] Undefined variable: i D:\wamp\www\jiadianshop\Application\Runtime\Cache\Admin\3268fbbbd0eb3ffe30140f78ff508f86.php 第 142 行.
NOTIC: [8] Undefined index: pro_info D:\wamp\www\jiadianshop\Application\Runtime\Cache\Admin\3268fbbbd0eb3ffe30140f78ff508f86.php 第 145 行.
NOTIC: [8] Undefined index: cate_name D:\wamp\www\jiadianshop\Application\Runtime\Cache\Admin\3268fbbbd0eb3ffe30140f78ff508f86.php 第 146 行.
NOTIC: [8] Undefined index: is_groupbuy D:\wamp\www\jiadianshop\Application\Runtime\Cache\Admin\3268fbbbd0eb3ffe30140f78ff508f86.php 第 162 行.
NOTIC: [8] Undefined index: groupbuy_price D:\wamp\www\jiadianshop\Application\Runtime\Cache\Admin\3268fbbbd0eb3ffe30140f78ff508f86.php 第 169 行.
NOTIC: [8] Undefined index: click_count D:\wamp\www\jiadianshop\Application\Runtime\Cache\Admin\3268fbbbd0eb3ffe30140f78ff508f86.php 第 170 行.
NOTIC: [8] Undefined index: id D:\wamp\www\jiadianshop\Application\Runtime\Cache\Admin\3268fbbbd0eb3ffe30140f78ff508f86.php 第 141 行.
NOTIC: [8] Undefined index: p D:\wamp\www\jiadianshop\Application\Runtime\Cache\Admin\3268fbbbd0eb3ffe30140f78ff508f86.php 第 142 行.
NOTIC: [8] Undefined index: pro_info D:\wamp\www\jiadianshop\Application\Runtime\Cache\Admin\3268fbbbd0eb3ffe30140f78ff508f86.php 第 145 行.
NOTIC: [8] Undefined index: cate_name D:\wamp\www\jiadianshop\Application\Runtime\Cache\Admin\3268fbbbd0eb3ffe30140f78ff508f86.php 第 146 行.
NOTIC: [8] Undefined index: is_groupbuy D:\wamp\www\jiadianshop\Application\Runtime\Cache\Admin\3268fbbbd0eb3ffe30140f78ff508f86.php 第 162 行.
NOTIC: [8] Undefined index: groupbuy_price D:\wamp\www\jiadianshop\Application\Runtime\Cache\Admin\3268fbbbd0eb3ffe30140f78ff508f86.php 第 169 行.
NOTIC: [8] Undefined index: click_count D:\wamp\www\jiadianshop\Application\Runtime\Cache\Admin\3268fbbbd0eb3ffe30140f78ff508f86.php 第 170 行.
NOTIC: [8] Undefined index: id D:\wamp\www\jiadianshop\Application\Runtime\Cache\Admin\3268fbbbd0eb3ffe30140f78ff508f86.php 第 141 行.
NOTIC: [8] Undefined index: p D:\wamp\www\jiadianshop\Application\Runtime\Cache\Admin\3268fbbbd0eb3ffe30140f78ff508f86.php 第 142 行.
NOTIC: [8] Undefined index: pro_info D:\wamp\www\jiadianshop\Application\Runtime\Cache\Admin\3268fbbbd0eb3ffe30140f78ff508f86.php 第 145 行.
NOTIC: [8] Undefined index: cate_name D:\wamp\www\jiadianshop\Application\Runtime\Cache\Admin\3268fbbbd0eb3ffe30140f78ff508f86.php 第 146 行.
NOTIC: [8] Undefined index: is_groupbuy D:\wamp\www\jiadianshop\Application\Runtime\Cache\Admin\3268fbbbd0eb3ffe30140f78ff508f86.php 第 162 行.
NOTIC: [8] Undefined index: groupbuy_price D:\wamp\www\jiadianshop\Application\Runtime\Cache\Admin\3268fbbbd0eb3ffe30140f78ff508f86.php 第 169 行.
NOTIC: [8] Undefined index: click_count D:\wamp\www\jiadianshop\Application\Runtime\Cache\Admin\3268fbbbd0eb3ffe30140f78ff508f86.php 第 170 行.
NOTIC: [8] Undefined index: id D:\wamp\www\jiadianshop\Application\Runtime\Cache\Admin\3268fbbbd0eb3ffe30140f78ff508f86.php 第 141 行.
NOTIC: [8] Undefined index: p D:\wamp\www\jiadianshop\Application\Runtime\Cache\Admin\3268fbbbd0eb3ffe30140f78ff508f86.php 第 142 行.
NOTIC: [8] Undefined index: pro_info D:\wamp\www\jiadianshop\Application\Runtime\Cache\Admin\3268fbbbd0eb3ffe30140f78ff508f86.php 第 145 行.
NOTIC: [8] Undefined index: cate_name D:\wamp\www\jiadianshop\Application\Runtime\Cache\Admin\3268fbbbd0eb3ffe30140f78ff508f86.php 第 146 行.
NOTIC: [8] Undefined index: is_groupbuy D:\wamp\www\jiadianshop\Application\Runtime\Cache\Admin\3268fbbbd0eb3ffe30140f78ff508f86.php 第 162 行.
NOTIC: [8] Undefined index: groupbuy_price D:\wamp\www\jiadianshop\Application\Runtime\Cache\Admin\3268fbbbd0eb3ffe30140f78ff508f86.php 第 169 行.
NOTIC: [8] Undefined index: click_count D:\wamp\www\jiadianshop\Application\Runtime\Cache\Admin\3268fbbbd0eb3ffe30140f78ff508f86.php 第 170 行.
NOTIC: [8] Undefined index: id D:\wamp\www\jiadianshop\Application\Runtime\Cache\Admin\3268fbbbd0eb3ffe30140f78ff508f86.php 第 141 行.
NOTIC: [8] Undefined index: p D:\wamp\www\jiadianshop\Application\Runtime\Cache\Admin\3268fbbbd0eb3ffe30140f78ff508f86.php 第 142 行.
NOTIC: [8] Undefined index: pro_info D:\wamp\www\jiadianshop\Application\Runtime\Cache\Admin\3268fbbbd0eb3ffe30140f78ff508f86.php 第 145 行.
NOTIC: [8] Undefined index: cate_name D:\wamp\www\jiadianshop\Application\Runtime\Cache\Admin\3268fbbbd0eb3ffe30140f78ff508f86.php 第 146 行.
NOTIC: [8] Undefined index: is_groupbuy D:\wamp\www\jiadianshop\Application\Runtime\Cache\Admin\3268fbbbd0eb3ffe30140f78ff508f86.php 第 162 行.
NOTIC: [8] Undefined index: groupbuy_price D:\wamp\www\jiadianshop\Application\Runtime\Cache\Admin\3268fbbbd0eb3ffe30140f78ff508f86.php 第 169 行.
NOTIC: [8] Undefined index: click_count D:\wamp\www\jiadianshop\Application\Runtime\Cache\Admin\3268fbbbd0eb3ffe30140f78ff508f86.php 第 170 行.
NOTIC: [8] Undefined index: id D:\wamp\www\jiadianshop\Application\Runtime\Cache\Admin\3268fbbbd0eb3ffe30140f78ff508f86.php 第 141 行.
NOTIC: [8] Undefined index: p D:\wamp\www\jiadianshop\Application\Runtime\Cache\Admin\3268fbbbd0eb3ffe30140f78ff508f86.php 第 142 行.
NOTIC: [8] Undefined index: pro_info D:\wamp\www\jiadianshop\Application\Runtime\Cache\Admin\3268fbbbd0eb3ffe30140f78ff508f86.php 第 145 行.
NOTIC: [8] Undefined index: cate_name D:\wamp\www\jiadianshop\Application\Runtime\Cache\Admin\3268fbbbd0eb3ffe30140f78ff508f86.php 第 146 行.
NOTIC: [8] Undefined index: is_groupbuy D:\wamp\www\jiadianshop\Application\Runtime\Cache\Admin\3268fbbbd0eb3ffe30140f78ff508f86.php 第 162 行.
NOTIC: [8] Undefined index: groupbuy_price D:\wamp\www\jiadianshop\Application\Runtime\Cache\Admin\3268fbbbd0eb3ffe30140f78ff508f86.php 第 169 行.
NOTIC: [8] Undefined index: click_count D:\wamp\www\jiadianshop\Application\Runtime\Cache\Admin\3268fbbbd0eb3ffe30140f78ff508f86.php 第 170 行.
NOTIC: [8] Undefined index: id D:\wamp\www\jiadianshop\Application\Runtime\Cache\Admin\3268fbbbd0eb3ffe30140f78ff508f86.php 第 141 行.
NOTIC: [8] Undefined index: p D:\wamp\www\jiadianshop\Application\Runtime\Cache\Admin\3268fbbbd0eb3ffe30140f78ff508f86.php 第 142 行.
NOTIC: [8] Undefined index: pro_info D:\wamp\www\jiadianshop\Application\Runtime\Cache\Admin\3268fbbbd0eb3ffe30140f78ff508f86.php 第 145 行.
NOTIC: [8] Undefined index: cate_name D:\wamp\www\jiadianshop\Application\Runtime\Cache\Admin\3268fbbbd0eb3ffe30140f78ff508f86.php 第 146 行.
NOTIC: [8] Undefined index: is_groupbuy D:\wamp\www\jiadianshop\Application\Runtime\Cache\Admin\3268fbbbd0eb3ffe30140f78ff508f86.php 第 162 行.
NOTIC: [8] Undefined index: groupbuy_price D:\wamp\www\jiadianshop\Application\Runtime\Cache\Admin\3268fbbbd0eb3ffe30140f78ff508f86.php 第 169 行.
NOTIC: [8] Undefined index: click_count D:\wamp\www\jiadianshop\Application\Runtime\Cache\Admin\3268fbbbd0eb3ffe30140f78ff508f86.php 第 170 行.
NOTIC: [8] Undefined variable: page D:\wamp\www\jiadianshop\Application\Runtime\Cache\Admin\3268fbbbd0eb3ffe30140f78ff508f86.php 第 186 行.
INFO: Run Behavior\ParseTemplateBehavior [ RunTime:0.017092s ]
INFO: [ view_parse ] --END-- [ RunTime:0.017198s ]
INFO: [ view_filter ] --START--
INFO: Run Behavior\WriteHtmlCacheBehavior [ RunTime:0.000540s ]
INFO: [ view_filter ] --END-- [ RunTime:0.000618s ]
INFO: [ app_end ] --START--
INFO: Run Behavior\ShowPageTraceBehavior [ RunTime:0.000726s ]
INFO: [ app_end ] --END-- [ RunTime:0.000808s ]

