[ 2017-02-23T11:15:14+08:00 ] ::1 /jiadianshop/index.php/Admin/Index/index
INFO: [ app_init ] --START--
INFO: Run Behavior\BuildLiteBehavior [ RunTime:0.000000s ]
INFO: [ app_init ] --END-- [ RunTime:0.002500s ]
INFO: [ app_begin ] --START--
INFO: Run Behavior\ReadHtmlCacheBehavior [ RunTime:0.002500s ]
INFO: [ app_begin ] --END-- [ RunTime:0.005001s ]

[ 2017-02-23T11:15:14+08:00 ] ::1 /jiadianshop/index.php/Admin/Login/index.html
INFO: [ app_init ] --START--
INFO: Run Behavior\BuildLiteBehavior [ RunTime:0.000000s ]
INFO: [ app_init ] --END-- [ RunTime:0.002500s ]
INFO: [ app_begin ] --START--
INFO: Run Behavior\ReadHtmlCacheBehavior [ RunTime:0.002500s ]
INFO: [ app_begin ] --END-- [ RunTime:0.005000s ]
INFO: [ view_parse ] --START--
INFO: [ template_filter ] --START--
INFO: Run Behavior\ContentReplaceBehavior [ RunTime:0.002500s ]
INFO: [ template_filter ] --END-- [ RunTime:0.002500s ]
INFO: Run Behavior\ParseTemplateBehavior [ RunTime:0.067501s ]
INFO: [ view_parse ] --END-- [ RunTime:0.070001s ]
INFO: [ view_filter ] --START--
INFO: Run Behavior\WriteHtmlCacheBehavior [ RunTime:0.002500s ]
INFO: [ view_filter ] --END-- [ RunTime:0.005000s ]
INFO: [ app_end ] --START--
INFO: Run Behavior\ShowPageTraceBehavior [ RunTime:0.002500s ]
INFO: [ app_end ] --END-- [ RunTime:0.005000s ]

[ 2017-02-23T11:15:14+08:00 ] ::1 /jiadianshop/index.php/Admin/Login/showVerify.html
INFO: [ app_init ] --START--
INFO: Run Behavior\BuildLiteBehavior [ RunTime:0.000000s ]
INFO: [ app_init ] --END-- [ RunTime:0.002500s ]
INFO: [ app_begin ] --START--
INFO: Run Behavior\ReadHtmlCacheBehavior [ RunTime:0.002500s ]
INFO: [ app_begin ] --END-- [ RunTime:0.005001s ]
ERR: 非法操作:showVerify

[ 2017-02-23T11:15:14+08:00 ] ::1 /jiadianshop/index.php/Admin/Login/verifyCode.html?r=0.49290896859372
INFO: [ app_init ] --START--
INFO: Run Behavior\BuildLiteBehavior [ RunTime:0.000000s ]
INFO: [ app_init ] --END-- [ RunTime:0.005000s ]
INFO: [ app_begin ] --START--
INFO: Run Behavior\ReadHtmlCacheBehavior [ RunTime:0.002500s ]
INFO: [ app_begin ] --END-- [ RunTime:0.005000s ]
INFO: [ app_end ] --START--
INFO: Run Behavior\ShowPageTraceBehavior [ RunTime:0.002500s ]
INFO: [ app_end ] --END-- [ RunTime:0.002500s ]

[ 2017-02-23T11:16:01+08:00 ] ::1 /jiadianshop/index.php/Admin/Login/verifyCode.html?r=0.45419077322940105
INFO: [ app_init ] --START--
INFO: Run Behavior\BuildLiteBehavior [ RunTime:0.000000s ]
INFO: [ app_init ] --END-- [ RunTime:0.004000s ]
INFO: [ app_begin ] --START--
INFO: Run Behavior\ReadHtmlCacheBehavior [ RunTime:0.002000s ]
INFO: [ app_begin ] --END-- [ RunTime:0.003000s ]
INFO: [ app_end ] --START--
INFO: Run Behavior\ShowPageTraceBehavior [ RunTime:0.002000s ]
INFO: [ app_end ] --END-- [ RunTime:0.004001s ]

[ 2017-02-23T11:16:03+08:00 ] ::1 /jiadianshop/index.php/Admin/Login/verifyCode.html?r=0.9847245279263928
INFO: [ app_init ] --START--
INFO: Run Behavior\BuildLiteBehavior [ RunTime:0.000000s ]
INFO: [ app_init ] --END-- [ RunTime:0.005000s ]
INFO: [ app_begin ] --START--
INFO: Run Behavior\ReadHtmlCacheBehavior [ RunTime:0.008000s ]
INFO: [ app_begin ] --END-- [ RunTime:0.010000s ]
INFO: [ app_end ] --START--
INFO: Run Behavior\ShowPageTraceBehavior [ RunTime:0.002000s ]
INFO: [ app_end ] --END-- [ RunTime:0.004000s ]

[ 2017-02-23T11:16:08+08:00 ] ::1 /jiadianshop/index.php/Admin/Login/loginAct.html
INFO: [ app_init ] --START--
INFO: Run Behavior\BuildLiteBehavior [ RunTime:0.001000s ]
INFO: [ app_init ] --END-- [ RunTime:0.004000s ]
INFO: [ app_begin ] --START--
INFO: Run Behavior\ReadHtmlCacheBehavior [ RunTime:0.003000s ]
INFO: [ app_begin ] --END-- [ RunTime:0.005000s ]
SQL: SHOW COLUMNS FROM `jd_admin` [ RunTime:0.0220s ]
SQL: SELECT * FROM `jd_admin` WHERE `admin_name` = 'admin' LIMIT 1   [ RunTime:0.0010s ]

[ 2017-02-23T11:16:09+08:00 ] ::1 /jiadianshop/index.php/Admin/Index/index.html
INFO: [ app_init ] --START--
INFO: Run Behavior\BuildLiteBehavior [ RunTime:0.001000s ]
INFO: [ app_init ] --END-- [ RunTime:0.006000s ]
INFO: [ app_begin ] --START--
INFO: Run Behavior\ReadHtmlCacheBehavior [ RunTime:0.003000s ]
INFO: [ app_begin ] --END-- [ RunTime:0.003000s ]
INFO: [ view_parse ] --START--
INFO: [ template_filter ] --START--
INFO: Run Behavior\ContentReplaceBehavior [ RunTime:0.000000s ]
INFO: [ template_filter ] --END-- [ RunTime:0.002000s ]
INFO: Run Behavior\ParseTemplateBehavior [ RunTime:0.049003s ]
INFO: [ view_parse ] --END-- [ RunTime:0.051003s ]
INFO: [ view_filter ] --START--
INFO: Run Behavior\WriteHtmlCacheBehavior [ RunTime:0.002000s ]
INFO: [ view_filter ] --END-- [ RunTime:0.004000s ]
INFO: [ app_end ] --START--
INFO: Run Behavior\ShowPageTraceBehavior [ RunTime:0.002000s ]
INFO: [ app_end ] --END-- [ RunTime:0.003000s ]

[ 2017-02-23T11:16:09+08:00 ] ::1 /jiadianshop/index.php/Admin/Index/footer.html
INFO: [ app_init ] --START--
INFO: Run Behavior\BuildLiteBehavior [ RunTime:0.001000s ]
INFO: [ app_init ] --END-- [ RunTime:0.005001s ]
INFO: [ app_begin ] --START--
INFO: Run Behavior\ReadHtmlCacheBehavior [ RunTime:0.003000s ]
INFO: [ app_begin ] --END-- [ RunTime:0.006000s ]
INFO: [ view_parse ] --START--
INFO: [ template_filter ] --START--
INFO: Run Behavior\ContentReplaceBehavior [ RunTime:0.000000s ]
INFO: [ template_filter ] --END-- [ RunTime:0.003001s ]
INFO: Run Behavior\ParseTemplateBehavior [ RunTime:0.026002s ]
INFO: [ view_parse ] --END-- [ RunTime:0.028002s ]
INFO: [ view_filter ] --START--
INFO: Run Behavior\WriteHtmlCacheBehavior [ RunTime:0.002000s ]
INFO: [ view_filter ] --END-- [ RunTime:0.004000s ]
INFO: [ app_end ] --START--
INFO: Run Behavior\ShowPageTraceBehavior [ RunTime:0.001000s ]
INFO: [ app_end ] --END-- [ RunTime:0.003001s ]

[ 2017-02-23T11:16:09+08:00 ] ::1 /jiadianshop/index.php/Admin/Index/top.html
INFO: [ app_init ] --START--
INFO: Run Behavior\BuildLiteBehavior [ RunTime:0.001000s ]
INFO: [ app_init ] --END-- [ RunTime:0.005001s ]
INFO: [ app_begin ] --START--
INFO: Run Behavior\ReadHtmlCacheBehavior [ RunTime:0.004001s ]
INFO: [ app_begin ] --END-- [ RunTime:0.007001s ]
INFO: [ view_parse ] --START--
INFO: [ template_filter ] --START--
INFO: Run Behavior\ContentReplaceBehavior [ RunTime:0.001000s ]
INFO: [ template_filter ] --END-- [ RunTime:0.003000s ]
NOTIC: [8] Undefined variable: admin_name D:\wamp\www\jiadianshop\Application\Runtime\Cache\Admin\bdb24232b8dcb412d439a202b1caa9a5.php 第 44 行.
INFO: Run Behavior\ParseTemplateBehavior [ RunTime:0.041002s ]
INFO: [ view_parse ] --END-- [ RunTime:0.044003s ]
INFO: [ view_filter ] --START--
INFO: Run Behavior\WriteHtmlCacheBehavior [ RunTime:0.002000s ]
INFO: [ view_filter ] --END-- [ RunTime:0.004000s ]
INFO: [ app_end ] --START--
INFO: Run Behavior\ShowPageTraceBehavior [ RunTime:0.002001s ]
INFO: [ app_end ] --END-- [ RunTime:0.004001s ]

[ 2017-02-23T11:16:09+08:00 ] ::1 /jiadianshop/index.php/Admin/Index/main.html
INFO: [ app_init ] --START--
INFO: Run Behavior\BuildLiteBehavior [ RunTime:0.002000s ]
INFO: [ app_init ] --END-- [ RunTime:0.006000s ]
INFO: [ app_begin ] --START--
INFO: Run Behavior\ReadHtmlCacheBehavior [ RunTime:0.003000s ]
INFO: [ app_begin ] --END-- [ RunTime:0.007001s ]
INFO: [ view_parse ] --START--
INFO: [ template_filter ] --START--
INFO: Run Behavior\ContentReplaceBehavior [ RunTime:0.001000s ]
INFO: [ template_filter ] --END-- [ RunTime:0.003000s ]
NOTIC: [8] Undefined variable: admin_id D:\wamp\www\jiadianshop\Application\Runtime\Cache\Admin\b0f0b709690a72033d17719e8059053c.php 第 27 行.
NOTIC: [8] Undefined variable: last_login D:\wamp\www\jiadianshop\Application\Runtime\Cache\Admin\b0f0b709690a72033d17719e8059053c.php 第 32 行.
INFO: Run Behavior\ParseTemplateBehavior [ RunTime:0.049002s ]
INFO: [ view_parse ] --END-- [ RunTime:0.051003s ]
INFO: [ view_filter ] --START--
INFO: Run Behavior\WriteHtmlCacheBehavior [ RunTime:0.002001s ]
INFO: [ view_filter ] --END-- [ RunTime:0.004001s ]
INFO: [ app_end ] --START--
INFO: Run Behavior\ShowPageTraceBehavior [ RunTime:0.002000s ]
INFO: [ app_end ] --END-- [ RunTime:0.004000s ]

[ 2017-02-23T11:16:09+08:00 ] ::1 /jiadianshop/index.php/Admin/Index/left.html
INFO: [ app_init ] --START--
INFO: Run Behavior\BuildLiteBehavior [ RunTime:0.001000s ]
INFO: [ app_init ] --END-- [ RunTime:0.006000s ]
INFO: [ app_begin ] --START--
INFO: Run Behavior\ReadHtmlCacheBehavior [ RunTime:0.003000s ]
INFO: [ app_begin ] --END-- [ RunTime:0.006000s ]
SQL: SHOW COLUMNS FROM `jd_admin` [ RunTime:0.0030s ]
SQL: SELECT `permission` FROM `jd_admin` WHERE `admin_id` = 1 LIMIT 1   [ RunTime:0.0010s ]
INFO: [ view_parse ] --START--
INFO: [ template_filter ] --START--
INFO: Run Behavior\ContentReplaceBehavior [ RunTime:0.001000s ]
INFO: [ template_filter ] --END-- [ RunTime:0.003000s ]
NOTIC: [8] Undefined variable: pri_list D:\wamp\www\jiadianshop\Application\Runtime\Cache\Admin\6778f0baf40e879d2b8c18d2052abd0c.php 第 192 行.
NOTIC: [2] in_array() expects parameter 2 to be array, null given D:\wamp\www\jiadianshop\Application\Runtime\Cache\Admin\6778f0baf40e879d2b8c18d2052abd0c.php 第 192 行.
NOTIC: [8] Undefined variable: id D:\wamp\www\jiadianshop\Application\Runtime\Cache\Admin\6778f0baf40e879d2b8c18d2052abd0c.php 第 192 行.
INFO: Run Behavior\ParseTemplateBehavior [ RunTime:0.167010s ]
INFO: [ view_parse ] --END-- [ RunTime:0.169010s ]
INFO: [ view_filter ] --START--
INFO: Run Behavior\WriteHtmlCacheBehavior [ RunTime:0.002000s ]
INFO: [ view_filter ] --END-- [ RunTime:0.004000s ]
INFO: [ app_end ] --START--
INFO: Run Behavior\ShowPageTraceBehavior [ RunTime:0.004001s ]
INFO: [ app_end ] --END-- [ RunTime:0.007001s ]

[ 2017-02-23T11:16:15+08:00 ] ::1 /jiadianshop/index.php/Admin/Goods/index.html
INFO: [ app_init ] --START--
INFO: Run Behavior\BuildLiteBehavior [ RunTime:0.001000s ]
INFO: [ app_init ] --END-- [ RunTime:0.006001s ]
INFO: [ app_begin ] --START--
INFO: Run Behavior\ReadHtmlCacheBehavior [ RunTime:0.004000s ]
INFO: [ app_begin ] --END-- [ RunTime:0.008000s ]
SQL: SHOW COLUMNS FROM `jd_goods` [ RunTime:0.0070s ]
SQL: SELECT COUNT(*) AS tp_count FROM `jd_goods` LIMIT 1   [ RunTime:0.0020s ]
SQL: SELECT * FROM `jd_goods` INNER JOIN jd_brands ON jd_goods.brand_id = jd_brands.brand_id  WHERE `is_delete` = 0 LIMIT 0,6   [ RunTime:0.0070s ]
INFO: [ view_parse ] --START--
INFO: [ template_filter ] --START--
INFO: Run Behavior\ContentReplaceBehavior [ RunTime:0.002000s ]
INFO: [ template_filter ] --END-- [ RunTime:0.006000s ]
NOTIC: [8] Undefined variable: cate_list D:\wamp\www\jiadianshop\Application\Runtime\Cache\Admin\3268fbbbd0eb3ffe30140f78ff508f86.php 第 69 行.
NOTIC: [2] Invalid argument supplied for foreach() D:\wamp\www\jiadianshop\Application\Runtime\Cache\Admin\3268fbbbd0eb3ffe30140f78ff508f86.php 第 69 行.
NOTIC: [8] Undefined variable: brand_list D:\wamp\www\jiadianshop\Application\Runtime\Cache\Admin\3268fbbbd0eb3ffe30140f78ff508f86.php 第 79 行.
NOTIC: [2] Invalid argument supplied for foreach() D:\wamp\www\jiadianshop\Application\Runtime\Cache\Admin\3268fbbbd0eb3ffe30140f78ff508f86.php 第 79 行.
NOTIC: [8] Undefined index: is_putaway D:\wamp\www\jiadianshop\Application\Runtime\Cache\Admin\3268fbbbd0eb3ffe30140f78ff508f86.php 第 94 行.
NOTIC: [8] Undefined index: is_putaway D:\wamp\www\jiadianshop\Application\Runtime\Cache\Admin\3268fbbbd0eb3ffe30140f78ff508f86.php 第 95 行.
NOTIC: [8] Undefined index: is_groupbuy D:\wamp\www\jiadianshop\Application\Runtime\Cache\Admin\3268fbbbd0eb3ffe30140f78ff508f86.php 第 103 行.
NOTIC: [8] Undefined index: is_groupbuy D:\wamp\www\jiadianshop\Application\Runtime\Cache\Admin\3268fbbbd0eb3ffe30140f78ff508f86.php 第 104 行.
NOTIC: [8] Undefined index: id D:\wamp\www\jiadianshop\Application\Runtime\Cache\Admin\3268fbbbd0eb3ffe30140f78ff508f86.php 第 142 行.
NOTIC: [8] Undefined index: p D:\wamp\www\jiadianshop\Application\Runtime\Cache\Admin\3268fbbbd0eb3ffe30140f78ff508f86.php 第 143 行.
NOTIC: [8] Undefined variable: i D:\wamp\www\jiadianshop\Application\Runtime\Cache\Admin\3268fbbbd0eb3ffe30140f78ff508f86.php 第 143 行.
NOTIC: [8] Undefined index: pro_info D:\wamp\www\jiadianshop\Application\Runtime\Cache\Admin\3268fbbbd0eb3ffe30140f78ff508f86.php 第 146 行.
NOTIC: [8] Undefined index: cate_name D:\wamp\www\jiadianshop\Application\Runtime\Cache\Admin\3268fbbbd0eb3ffe30140f78ff508f86.php 第 147 行.
NOTIC: [8] Undefined index: is_groupbuy D:\wamp\www\jiadianshop\Application\Runtime\Cache\Admin\3268fbbbd0eb3ffe30140f78ff508f86.php 第 163 行.
NOTIC: [8] Undefined index: groupbuy_price D:\wamp\www\jiadianshop\Application\Runtime\Cache\Admin\3268fbbbd0eb3ffe30140f78ff508f86.php 第 170 行.
NOTIC: [8] Undefined index: click_count D:\wamp\www\jiadianshop\Application\Runtime\Cache\Admin\3268fbbbd0eb3ffe30140f78ff508f86.php 第 171 行.
NOTIC: [8] Undefined index: id D:\wamp\www\jiadianshop\Application\Runtime\Cache\Admin\3268fbbbd0eb3ffe30140f78ff508f86.php 第 142 行.
NOTIC: [8] Undefined index: p D:\wamp\www\jiadianshop\Application\Runtime\Cache\Admin\3268fbbbd0eb3ffe30140f78ff508f86.php 第 143 行.
NOTIC: [8] Undefined index: pro_info D:\wamp\www\jiadianshop\Application\Runtime\Cache\Admin\3268fbbbd0eb3ffe30140f78ff508f86.php 第 146 行.
NOTIC: [8] Undefined index: cate_name D:\wamp\www\jiadianshop\Application\Runtime\Cache\Admin\3268fbbbd0eb3ffe30140f78ff508f86.php 第 147 行.
NOTIC: [8] Undefined index: is_groupbuy D:\wamp\www\jiadianshop\Application\Runtime\Cache\Admin\3268fbbbd0eb3ffe30140f78ff508f86.php 第 163 行.
NOTIC: [8] Undefined index: groupbuy_price D:\wamp\www\jiadianshop\Application\Runtime\Cache\Admin\3268fbbbd0eb3ffe30140f78ff508f86.php 第 170 行.
NOTIC: [8] Undefined index: click_count D:\wamp\www\jiadianshop\Application\Runtime\Cache\Admin\3268fbbbd0eb3ffe30140f78ff508f86.php 第 171 行.
NOTIC: [8] Undefined index: id D:\wamp\www\jiadianshop\Application\Runtime\Cache\Admin\3268fbbbd0eb3ffe30140f78ff508f86.php 第 142 行.
NOTIC: [8] Undefined index: p D:\wamp\www\jiadianshop\Application\Runtime\Cache\Admin\3268fbbbd0eb3ffe30140f78ff508f86.php 第 143 行.
NOTIC: [8] Undefined index: pro_info D:\wamp\www\jiadianshop\Application\Runtime\Cache\Admin\3268fbbbd0eb3ffe30140f78ff508f86.php 第 146 行.
NOTIC: [8] Undefined index: cate_name D:\wamp\www\jiadianshop\Application\Runtime\Cache\Admin\3268fbbbd0eb3ffe30140f78ff508f86.php 第 147 行.
NOTIC: [8] Undefined index: is_groupbuy D:\wamp\www\jiadianshop\Application\Runtime\Cache\Admin\3268fbbbd0eb3ffe30140f78ff508f86.php 第 163 行.
NOTIC: [8] Undefined index: groupbuy_price D:\wamp\www\jiadianshop\Application\Runtime\Cache\Admin\3268fbbbd0eb3ffe30140f78ff508f86.php 第 170 行.
NOTIC: [8] Undefined index: click_count D:\wamp\www\jiadianshop\Application\Runtime\Cache\Admin\3268fbbbd0eb3ffe30140f78ff508f86.php 第 171 行.
NOTIC: [8] Undefined index: id D:\wamp\www\jiadianshop\Application\Runtime\Cache\Admin\3268fbbbd0eb3ffe30140f78ff508f86.php 第 142 行.
NOTIC: [8] Undefined index: p D:\wamp\www\jiadianshop\Application\Runtime\Cache\Admin\3268fbbbd0eb3ffe30140f78ff508f86.php 第 143 行.
NOTIC: [8] Undefined index: pro_info D:\wamp\www\jiadianshop\Application\Runtime\Cache\Admin\3268fbbbd0eb3ffe30140f78ff508f86.php 第 146 行.
NOTIC: [8] Undefined index: cate_name D:\wamp\www\jiadianshop\Application\Runtime\Cache\Admin\3268fbbbd0eb3ffe30140f78ff508f86.php 第 147 行.
NOTIC: [8] Undefined index: is_groupbuy D:\wamp\www\jiadianshop\Application\Runtime\Cache\Admin\3268fbbbd0eb3ffe30140f78ff508f86.php 第 163 行.
NOTIC: [8] Undefined index: groupbuy_price D:\wamp\www\jiadianshop\Application\Runtime\Cache\Admin\3268fbbbd0eb3ffe30140f78ff508f86.php 第 170 行.
NOTIC: [8] Undefined index: click_count D:\wamp\www\jiadianshop\Application\Runtime\Cache\Admin\3268fbbbd0eb3ffe30140f78ff508f86.php 第 171 行.
NOTIC: [8] Undefined index: id D:\wamp\www\jiadianshop\Application\Runtime\Cache\Admin\3268fbbbd0eb3ffe30140f78ff508f86.php 第 142 行.
NOTIC: [8] Undefined index: p D:\wamp\www\jiadianshop\Application\Runtime\Cache\Admin\3268fbbbd0eb3ffe30140f78ff508f86.php 第 143 行.
NOTIC: [8] Undefined index: pro_info D:\wamp\www\jiadianshop\Application\Runtime\Cache\Admin\3268fbbbd0eb3ffe30140f78ff508f86.php 第 146 行.
NOTIC: [8] Undefined index: cate_name D:\wamp\www\jiadianshop\Application\Runtime\Cache\Admin\3268fbbbd0eb3ffe30140f78ff508f86.php 第 147 行.
NOTIC: [8] Undefined index: is_groupbuy D:\wamp\www\jiadianshop\Application\Runtime\Cache\Admin\3268fbbbd0eb3ffe30140f78ff508f86.php 第 163 行.
NOTIC: [8] Undefined index: groupbuy_price D:\wamp\www\jiadianshop\Application\Runtime\Cache\Admin\3268fbbbd0eb3ffe30140f78ff508f86.php 第 170 行.
NOTIC: [8] Undefined index: click_count D:\wamp\www\jiadianshop\Application\Runtime\Cache\Admin\3268fbbbd0eb3ffe30140f78ff508f86.php 第 171 行.
NOTIC: [8] Undefined index: id D:\wamp\www\jiadianshop\Application\Runtime\Cache\Admin\3268fbbbd0eb3ffe30140f78ff508f86.php 第 142 行.
NOTIC: [8] Undefined index: p D:\wamp\www\jiadianshop\Application\Runtime\Cache\Admin\3268fbbbd0eb3ffe30140f78ff508f86.php 第 143 行.
NOTIC: [8] Undefined index: pro_info D:\wamp\www\jiadianshop\Application\Runtime\Cache\Admin\3268fbbbd0eb3ffe30140f78ff508f86.php 第 146 行.
NOTIC: [8] Undefined index: cate_name D:\wamp\www\jiadianshop\Application\Runtime\Cache\Admin\3268fbbbd0eb3ffe30140f78ff508f86.php 第 147 行.
NOTIC: [8] Undefined index: is_groupbuy D:\wamp\www\jiadianshop\Application\Runtime\Cache\Admin\3268fbbbd0eb3ffe30140f78ff508f86.php 第 163 行.
NOTIC: [8] Undefined index: groupbuy_price D:\wamp\www\jiadianshop\Application\Runtime\Cache\Admin\3268fbbbd0eb3ffe30140f78ff508f86.php 第 170 行.
NOTIC: [8] Undefined index: click_count D:\wamp\www\jiadianshop\Application\Runtime\Cache\Admin\3268fbbbd0eb3ffe30140f78ff508f86.php 第 171 行.
INFO: Run Behavior\ParseTemplateBehavior [ RunTime:0.266015s ]
INFO: [ view_parse ] --END-- [ RunTime:0.269015s ]
INFO: [ view_filter ] --START--
INFO: Run Behavior\WriteHtmlCacheBehavior [ RunTime:0.002000s ]
INFO: [ view_filter ] --END-- [ RunTime:0.004000s ]
INFO: [ app_end ] --START--
INFO: Run Behavior\ShowPageTraceBehavior [ RunTime:0.001000s ]
INFO: [ app_end ] --END-- [ RunTime:0.004000s ]

[ 2017-02-23T11:16:26+08:00 ] ::1 /jiadianshop/index.php/Admin/Goods/editGoods/goods_id/4.html
INFO: [ app_init ] --START--
INFO: Run Behavior\BuildLiteBehavior [ RunTime:0.001000s ]
INFO: [ app_init ] --END-- [ RunTime:0.006000s ]
INFO: [ app_begin ] --START--
INFO: Run Behavior\ReadHtmlCacheBehavior [ RunTime:0.003000s ]
INFO: [ app_begin ] --END-- [ RunTime:0.005000s ]
SQL: SHOW COLUMNS FROM `jd_goods` [ RunTime:0.0040s ]
SQL: SELECT * FROM `jd_goods` INNER JOIN jd_goods_cat ON jd_goods.cat_id=jd_goods_cat.cat_id  WHERE `goods_id` = '4' LIMIT 1   [ RunTime:0.0040s ]
SQL: SHOW COLUMNS FROM `jd_goods_cat` [ RunTime:0.0010s ]
SQL: SELECT * FROM `jd_goods_cat`  [ RunTime:0.0010s ]
SQL: SHOW COLUMNS FROM `jd_brands` [ RunTime:0.0030s ]
SQL: SELECT * FROM `jd_brands` WHERE `brand_id` = 6 LIMIT 1   [ RunTime:0.0020s ]
SQL: SELECT * FROM `jd_brands`  [ RunTime:0.0010s ]
SQL: SHOW COLUMNS FROM `jd_goods_type` [ RunTime:0.0180s ]
SQL: SELECT * FROM `jd_goods_type`  [ RunTime:0.0010s ]
INFO: [ view_parse ] --START--
INFO: [ template_filter ] --START--
INFO: Run Behavior\ContentReplaceBehavior [ RunTime:0.001000s ]
INFO: [ template_filter ] --END-- [ RunTime:0.004000s ]
INFO: Run Behavior\ParseTemplateBehavior [ RunTime:0.104006s ]
INFO: [ view_parse ] --END-- [ RunTime:0.106006s ]
INFO: [ view_filter ] --START--
INFO: Run Behavior\WriteHtmlCacheBehavior [ RunTime:0.003000s ]
INFO: [ view_filter ] --END-- [ RunTime:0.005001s ]
INFO: [ app_end ] --START--
INFO: Run Behavior\ShowPageTraceBehavior [ RunTime:0.003000s ]
INFO: [ app_end ] --END-- [ RunTime:0.005000s ]

[ 2017-02-23T11:16:52+08:00 ] ::1 /jiadianshop/index.php/Admin/Goods/addGoods.html
INFO: [ app_init ] --START--
INFO: Run Behavior\BuildLiteBehavior [ RunTime:0.001000s ]
INFO: [ app_init ] --END-- [ RunTime:0.008000s ]
INFO: [ app_begin ] --START--
INFO: Run Behavior\ReadHtmlCacheBehavior [ RunTime:0.003000s ]
INFO: [ app_begin ] --END-- [ RunTime:0.006000s ]
SQL: SHOW COLUMNS FROM `jd_goods_cat` [ RunTime:0.0020s ]
SQL: SELECT * FROM `jd_goods_cat`  [ RunTime:0.0010s ]
SQL: SHOW COLUMNS FROM `jd_brands` [ RunTime:0.0030s ]
SQL: SELECT * FROM `jd_brands`  [ RunTime:0.0010s ]
SQL: SHOW COLUMNS FROM `jd_goods_type` [ RunTime:0.0030s ]
SQL: SELECT * FROM `jd_goods_type`  [ RunTime:0.0010s ]
INFO: [ view_parse ] --START--
INFO: [ template_filter ] --START--
INFO: Run Behavior\ContentReplaceBehavior [ RunTime:0.002000s ]
INFO: [ template_filter ] --END-- [ RunTime:0.006001s ]
INFO: Run Behavior\ParseTemplateBehavior [ RunTime:0.102005s ]
INFO: [ view_parse ] --END-- [ RunTime:0.105006s ]
INFO: [ view_filter ] --START--
INFO: Run Behavior\WriteHtmlCacheBehavior [ RunTime:0.002000s ]
INFO: [ view_filter ] --END-- [ RunTime:0.005000s ]
INFO: [ app_end ] --START--
INFO: Run Behavior\ShowPageTraceBehavior [ RunTime:0.003000s ]
INFO: [ app_end ] --END-- [ RunTime:0.007000s ]

[ 2017-02-23T11:17:03+08:00 ] ::1 /jiadianshop/index.php/Admin/Goods/cateList.html
INFO: [ app_init ] --START--
INFO: Run Behavior\BuildLiteBehavior [ RunTime:0.001000s ]
INFO: [ app_init ] --END-- [ RunTime:0.006000s ]
INFO: [ app_begin ] --START--
INFO: Run Behavior\ReadHtmlCacheBehavior [ RunTime:0.003000s ]
INFO: [ app_begin ] --END-- [ RunTime:0.005001s ]
SQL: SHOW COLUMNS FROM `jd_goods_cat` [ RunTime:0.0030s ]
SQL: SELECT * FROM `jd_goods_cat`  [ RunTime:0.0010s ]
INFO: [ view_parse ] --START--
INFO: [ template_filter ] --START--
INFO: Run Behavior\ContentReplaceBehavior [ RunTime:0.001000s ]
INFO: [ template_filter ] --END-- [ RunTime:0.003000s ]
INFO: Run Behavior\ParseTemplateBehavior [ RunTime:0.094006s ]
INFO: [ view_parse ] --END-- [ RunTime:0.096006s ]
INFO: [ view_filter ] --START--
INFO: Run Behavior\WriteHtmlCacheBehavior [ RunTime:0.002000s ]
INFO: [ view_filter ] --END-- [ RunTime:0.004000s ]
INFO: [ app_end ] --START--
INFO: Run Behavior\ShowPageTraceBehavior [ RunTime:0.002000s ]
INFO: [ app_end ] --END-- [ RunTime:0.003000s ]

[ 2017-02-23T11:17:19+08:00 ] ::1 /jiadianshop/index.php/Admin/Goods/brandList.html
INFO: [ app_init ] --START--
INFO: Run Behavior\BuildLiteBehavior [ RunTime:0.001000s ]
INFO: [ app_init ] --END-- [ RunTime:0.007000s ]
INFO: [ app_begin ] --START--
INFO: Run Behavior\ReadHtmlCacheBehavior [ RunTime:0.005000s ]
INFO: [ app_begin ] --END-- [ RunTime:0.008001s ]
SQL: SHOW COLUMNS FROM `jd_brands` [ RunTime:0.0040s ]
SQL: SELECT COUNT(*) AS tp_count FROM `jd_brands` LIMIT 1   [ RunTime:0.0010s ]
SQL: SELECT * FROM `jd_brands` LIMIT 0,10   [ RunTime:0.0010s ]
INFO: [ view_parse ] --START--
INFO: [ template_filter ] --START--
INFO: Run Behavior\ContentReplaceBehavior [ RunTime:0.001000s ]
INFO: [ template_filter ] --END-- [ RunTime:0.003000s ]
NOTIC: [8] Undefined index: name D:\wamp\www\jiadianshop\Application\Runtime\Cache\Admin\8ad682531753505dac7a94d431362521.php 第 46 行.
NOTIC: [8] Undefined index: p D:\wamp\www\jiadianshop\Application\Runtime\Cache\Admin\8ad682531753505dac7a94d431362521.php 第 77 行.
NOTIC: [8] Undefined variable: i D:\wamp\www\jiadianshop\Application\Runtime\Cache\Admin\8ad682531753505dac7a94d431362521.php 第 77 行.
NOTIC: [8] Undefined index: p D:\wamp\www\jiadianshop\Application\Runtime\Cache\Admin\8ad682531753505dac7a94d431362521.php 第 77 行.
NOTIC: [8] Undefined index: p D:\wamp\www\jiadianshop\Application\Runtime\Cache\Admin\8ad682531753505dac7a94d431362521.php 第 77 行.
NOTIC: [8] Undefined index: p D:\wamp\www\jiadianshop\Application\Runtime\Cache\Admin\8ad682531753505dac7a94d431362521.php 第 77 行.
NOTIC: [8] Undefined index: p D:\wamp\www\jiadianshop\Application\Runtime\Cache\Admin\8ad682531753505dac7a94d431362521.php 第 77 行.
NOTIC: [8] Undefined index: p D:\wamp\www\jiadianshop\Application\Runtime\Cache\Admin\8ad682531753505dac7a94d431362521.php 第 77 行.
NOTIC: [8] Undefined index: p D:\wamp\www\jiadianshop\Application\Runtime\Cache\Admin\8ad682531753505dac7a94d431362521.php 第 77 行.
NOTIC: [8] Undefined index: p D:\wamp\www\jiadianshop\Application\Runtime\Cache\Admin\8ad682531753505dac7a94d431362521.php 第 77 行.
NOTIC: [8] Undefined index: p D:\wamp\www\jiadianshop\Application\Runtime\Cache\Admin\8ad682531753505dac7a94d431362521.php 第 77 行.
NOTIC: [8] Undefined index: p D:\wamp\www\jiadianshop\Application\Runtime\Cache\Admin\8ad682531753505dac7a94d431362521.php 第 77 行.
INFO: Run Behavior\ParseTemplateBehavior [ RunTime:0.154009s ]
INFO: [ view_parse ] --END-- [ RunTime:0.156009s ]
INFO: [ view_filter ] --START--
INFO: Run Behavior\WriteHtmlCacheBehavior [ RunTime:0.002001s ]
INFO: [ view_filter ] --END-- [ RunTime:0.004001s ]
INFO: [ app_end ] --START--
INFO: Run Behavior\ShowPageTraceBehavior [ RunTime:0.002000s ]
INFO: [ app_end ] --END-- [ RunTime:0.004000s ]

[ 2017-02-23T11:17:26+08:00 ] ::1 /jiadianshop/index.php/Admin/Goods/typeList.html
INFO: [ app_init ] --START--
INFO: Run Behavior\BuildLiteBehavior [ RunTime:0.001000s ]
INFO: [ app_init ] --END-- [ RunTime:0.004000s ]
INFO: [ app_begin ] --START--
INFO: Run Behavior\ReadHtmlCacheBehavior [ RunTime:0.003000s ]
INFO: [ app_begin ] --END-- [ RunTime:0.005000s ]
SQL: SHOW COLUMNS FROM `jd_goods_type` [ RunTime:0.0040s ]
SQL: SELECT * FROM `jd_goods_type`  [ RunTime:0.0020s ]
INFO: [ view_parse ] --START--
INFO: [ template_filter ] --START--
INFO: Run Behavior\ContentReplaceBehavior [ RunTime:0.001000s ]
INFO: [ template_filter ] --END-- [ RunTime:0.003000s ]
NOTIC: [8] Undefined index: name D:\wamp\www\jiadianshop\Application\Runtime\Cache\Admin\72491030b312071af75970d5dce4421a.php 第 47 行.
NOTIC: [8] Undefined index: p D:\wamp\www\jiadianshop\Application\Runtime\Cache\Admin\72491030b312071af75970d5dce4421a.php 第 77 行.
NOTIC: [8] Undefined variable: i D:\wamp\www\jiadianshop\Application\Runtime\Cache\Admin\72491030b312071af75970d5dce4421a.php 第 77 行.
NOTIC: [8] Undefined index: p D:\wamp\www\jiadianshop\Application\Runtime\Cache\Admin\72491030b312071af75970d5dce4421a.php 第 77 行.
NOTIC: [8] Undefined variable: page D:\wamp\www\jiadianshop\Application\Runtime\Cache\Admin\72491030b312071af75970d5dce4421a.php 第 99 行.
INFO: Run Behavior\ParseTemplateBehavior [ RunTime:0.134007s ]
INFO: [ view_parse ] --END-- [ RunTime:0.137007s ]
INFO: [ view_filter ] --START--
INFO: Run Behavior\WriteHtmlCacheBehavior [ RunTime:0.004001s ]
INFO: [ view_filter ] --END-- [ RunTime:0.006001s ]
INFO: [ app_end ] --START--
INFO: Run Behavior\ShowPageTraceBehavior [ RunTime:0.002000s ]
INFO: [ app_end ] --END-- [ RunTime:0.006000s ]

[ 2017-02-23T11:17:33+08:00 ] ::1 /jiadianshop/index.php/Admin/Order/index.html
INFO: [ app_init ] --START--
INFO: Run Behavior\BuildLiteBehavior [ RunTime:0.001000s ]
INFO: [ app_init ] --END-- [ RunTime:0.003000s ]
INFO: [ app_begin ] --START--
INFO: Run Behavior\ReadHtmlCacheBehavior [ RunTime:0.003000s ]
INFO: [ app_begin ] --END-- [ RunTime:0.005001s ]
SQL: SHOW COLUMNS FROM `jd_order` [ RunTime:0.0230s ]
SQL: SELECT COUNT(*) AS tp_count FROM `jd_order` LIMIT 1   [ RunTime:0.0020s ]
SQL: SELECT * FROM `jd_order` INNER JOIN jd_address ON jd_order.address_id=jd_address.address_id  LIMIT 0,11   [ RunTime:0.0270s ]
INFO: [ view_parse ] --START--
INFO: [ template_filter ] --START--
INFO: Run Behavior\ContentReplaceBehavior [ RunTime:0.001000s ]
INFO: [ template_filter ] --END-- [ RunTime:0.003000s ]
NOTIC: [8] Undefined index: order_status D:\wamp\www\jiadianshop\Application\Runtime\Cache\Admin\18bc66a7b6334412ab8e61a2539ecfbd.php 第 67 行.
NOTIC: [8] Undefined index: order_status D:\wamp\www\jiadianshop\Application\Runtime\Cache\Admin\18bc66a7b6334412ab8e61a2539ecfbd.php 第 68 行.
NOTIC: [8] Undefined index: order_status D:\wamp\www\jiadianshop\Application\Runtime\Cache\Admin\18bc66a7b6334412ab8e61a2539ecfbd.php 第 69 行.
NOTIC: [8] Undefined index: order_status D:\wamp\www\jiadianshop\Application\Runtime\Cache\Admin\18bc66a7b6334412ab8e61a2539ecfbd.php 第 70 行.
NOTIC: [8] Undefined index: order_status D:\wamp\www\jiadianshop\Application\Runtime\Cache\Admin\18bc66a7b6334412ab8e61a2539ecfbd.php 第 71 行.
NOTIC: [8] Undefined index: order_status D:\wamp\www\jiadianshop\Application\Runtime\Cache\Admin\18bc66a7b6334412ab8e61a2539ecfbd.php 第 72 行.
NOTIC: [8] Undefined index: order_status D:\wamp\www\jiadianshop\Application\Runtime\Cache\Admin\18bc66a7b6334412ab8e61a2539ecfbd.php 第 73 行.
NOTIC: [8] Undefined index: post_status D:\wamp\www\jiadianshop\Application\Runtime\Cache\Admin\18bc66a7b6334412ab8e61a2539ecfbd.php 第 81 行.
NOTIC: [8] Undefined index: post_status D:\wamp\www\jiadianshop\Application\Runtime\Cache\Admin\18bc66a7b6334412ab8e61a2539ecfbd.php 第 82 行.
NOTIC: [8] Undefined index: post_status D:\wamp\www\jiadianshop\Application\Runtime\Cache\Admin\18bc66a7b6334412ab8e61a2539ecfbd.php 第 83 行.
NOTIC: [8] Undefined index: return_status D:\wamp\www\jiadianshop\Application\Runtime\Cache\Admin\18bc66a7b6334412ab8e61a2539ecfbd.php 第 96 行.
NOTIC: [8] Undefined index: return_status D:\wamp\www\jiadianshop\Application\Runtime\Cache\Admin\18bc66a7b6334412ab8e61a2539ecfbd.php 第 97 行.
NOTIC: [8] Undefined index: return_status D:\wamp\www\jiadianshop\Application\Runtime\Cache\Admin\18bc66a7b6334412ab8e61a2539ecfbd.php 第 98 行.
NOTIC: [8] Undefined index: return_status D:\wamp\www\jiadianshop\Application\Runtime\Cache\Admin\18bc66a7b6334412ab8e61a2539ecfbd.php 第 99 行.
NOTIC: [8] Undefined index: return_status D:\wamp\www\jiadianshop\Application\Runtime\Cache\Admin\18bc66a7b6334412ab8e61a2539ecfbd.php 第 100 行.
NOTIC: [8] Undefined index: return_status D:\wamp\www\jiadianshop\Application\Runtime\Cache\Admin\18bc66a7b6334412ab8e61a2539ecfbd.php 第 101 行.
NOTIC: [8] Undefined index: is_comment D:\wamp\www\jiadianshop\Application\Runtime\Cache\Admin\18bc66a7b6334412ab8e61a2539ecfbd.php 第 109 行.
NOTIC: [8] Undefined index: is_comment D:\wamp\www\jiadianshop\Application\Runtime\Cache\Admin\18bc66a7b6334412ab8e61a2539ecfbd.php 第 110 行.
NOTIC: [8] Undefined index: p D:\wamp\www\jiadianshop\Application\Runtime\Cache\Admin\18bc66a7b6334412ab8e61a2539ecfbd.php 第 135 行.
NOTIC: [8] Undefined variable: i D:\wamp\www\jiadianshop\Application\Runtime\Cache\Admin\18bc66a7b6334412ab8e61a2539ecfbd.php 第 135 行.
NOTIC: [8] Undefined index: order_status D:\wamp\www\jiadianshop\Application\Runtime\Cache\Admin\18bc66a7b6334412ab8e61a2539ecfbd.php 第 145 行.
NOTIC: [8] Undefined index: p D:\wamp\www\jiadianshop\Application\Runtime\Cache\Admin\18bc66a7b6334412ab8e61a2539ecfbd.php 第 135 行.
NOTIC: [8] Undefined index: order_status D:\wamp\www\jiadianshop\Application\Runtime\Cache\Admin\18bc66a7b6334412ab8e61a2539ecfbd.php 第 145 行.
NOTIC: [8] Undefined index: p D:\wamp\www\jiadianshop\Application\Runtime\Cache\Admin\18bc66a7b6334412ab8e61a2539ecfbd.php 第 135 行.
NOTIC: [8] Undefined index: order_status D:\wamp\www\jiadianshop\Application\Runtime\Cache\Admin\18bc66a7b6334412ab8e61a2539ecfbd.php 第 145 行.
NOTIC: [8] Undefined index: p D:\wamp\www\jiadianshop\Application\Runtime\Cache\Admin\18bc66a7b6334412ab8e61a2539ecfbd.php 第 135 行.
NOTIC: [8] Undefined index: order_status D:\wamp\www\jiadianshop\Application\Runtime\Cache\Admin\18bc66a7b6334412ab8e61a2539ecfbd.php 第 145 行.
NOTIC: [8] Undefined index: p D:\wamp\www\jiadianshop\Application\Runtime\Cache\Admin\18bc66a7b6334412ab8e61a2539ecfbd.php 第 135 行.
NOTIC: [8] Undefined index: order_status D:\wamp\www\jiadianshop\Application\Runtime\Cache\Admin\18bc66a7b6334412ab8e61a2539ecfbd.php 第 145 行.
NOTIC: [8] Undefined index: p D:\wamp\www\jiadianshop\Application\Runtime\Cache\Admin\18bc66a7b6334412ab8e61a2539ecfbd.php 第 135 行.
NOTIC: [8] Undefined index: order_status D:\wamp\www\jiadianshop\Application\Runtime\Cache\Admin\18bc66a7b6334412ab8e61a2539ecfbd.php 第 145 行.
NOTIC: [8] Undefined index: p D:\wamp\www\jiadianshop\Application\Runtime\Cache\Admin\18bc66a7b6334412ab8e61a2539ecfbd.php 第 135 行.
NOTIC: [8] Undefined index: order_status D:\wamp\www\jiadianshop\Application\Runtime\Cache\Admin\18bc66a7b6334412ab8e61a2539ecfbd.php 第 145 行.
NOTIC: [8] Undefined index: p D:\wamp\www\jiadianshop\Application\Runtime\Cache\Admin\18bc66a7b6334412ab8e61a2539ecfbd.php 第 135 行.
NOTIC: [8] Undefined index: order_status D:\wamp\www\jiadianshop\Application\Runtime\Cache\Admin\18bc66a7b6334412ab8e61a2539ecfbd.php 第 145 行.
NOTIC: [8] Undefined index: p D:\wamp\www\jiadianshop\Application\Runtime\Cache\Admin\18bc66a7b6334412ab8e61a2539ecfbd.php 第 135 行.
NOTIC: [8] Undefined index: order_status D:\wamp\www\jiadianshop\Application\Runtime\Cache\Admin\18bc66a7b6334412ab8e61a2539ecfbd.php 第 145 行.
NOTIC: [8] Undefined index: p D:\wamp\www\jiadianshop\Application\Runtime\Cache\Admin\18bc66a7b6334412ab8e61a2539ecfbd.php 第 135 行.
NOTIC: [8] Undefined index: order_status D:\wamp\www\jiadianshop\Application\Runtime\Cache\Admin\18bc66a7b6334412ab8e61a2539ecfbd.php 第 145 行.
NOTIC: [8] Undefined index: p D:\wamp\www\jiadianshop\Application\Runtime\Cache\Admin\18bc66a7b6334412ab8e61a2539ecfbd.php 第 135 行.
NOTIC: [8] Undefined index: order_status D:\wamp\www\jiadianshop\Application\Runtime\Cache\Admin\18bc66a7b6334412ab8e61a2539ecfbd.php 第 145 行.
INFO: Run Behavior\ParseTemplateBehavior [ RunTime:0.172010s ]
INFO: [ view_parse ] --END-- [ RunTime:0.174010s ]
INFO: [ view_filter ] --START--
INFO: Run Behavior\WriteHtmlCacheBehavior [ RunTime:0.002000s ]
INFO: [ view_filter ] --END-- [ RunTime:0.004000s ]
INFO: [ app_end ] --START--
INFO: Run Behavior\ShowPageTraceBehavior [ RunTime:0.002000s ]
INFO: [ app_end ] --END-- [ RunTime:0.004000s ]

[ 2017-02-23T11:17:35+08:00 ] ::1 /jiadianshop/index.php/Admin/Order/search.html
INFO: [ app_init ] --START--
INFO: Run Behavior\BuildLiteBehavior [ RunTime:0.001000s ]
INFO: [ app_init ] --END-- [ RunTime:0.007000s ]
INFO: [ app_begin ] --START--
INFO: Run Behavior\ReadHtmlCacheBehavior [ RunTime:0.003000s ]
INFO: [ app_begin ] --END-- [ RunTime:0.005000s ]
SQL: SHOW COLUMNS FROM `jd_order` [ RunTime:0.0050s ]
NOTIC: [8] Undefined variable: order_list D:\wamp\www\jiadianshop\Application\Admin\Controller\OrderController.class.php 第 74 行.
INFO: [ view_parse ] --START--
INFO: [ template_filter ] --START--
INFO: Run Behavior\ContentReplaceBehavior [ RunTime:0.001000s ]
INFO: [ template_filter ] --END-- [ RunTime:0.005000s ]
NOTIC: [8] Undefined index: post_status D:\wamp\www\jiadianshop\Application\Runtime\Cache\Admin\090dee6213effbb6977ec2184c322942.php 第 81 行.
NOTIC: [8] Undefined index: post_status D:\wamp\www\jiadianshop\Application\Runtime\Cache\Admin\090dee6213effbb6977ec2184c322942.php 第 82 行.
NOTIC: [8] Undefined index: post_status D:\wamp\www\jiadianshop\Application\Runtime\Cache\Admin\090dee6213effbb6977ec2184c322942.php 第 83 行.
NOTIC: [2] Invalid argument supplied for foreach() D:\wamp\www\jiadianshop\Application\Runtime\Cache\Admin\090dee6213effbb6977ec2184c322942.php 第 134 行.
NOTIC: [8] Undefined variable: page D:\wamp\www\jiadianshop\Application\Runtime\Cache\Admin\090dee6213effbb6977ec2184c322942.php 第 160 行.
INFO: Run Behavior\ParseTemplateBehavior [ RunTime:0.087005s ]
INFO: [ view_parse ] --END-- [ RunTime:0.089005s ]
INFO: [ view_filter ] --START--
INFO: Run Behavior\WriteHtmlCacheBehavior [ RunTime:0.003000s ]
INFO: [ view_filter ] --END-- [ RunTime:0.004000s ]
INFO: [ app_end ] --START--
INFO: Run Behavior\ShowPageTraceBehavior [ RunTime:0.003000s ]
INFO: [ app_end ] --END-- [ RunTime:0.004000s ]

[ 2017-02-23T11:17:40+08:00 ] ::1 /jiadianshop/index.php/Admin/Advertise/index.html
INFO: [ app_init ] --START--
INFO: Run Behavior\BuildLiteBehavior [ RunTime:0.001000s ]
INFO: [ app_init ] --END-- [ RunTime:0.007001s ]
INFO: [ app_begin ] --START--
INFO: Run Behavior\ReadHtmlCacheBehavior [ RunTime:0.004000s ]
INFO: [ app_begin ] --END-- [ RunTime:0.008001s ]
SQL: SHOW COLUMNS FROM `jd_advertise` [ RunTime:0.0030s ]
SQL: SELECT * FROM `jd_advertise` INNER JOIN jd_advertise_pos ON jd_advertise.ad_pos_id=jd_advertise_pos.pos_id   [ RunTime:0.0100s ]
SQL: SELECT * FROM `jd_advertise` INNER JOIN jd_advertise_pos ON jd_advertise.ad_pos_id=jd_advertise_pos.pos_id   [ RunTime:0.0030s ]
INFO: [ view_parse ] --START--
INFO: [ template_filter ] --START--
INFO: Run Behavior\ContentReplaceBehavior [ RunTime:0.001000s ]
INFO: [ template_filter ] --END-- [ RunTime:0.002000s ]
NOTIC: [8] Undefined index: name D:\wamp\www\jiadianshop\Application\Runtime\Cache\Admin\cce714a9222456ac557f669d4a4037ee.php 第 54 行.
NOTIC: [8] Undefined index: p D:\wamp\www\jiadianshop\Application\Runtime\Cache\Admin\cce714a9222456ac557f669d4a4037ee.php 第 86 行.
NOTIC: [8] Undefined variable: i D:\wamp\www\jiadianshop\Application\Runtime\Cache\Admin\cce714a9222456ac557f669d4a4037ee.php 第 86 行.
NOTIC: [8] Undefined index: ad_pos D:\wamp\www\jiadianshop\Application\Runtime\Cache\Admin\cce714a9222456ac557f669d4a4037ee.php 第 87 行.
NOTIC: [8] Undefined index: is_expire D:\wamp\www\jiadianshop\Application\Runtime\Cache\Admin\cce714a9222456ac557f669d4a4037ee.php 第 99 行.
NOTIC: [8] Undefined index: p D:\wamp\www\jiadianshop\Application\Runtime\Cache\Admin\cce714a9222456ac557f669d4a4037ee.php 第 86 行.
NOTIC: [8] Undefined index: ad_pos D:\wamp\www\jiadianshop\Application\Runtime\Cache\Admin\cce714a9222456ac557f669d4a4037ee.php 第 87 行.
NOTIC: [8] Undefined index: is_expire D:\wamp\www\jiadianshop\Application\Runtime\Cache\Admin\cce714a9222456ac557f669d4a4037ee.php 第 99 行.
NOTIC: [8] Undefined index: p D:\wamp\www\jiadianshop\Application\Runtime\Cache\Admin\cce714a9222456ac557f669d4a4037ee.php 第 86 行.
NOTIC: [8] Undefined index: ad_pos D:\wamp\www\jiadianshop\Application\Runtime\Cache\Admin\cce714a9222456ac557f669d4a4037ee.php 第 87 行.
NOTIC: [8] Undefined index: is_expire D:\wamp\www\jiadianshop\Application\Runtime\Cache\Admin\cce714a9222456ac557f669d4a4037ee.php 第 99 行.
NOTIC: [8] Undefined index: p D:\wamp\www\jiadianshop\Application\Runtime\Cache\Admin\cce714a9222456ac557f669d4a4037ee.php 第 86 行.
NOTIC: [8] Undefined index: ad_pos D:\wamp\www\jiadianshop\Application\Runtime\Cache\Admin\cce714a9222456ac557f669d4a4037ee.php 第 87 行.
NOTIC: [8] Undefined index: is_expire D:\wamp\www\jiadianshop\Application\Runtime\Cache\Admin\cce714a9222456ac557f669d4a4037ee.php 第 99 行.
NOTIC: [8] Undefined index: p D:\wamp\www\jiadianshop\Application\Runtime\Cache\Admin\cce714a9222456ac557f669d4a4037ee.php 第 86 行.
NOTIC: [8] Undefined index: ad_pos D:\wamp\www\jiadianshop\Application\Runtime\Cache\Admin\cce714a9222456ac557f669d4a4037ee.php 第 87 行.
NOTIC: [8] Undefined index: is_expire D:\wamp\www\jiadianshop\Application\Runtime\Cache\Admin\cce714a9222456ac557f669d4a4037ee.php 第 99 行.
NOTIC: [8] Undefined index: p D:\wamp\www\jiadianshop\Application\Runtime\Cache\Admin\cce714a9222456ac557f669d4a4037ee.php 第 86 行.
NOTIC: [8] Undefined index: ad_pos D:\wamp\www\jiadianshop\Application\Runtime\Cache\Admin\cce714a9222456ac557f669d4a4037ee.php 第 87 行.
NOTIC: [8] Undefined index: is_expire D:\wamp\www\jiadianshop\Application\Runtime\Cache\Admin\cce714a9222456ac557f669d4a4037ee.php 第 99 行.
NOTIC: [8] Undefined index: p D:\wamp\www\jiadianshop\Application\Runtime\Cache\Admin\cce714a9222456ac557f669d4a4037ee.php 第 86 行.
NOTIC: [8] Undefined index: ad_pos D:\wamp\www\jiadianshop\Application\Runtime\Cache\Admin\cce714a9222456ac557f669d4a4037ee.php 第 87 行.
NOTIC: [8] Undefined index: is_expire D:\wamp\www\jiadianshop\Application\Runtime\Cache\Admin\cce714a9222456ac557f669d4a4037ee.php 第 99 行.
NOTIC: [8] Undefined index: p D:\wamp\www\jiadianshop\Application\Runtime\Cache\Admin\cce714a9222456ac557f669d4a4037ee.php 第 86 行.
NOTIC: [8] Undefined index: ad_pos D:\wamp\www\jiadianshop\Application\Runtime\Cache\Admin\cce714a9222456ac557f669d4a4037ee.php 第 87 行.
NOTIC: [8] Undefined index: is_expire D:\wamp\www\jiadianshop\Application\Runtime\Cache\Admin\cce714a9222456ac557f669d4a4037ee.php 第 99 行.
NOTIC: [8] Undefined index: p D:\wamp\www\jiadianshop\Application\Runtime\Cache\Admin\cce714a9222456ac557f669d4a4037ee.php 第 86 行.
NOTIC: [8] Undefined index: ad_pos D:\wamp\www\jiadianshop\Application\Runtime\Cache\Admin\cce714a9222456ac557f669d4a4037ee.php 第 87 行.
NOTIC: [8] Undefined index: is_expire D:\wamp\www\jiadianshop\Application\Runtime\Cache\Admin\cce714a9222456ac557f669d4a4037ee.php 第 99 行.
NOTIC: [8] Undefined index: p D:\wamp\www\jiadianshop\Application\Runtime\Cache\Admin\cce714a9222456ac557f669d4a4037ee.php 第 86 行.
NOTIC: [8] Undefined index: ad_pos D:\wamp\www\jiadianshop\Application\Runtime\Cache\Admin\cce714a9222456ac557f669d4a4037ee.php 第 87 行.
NOTIC: [8] Undefined index: is_expire D:\wamp\www\jiadianshop\Application\Runtime\Cache\Admin\cce714a9222456ac557f669d4a4037ee.php 第 99 行.
NOTIC: [8] Undefined variable: page D:\wamp\www\jiadianshop\Application\Runtime\Cache\Admin\cce714a9222456ac557f669d4a4037ee.php 第 123 行.
INFO: Run Behavior\ParseTemplateBehavior [ RunTime:0.125007s ]
INFO: [ view_parse ] --END-- [ RunTime:0.127007s ]
INFO: [ view_filter ] --START--
INFO: Run Behavior\WriteHtmlCacheBehavior [ RunTime:0.002000s ]
INFO: [ view_filter ] --END-- [ RunTime:0.004001s ]
INFO: [ app_end ] --START--
INFO: Run Behavior\ShowPageTraceBehavior [ RunTime:0.002000s ]
INFO: [ app_end ] --END-- [ RunTime:0.004000s ]

[ 2017-02-23T11:17:56+08:00 ] ::1 /jiadianshop/index.php/Admin/AdvertisePosition/index.html
INFO: [ app_init ] --START--
INFO: Run Behavior\BuildLiteBehavior [ RunTime:0.001000s ]
INFO: [ app_init ] --END-- [ RunTime:0.003000s ]
INFO: [ app_begin ] --START--
INFO: Run Behavior\ReadHtmlCacheBehavior [ RunTime:0.002000s ]
INFO: [ app_begin ] --END-- [ RunTime:0.004000s ]
SQL: SHOW COLUMNS FROM `jd_advertise_pos` [ RunTime:0.0030s ]
SQL: SELECT * FROM `jd_advertise_pos`  [ RunTime:0.0010s ]
INFO: [ view_parse ] --START--
INFO: [ template_filter ] --START--
INFO: Run Behavior\ContentReplaceBehavior [ RunTime:0.000000s ]
INFO: [ template_filter ] --END-- [ RunTime:0.002000s ]
NOTIC: [8] Undefined index: name D:\wamp\www\jiadianshop\Application\Runtime\Cache\Admin\b556492e74460d076132651bd126d8ba.php 第 48 行.
NOTIC: [8] Undefined index: p D:\wamp\www\jiadianshop\Application\Runtime\Cache\Admin\b556492e74460d076132651bd126d8ba.php 第 76 行.
NOTIC: [8] Undefined variable: i D:\wamp\www\jiadianshop\Application\Runtime\Cache\Admin\b556492e74460d076132651bd126d8ba.php 第 76 行.
NOTIC: [8] Undefined index: p D:\wamp\www\jiadianshop\Application\Runtime\Cache\Admin\b556492e74460d076132651bd126d8ba.php 第 76 行.
NOTIC: [8] Undefined index: p D:\wamp\www\jiadianshop\Application\Runtime\Cache\Admin\b556492e74460d076132651bd126d8ba.php 第 76 行.
NOTIC: [8] Undefined variable: page D:\wamp\www\jiadianshop\Application\Runtime\Cache\Admin\b556492e74460d076132651bd126d8ba.php 第 94 行.
INFO: Run Behavior\ParseTemplateBehavior [ RunTime:0.075004s ]
INFO: [ view_parse ] --END-- [ RunTime:0.077004s ]
INFO: [ view_filter ] --START--
INFO: Run Behavior\WriteHtmlCacheBehavior [ RunTime:0.002001s ]
INFO: [ view_filter ] --END-- [ RunTime:0.004001s ]
INFO: [ app_end ] --START--
INFO: Run Behavior\ShowPageTraceBehavior [ RunTime:0.002000s ]
INFO: [ app_end ] --END-- [ RunTime:0.004000s ]

[ 2017-02-23T11:18:02+08:00 ] ::1 /jiadianshop/index.php/Admin/Article/catList.html
INFO: [ app_init ] --START--
INFO: Run Behavior\BuildLiteBehavior [ RunTime:0.001000s ]
INFO: [ app_init ] --END-- [ RunTime:0.006000s ]
INFO: [ app_begin ] --START--
INFO: Run Behavior\ReadHtmlCacheBehavior [ RunTime:0.004000s ]
INFO: [ app_begin ] --END-- [ RunTime:0.009001s ]
SQL: SHOW COLUMNS FROM `jd_article_cat` [ RunTime:0.0200s ]
SQL: SELECT * FROM `jd_article_cat`  [ RunTime:0.0010s ]
SQL: SHOW COLUMNS FROM `jd_article_cat` [ RunTime:0.0010s ]
INFO: [ view_parse ] --START--
INFO: [ template_filter ] --START--
INFO: Run Behavior\ContentReplaceBehavior [ RunTime:0.001000s ]
INFO: [ template_filter ] --END-- [ RunTime:0.003001s ]
NOTIC: [8] Use of undefined constant cat_id - assumed 'cat_id' D:\wamp\www\jiadianshop\Application\Runtime\Cache\Admin\ed13a11cbb2f182506ea002ae8b83c51.php 第 50 行.
NOTIC: [8] Array to string conversion D:\wamp\www\jiadianshop\Application\Runtime\Cache\Admin\ed13a11cbb2f182506ea002ae8b83c51.php 第 50 行.
NOTIC: [8] Use of undefined constant cat_id - assumed 'cat_id' D:\wamp\www\jiadianshop\Application\Runtime\Cache\Admin\ed13a11cbb2f182506ea002ae8b83c51.php 第 50 行.
NOTIC: [8] Array to string conversion D:\wamp\www\jiadianshop\Application\Runtime\Cache\Admin\ed13a11cbb2f182506ea002ae8b83c51.php 第 50 行.
NOTIC: [8] Use of undefined constant cat_id - assumed 'cat_id' D:\wamp\www\jiadianshop\Application\Runtime\Cache\Admin\ed13a11cbb2f182506ea002ae8b83c51.php 第 50 行.
NOTIC: [8] Array to string conversion D:\wamp\www\jiadianshop\Application\Runtime\Cache\Admin\ed13a11cbb2f182506ea002ae8b83c51.php 第 50 行.
NOTIC: [8] Use of undefined constant cat_id - assumed 'cat_id' D:\wamp\www\jiadianshop\Application\Runtime\Cache\Admin\ed13a11cbb2f182506ea002ae8b83c51.php 第 50 行.
NOTIC: [8] Array to string conversion D:\wamp\www\jiadianshop\Application\Runtime\Cache\Admin\ed13a11cbb2f182506ea002ae8b83c51.php 第 50 行.
NOTIC: [8] Use of undefined constant cat_id - assumed 'cat_id' D:\wamp\www\jiadianshop\Application\Runtime\Cache\Admin\ed13a11cbb2f182506ea002ae8b83c51.php 第 50 行.
NOTIC: [8] Array to string conversion D:\wamp\www\jiadianshop\Application\Runtime\Cache\Admin\ed13a11cbb2f182506ea002ae8b83c51.php 第 50 行.
NOTIC: [8] Use of undefined constant cat_id - assumed 'cat_id' D:\wamp\www\jiadianshop\Application\Runtime\Cache\Admin\ed13a11cbb2f182506ea002ae8b83c51.php 第 50 行.
NOTIC: [8] Array to string conversion D:\wamp\www\jiadianshop\Application\Runtime\Cache\Admin\ed13a11cbb2f182506ea002ae8b83c51.php 第 50 行.
NOTIC: [8] Use of undefined constant cat_id - assumed 'cat_id' D:\wamp\www\jiadianshop\Application\Runtime\Cache\Admin\ed13a11cbb2f182506ea002ae8b83c51.php 第 50 行.
NOTIC: [8] Array to string conversion D:\wamp\www\jiadianshop\Application\Runtime\Cache\Admin\ed13a11cbb2f182506ea002ae8b83c51.php 第 50 行.
NOTIC: [8] Use of undefined constant cat_id - assumed 'cat_id' D:\wamp\www\jiadianshop\Application\Runtime\Cache\Admin\ed13a11cbb2f182506ea002ae8b83c51.php 第 50 行.
NOTIC: [8] Array to string conversion D:\wamp\www\jiadianshop\Application\Runtime\Cache\Admin\ed13a11cbb2f182506ea002ae8b83c51.php 第 50 行.
INFO: Run Behavior\ParseTemplateBehavior [ RunTime:0.151009s ]
INFO: [ view_parse ] --END-- [ RunTime:0.153009s ]
INFO: [ view_filter ] --START--
INFO: Run Behavior\WriteHtmlCacheBehavior [ RunTime:0.002000s ]
INFO: [ view_filter ] --END-- [ RunTime:0.004000s ]
INFO: [ app_end ] --START--
INFO: Run Behavior\ShowPageTraceBehavior [ RunTime:0.001000s ]
INFO: [ app_end ] --END-- [ RunTime:0.003000s ]

[ 2017-02-23T11:18:16+08:00 ] ::1 /jiadianshop/index.php/Admin/Article/index.html
INFO: [ app_init ] --START--
INFO: Run Behavior\BuildLiteBehavior [ RunTime:0.000000s ]
INFO: [ app_init ] --END-- [ RunTime:0.005000s ]
INFO: [ app_begin ] --START--
INFO: Run Behavior\ReadHtmlCacheBehavior [ RunTime:0.003000s ]
INFO: [ app_begin ] --END-- [ RunTime:0.006001s ]
SQL: SHOW COLUMNS FROM `jd_article` [ RunTime:0.0040s ]
SQL: SELECT COUNT(*) AS tp_count FROM `jd_article` LIMIT 1   [ RunTime:0.0020s ]
SQL: SELECT * FROM `jd_article` LEFT JOIN jd_article_cat ON jd_article.cat_id = jd_article_cat.cat_id  LIMIT 0,12   [ RunTime:0.0040s ]
INFO: [ view_parse ] --START--
INFO: [ template_filter ] --START--
INFO: Run Behavior\ContentReplaceBehavior [ RunTime:0.001000s ]
INFO: [ template_filter ] --END-- [ RunTime:0.003000s ]
NOTIC: [8] Use of undefined constant id - assumed 'id' D:\wamp\www\jiadianshop\Application\Runtime\Cache\Admin\7a4184ffe8f804b12b2e7f8851dd8f7d.php 第 41 行.
NOTIC: [8] Array to string conversion D:\wamp\www\jiadianshop\Application\Runtime\Cache\Admin\7a4184ffe8f804b12b2e7f8851dd8f7d.php 第 41 行.
NOTIC: [8] Use of undefined constant id - assumed 'id' D:\wamp\www\jiadianshop\Application\Runtime\Cache\Admin\7a4184ffe8f804b12b2e7f8851dd8f7d.php 第 41 行.
NOTIC: [8] Array to string conversion D:\wamp\www\jiadianshop\Application\Runtime\Cache\Admin\7a4184ffe8f804b12b2e7f8851dd8f7d.php 第 41 行.
NOTIC: [8] Use of undefined constant id - assumed 'id' D:\wamp\www\jiadianshop\Application\Runtime\Cache\Admin\7a4184ffe8f804b12b2e7f8851dd8f7d.php 第 41 行.
NOTIC: [8] Array to string conversion D:\wamp\www\jiadianshop\Application\Runtime\Cache\Admin\7a4184ffe8f804b12b2e7f8851dd8f7d.php 第 41 行.
NOTIC: [8] Use of undefined constant id - assumed 'id' D:\wamp\www\jiadianshop\Application\Runtime\Cache\Admin\7a4184ffe8f804b12b2e7f8851dd8f7d.php 第 41 行.
NOTIC: [8] Array to string conversion D:\wamp\www\jiadianshop\Application\Runtime\Cache\Admin\7a4184ffe8f804b12b2e7f8851dd8f7d.php 第 41 行.
NOTIC: [8] Use of undefined constant id - assumed 'id' D:\wamp\www\jiadianshop\Application\Runtime\Cache\Admin\7a4184ffe8f804b12b2e7f8851dd8f7d.php 第 41 行.
NOTIC: [8] Array to string conversion D:\wamp\www\jiadianshop\Application\Runtime\Cache\Admin\7a4184ffe8f804b12b2e7f8851dd8f7d.php 第 41 行.
NOTIC: [8] Use of undefined constant id - assumed 'id' D:\wamp\www\jiadianshop\Application\Runtime\Cache\Admin\7a4184ffe8f804b12b2e7f8851dd8f7d.php 第 41 行.
NOTIC: [8] Array to string conversion D:\wamp\www\jiadianshop\Application\Runtime\Cache\Admin\7a4184ffe8f804b12b2e7f8851dd8f7d.php 第 41 行.
NOTIC: [8] Use of undefined constant id - assumed 'id' D:\wamp\www\jiadianshop\Application\Runtime\Cache\Admin\7a4184ffe8f804b12b2e7f8851dd8f7d.php 第 41 行.
NOTIC: [8] Array to string conversion D:\wamp\www\jiadianshop\Application\Runtime\Cache\Admin\7a4184ffe8f804b12b2e7f8851dd8f7d.php 第 41 行.
NOTIC: [8] Use of undefined constant id - assumed 'id' D:\wamp\www\jiadianshop\Application\Runtime\Cache\Admin\7a4184ffe8f804b12b2e7f8851dd8f7d.php 第 41 行.
NOTIC: [8] Array to string conversion D:\wamp\www\jiadianshop\Application\Runtime\Cache\Admin\7a4184ffe8f804b12b2e7f8851dd8f7d.php 第 41 行.
NOTIC: [8] Use of undefined constant id - assumed 'id' D:\wamp\www\jiadianshop\Application\Runtime\Cache\Admin\7a4184ffe8f804b12b2e7f8851dd8f7d.php 第 41 行.
NOTIC: [8] Array to string conversion D:\wamp\www\jiadianshop\Application\Runtime\Cache\Admin\7a4184ffe8f804b12b2e7f8851dd8f7d.php 第 41 行.
INFO: Run Behavior\ParseTemplateBehavior [ RunTime:0.205012s ]
INFO: [ view_parse ] --END-- [ RunTime:0.207012s ]
INFO: [ view_filter ] --START--
INFO: Run Behavior\WriteHtmlCacheBehavior [ RunTime:0.002000s ]
INFO: [ view_filter ] --END-- [ RunTime:0.003000s ]
INFO: [ app_end ] --START--
INFO: Run Behavior\ShowPageTraceBehavior [ RunTime:0.002000s ]
INFO: [ app_end ] --END-- [ RunTime:0.004000s ]

