[ 2017-02-16T20:29:47+08:00 ] ::1 /jiadianshop/index.php/Admin/Index/index
INFO: [ app_init ] --START--
INFO: Run Behavior\BuildLiteBehavior [ RunTime:0.001000s ]
INFO: [ app_init ] --END-- [ RunTime:0.003000s ]
INFO: [ app_begin ] --START--
INFO: Run Behavior\ReadHtmlCacheBehavior [ RunTime:0.003000s ]
INFO: [ app_begin ] --END-- [ RunTime:0.005000s ]

[ 2017-02-16T20:29:47+08:00 ] ::1 /jiadianshop/index.php/Admin/Login/index.html
INFO: [ app_init ] --START--
INFO: Run Behavior\BuildLiteBehavior [ RunTime:0.001000s ]
INFO: [ app_init ] --END-- [ RunTime:0.003000s ]
INFO: [ app_begin ] --START--
INFO: Run Behavior\ReadHtmlCacheBehavior [ RunTime:0.002000s ]
INFO: [ app_begin ] --END-- [ RunTime:0.003000s ]
INFO: [ view_parse ] --START--
INFO: [ template_filter ] --START--
INFO: Run Behavior\ContentReplaceBehavior [ RunTime:0.001000s ]
INFO: [ template_filter ] --END-- [ RunTime:0.003000s ]
INFO: Run Behavior\ParseTemplateBehavior [ RunTime:0.047002s ]
INFO: [ view_parse ] --END-- [ RunTime:0.049003s ]
INFO: [ view_filter ] --START--
INFO: Run Behavior\WriteHtmlCacheBehavior [ RunTime:0.002000s ]
INFO: [ view_filter ] --END-- [ RunTime:0.004000s ]
INFO: [ app_end ] --START--
INFO: Run Behavior\ShowPageTraceBehavior [ RunTime:0.003000s ]
INFO: [ app_end ] --END-- [ RunTime:0.005000s ]

[ 2017-02-16T20:29:47+08:00 ] ::1 /jiadianshop/index.php/Admin/Login/showVerify.html
INFO: [ app_init ] --START--
INFO: Run Behavior\BuildLiteBehavior [ RunTime:0.000000s ]
INFO: [ app_init ] --END-- [ RunTime:0.003000s ]
INFO: [ app_begin ] --START--
INFO: Run Behavior\ReadHtmlCacheBehavior [ RunTime:0.003000s ]
INFO: [ app_begin ] --END-- [ RunTime:0.005000s ]
ERR: 非法操作:showVerify

[ 2017-02-16T20:29:48+08:00 ] ::1 /jiadianshop/index.php/Admin/Login/verifyCode.html?r=0.05677129420143201
INFO: [ app_init ] --START--
INFO: Run Behavior\BuildLiteBehavior [ RunTime:0.000000s ]
INFO: [ app_init ] --END-- [ RunTime:0.003000s ]
INFO: [ app_begin ] --START--
INFO: Run Behavior\ReadHtmlCacheBehavior [ RunTime:0.003000s ]
INFO: [ app_begin ] --END-- [ RunTime:0.005001s ]
INFO: [ app_end ] --START--
INFO: Run Behavior\ShowPageTraceBehavior [ RunTime:0.003000s ]
INFO: [ app_end ] --END-- [ RunTime:0.005000s ]

[ 2017-02-16T20:30:07+08:00 ] ::1 /jiadianshop/index.php/Admin/Login/loginAct.html
INFO: [ app_init ] --START--
INFO: Run Behavior\BuildLiteBehavior [ RunTime:0.000000s ]
INFO: [ app_init ] --END-- [ RunTime:0.003000s ]
INFO: [ app_begin ] --START--
INFO: Run Behavior\ReadHtmlCacheBehavior [ RunTime:0.003000s ]
INFO: [ app_begin ] --END-- [ RunTime:0.005000s ]
SQL: SHOW COLUMNS FROM `jd_admin` [ RunTime:0.0090s ]
SQL: SELECT * FROM `jd_admin` WHERE `admin_name` = 'admin' LIMIT 1   [ RunTime:0.0010s ]

[ 2017-02-16T20:30:07+08:00 ] ::1 /jiadianshop/index.php/Admin/Index/index.html
INFO: [ app_init ] --START--
INFO: Run Behavior\BuildLiteBehavior [ RunTime:0.000000s ]
INFO: [ app_init ] --END-- [ RunTime:0.003000s ]
INFO: [ app_begin ] --START--
INFO: Run Behavior\ReadHtmlCacheBehavior [ RunTime:0.003000s ]
INFO: [ app_begin ] --END-- [ RunTime:0.005000s ]
INFO: [ view_parse ] --START--
INFO: [ template_filter ] --START--
INFO: Run Behavior\ContentReplaceBehavior [ RunTime:0.001001s ]
INFO: [ template_filter ] --END-- [ RunTime:0.003001s ]
INFO: Run Behavior\ParseTemplateBehavior [ RunTime:0.059003s ]
INFO: [ view_parse ] --END-- [ RunTime:0.061003s ]
INFO: [ view_filter ] --START--
INFO: Run Behavior\WriteHtmlCacheBehavior [ RunTime:0.002000s ]
INFO: [ view_filter ] --END-- [ RunTime:0.004000s ]
INFO: [ app_end ] --START--
INFO: Run Behavior\ShowPageTraceBehavior [ RunTime:0.002001s ]
INFO: [ app_end ] --END-- [ RunTime:0.003001s ]

[ 2017-02-16T20:30:07+08:00 ] ::1 /jiadianshop/index.php/Admin/Index/top.html
INFO: [ app_init ] --START--
INFO: Run Behavior\BuildLiteBehavior [ RunTime:0.000000s ]
INFO: [ app_init ] --END-- [ RunTime:0.006001s ]
INFO: [ app_begin ] --START--
INFO: Run Behavior\ReadHtmlCacheBehavior [ RunTime:0.003000s ]
INFO: [ app_begin ] --END-- [ RunTime:0.007001s ]
INFO: [ view_parse ] --START--
INFO: [ template_filter ] --START--
INFO: Run Behavior\ContentReplaceBehavior [ RunTime:0.000000s ]
INFO: [ template_filter ] --END-- [ RunTime:0.002000s ]
NOTIC: [8] Undefined variable: admin_name D:\wamp\www\jiadianshop\Application\Runtime\Cache\Admin\bdb24232b8dcb412d439a202b1caa9a5.php 第 44 行.
INFO: Run Behavior\ParseTemplateBehavior [ RunTime:0.038002s ]
INFO: [ view_parse ] --END-- [ RunTime:0.041002s ]
INFO: [ view_filter ] --START--
INFO: Run Behavior\WriteHtmlCacheBehavior [ RunTime:0.001000s ]
INFO: [ view_filter ] --END-- [ RunTime:0.003000s ]
INFO: [ app_end ] --START--
INFO: Run Behavior\ShowPageTraceBehavior [ RunTime:0.002000s ]
INFO: [ app_end ] --END-- [ RunTime:0.004001s ]

[ 2017-02-16T20:30:07+08:00 ] ::1 /jiadianshop/index.php/Admin/Index/left.html
INFO: [ app_init ] --START--
INFO: Run Behavior\BuildLiteBehavior [ RunTime:0.000000s ]
INFO: [ app_init ] --END-- [ RunTime:0.005001s ]
INFO: [ app_begin ] --START--
INFO: Run Behavior\ReadHtmlCacheBehavior [ RunTime:0.003001s ]
INFO: [ app_begin ] --END-- [ RunTime:0.007001s ]
SQL: SHOW COLUMNS FROM `jd_admin` [ RunTime:0.0030s ]
SQL: SELECT `permission` FROM `jd_admin` WHERE `admin_id` = 1 LIMIT 1   [ RunTime:0.0010s ]
INFO: [ view_parse ] --START--
INFO: [ template_filter ] --START--
INFO: Run Behavior\ContentReplaceBehavior [ RunTime:0.001000s ]
INFO: [ template_filter ] --END-- [ RunTime:0.003001s ]
NOTIC: [8] Undefined variable: pri_list D:\wamp\www\jiadianshop\Application\Runtime\Cache\Admin\6778f0baf40e879d2b8c18d2052abd0c.php 第 192 行.
NOTIC: [2] in_array() expects parameter 2 to be array, null given D:\wamp\www\jiadianshop\Application\Runtime\Cache\Admin\6778f0baf40e879d2b8c18d2052abd0c.php 第 192 行.
NOTIC: [8] Undefined variable: id D:\wamp\www\jiadianshop\Application\Runtime\Cache\Admin\6778f0baf40e879d2b8c18d2052abd0c.php 第 192 行.
INFO: Run Behavior\ParseTemplateBehavior [ RunTime:0.159009s ]
INFO: [ view_parse ] --END-- [ RunTime:0.160010s ]
INFO: [ view_filter ] --START--
INFO: Run Behavior\WriteHtmlCacheBehavior [ RunTime:0.002000s ]
INFO: [ view_filter ] --END-- [ RunTime:0.003000s ]
INFO: [ app_end ] --START--
INFO: Run Behavior\ShowPageTraceBehavior [ RunTime:0.004000s ]
INFO: [ app_end ] --END-- [ RunTime:0.008000s ]

[ 2017-02-16T20:30:07+08:00 ] ::1 /jiadianshop/index.php/Admin/Index/main.html
INFO: [ app_init ] --START--
INFO: Run Behavior\BuildLiteBehavior [ RunTime:0.001000s ]
INFO: [ app_init ] --END-- [ RunTime:0.004000s ]
INFO: [ app_begin ] --START--
INFO: Run Behavior\ReadHtmlCacheBehavior [ RunTime:0.002000s ]
INFO: [ app_begin ] --END-- [ RunTime:0.007000s ]
INFO: [ view_parse ] --START--
INFO: [ template_filter ] --START--
INFO: Run Behavior\ContentReplaceBehavior [ RunTime:0.001001s ]
INFO: [ template_filter ] --END-- [ RunTime:0.004001s ]
NOTIC: [8] Undefined variable: admin_id D:\wamp\www\jiadianshop\Application\Runtime\Cache\Admin\b0f0b709690a72033d17719e8059053c.php 第 27 行.
NOTIC: [8] Undefined variable: last_login D:\wamp\www\jiadianshop\Application\Runtime\Cache\Admin\b0f0b709690a72033d17719e8059053c.php 第 32 行.
INFO: Run Behavior\ParseTemplateBehavior [ RunTime:0.041002s ]
INFO: [ view_parse ] --END-- [ RunTime:0.043002s ]
INFO: [ view_filter ] --START--
INFO: Run Behavior\WriteHtmlCacheBehavior [ RunTime:0.002000s ]
INFO: [ view_filter ] --END-- [ RunTime:0.004001s ]
INFO: [ app_end ] --START--
INFO: Run Behavior\ShowPageTraceBehavior [ RunTime:0.002000s ]
INFO: [ app_end ] --END-- [ RunTime:0.004000s ]

[ 2017-02-16T20:30:07+08:00 ] ::1 /jiadianshop/index.php/Admin/Index/footer.html
INFO: [ app_init ] --START--
INFO: Run Behavior\BuildLiteBehavior [ RunTime:0.001000s ]
INFO: [ app_init ] --END-- [ RunTime:0.005001s ]
INFO: [ app_begin ] --START--
INFO: Run Behavior\ReadHtmlCacheBehavior [ RunTime:0.003000s ]
INFO: [ app_begin ] --END-- [ RunTime:0.007001s ]
INFO: [ view_parse ] --START--
INFO: [ template_filter ] --START--
INFO: Run Behavior\ContentReplaceBehavior [ RunTime:0.001000s ]
INFO: [ template_filter ] --END-- [ RunTime:0.005000s ]
INFO: Run Behavior\ParseTemplateBehavior [ RunTime:0.037002s ]
INFO: [ view_parse ] --END-- [ RunTime:0.040002s ]
INFO: [ view_filter ] --START--
INFO: Run Behavior\WriteHtmlCacheBehavior [ RunTime:0.002000s ]
INFO: [ view_filter ] --END-- [ RunTime:0.004000s ]
INFO: [ app_end ] --START--
INFO: Run Behavior\ShowPageTraceBehavior [ RunTime:0.002000s ]
INFO: [ app_end ] --END-- [ RunTime:0.005000s ]

[ 2017-02-16T20:30:23+08:00 ] ::1 /jiadianshop/index.php/Admin/Article/index.html
INFO: [ app_init ] --START--
INFO: Run Behavior\BuildLiteBehavior [ RunTime:0.001000s ]
INFO: [ app_init ] --END-- [ RunTime:0.003000s ]
INFO: [ app_begin ] --START--
INFO: Run Behavior\ReadHtmlCacheBehavior [ RunTime:0.002000s ]
INFO: [ app_begin ] --END-- [ RunTime:0.004000s ]
SQL: SHOW COLUMNS FROM `jd_article` [ RunTime:0.0070s ]
SQL: SELECT COUNT(*) AS tp_count FROM `jd_article` LIMIT 1   [ RunTime:0.0000s ]
SQL: SELECT * FROM `jd_article` LEFT JOIN jd_article_cat ON jd_article.cat_id = jd_article_cat.cat_id  LIMIT 0,12   [ RunTime:0.0070s ]
INFO: [ view_parse ] --START--
INFO: [ template_filter ] --START--
INFO: Run Behavior\ContentReplaceBehavior [ RunTime:0.000000s ]
INFO: [ template_filter ] --END-- [ RunTime:0.003001s ]
NOTIC: [8] Use of undefined constant id - assumed 'id' D:\wamp\www\jiadianshop\Application\Runtime\Cache\Admin\7a4184ffe8f804b12b2e7f8851dd8f7d.php 第 41 行.
NOTIC: [8] Array to string conversion D:\wamp\www\jiadianshop\Application\Runtime\Cache\Admin\7a4184ffe8f804b12b2e7f8851dd8f7d.php 第 41 行.
NOTIC: [8] Use of undefined constant id - assumed 'id' D:\wamp\www\jiadianshop\Application\Runtime\Cache\Admin\7a4184ffe8f804b12b2e7f8851dd8f7d.php 第 41 行.
NOTIC: [8] Array to string conversion D:\wamp\www\jiadianshop\Application\Runtime\Cache\Admin\7a4184ffe8f804b12b2e7f8851dd8f7d.php 第 41 行.
NOTIC: [8] Use of undefined constant id - assumed 'id' D:\wamp\www\jiadianshop\Application\Runtime\Cache\Admin\7a4184ffe8f804b12b2e7f8851dd8f7d.php 第 41 行.
NOTIC: [8] Array to string conversion D:\wamp\www\jiadianshop\Application\Runtime\Cache\Admin\7a4184ffe8f804b12b2e7f8851dd8f7d.php 第 41 行.
NOTIC: [8] Use of undefined constant id - assumed 'id' D:\wamp\www\jiadianshop\Application\Runtime\Cache\Admin\7a4184ffe8f804b12b2e7f8851dd8f7d.php 第 41 行.
NOTIC: [8] Array to string conversion D:\wamp\www\jiadianshop\Application\Runtime\Cache\Admin\7a4184ffe8f804b12b2e7f8851dd8f7d.php 第 41 行.
NOTIC: [8] Use of undefined constant id - assumed 'id' D:\wamp\www\jiadianshop\Application\Runtime\Cache\Admin\7a4184ffe8f804b12b2e7f8851dd8f7d.php 第 41 行.
NOTIC: [8] Array to string conversion D:\wamp\www\jiadianshop\Application\Runtime\Cache\Admin\7a4184ffe8f804b12b2e7f8851dd8f7d.php 第 41 行.
NOTIC: [8] Use of undefined constant id - assumed 'id' D:\wamp\www\jiadianshop\Application\Runtime\Cache\Admin\7a4184ffe8f804b12b2e7f8851dd8f7d.php 第 41 行.
NOTIC: [8] Array to string conversion D:\wamp\www\jiadianshop\Application\Runtime\Cache\Admin\7a4184ffe8f804b12b2e7f8851dd8f7d.php 第 41 行.
NOTIC: [8] Use of undefined constant id - assumed 'id' D:\wamp\www\jiadianshop\Application\Runtime\Cache\Admin\7a4184ffe8f804b12b2e7f8851dd8f7d.php 第 41 行.
NOTIC: [8] Array to string conversion D:\wamp\www\jiadianshop\Application\Runtime\Cache\Admin\7a4184ffe8f804b12b2e7f8851dd8f7d.php 第 41 行.
NOTIC: [8] Use of undefined constant id - assumed 'id' D:\wamp\www\jiadianshop\Application\Runtime\Cache\Admin\7a4184ffe8f804b12b2e7f8851dd8f7d.php 第 41 行.
NOTIC: [8] Array to string conversion D:\wamp\www\jiadianshop\Application\Runtime\Cache\Admin\7a4184ffe8f804b12b2e7f8851dd8f7d.php 第 41 行.
NOTIC: [8] Use of undefined constant id - assumed 'id' D:\wamp\www\jiadianshop\Application\Runtime\Cache\Admin\7a4184ffe8f804b12b2e7f8851dd8f7d.php 第 41 行.
NOTIC: [8] Array to string conversion D:\wamp\www\jiadianshop\Application\Runtime\Cache\Admin\7a4184ffe8f804b12b2e7f8851dd8f7d.php 第 41 行.
INFO: Run Behavior\ParseTemplateBehavior [ RunTime:0.160010s ]
INFO: [ view_parse ] --END-- [ RunTime:0.162010s ]
INFO: [ view_filter ] --START--
INFO: Run Behavior\WriteHtmlCacheBehavior [ RunTime:0.001000s ]
INFO: [ view_filter ] --END-- [ RunTime:0.004000s ]
INFO: [ app_end ] --START--
INFO: Run Behavior\ShowPageTraceBehavior [ RunTime:0.002000s ]
INFO: [ app_end ] --END-- [ RunTime:0.005000s ]

[ 2017-02-16T20:30:27+08:00 ] ::1 /jiadianshop/index.php/Admin/Article/add.html
INFO: [ app_init ] --START--
INFO: Run Behavior\BuildLiteBehavior [ RunTime:0.000000s ]
INFO: [ app_init ] --END-- [ RunTime:0.003000s ]
INFO: [ app_begin ] --START--
INFO: Run Behavior\ReadHtmlCacheBehavior [ RunTime:0.002000s ]
INFO: [ app_begin ] --END-- [ RunTime:0.004000s ]
SQL: SHOW COLUMNS FROM `jd_article_cat` [ RunTime:0.0020s ]
SQL: SELECT * FROM `jd_article_cat`  [ RunTime:0.0010s ]
SQL: SHOW COLUMNS FROM `jd_article_cat` [ RunTime:0.0010s ]
INFO: [ view_parse ] --START--
INFO: [ template_filter ] --START--
INFO: Run Behavior\ContentReplaceBehavior [ RunTime:0.001000s ]
INFO: [ template_filter ] --END-- [ RunTime:0.003000s ]
INFO: Run Behavior\ParseTemplateBehavior [ RunTime:0.059003s ]
INFO: [ view_parse ] --END-- [ RunTime:0.061003s ]
INFO: [ view_filter ] --START--
INFO: Run Behavior\WriteHtmlCacheBehavior [ RunTime:0.002001s ]
INFO: [ view_filter ] --END-- [ RunTime:0.004001s ]
INFO: [ app_end ] --START--
INFO: Run Behavior\ShowPageTraceBehavior [ RunTime:0.003000s ]
INFO: [ app_end ] --END-- [ RunTime:0.004000s ]

[ 2017-02-16T21:55:15+08:00 ] ::1 /jiadianshop/index.php/Admin/Article/index.html
INFO: [ app_init ] --START--
INFO: Run Behavior\BuildLiteBehavior [ RunTime:0.000000s ]
INFO: [ app_init ] --END-- [ RunTime:0.003000s ]
INFO: [ app_begin ] --START--
INFO: Run Behavior\ReadHtmlCacheBehavior [ RunTime:0.002000s ]
INFO: [ app_begin ] --END-- [ RunTime:0.004000s ]
SQL: SHOW COLUMNS FROM `jd_article` [ RunTime:0.0020s ]
SQL: SELECT COUNT(*) AS tp_count FROM `jd_article` LIMIT 1   [ RunTime:0.0000s ]
SQL: SELECT * FROM `jd_article` LEFT JOIN jd_article_cat ON jd_article.cat_id = jd_article_cat.cat_id  LIMIT 0,12   [ RunTime:0.0030s ]
INFO: [ view_parse ] --START--
INFO: [ template_filter ] --START--
INFO: Run Behavior\ContentReplaceBehavior [ RunTime:0.001000s ]
INFO: [ template_filter ] --END-- [ RunTime:0.002000s ]
NOTIC: [8] Use of undefined constant id - assumed 'id' D:\wamp\www\jiadianshop\Application\Runtime\Cache\Admin\7a4184ffe8f804b12b2e7f8851dd8f7d.php 第 41 行.
NOTIC: [8] Array to string conversion D:\wamp\www\jiadianshop\Application\Runtime\Cache\Admin\7a4184ffe8f804b12b2e7f8851dd8f7d.php 第 41 行.
NOTIC: [8] Use of undefined constant id - assumed 'id' D:\wamp\www\jiadianshop\Application\Runtime\Cache\Admin\7a4184ffe8f804b12b2e7f8851dd8f7d.php 第 41 行.
NOTIC: [8] Array to string conversion D:\wamp\www\jiadianshop\Application\Runtime\Cache\Admin\7a4184ffe8f804b12b2e7f8851dd8f7d.php 第 41 行.
NOTIC: [8] Use of undefined constant id - assumed 'id' D:\wamp\www\jiadianshop\Application\Runtime\Cache\Admin\7a4184ffe8f804b12b2e7f8851dd8f7d.php 第 41 行.
NOTIC: [8] Array to string conversion D:\wamp\www\jiadianshop\Application\Runtime\Cache\Admin\7a4184ffe8f804b12b2e7f8851dd8f7d.php 第 41 行.
NOTIC: [8] Use of undefined constant id - assumed 'id' D:\wamp\www\jiadianshop\Application\Runtime\Cache\Admin\7a4184ffe8f804b12b2e7f8851dd8f7d.php 第 41 行.
NOTIC: [8] Array to string conversion D:\wamp\www\jiadianshop\Application\Runtime\Cache\Admin\7a4184ffe8f804b12b2e7f8851dd8f7d.php 第 41 行.
NOTIC: [8] Use of undefined constant id - assumed 'id' D:\wamp\www\jiadianshop\Application\Runtime\Cache\Admin\7a4184ffe8f804b12b2e7f8851dd8f7d.php 第 41 行.
NOTIC: [8] Array to string conversion D:\wamp\www\jiadianshop\Application\Runtime\Cache\Admin\7a4184ffe8f804b12b2e7f8851dd8f7d.php 第 41 行.
NOTIC: [8] Use of undefined constant id - assumed 'id' D:\wamp\www\jiadianshop\Application\Runtime\Cache\Admin\7a4184ffe8f804b12b2e7f8851dd8f7d.php 第 41 行.
NOTIC: [8] Array to string conversion D:\wamp\www\jiadianshop\Application\Runtime\Cache\Admin\7a4184ffe8f804b12b2e7f8851dd8f7d.php 第 41 行.
NOTIC: [8] Use of undefined constant id - assumed 'id' D:\wamp\www\jiadianshop\Application\Runtime\Cache\Admin\7a4184ffe8f804b12b2e7f8851dd8f7d.php 第 41 行.
NOTIC: [8] Array to string conversion D:\wamp\www\jiadianshop\Application\Runtime\Cache\Admin\7a4184ffe8f804b12b2e7f8851dd8f7d.php 第 41 行.
NOTIC: [8] Use of undefined constant id - assumed 'id' D:\wamp\www\jiadianshop\Application\Runtime\Cache\Admin\7a4184ffe8f804b12b2e7f8851dd8f7d.php 第 41 行.
NOTIC: [8] Array to string conversion D:\wamp\www\jiadianshop\Application\Runtime\Cache\Admin\7a4184ffe8f804b12b2e7f8851dd8f7d.php 第 41 行.
NOTIC: [8] Use of undefined constant id - assumed 'id' D:\wamp\www\jiadianshop\Application\Runtime\Cache\Admin\7a4184ffe8f804b12b2e7f8851dd8f7d.php 第 41 行.
NOTIC: [8] Array to string conversion D:\wamp\www\jiadianshop\Application\Runtime\Cache\Admin\7a4184ffe8f804b12b2e7f8851dd8f7d.php 第 41 行.
INFO: Run Behavior\ParseTemplateBehavior [ RunTime:0.150009s ]
INFO: [ view_parse ] --END-- [ RunTime:0.152009s ]
INFO: [ view_filter ] --START--
INFO: Run Behavior\WriteHtmlCacheBehavior [ RunTime:0.002000s ]
INFO: [ view_filter ] --END-- [ RunTime:0.004000s ]
INFO: [ app_end ] --START--
INFO: Run Behavior\ShowPageTraceBehavior [ RunTime:0.001001s ]
INFO: [ app_end ] --END-- [ RunTime:0.003001s ]

[ 2017-02-16T21:55:16+08:00 ] ::1 /jiadianshop/index.php/Admin/Article/add.html
INFO: [ app_init ] --START--
INFO: Run Behavior\BuildLiteBehavior [ RunTime:0.000000s ]
INFO: [ app_init ] --END-- [ RunTime:0.003001s ]
INFO: [ app_begin ] --START--
INFO: Run Behavior\ReadHtmlCacheBehavior [ RunTime:0.003000s ]
INFO: [ app_begin ] --END-- [ RunTime:0.006000s ]
SQL: SHOW COLUMNS FROM `jd_article_cat` [ RunTime:0.0030s ]
SQL: SELECT * FROM `jd_article_cat`  [ RunTime:0.0010s ]
SQL: SHOW COLUMNS FROM `jd_article_cat` [ RunTime:0.0010s ]
INFO: [ view_parse ] --START--
INFO: [ template_filter ] --START--
INFO: Run Behavior\ContentReplaceBehavior [ RunTime:0.000000s ]
INFO: [ template_filter ] --END-- [ RunTime:0.002000s ]
INFO: Run Behavior\ParseTemplateBehavior [ RunTime:0.065004s ]
INFO: [ view_parse ] --END-- [ RunTime:0.068004s ]
INFO: [ view_filter ] --START--
INFO: Run Behavior\WriteHtmlCacheBehavior [ RunTime:0.002000s ]
INFO: [ view_filter ] --END-- [ RunTime:0.004000s ]
INFO: [ app_end ] --START--
INFO: Run Behavior\ShowPageTraceBehavior [ RunTime:0.002000s ]
INFO: [ app_end ] --END-- [ RunTime:0.003000s ]

[ 2017-02-16T21:57:28+08:00 ] ::1 /jiadianshop/index.php/Admin/Article/add.html
INFO: [ app_init ] --START--
INFO: Run Behavior\BuildLiteBehavior [ RunTime:0.001000s ]
INFO: [ app_init ] --END-- [ RunTime:0.002000s ]
INFO: [ app_begin ] --START--
INFO: Run Behavior\ReadHtmlCacheBehavior [ RunTime:0.002000s ]
INFO: [ app_begin ] --END-- [ RunTime:0.004000s ]
SQL: SHOW COLUMNS FROM `jd_article_cat` [ RunTime:0.0030s ]
SQL: SELECT * FROM `jd_article_cat`  [ RunTime:0.0010s ]
SQL: SHOW COLUMNS FROM `jd_article_cat` [ RunTime:0.0010s ]
INFO: [ view_parse ] --START--
INFO: [ template_filter ] --START--
INFO: Run Behavior\ContentReplaceBehavior [ RunTime:0.001000s ]
INFO: [ template_filter ] --END-- [ RunTime:0.002000s ]
INFO: Run Behavior\ParseTemplateBehavior [ RunTime:0.069004s ]
INFO: [ view_parse ] --END-- [ RunTime:0.071004s ]
INFO: [ view_filter ] --START--
INFO: Run Behavior\WriteHtmlCacheBehavior [ RunTime:0.002000s ]
INFO: [ view_filter ] --END-- [ RunTime:0.004001s ]
INFO: [ app_end ] --START--
INFO: Run Behavior\ShowPageTraceBehavior [ RunTime:0.003000s ]
INFO: [ app_end ] --END-- [ RunTime:0.004000s ]

[ 2017-02-16T22:05:46+08:00 ] ::1 /jiadianshop/index.php/Admin/Article/add.html
INFO: [ app_init ] --START--
INFO: Run Behavior\BuildLiteBehavior [ RunTime:0.000000s ]
INFO: [ app_init ] --END-- [ RunTime:0.003000s ]
INFO: [ app_begin ] --START--
INFO: Run Behavior\ReadHtmlCacheBehavior [ RunTime:0.002000s ]
INFO: [ app_begin ] --END-- [ RunTime:0.005000s ]
SQL: SHOW COLUMNS FROM `jd_article_cat` [ RunTime:0.0030s ]
SQL: SELECT * FROM `jd_article_cat`  [ RunTime:0.0010s ]
SQL: SHOW COLUMNS FROM `jd_article_cat` [ RunTime:0.0020s ]
INFO: [ view_parse ] --START--
INFO: [ template_filter ] --START--
INFO: Run Behavior\ContentReplaceBehavior [ RunTime:0.001000s ]
INFO: [ template_filter ] --END-- [ RunTime:0.004000s ]
INFO: Run Behavior\ParseTemplateBehavior [ RunTime:0.059003s ]
INFO: [ view_parse ] --END-- [ RunTime:0.060003s ]
INFO: [ view_filter ] --START--
INFO: Run Behavior\WriteHtmlCacheBehavior [ RunTime:0.002000s ]
INFO: [ view_filter ] --END-- [ RunTime:0.003001s ]
INFO: [ app_end ] --START--
INFO: Run Behavior\ShowPageTraceBehavior [ RunTime:0.002000s ]
INFO: [ app_end ] --END-- [ RunTime:0.003000s ]

[ 2017-02-16T22:25:09+08:00 ] ::1 /jiadianshop/index.php/Admin/Index/index.html
INFO: [ app_init ] --START--
INFO: Run Behavior\BuildLiteBehavior [ RunTime:0.000000s ]
INFO: [ app_init ] --END-- [ RunTime:0.003000s ]
INFO: [ app_begin ] --START--
INFO: Run Behavior\ReadHtmlCacheBehavior [ RunTime:0.002000s ]
INFO: [ app_begin ] --END-- [ RunTime:0.003000s ]
INFO: [ view_parse ] --START--
INFO: [ template_filter ] --START--
INFO: Run Behavior\ContentReplaceBehavior [ RunTime:0.001000s ]
INFO: [ template_filter ] --END-- [ RunTime:0.002000s ]
INFO: Run Behavior\ParseTemplateBehavior [ RunTime:0.042002s ]
INFO: [ view_parse ] --END-- [ RunTime:0.045002s ]
INFO: [ view_filter ] --START--
INFO: Run Behavior\WriteHtmlCacheBehavior [ RunTime:0.002000s ]
INFO: [ view_filter ] --END-- [ RunTime:0.003000s ]
INFO: [ app_end ] --START--
INFO: Run Behavior\ShowPageTraceBehavior [ RunTime:0.002000s ]
INFO: [ app_end ] --END-- [ RunTime:0.005001s ]

[ 2017-02-16T22:25:09+08:00 ] ::1 /jiadianshop/index.php/Admin/Index/top.html
INFO: [ app_init ] --START--
INFO: Run Behavior\BuildLiteBehavior [ RunTime:0.000000s ]
INFO: [ app_init ] --END-- [ RunTime:0.005000s ]
INFO: [ app_begin ] --START--
INFO: Run Behavior\ReadHtmlCacheBehavior [ RunTime:0.002000s ]
INFO: [ app_begin ] --END-- [ RunTime:0.007000s ]
INFO: [ view_parse ] --START--
INFO: [ template_filter ] --START--
INFO: Run Behavior\ContentReplaceBehavior [ RunTime:0.001000s ]
INFO: [ template_filter ] --END-- [ RunTime:0.003001s ]
NOTIC: [8] Undefined variable: admin_name D:\wamp\www\jiadianshop\Application\Runtime\Cache\Admin\bdb24232b8dcb412d439a202b1caa9a5.php 第 44 行.
INFO: Run Behavior\ParseTemplateBehavior [ RunTime:0.039002s ]
INFO: [ view_parse ] --END-- [ RunTime:0.041002s ]
INFO: [ view_filter ] --START--
INFO: Run Behavior\WriteHtmlCacheBehavior [ RunTime:0.001000s ]
INFO: [ view_filter ] --END-- [ RunTime:0.003001s ]
INFO: [ app_end ] --START--
INFO: Run Behavior\ShowPageTraceBehavior [ RunTime:0.001000s ]
INFO: [ app_end ] --END-- [ RunTime:0.003000s ]

[ 2017-02-16T22:25:10+08:00 ] ::1 /jiadianshop/index.php/Admin/Index/left.html
INFO: [ app_init ] --START--
INFO: Run Behavior\BuildLiteBehavior [ RunTime:0.001000s ]
INFO: [ app_init ] --END-- [ RunTime:0.005000s ]
INFO: [ app_begin ] --START--
INFO: Run Behavior\ReadHtmlCacheBehavior [ RunTime:0.006000s ]
INFO: [ app_begin ] --END-- [ RunTime:0.011000s ]
SQL: SHOW COLUMNS FROM `jd_admin` [ RunTime:0.0050s ]
SQL: SELECT `permission` FROM `jd_admin` WHERE `admin_id` = 1 LIMIT 1   [ RunTime:0.0010s ]
INFO: [ view_parse ] --START--
INFO: [ template_filter ] --START--
INFO: Run Behavior\ContentReplaceBehavior [ RunTime:0.001000s ]
INFO: [ template_filter ] --END-- [ RunTime:0.003000s ]
NOTIC: [8] Undefined variable: pri_list D:\wamp\www\jiadianshop\Application\Runtime\Cache\Admin\6778f0baf40e879d2b8c18d2052abd0c.php 第 192 行.
NOTIC: [2] in_array() expects parameter 2 to be array, null given D:\wamp\www\jiadianshop\Application\Runtime\Cache\Admin\6778f0baf40e879d2b8c18d2052abd0c.php 第 192 行.
NOTIC: [8] Undefined variable: id D:\wamp\www\jiadianshop\Application\Runtime\Cache\Admin\6778f0baf40e879d2b8c18d2052abd0c.php 第 192 行.
INFO: Run Behavior\ParseTemplateBehavior [ RunTime:0.150009s ]
INFO: [ view_parse ] --END-- [ RunTime:0.152009s ]
INFO: [ view_filter ] --START--
INFO: Run Behavior\WriteHtmlCacheBehavior [ RunTime:0.002000s ]
INFO: [ view_filter ] --END-- [ RunTime:0.003000s ]
INFO: [ app_end ] --START--
INFO: Run Behavior\ShowPageTraceBehavior [ RunTime:0.005000s ]
INFO: [ app_end ] --END-- [ RunTime:0.007000s ]

[ 2017-02-16T22:25:10+08:00 ] ::1 /jiadianshop/index.php/Admin/Index/main.html
INFO: [ app_init ] --START--
INFO: Run Behavior\BuildLiteBehavior [ RunTime:0.001000s ]
INFO: [ app_init ] --END-- [ RunTime:0.005000s ]
INFO: [ app_begin ] --START--
INFO: Run Behavior\ReadHtmlCacheBehavior [ RunTime:0.004000s ]
INFO: [ app_begin ] --END-- [ RunTime:0.009001s ]
INFO: [ view_parse ] --START--
INFO: [ template_filter ] --START--
INFO: Run Behavior\ContentReplaceBehavior [ RunTime:0.001000s ]
INFO: [ template_filter ] --END-- [ RunTime:0.002000s ]
NOTIC: [8] Undefined variable: admin_id D:\wamp\www\jiadianshop\Application\Runtime\Cache\Admin\b0f0b709690a72033d17719e8059053c.php 第 27 行.
NOTIC: [8] Undefined variable: last_login D:\wamp\www\jiadianshop\Application\Runtime\Cache\Admin\b0f0b709690a72033d17719e8059053c.php 第 32 行.
INFO: Run Behavior\ParseTemplateBehavior [ RunTime:0.041002s ]
INFO: [ view_parse ] --END-- [ RunTime:0.043002s ]
INFO: [ view_filter ] --START--
INFO: Run Behavior\WriteHtmlCacheBehavior [ RunTime:0.004001s ]
INFO: [ view_filter ] --END-- [ RunTime:0.006001s ]
INFO: [ app_end ] --START--
INFO: Run Behavior\ShowPageTraceBehavior [ RunTime:0.002000s ]
INFO: [ app_end ] --END-- [ RunTime:0.004000s ]

[ 2017-02-16T22:25:10+08:00 ] ::1 /jiadianshop/index.php/Admin/Index/footer.html
INFO: [ app_init ] --START--
INFO: Run Behavior\BuildLiteBehavior [ RunTime:0.002000s ]
INFO: [ app_init ] --END-- [ RunTime:0.008001s ]
INFO: [ app_begin ] --START--
INFO: Run Behavior\ReadHtmlCacheBehavior [ RunTime:0.004001s ]
INFO: [ app_begin ] --END-- [ RunTime:0.009001s ]
INFO: [ view_parse ] --START--
INFO: [ template_filter ] --START--
INFO: Run Behavior\ContentReplaceBehavior [ RunTime:0.001000s ]
INFO: [ template_filter ] --END-- [ RunTime:0.005001s ]
INFO: Run Behavior\ParseTemplateBehavior [ RunTime:0.049002s ]
INFO: [ view_parse ] --END-- [ RunTime:0.052003s ]
INFO: [ view_filter ] --START--
INFO: Run Behavior\WriteHtmlCacheBehavior [ RunTime:0.001000s ]
INFO: [ view_filter ] --END-- [ RunTime:0.003001s ]
INFO: [ app_end ] --START--
INFO: Run Behavior\ShowPageTraceBehavior [ RunTime:0.003000s ]
INFO: [ app_end ] --END-- [ RunTime:0.005000s ]

[ 2017-02-16T22:25:17+08:00 ] ::1 /jiadianshop/index.php/Admin/Article/index.html
INFO: [ app_init ] --START--
INFO: Run Behavior\BuildLiteBehavior [ RunTime:0.001000s ]
INFO: [ app_init ] --END-- [ RunTime:0.002000s ]
INFO: [ app_begin ] --START--
INFO: Run Behavior\ReadHtmlCacheBehavior [ RunTime:0.003000s ]
INFO: [ app_begin ] --END-- [ RunTime:0.004000s ]
SQL: SHOW COLUMNS FROM `jd_article` [ RunTime:0.0020s ]
SQL: SELECT COUNT(*) AS tp_count FROM `jd_article` LIMIT 1   [ RunTime:0.0000s ]
SQL: SELECT * FROM `jd_article` LEFT JOIN jd_article_cat ON jd_article.cat_id = jd_article_cat.cat_id  LIMIT 0,12   [ RunTime:0.0020s ]
INFO: [ view_parse ] --START--
INFO: [ template_filter ] --START--
INFO: Run Behavior\ContentReplaceBehavior [ RunTime:0.001000s ]
INFO: [ template_filter ] --END-- [ RunTime:0.003000s ]
NOTIC: [8] Use of undefined constant id - assumed 'id' D:\wamp\www\jiadianshop\Application\Runtime\Cache\Admin\7a4184ffe8f804b12b2e7f8851dd8f7d.php 第 41 行.
NOTIC: [8] Array to string conversion D:\wamp\www\jiadianshop\Application\Runtime\Cache\Admin\7a4184ffe8f804b12b2e7f8851dd8f7d.php 第 41 行.
NOTIC: [8] Use of undefined constant id - assumed 'id' D:\wamp\www\jiadianshop\Application\Runtime\Cache\Admin\7a4184ffe8f804b12b2e7f8851dd8f7d.php 第 41 行.
NOTIC: [8] Array to string conversion D:\wamp\www\jiadianshop\Application\Runtime\Cache\Admin\7a4184ffe8f804b12b2e7f8851dd8f7d.php 第 41 行.
NOTIC: [8] Use of undefined constant id - assumed 'id' D:\wamp\www\jiadianshop\Application\Runtime\Cache\Admin\7a4184ffe8f804b12b2e7f8851dd8f7d.php 第 41 行.
NOTIC: [8] Array to string conversion D:\wamp\www\jiadianshop\Application\Runtime\Cache\Admin\7a4184ffe8f804b12b2e7f8851dd8f7d.php 第 41 行.
NOTIC: [8] Use of undefined constant id - assumed 'id' D:\wamp\www\jiadianshop\Application\Runtime\Cache\Admin\7a4184ffe8f804b12b2e7f8851dd8f7d.php 第 41 行.
NOTIC: [8] Array to string conversion D:\wamp\www\jiadianshop\Application\Runtime\Cache\Admin\7a4184ffe8f804b12b2e7f8851dd8f7d.php 第 41 行.
NOTIC: [8] Use of undefined constant id - assumed 'id' D:\wamp\www\jiadianshop\Application\Runtime\Cache\Admin\7a4184ffe8f804b12b2e7f8851dd8f7d.php 第 41 行.
NOTIC: [8] Array to string conversion D:\wamp\www\jiadianshop\Application\Runtime\Cache\Admin\7a4184ffe8f804b12b2e7f8851dd8f7d.php 第 41 行.
NOTIC: [8] Use of undefined constant id - assumed 'id' D:\wamp\www\jiadianshop\Application\Runtime\Cache\Admin\7a4184ffe8f804b12b2e7f8851dd8f7d.php 第 41 行.
NOTIC: [8] Array to string conversion D:\wamp\www\jiadianshop\Application\Runtime\Cache\Admin\7a4184ffe8f804b12b2e7f8851dd8f7d.php 第 41 行.
NOTIC: [8] Use of undefined constant id - assumed 'id' D:\wamp\www\jiadianshop\Application\Runtime\Cache\Admin\7a4184ffe8f804b12b2e7f8851dd8f7d.php 第 41 行.
NOTIC: [8] Array to string conversion D:\wamp\www\jiadianshop\Application\Runtime\Cache\Admin\7a4184ffe8f804b12b2e7f8851dd8f7d.php 第 41 行.
NOTIC: [8] Use of undefined constant id - assumed 'id' D:\wamp\www\jiadianshop\Application\Runtime\Cache\Admin\7a4184ffe8f804b12b2e7f8851dd8f7d.php 第 41 行.
NOTIC: [8] Array to string conversion D:\wamp\www\jiadianshop\Application\Runtime\Cache\Admin\7a4184ffe8f804b12b2e7f8851dd8f7d.php 第 41 行.
NOTIC: [8] Use of undefined constant id - assumed 'id' D:\wamp\www\jiadianshop\Application\Runtime\Cache\Admin\7a4184ffe8f804b12b2e7f8851dd8f7d.php 第 41 行.
NOTIC: [8] Array to string conversion D:\wamp\www\jiadianshop\Application\Runtime\Cache\Admin\7a4184ffe8f804b12b2e7f8851dd8f7d.php 第 41 行.
INFO: Run Behavior\ParseTemplateBehavior [ RunTime:0.155009s ]
INFO: [ view_parse ] --END-- [ RunTime:0.157009s ]
INFO: [ view_filter ] --START--
INFO: Run Behavior\WriteHtmlCacheBehavior [ RunTime:0.002000s ]
INFO: [ view_filter ] --END-- [ RunTime:0.004000s ]
INFO: [ app_end ] --START--
INFO: Run Behavior\ShowPageTraceBehavior [ RunTime:0.002001s ]
INFO: [ app_end ] --END-- [ RunTime:0.004001s ]

[ 2017-02-16T22:25:19+08:00 ] ::1 /jiadianshop/index.php/Admin/Article/add.html
INFO: [ app_init ] --START--
INFO: Run Behavior\BuildLiteBehavior [ RunTime:0.001000s ]
INFO: [ app_init ] --END-- [ RunTime:0.004000s ]
INFO: [ app_begin ] --START--
INFO: Run Behavior\ReadHtmlCacheBehavior [ RunTime:0.002000s ]
INFO: [ app_begin ] --END-- [ RunTime:0.004000s ]
SQL: SHOW COLUMNS FROM `jd_article_cat` [ RunTime:0.0020s ]
SQL: SELECT * FROM `jd_article_cat`  [ RunTime:0.0010s ]
SQL: SHOW COLUMNS FROM `jd_article_cat` [ RunTime:0.0020s ]
INFO: [ view_parse ] --START--
INFO: [ template_filter ] --START--
INFO: Run Behavior\ContentReplaceBehavior [ RunTime:0.001000s ]
INFO: [ template_filter ] --END-- [ RunTime:0.003001s ]
INFO: Run Behavior\ParseTemplateBehavior [ RunTime:0.056003s ]
INFO: [ view_parse ] --END-- [ RunTime:0.058003s ]
INFO: [ view_filter ] --START--
INFO: Run Behavior\WriteHtmlCacheBehavior [ RunTime:0.002000s ]
INFO: [ view_filter ] --END-- [ RunTime:0.004000s ]
INFO: [ app_end ] --START--
INFO: Run Behavior\ShowPageTraceBehavior [ RunTime:0.002000s ]
INFO: [ app_end ] --END-- [ RunTime:0.004001s ]

